[1.392s] Invoking command in '/home/puzzlebot/Desktop/PUXXY_NODE/TE3002B/puzzle_ws/build/puzzle_pkg': CMAKE_PREFIX_PATH=/home/puzzlebot/Desktop/PUXXY_NODE/TE3002B/puzzle_ws/install/puzzle_pkg:/home/puzzlebot/ros2_ws/install/puzzlebot_ros:/opt/ros/humble:/home/puzzlebot/ros2_packages_ws/install/ros_deep_learning:/home/puzzlebot/ros2_packages_ws/install/micro_ros_setup:/home/puzzlebot/ros2_packages_ws/install/micro_ros_agent:/home/puzzlebot/ros2_packages_ws/install/micro_ros_msgs:/home/puzzlebot/ros2_packages_ws/install/camera_info_publisher /usr/bin/cmake --build /home/puzzlebot/Desktop/PUXXY_NODE/TE3002B/puzzle_ws/build/puzzle_pkg -- -j4 -l4
[1.912s] [  7%] Built target puzzle_pkg__rosidl_generator_c
[1.941s] [  9%] Built target puzzle_pkg__cpp
[1.949s] [  9%] Built target ament_cmake_python_copy_puzzle_pkg
[2.036s] [ 14%] Built target cam_source
[2.061s] [ 21%] Built target puzzle_pkg__rosidl_typesupport_cpp
[2.072s] [ 28%] Built target puzzle_pkg__rosidl_typesupport_c
[2.092s] [ 33%] Built target odometry
[2.165s] [ 40%] Built target puzzle_pkg__rosidl_typesupport_fastrtps_c
[2.184s] [ 47%] Built target puzzle_pkg__rosidl_typesupport_fastrtps_cpp
[2.213s] [ 54%] Built target puzzle_pkg__rosidl_typesupport_introspection_c
[2.234s] [ 61%] Built target puzzle_pkg__rosidl_typesupport_introspection_cpp
[2.265s] [35m[1mScanning dependencies of target controller[0m
[2.330s] [ 61%] Built target puzzle_pkg
[2.436s] [ 73%] Built target lane_detection
[2.481s] [ 76%] Built target puzzle_pkg__py
[2.528s] [ 78%] [32mBuilding CXX object CMakeFiles/controller.dir/src/control/controller.cpp.o[0m
[2.725s] [ 83%] Built target puzzle_pkg__rosidl_generator_py
[2.864s] [ 88%] Built target puzzle_pkg__rosidl_typesupport_c__pyext
[2.867s] [ 92%] Built target puzzle_pkg__rosidl_typesupport_introspection_c__pyext
[2.990s] [ 97%] Built target puzzle_pkg__rosidl_typesupport_fastrtps_c__pyext
[3.480s] running egg_info
[3.483s] writing puzzle_pkg.egg-info/PKG-INFO
[3.486s] writing dependency_links to puzzle_pkg.egg-info/dependency_links.txt
[3.486s] writing top-level names to puzzle_pkg.egg-info/top_level.txt
[3.671s] reading manifest file 'puzzle_pkg.egg-info/SOURCES.txt'
[3.674s] writing manifest file 'puzzle_pkg.egg-info/SOURCES.txt'
[3.796s] [ 97%] Built target ament_cmake_python_build_puzzle_pkg_egg
[48.696s] [100%] [32m[1mLinking CXX executable controller[0m
[51.487s] [100%] Built target controller
[51.763s] Invoked command in '/home/puzzlebot/Desktop/PUXXY_NODE/TE3002B/puzzle_ws/build/puzzle_pkg' returned '0': CMAKE_PREFIX_PATH=/home/puzzlebot/Desktop/PUXXY_NODE/TE3002B/puzzle_ws/install/puzzle_pkg:/home/puzzlebot/ros2_ws/install/puzzlebot_ros:/opt/ros/humble:/home/puzzlebot/ros2_packages_ws/install/ros_deep_learning:/home/puzzlebot/ros2_packages_ws/install/micro_ros_setup:/home/puzzlebot/ros2_packages_ws/install/micro_ros_agent:/home/puzzlebot/ros2_packages_ws/install/micro_ros_msgs:/home/puzzlebot/ros2_packages_ws/install/camera_info_publisher /usr/bin/cmake --build /home/puzzlebot/Desktop/PUXXY_NODE/TE3002B/puzzle_ws/build/puzzle_pkg -- -j4 -l4
[52.130s] Invoking command in '/home/puzzlebot/Desktop/PUXXY_NODE/TE3002B/puzzle_ws/build/puzzle_pkg': CMAKE_PREFIX_PATH=/home/puzzlebot/Desktop/PUXXY_NODE/TE3002B/puzzle_ws/install/puzzle_pkg:/home/puzzlebot/ros2_ws/install/puzzlebot_ros:/opt/ros/humble:/home/puzzlebot/ros2_packages_ws/install/ros_deep_learning:/home/puzzlebot/ros2_packages_ws/install/micro_ros_setup:/home/puzzlebot/ros2_packages_ws/install/micro_ros_agent:/home/puzzlebot/ros2_packages_ws/install/micro_ros_msgs:/home/puzzlebot/ros2_packages_ws/install/camera_info_publisher /usr/bin/cmake --install /home/puzzlebot/Desktop/PUXXY_NODE/TE3002B/puzzle_ws/build/puzzle_pkg
[52.165s] -- Install configuration: ""
[52.177s] -- Up-to-date: /home/puzzlebot/Desktop/PUXXY_NODE/TE3002B/puzzle_ws/install/puzzle_pkg/share/ament_index/resource_index/rosidl_interfaces/puzzle_pkg
[52.178s] -- Up-to-date: /home/puzzlebot/Desktop/PUXXY_NODE/TE3002B/puzzle_ws/install/puzzle_pkg/include/puzzle_pkg/puzzle_pkg
[52.179s] -- Up-to-date: /home/puzzlebot/Desktop/PUXXY_NODE/TE3002B/puzzle_ws/install/puzzle_pkg/include/puzzle_pkg/puzzle_pkg/msg
[52.179s] -- Up-to-date: /home/puzzlebot/Desktop/PUXXY_NODE/TE3002B/puzzle_ws/install/puzzle_pkg/include/puzzle_pkg/puzzle_pkg/msg/rosidl_generator_c__visibility_control.h
[52.180s] -- Up-to-date: /home/puzzlebot/Desktop/PUXXY_NODE/TE3002B/puzzle_ws/install/puzzle_pkg/include/puzzle_pkg/puzzle_pkg/msg/detail
[52.180s] -- Up-to-date: /home/puzzlebot/Desktop/PUXXY_NODE/TE3002B/puzzle_ws/install/puzzle_pkg/include/puzzle_pkg/puzzle_pkg/msg/detail/diff_error__functions.c
[52.181s] -- Up-to-date: /home/puzzlebot/Desktop/PUXXY_NODE/TE3002B/puzzle_ws/install/puzzle_pkg/include/puzzle_pkg/puzzle_pkg/msg/detail/diff_error__type_support.h
[52.181s] -- Up-to-date: /home/puzzlebot/Desktop/PUXXY_NODE/TE3002B/puzzle_ws/install/puzzle_pkg/include/puzzle_pkg/puzzle_pkg/msg/detail/diff_error__struct.h
[52.182s] -- Up-to-date: /home/puzzlebot/Desktop/PUXXY_NODE/TE3002B/puzzle_ws/install/puzzle_pkg/include/puzzle_pkg/puzzle_pkg/msg/detail/diff_error__functions.h
[52.189s] -- Up-to-date: /home/puzzlebot/Desktop/PUXXY_NODE/TE3002B/puzzle_ws/install/puzzle_pkg/include/puzzle_pkg/puzzle_pkg/msg/diff_error.h
[52.190s] -- Up-to-date: /home/puzzlebot/Desktop/PUXXY_NODE/TE3002B/puzzle_ws/install/puzzle_pkg/share/puzzle_pkg/environment/library_path.sh
[52.190s] -- Up-to-date: /home/puzzlebot/Desktop/PUXXY_NODE/TE3002B/puzzle_ws/install/puzzle_pkg/share/puzzle_pkg/environment/library_path.dsv
[52.191s] -- Up-to-date: /home/puzzlebot/Desktop/PUXXY_NODE/TE3002B/puzzle_ws/install/puzzle_pkg/lib/libpuzzle_pkg__rosidl_generator_c.so
[52.191s] -- Up-to-date: /home/puzzlebot/Desktop/PUXXY_NODE/TE3002B/puzzle_ws/install/puzzle_pkg/include/puzzle_pkg/puzzle_pkg
[52.191s] -- Up-to-date: /home/puzzlebot/Desktop/PUXXY_NODE/TE3002B/puzzle_ws/install/puzzle_pkg/include/puzzle_pkg/puzzle_pkg/msg
[52.192s] -- Up-to-date: /home/puzzlebot/Desktop/PUXXY_NODE/TE3002B/puzzle_ws/install/puzzle_pkg/include/puzzle_pkg/puzzle_pkg/msg/rosidl_typesupport_fastrtps_c__visibility_control.h
[52.192s] -- Up-to-date: /home/puzzlebot/Desktop/PUXXY_NODE/TE3002B/puzzle_ws/install/puzzle_pkg/include/puzzle_pkg/puzzle_pkg/msg/detail
[52.192s] -- Up-to-date: /home/puzzlebot/Desktop/PUXXY_NODE/TE3002B/puzzle_ws/install/puzzle_pkg/include/puzzle_pkg/puzzle_pkg/msg/detail/diff_error__rosidl_typesupport_fastrtps_c.h
[52.193s] -- Up-to-date: /home/puzzlebot/Desktop/PUXXY_NODE/TE3002B/puzzle_ws/install/puzzle_pkg/lib/libpuzzle_pkg__rosidl_typesupport_fastrtps_c.so
[52.194s] -- Up-to-date: /home/puzzlebot/Desktop/PUXXY_NODE/TE3002B/puzzle_ws/install/puzzle_pkg/include/puzzle_pkg/puzzle_pkg
[52.194s] -- Up-to-date: /home/puzzlebot/Desktop/PUXXY_NODE/TE3002B/puzzle_ws/install/puzzle_pkg/include/puzzle_pkg/puzzle_pkg/msg
[52.195s] -- Up-to-date: /home/puzzlebot/Desktop/PUXXY_NODE/TE3002B/puzzle_ws/install/puzzle_pkg/include/puzzle_pkg/puzzle_pkg/msg/diff_error.hpp
[52.196s] -- Up-to-date: /home/puzzlebot/Desktop/PUXXY_NODE/TE3002B/puzzle_ws/install/puzzle_pkg/include/puzzle_pkg/puzzle_pkg/msg/detail
[52.196s] -- Up-to-date: /home/puzzlebot/Desktop/PUXXY_NODE/TE3002B/puzzle_ws/install/puzzle_pkg/include/puzzle_pkg/puzzle_pkg/msg/detail/diff_error__traits.hpp
[52.197s] -- Up-to-date: /home/puzzlebot/Desktop/PUXXY_NODE/TE3002B/puzzle_ws/install/puzzle_pkg/include/puzzle_pkg/puzzle_pkg/msg/detail/diff_error__struct.hpp
[52.198s] -- Up-to-date: /home/puzzlebot/Desktop/PUXXY_NODE/TE3002B/puzzle_ws/install/puzzle_pkg/include/puzzle_pkg/puzzle_pkg/msg/detail/diff_error__builder.hpp
[52.198s] -- Up-to-date: /home/puzzlebot/Desktop/PUXXY_NODE/TE3002B/puzzle_ws/install/puzzle_pkg/include/puzzle_pkg/puzzle_pkg
[52.199s] -- Up-to-date: /home/puzzlebot/Desktop/PUXXY_NODE/TE3002B/puzzle_ws/install/puzzle_pkg/include/puzzle_pkg/puzzle_pkg/msg
[52.199s] -- Up-to-date: /home/puzzlebot/Desktop/PUXXY_NODE/TE3002B/puzzle_ws/install/puzzle_pkg/include/puzzle_pkg/puzzle_pkg/msg/rosidl_typesupport_fastrtps_cpp__visibility_control.h
[52.200s] -- Up-to-date: /home/puzzlebot/Desktop/PUXXY_NODE/TE3002B/puzzle_ws/install/puzzle_pkg/include/puzzle_pkg/puzzle_pkg/msg/detail
[52.200s] -- Up-to-date: /home/puzzlebot/Desktop/PUXXY_NODE/TE3002B/puzzle_ws/install/puzzle_pkg/include/puzzle_pkg/puzzle_pkg/msg/detail/dds_fastrtps
[52.201s] -- Up-to-date: /home/puzzlebot/Desktop/PUXXY_NODE/TE3002B/puzzle_ws/install/puzzle_pkg/include/puzzle_pkg/puzzle_pkg/msg/detail/diff_error__rosidl_typesupport_fastrtps_cpp.hpp
[52.201s] -- Up-to-date: /home/puzzlebot/Desktop/PUXXY_NODE/TE3002B/puzzle_ws/install/puzzle_pkg/lib/libpuzzle_pkg__rosidl_typesupport_fastrtps_cpp.so
[52.203s] -- Up-to-date: /home/puzzlebot/Desktop/PUXXY_NODE/TE3002B/puzzle_ws/install/puzzle_pkg/include/puzzle_pkg/puzzle_pkg
[52.205s] -- Up-to-date: /home/puzzlebot/Desktop/PUXXY_NODE/TE3002B/puzzle_ws/install/puzzle_pkg/include/puzzle_pkg/puzzle_pkg/msg
[52.205s] -- Up-to-date: /home/puzzlebot/Desktop/PUXXY_NODE/TE3002B/puzzle_ws/install/puzzle_pkg/include/puzzle_pkg/puzzle_pkg/msg/rosidl_typesupport_introspection_c__visibility_control.h
[52.206s] -- Up-to-date: /home/puzzlebot/Desktop/PUXXY_NODE/TE3002B/puzzle_ws/install/puzzle_pkg/include/puzzle_pkg/puzzle_pkg/msg/detail
[52.208s] -- Up-to-date: /home/puzzlebot/Desktop/PUXXY_NODE/TE3002B/puzzle_ws/install/puzzle_pkg/include/puzzle_pkg/puzzle_pkg/msg/detail/diff_error__rosidl_typesupport_introspection_c.h
[52.209s] -- Up-to-date: /home/puzzlebot/Desktop/PUXXY_NODE/TE3002B/puzzle_ws/install/puzzle_pkg/include/puzzle_pkg/puzzle_pkg/msg/detail/diff_error__type_support.c
[52.210s] -- Up-to-date: /home/puzzlebot/Desktop/PUXXY_NODE/TE3002B/puzzle_ws/install/puzzle_pkg/lib/libpuzzle_pkg__rosidl_typesupport_introspection_c.so
[52.211s] -- Up-to-date: /home/puzzlebot/Desktop/PUXXY_NODE/TE3002B/puzzle_ws/install/puzzle_pkg/lib/libpuzzle_pkg__rosidl_typesupport_c.so
[52.212s] -- Up-to-date: /home/puzzlebot/Desktop/PUXXY_NODE/TE3002B/puzzle_ws/install/puzzle_pkg/include/puzzle_pkg/puzzle_pkg
[52.213s] -- Up-to-date: /home/puzzlebot/Desktop/PUXXY_NODE/TE3002B/puzzle_ws/install/puzzle_pkg/include/puzzle_pkg/puzzle_pkg/msg
[52.213s] -- Up-to-date: /home/puzzlebot/Desktop/PUXXY_NODE/TE3002B/puzzle_ws/install/puzzle_pkg/include/puzzle_pkg/puzzle_pkg/msg/detail
[52.214s] -- Up-to-date: /home/puzzlebot/Desktop/PUXXY_NODE/TE3002B/puzzle_ws/install/puzzle_pkg/include/puzzle_pkg/puzzle_pkg/msg/detail/diff_error__type_support.cpp
[52.214s] -- Up-to-date: /home/puzzlebot/Desktop/PUXXY_NODE/TE3002B/puzzle_ws/install/puzzle_pkg/include/puzzle_pkg/puzzle_pkg/msg/detail/diff_error__rosidl_typesupport_introspection_cpp.hpp
[52.215s] -- Up-to-date: /home/puzzlebot/Desktop/PUXXY_NODE/TE3002B/puzzle_ws/install/puzzle_pkg/lib/libpuzzle_pkg__rosidl_typesupport_introspection_cpp.so
[52.217s] -- Up-to-date: /home/puzzlebot/Desktop/PUXXY_NODE/TE3002B/puzzle_ws/install/puzzle_pkg/lib/libpuzzle_pkg__rosidl_typesupport_cpp.so
[52.218s] -- Up-to-date: /home/puzzlebot/Desktop/PUXXY_NODE/TE3002B/puzzle_ws/install/puzzle_pkg/share/puzzle_pkg/environment/pythonpath.sh
[52.219s] -- Up-to-date: /home/puzzlebot/Desktop/PUXXY_NODE/TE3002B/puzzle_ws/install/puzzle_pkg/share/puzzle_pkg/environment/pythonpath.dsv
[52.220s] -- Up-to-date: /home/puzzlebot/Desktop/PUXXY_NODE/TE3002B/puzzle_ws/install/puzzle_pkg/lib/python3.8/site-packages/puzzle_pkg-0.0.0-py3.8.egg-info
[52.225s] -- Installing: /home/puzzlebot/Desktop/PUXXY_NODE/TE3002B/puzzle_ws/install/puzzle_pkg/lib/python3.8/site-packages/puzzle_pkg-0.0.0-py3.8.egg-info/top_level.txt
[52.253s] -- Installing: /home/puzzlebot/Desktop/PUXXY_NODE/TE3002B/puzzle_ws/install/puzzle_pkg/lib/python3.8/site-packages/puzzle_pkg-0.0.0-py3.8.egg-info/PKG-INFO
[52.254s] -- Installing: /home/puzzlebot/Desktop/PUXXY_NODE/TE3002B/puzzle_ws/install/puzzle_pkg/lib/python3.8/site-packages/puzzle_pkg-0.0.0-py3.8.egg-info/SOURCES.txt
[52.258s] -- Installing: /home/puzzlebot/Desktop/PUXXY_NODE/TE3002B/puzzle_ws/install/puzzle_pkg/lib/python3.8/site-packages/puzzle_pkg-0.0.0-py3.8.egg-info/dependency_links.txt
[52.259s] -- Up-to-date: /home/puzzlebot/Desktop/PUXXY_NODE/TE3002B/puzzle_ws/install/puzzle_pkg/lib/python3.8/site-packages/puzzle_pkg
[52.260s] -- Up-to-date: /home/puzzlebot/Desktop/PUXXY_NODE/TE3002B/puzzle_ws/install/puzzle_pkg/lib/python3.8/site-packages/puzzle_pkg/puzzle_pkg_s__rosidl_typesupport_c.cpython-38-aarch64-linux-gnu.so
[52.260s] -- Up-to-date: /home/puzzlebot/Desktop/PUXXY_NODE/TE3002B/puzzle_ws/install/puzzle_pkg/lib/python3.8/site-packages/puzzle_pkg/__init__.py
[52.261s] -- Up-to-date: /home/puzzlebot/Desktop/PUXXY_NODE/TE3002B/puzzle_ws/install/puzzle_pkg/lib/python3.8/site-packages/puzzle_pkg/_puzzle_pkg_s.ep.rosidl_typesupport_fastrtps_c.c
[52.262s] -- Up-to-date: /home/puzzlebot/Desktop/PUXXY_NODE/TE3002B/puzzle_ws/install/puzzle_pkg/lib/python3.8/site-packages/puzzle_pkg/msg
[52.262s] -- Up-to-date: /home/puzzlebot/Desktop/PUXXY_NODE/TE3002B/puzzle_ws/install/puzzle_pkg/lib/python3.8/site-packages/puzzle_pkg/msg/__init__.py
[52.263s] -- Up-to-date: /home/puzzlebot/Desktop/PUXXY_NODE/TE3002B/puzzle_ws/install/puzzle_pkg/lib/python3.8/site-packages/puzzle_pkg/msg/_diff_error_s.c
[52.263s] -- Up-to-date: /home/puzzlebot/Desktop/PUXXY_NODE/TE3002B/puzzle_ws/install/puzzle_pkg/lib/python3.8/site-packages/puzzle_pkg/msg/_diff_error.py
[52.264s] -- Up-to-date: /home/puzzlebot/Desktop/PUXXY_NODE/TE3002B/puzzle_ws/install/puzzle_pkg/lib/python3.8/site-packages/puzzle_pkg/_puzzle_pkg_s.ep.rosidl_typesupport_c.c
[52.264s] -- Up-to-date: /home/puzzlebot/Desktop/PUXXY_NODE/TE3002B/puzzle_ws/install/puzzle_pkg/lib/python3.8/site-packages/puzzle_pkg/puzzle_pkg_s__rosidl_typesupport_introspection_c.cpython-38-aarch64-linux-gnu.so
[52.264s] -- Up-to-date: /home/puzzlebot/Desktop/PUXXY_NODE/TE3002B/puzzle_ws/install/puzzle_pkg/lib/python3.8/site-packages/puzzle_pkg/puzzle_pkg_s__rosidl_typesupport_fastrtps_c.cpython-38-aarch64-linux-gnu.so
[52.265s] -- Up-to-date: /home/puzzlebot/Desktop/PUXXY_NODE/TE3002B/puzzle_ws/install/puzzle_pkg/lib/python3.8/site-packages/puzzle_pkg/_puzzle_pkg_s.ep.rosidl_typesupport_introspection_c.c
[52.265s] -- Up-to-date: /home/puzzlebot/Desktop/PUXXY_NODE/TE3002B/puzzle_ws/install/puzzle_pkg/lib/python3.8/site-packages/puzzle_pkg/libpuzzle_pkg__rosidl_generator_py.so
[52.561s] Listing '/home/puzzlebot/Desktop/PUXXY_NODE/TE3002B/puzzle_ws/install/puzzle_pkg/lib/python3.8/site-packages/puzzle_pkg'...
[52.563s] Listing '/home/puzzlebot/Desktop/PUXXY_NODE/TE3002B/puzzle_ws/install/puzzle_pkg/lib/python3.8/site-packages/puzzle_pkg/msg'...
[52.587s] -- Up-to-date: /home/puzzlebot/Desktop/PUXXY_NODE/TE3002B/puzzle_ws/install/puzzle_pkg/lib/python3.8/site-packages/puzzle_pkg/puzzle_pkg_s__rosidl_typesupport_fastrtps_c.cpython-38-aarch64-linux-gnu.so
[52.590s] -- Up-to-date: /home/puzzlebot/Desktop/PUXXY_NODE/TE3002B/puzzle_ws/install/puzzle_pkg/lib/python3.8/site-packages/puzzle_pkg/puzzle_pkg_s__rosidl_typesupport_introspection_c.cpython-38-aarch64-linux-gnu.so
[52.593s] -- Up-to-date: /home/puzzlebot/Desktop/PUXXY_NODE/TE3002B/puzzle_ws/install/puzzle_pkg/lib/python3.8/site-packages/puzzle_pkg/puzzle_pkg_s__rosidl_typesupport_c.cpython-38-aarch64-linux-gnu.so
[52.596s] -- Up-to-date: /home/puzzlebot/Desktop/PUXXY_NODE/TE3002B/puzzle_ws/install/puzzle_pkg/lib/libpuzzle_pkg__rosidl_generator_py.so
[52.598s] -- Up-to-date: /home/puzzlebot/Desktop/PUXXY_NODE/TE3002B/puzzle_ws/install/puzzle_pkg/share/puzzle_pkg/msg/DiffError.idl
[52.603s] -- Up-to-date: /home/puzzlebot/Desktop/PUXXY_NODE/TE3002B/puzzle_ws/install/puzzle_pkg/share/puzzle_pkg/msg/DiffError.msg
[52.607s] -- Installing: /home/puzzlebot/Desktop/PUXXY_NODE/TE3002B/puzzle_ws/install/puzzle_pkg/lib/puzzle_pkg/controller
[52.631s] -- Set runtime path of "/home/puzzlebot/Desktop/PUXXY_NODE/TE3002B/puzzle_ws/install/puzzle_pkg/lib/puzzle_pkg/controller" to ""
[52.635s] -- Up-to-date: /home/puzzlebot/Desktop/PUXXY_NODE/TE3002B/puzzle_ws/install/puzzle_pkg/lib/puzzle_pkg/odometry
[52.638s] -- Up-to-date: /home/puzzlebot/Desktop/PUXXY_NODE/TE3002B/puzzle_ws/install/puzzle_pkg/lib/puzzle_pkg/lane_detection
[52.642s] -- Up-to-date: /home/puzzlebot/Desktop/PUXXY_NODE/TE3002B/puzzle_ws/install/puzzle_pkg/lib/puzzle_pkg/cam_source
[52.643s] -- Up-to-date: /home/puzzlebot/Desktop/PUXXY_NODE/TE3002B/puzzle_ws/install/puzzle_pkg/share/puzzle_pkg//launch
[52.644s] -- Up-to-date: /home/puzzlebot/Desktop/PUXXY_NODE/TE3002B/puzzle_ws/install/puzzle_pkg/share/puzzle_pkg//launch/__pycache__
[52.644s] -- Up-to-date: /home/puzzlebot/Desktop/PUXXY_NODE/TE3002B/puzzle_ws/install/puzzle_pkg/share/puzzle_pkg//launch/__pycache__/launch.cpython-310.pyc
[52.646s] -- Up-to-date: /home/puzzlebot/Desktop/PUXXY_NODE/TE3002B/puzzle_ws/install/puzzle_pkg/share/puzzle_pkg//launch/__pycache__/launch.cpython-38.pyc
[52.646s] -- Up-to-date: /home/puzzlebot/Desktop/PUXXY_NODE/TE3002B/puzzle_ws/install/puzzle_pkg/share/puzzle_pkg//launch/launch.py
[52.646s] -- Up-to-date: /home/puzzlebot/Desktop/PUXXY_NODE/TE3002B/puzzle_ws/install/puzzle_pkg/share/puzzle_pkg//config
[52.647s] -- Up-to-date: /home/puzzlebot/Desktop/PUXXY_NODE/TE3002B/puzzle_ws/install/puzzle_pkg/share/puzzle_pkg//config/odometry_params.yaml
[52.647s] -- Up-to-date: /home/puzzlebot/Desktop/PUXXY_NODE/TE3002B/puzzle_ws/install/puzzle_pkg/share/puzzle_pkg//config/controller_params.yaml
[52.648s] -- Up-to-date: /home/puzzlebot/Desktop/PUXXY_NODE/TE3002B/puzzle_ws/install/puzzle_pkg/share/ament_index/resource_index/package_run_dependencies/puzzle_pkg
[52.649s] -- Up-to-date: /home/puzzlebot/Desktop/PUXXY_NODE/TE3002B/puzzle_ws/install/puzzle_pkg/share/ament_index/resource_index/parent_prefix_path/puzzle_pkg
[52.655s] -- Up-to-date: /home/puzzlebot/Desktop/PUXXY_NODE/TE3002B/puzzle_ws/install/puzzle_pkg/share/puzzle_pkg/environment/ament_prefix_path.sh
[52.656s] -- Up-to-date: /home/puzzlebot/Desktop/PUXXY_NODE/TE3002B/puzzle_ws/install/puzzle_pkg/share/puzzle_pkg/environment/ament_prefix_path.dsv
[52.657s] -- Up-to-date: /home/puzzlebot/Desktop/PUXXY_NODE/TE3002B/puzzle_ws/install/puzzle_pkg/share/puzzle_pkg/environment/path.sh
[52.657s] -- Up-to-date: /home/puzzlebot/Desktop/PUXXY_NODE/TE3002B/puzzle_ws/install/puzzle_pkg/share/puzzle_pkg/environment/path.dsv
[52.657s] -- Up-to-date: /home/puzzlebot/Desktop/PUXXY_NODE/TE3002B/puzzle_ws/install/puzzle_pkg/share/puzzle_pkg/local_setup.bash
[52.658s] -- Up-to-date: /home/puzzlebot/Desktop/PUXXY_NODE/TE3002B/puzzle_ws/install/puzzle_pkg/share/puzzle_pkg/local_setup.sh
[52.658s] -- Up-to-date: /home/puzzlebot/Desktop/PUXXY_NODE/TE3002B/puzzle_ws/install/puzzle_pkg/share/puzzle_pkg/local_setup.zsh
[52.659s] -- Up-to-date: /home/puzzlebot/Desktop/PUXXY_NODE/TE3002B/puzzle_ws/install/puzzle_pkg/share/puzzle_pkg/local_setup.dsv
[52.659s] -- Installing: /home/puzzlebot/Desktop/PUXXY_NODE/TE3002B/puzzle_ws/install/puzzle_pkg/share/puzzle_pkg/package.dsv
[52.660s] -- Up-to-date: /home/puzzlebot/Desktop/PUXXY_NODE/TE3002B/puzzle_ws/install/puzzle_pkg/share/ament_index/resource_index/packages/puzzle_pkg
[52.662s] -- Up-to-date: /home/puzzlebot/Desktop/PUXXY_NODE/TE3002B/puzzle_ws/install/puzzle_pkg/share/puzzle_pkg/cmake/export_puzzle_pkg__rosidl_generator_cExport.cmake
[52.663s] -- Up-to-date: /home/puzzlebot/Desktop/PUXXY_NODE/TE3002B/puzzle_ws/install/puzzle_pkg/share/puzzle_pkg/cmake/export_puzzle_pkg__rosidl_generator_cExport-noconfig.cmake
[52.664s] -- Up-to-date: /home/puzzlebot/Desktop/PUXXY_NODE/TE3002B/puzzle_ws/install/puzzle_pkg/share/puzzle_pkg/cmake/export_puzzle_pkg__rosidl_typesupport_fastrtps_cExport.cmake
[52.665s] -- Up-to-date: /home/puzzlebot/Desktop/PUXXY_NODE/TE3002B/puzzle_ws/install/puzzle_pkg/share/puzzle_pkg/cmake/export_puzzle_pkg__rosidl_typesupport_fastrtps_cExport-noconfig.cmake
[52.666s] -- Up-to-date: /home/puzzlebot/Desktop/PUXXY_NODE/TE3002B/puzzle_ws/install/puzzle_pkg/share/puzzle_pkg/cmake/export_puzzle_pkg__rosidl_generator_cppExport.cmake
[52.668s] -- Up-to-date: /home/puzzlebot/Desktop/PUXXY_NODE/TE3002B/puzzle_ws/install/puzzle_pkg/share/puzzle_pkg/cmake/export_puzzle_pkg__rosidl_typesupport_fastrtps_cppExport.cmake
[52.668s] -- Up-to-date: /home/puzzlebot/Desktop/PUXXY_NODE/TE3002B/puzzle_ws/install/puzzle_pkg/share/puzzle_pkg/cmake/export_puzzle_pkg__rosidl_typesupport_fastrtps_cppExport-noconfig.cmake
[52.684s] -- Up-to-date: /home/puzzlebot/Desktop/PUXXY_NODE/TE3002B/puzzle_ws/install/puzzle_pkg/share/puzzle_pkg/cmake/puzzle_pkg__rosidl_typesupport_introspection_cExport.cmake
[52.685s] -- Up-to-date: /home/puzzlebot/Desktop/PUXXY_NODE/TE3002B/puzzle_ws/install/puzzle_pkg/share/puzzle_pkg/cmake/puzzle_pkg__rosidl_typesupport_introspection_cExport-noconfig.cmake
[52.686s] -- Up-to-date: /home/puzzlebot/Desktop/PUXXY_NODE/TE3002B/puzzle_ws/install/puzzle_pkg/share/puzzle_pkg/cmake/puzzle_pkg__rosidl_typesupport_cExport.cmake
[52.686s] -- Up-to-date: /home/puzzlebot/Desktop/PUXXY_NODE/TE3002B/puzzle_ws/install/puzzle_pkg/share/puzzle_pkg/cmake/puzzle_pkg__rosidl_typesupport_cExport-noconfig.cmake
[52.687s] -- Up-to-date: /home/puzzlebot/Desktop/PUXXY_NODE/TE3002B/puzzle_ws/install/puzzle_pkg/share/puzzle_pkg/cmake/puzzle_pkg__rosidl_typesupport_introspection_cppExport.cmake
[52.687s] -- Up-to-date: /home/puzzlebot/Desktop/PUXXY_NODE/TE3002B/puzzle_ws/install/puzzle_pkg/share/puzzle_pkg/cmake/puzzle_pkg__rosidl_typesupport_introspection_cppExport-noconfig.cmake
[52.688s] -- Up-to-date: /home/puzzlebot/Desktop/PUXXY_NODE/TE3002B/puzzle_ws/install/puzzle_pkg/share/puzzle_pkg/cmake/puzzle_pkg__rosidl_typesupport_cppExport.cmake
[52.688s] -- Up-to-date: /home/puzzlebot/Desktop/PUXXY_NODE/TE3002B/puzzle_ws/install/puzzle_pkg/share/puzzle_pkg/cmake/puzzle_pkg__rosidl_typesupport_cppExport-noconfig.cmake
[52.688s] -- Up-to-date: /home/puzzlebot/Desktop/PUXXY_NODE/TE3002B/puzzle_ws/install/puzzle_pkg/share/puzzle_pkg/cmake/export_puzzle_pkg__rosidl_generator_pyExport.cmake
[52.689s] -- Up-to-date: /home/puzzlebot/Desktop/PUXXY_NODE/TE3002B/puzzle_ws/install/puzzle_pkg/share/puzzle_pkg/cmake/export_puzzle_pkg__rosidl_generator_pyExport-noconfig.cmake
[52.689s] -- Up-to-date: /home/puzzlebot/Desktop/PUXXY_NODE/TE3002B/puzzle_ws/install/puzzle_pkg/share/puzzle_pkg/cmake/rosidl_cmake-extras.cmake
[52.691s] -- Up-to-date: /home/puzzlebot/Desktop/PUXXY_NODE/TE3002B/puzzle_ws/install/puzzle_pkg/share/puzzle_pkg/cmake/ament_cmake_export_dependencies-extras.cmake
[52.691s] -- Up-to-date: /home/puzzlebot/Desktop/PUXXY_NODE/TE3002B/puzzle_ws/install/puzzle_pkg/share/puzzle_pkg/cmake/ament_cmake_export_include_directories-extras.cmake
[52.692s] -- Up-to-date: /home/puzzlebot/Desktop/PUXXY_NODE/TE3002B/puzzle_ws/install/puzzle_pkg/share/puzzle_pkg/cmake/ament_cmake_export_libraries-extras.cmake
[52.692s] -- Up-to-date: /home/puzzlebot/Desktop/PUXXY_NODE/TE3002B/puzzle_ws/install/puzzle_pkg/share/puzzle_pkg/cmake/ament_cmake_export_targets-extras.cmake
[52.692s] -- Up-to-date: /home/puzzlebot/Desktop/PUXXY_NODE/TE3002B/puzzle_ws/install/puzzle_pkg/share/puzzle_pkg/cmake/rosidl_cmake_export_typesupport_targets-extras.cmake
[52.693s] -- Up-to-date: /home/puzzlebot/Desktop/PUXXY_NODE/TE3002B/puzzle_ws/install/puzzle_pkg/share/puzzle_pkg/cmake/rosidl_cmake_export_typesupport_libraries-extras.cmake
[52.693s] -- Up-to-date: /home/puzzlebot/Desktop/PUXXY_NODE/TE3002B/puzzle_ws/install/puzzle_pkg/share/puzzle_pkg/cmake/puzzle_pkgConfig.cmake
[52.694s] -- Up-to-date: /home/puzzlebot/Desktop/PUXXY_NODE/TE3002B/puzzle_ws/install/puzzle_pkg/share/puzzle_pkg/cmake/puzzle_pkgConfig-version.cmake
[52.700s] -- Up-to-date: /home/puzzlebot/Desktop/PUXXY_NODE/TE3002B/puzzle_ws/install/puzzle_pkg/share/puzzle_pkg/package.xml
[52.701s] Invoked command in '/home/puzzlebot/Desktop/PUXXY_NODE/TE3002B/puzzle_ws/build/puzzle_pkg' returned '0': CMAKE_PREFIX_PATH=/home/puzzlebot/Desktop/PUXXY_NODE/TE3002B/puzzle_ws/install/puzzle_pkg:/home/puzzlebot/ros2_ws/install/puzzlebot_ros:/opt/ros/humble:/home/puzzlebot/ros2_packages_ws/install/ros_deep_learning:/home/puzzlebot/ros2_packages_ws/install/micro_ros_setup:/home/puzzlebot/ros2_packages_ws/install/micro_ros_agent:/home/puzzlebot/ros2_packages_ws/install/micro_ros_msgs:/home/puzzlebot/ros2_packages_ws/install/camera_info_publisher /usr/bin/cmake --install /home/puzzlebot/Desktop/PUXXY_NODE/TE3002B/puzzle_ws/build/puzzle_pkg
