[0.026s] Invoking command in '/home/puzzlebot/Documents/PUXXY_NODE/TE3002B/puzzle_ws/build/puzzle_pkg': /usr/bin/cmake /home/puzzlebot/Documents/PUXXY_NODE/TE3002B/puzzle_ws/src/puzzle_pkg -DCMAKE_INSTALL_PREFIX=/home/puzzlebot/Documents/PUXXY_NODE/TE3002B/puzzle_ws/install/puzzle_pkg
[0.219s] -- The C compiler identification is GNU 8.4.0
[0.399s] -- The CXX compiler identification is GNU 8.4.0
[0.415s] -- Check for working C compiler: /usr/bin/cc
[0.635s] -- Check for working C compiler: /usr/bin/cc -- works
[0.638s] -- Detecting C compiler ABI info
[0.859s] -- Detecting C compiler ABI info - done
[0.906s] -- Detecting C compile features
[0.907s] -- Detecting C compile features - done
[0.916s] -- Check for working CXX compiler: /usr/bin/c++
[1.167s] -- Check for working CXX compiler: /usr/bin/c++ -- works
[1.171s] -- Detecting CXX compiler ABI info
[1.427s] -- Detecting CXX compiler ABI info - done
[1.475s] -- Detecting CXX compile features
[1.477s] -- Detecting CXX compile features - done
[1.532s] CMake Error at CMakeLists.txt:9 (find_package):
[1.533s]   By not providing "Findament_cmake.cmake" in CMAKE_MODULE_PATH this project
[1.533s]   has asked CMake to find a package configuration file provided by
[1.534s]   "ament_cmake", but CMake did not find one.
[1.534s] 
[1.534s]   Could not find a package configuration file provided by "ament_cmake" with
[1.535s]   any of the following names:
[1.535s] 
[1.536s]     ament_cmakeConfig.cmake
[1.536s]     ament_cmake-config.cmake
[1.536s] 
[1.537s]   Add the installation prefix of "ament_cmake" to CMAKE_PREFIX_PATH or set
[1.537s]   "ament_cmake_DIR" to a directory containing one of the above files.  If
[1.538s]   "ament_cmake" provides a separate development package or SDK, be sure it
[1.538s]   has been installed.
[1.538s] 
[1.539s] 
[1.539s] -- Configuring incomplete, errors occurred!
[1.540s] See also "/home/puzzlebot/Documents/PUXXY_NODE/TE3002B/puzzle_ws/build/puzzle_pkg/CMakeFiles/CMakeOutput.log".
[1.543s] Invoked command in '/home/puzzlebot/Documents/PUXXY_NODE/TE3002B/puzzle_ws/build/puzzle_pkg' returned '1': /usr/bin/cmake /home/puzzlebot/Documents/PUXXY_NODE/TE3002B/puzzle_ws/src/puzzle_pkg -DCMAKE_INSTALL_PREFIX=/home/puzzlebot/Documents/PUXXY_NODE/TE3002B/puzzle_ws/install/puzzle_pkg
