[0.118s] Invoking command in '/home/puzzlebot/Documents/PUXXY_NODE/TE3002B/puzzle_ws/build/cv_bridge': CMAKE_PREFIX_PATH=/home/puzzlebot/Documents/PUXXY_NODE/TE3002B/puzzle_ws/install/vision_opencv:/home/puzzlebot/Documents/PUXXY_NODE/TE3002B/puzzle_ws/install/puzzle_pkg:/home/puzzlebot/Documents/PUXXY_NODE/TE3002B/puzzle_ws/install/image_geometry:/home/puzzlebot/Documents/PUXXY_NODE/TE3002B/puzzle_ws/install/cv_bridge:/home/puzzlebot/Documents/PUXXY_NODE/TE3002B/puzzle_ws/install/opencv_tests:/home/puzzlebot/ros2_ws/install/puzzlebot_ros:/opt/ros/humble:/home/puzzlebot/ros2_packages_ws/install/ros_deep_learning:/home/puzzlebot/ros2_packages_ws/install/micro_ros_setup:/home/puzzlebot/ros2_packages_ws/install/micro_ros_agent:/home/puzzlebot/ros2_packages_ws/install/micro_ros_msgs:/home/puzzlebot/ros2_packages_ws/install/camera_info_publisher /usr/bin/cmake --build /home/puzzlebot/Documents/PUXXY_NODE/TE3002B/puzzle_ws/build/cv_bridge -- -j4 -l4
[0.925s] [ 12%] Built target gtest_main
[0.956s] [ 31%] Built target gtest
[0.958s] [ 43%] Built target cv_bridge
[0.997s] [ 43%] Built target ament_cmake_python_copy_cv_bridge
[1.172s] [ 62%] Built target cv_bridge_boost
[1.203s] [100%] Built target cv_bridge-utest
[2.366s] running egg_info
[2.369s] writing cv_bridge.egg-info/PKG-INFO
[2.370s] writing dependency_links to cv_bridge.egg-info/dependency_links.txt
[2.370s] writing top-level names to cv_bridge.egg-info/top_level.txt
[2.541s] reading manifest file 'cv_bridge.egg-info/SOURCES.txt'
[2.545s] writing manifest file 'cv_bridge.egg-info/SOURCES.txt'
[2.686s] [100%] Built target ament_cmake_python_build_cv_bridge_egg
[2.736s] Invoked command in '/home/puzzlebot/Documents/PUXXY_NODE/TE3002B/puzzle_ws/build/cv_bridge' returned '0': CMAKE_PREFIX_PATH=/home/puzzlebot/Documents/PUXXY_NODE/TE3002B/puzzle_ws/install/vision_opencv:/home/puzzlebot/Documents/PUXXY_NODE/TE3002B/puzzle_ws/install/puzzle_pkg:/home/puzzlebot/Documents/PUXXY_NODE/TE3002B/puzzle_ws/install/image_geometry:/home/puzzlebot/Documents/PUXXY_NODE/TE3002B/puzzle_ws/install/cv_bridge:/home/puzzlebot/Documents/PUXXY_NODE/TE3002B/puzzle_ws/install/opencv_tests:/home/puzzlebot/ros2_ws/install/puzzlebot_ros:/opt/ros/humble:/home/puzzlebot/ros2_packages_ws/install/ros_deep_learning:/home/puzzlebot/ros2_packages_ws/install/micro_ros_setup:/home/puzzlebot/ros2_packages_ws/install/micro_ros_agent:/home/puzzlebot/ros2_packages_ws/install/micro_ros_msgs:/home/puzzlebot/ros2_packages_ws/install/camera_info_publisher /usr/bin/cmake --build /home/puzzlebot/Documents/PUXXY_NODE/TE3002B/puzzle_ws/build/cv_bridge -- -j4 -l4
[2.927s] Invoking command in '/home/puzzlebot/Documents/PUXXY_NODE/TE3002B/puzzle_ws/build/cv_bridge': CMAKE_PREFIX_PATH=/home/puzzlebot/Documents/PUXXY_NODE/TE3002B/puzzle_ws/install/vision_opencv:/home/puzzlebot/Documents/PUXXY_NODE/TE3002B/puzzle_ws/install/puzzle_pkg:/home/puzzlebot/Documents/PUXXY_NODE/TE3002B/puzzle_ws/install/image_geometry:/home/puzzlebot/Documents/PUXXY_NODE/TE3002B/puzzle_ws/install/cv_bridge:/home/puzzlebot/Documents/PUXXY_NODE/TE3002B/puzzle_ws/install/opencv_tests:/home/puzzlebot/ros2_ws/install/puzzlebot_ros:/opt/ros/humble:/home/puzzlebot/ros2_packages_ws/install/ros_deep_learning:/home/puzzlebot/ros2_packages_ws/install/micro_ros_setup:/home/puzzlebot/ros2_packages_ws/install/micro_ros_agent:/home/puzzlebot/ros2_packages_ws/install/micro_ros_msgs:/home/puzzlebot/ros2_packages_ws/install/camera_info_publisher /usr/bin/cmake --install /home/puzzlebot/Documents/PUXXY_NODE/TE3002B/puzzle_ws/build/cv_bridge
[2.965s] -- Install configuration: ""
[2.966s] -- Up-to-date: /home/puzzlebot/Documents/PUXXY_NODE/TE3002B/puzzle_ws/install/cv_bridge/share/cv_bridge/environment/pythonpath.sh
[2.966s] -- Up-to-date: /home/puzzlebot/Documents/PUXXY_NODE/TE3002B/puzzle_ws/install/cv_bridge/share/cv_bridge/environment/pythonpath.dsv
[2.967s] -- Up-to-date: /home/puzzlebot/Documents/PUXXY_NODE/TE3002B/puzzle_ws/install/cv_bridge/lib/python3.8/site-packages/cv_bridge-3.2.1-py3.8.egg-info
[2.968s] -- Installing: /home/puzzlebot/Documents/PUXXY_NODE/TE3002B/puzzle_ws/install/cv_bridge/lib/python3.8/site-packages/cv_bridge-3.2.1-py3.8.egg-info/top_level.txt
[2.969s] -- Installing: /home/puzzlebot/Documents/PUXXY_NODE/TE3002B/puzzle_ws/install/cv_bridge/lib/python3.8/site-packages/cv_bridge-3.2.1-py3.8.egg-info/PKG-INFO
[2.969s] -- Installing: /home/puzzlebot/Documents/PUXXY_NODE/TE3002B/puzzle_ws/install/cv_bridge/lib/python3.8/site-packages/cv_bridge-3.2.1-py3.8.egg-info/SOURCES.txt
[2.970s] -- Installing: /home/puzzlebot/Documents/PUXXY_NODE/TE3002B/puzzle_ws/install/cv_bridge/lib/python3.8/site-packages/cv_bridge-3.2.1-py3.8.egg-info/dependency_links.txt
[2.970s] -- Up-to-date: /home/puzzlebot/Documents/PUXXY_NODE/TE3002B/puzzle_ws/install/cv_bridge/lib/python3.8/site-packages/cv_bridge
[2.971s] -- Up-to-date: /home/puzzlebot/Documents/PUXXY_NODE/TE3002B/puzzle_ws/install/cv_bridge/lib/python3.8/site-packages/cv_bridge/__init__.py
[2.971s] -- Up-to-date: /home/puzzlebot/Documents/PUXXY_NODE/TE3002B/puzzle_ws/install/cv_bridge/lib/python3.8/site-packages/cv_bridge/core.py
[3.191s] Listing '/home/puzzlebot/Documents/PUXXY_NODE/TE3002B/puzzle_ws/install/cv_bridge/lib/python3.8/site-packages/cv_bridge'...
[3.192s] Listing '/home/puzzlebot/Documents/PUXXY_NODE/TE3002B/puzzle_ws/install/cv_bridge/lib/python3.8/site-packages/cv_bridge/boost'...
[3.225s] -- Up-to-date: /home/puzzlebot/Documents/PUXXY_NODE/TE3002B/puzzle_ws/install/cv_bridge/lib/libcv_bridge.so
[3.226s] -- Up-to-date: /home/puzzlebot/Documents/PUXXY_NODE/TE3002B/puzzle_ws/install/cv_bridge/include/cv_bridge/cv_bridge/cv_bridge_export.h
[3.226s] -- Up-to-date: /home/puzzlebot/Documents/PUXXY_NODE/TE3002B/puzzle_ws/install/cv_bridge/lib/python3.8/site-packages/cv_bridge/boost/cv_bridge_boost.so
[3.238s] -- Up-to-date: /home/puzzlebot/Documents/PUXXY_NODE/TE3002B/puzzle_ws/install/cv_bridge/include/cv_bridge
[3.239s] -- Up-to-date: /home/puzzlebot/Documents/PUXXY_NODE/TE3002B/puzzle_ws/install/cv_bridge/include/cv_bridge/cv_bridge
[3.239s] -- Up-to-date: /home/puzzlebot/Documents/PUXXY_NODE/TE3002B/puzzle_ws/install/cv_bridge/include/cv_bridge/cv_bridge/cv_bridge.h
[3.239s] -- Up-to-date: /home/puzzlebot/Documents/PUXXY_NODE/TE3002B/puzzle_ws/install/cv_bridge/include/cv_bridge/cv_bridge/rgb_colors.h
[3.240s] -- Up-to-date: /home/puzzlebot/Documents/PUXXY_NODE/TE3002B/puzzle_ws/install/cv_bridge/lib/libcv_bridge.so
[3.243s] -- Up-to-date: /home/puzzlebot/Documents/PUXXY_NODE/TE3002B/puzzle_ws/install/cv_bridge/share/ament_index/resource_index/package_run_dependencies/cv_bridge
[3.244s] -- Up-to-date: /home/puzzlebot/Documents/PUXXY_NODE/TE3002B/puzzle_ws/install/cv_bridge/share/ament_index/resource_index/parent_prefix_path/cv_bridge
[3.248s] -- Up-to-date: /home/puzzlebot/Documents/PUXXY_NODE/TE3002B/puzzle_ws/install/cv_bridge/share/cv_bridge/environment/ament_prefix_path.sh
[3.250s] -- Up-to-date: /home/puzzlebot/Documents/PUXXY_NODE/TE3002B/puzzle_ws/install/cv_bridge/share/cv_bridge/environment/ament_prefix_path.dsv
[3.251s] -- Up-to-date: /home/puzzlebot/Documents/PUXXY_NODE/TE3002B/puzzle_ws/install/cv_bridge/share/cv_bridge/environment/path.sh
[3.251s] -- Up-to-date: /home/puzzlebot/Documents/PUXXY_NODE/TE3002B/puzzle_ws/install/cv_bridge/share/cv_bridge/environment/path.dsv
[3.254s] -- Up-to-date: /home/puzzlebot/Documents/PUXXY_NODE/TE3002B/puzzle_ws/install/cv_bridge/share/cv_bridge/local_setup.bash
[3.254s] -- Up-to-date: /home/puzzlebot/Documents/PUXXY_NODE/TE3002B/puzzle_ws/install/cv_bridge/share/cv_bridge/local_setup.sh
[3.256s] -- Up-to-date: /home/puzzlebot/Documents/PUXXY_NODE/TE3002B/puzzle_ws/install/cv_bridge/share/cv_bridge/local_setup.zsh
[3.256s] -- Up-to-date: /home/puzzlebot/Documents/PUXXY_NODE/TE3002B/puzzle_ws/install/cv_bridge/share/cv_bridge/local_setup.dsv
[3.257s] -- Installing: /home/puzzlebot/Documents/PUXXY_NODE/TE3002B/puzzle_ws/install/cv_bridge/share/cv_bridge/package.dsv
[3.258s] -- Up-to-date: /home/puzzlebot/Documents/PUXXY_NODE/TE3002B/puzzle_ws/install/cv_bridge/share/ament_index/resource_index/packages/cv_bridge
[3.259s] -- Up-to-date: /home/puzzlebot/Documents/PUXXY_NODE/TE3002B/puzzle_ws/install/cv_bridge/share/cv_bridge/cmake/export_cv_bridgeExport.cmake
[3.260s] -- Up-to-date: /home/puzzlebot/Documents/PUXXY_NODE/TE3002B/puzzle_ws/install/cv_bridge/share/cv_bridge/cmake/export_cv_bridgeExport-noconfig.cmake
[3.260s] -- Up-to-date: /home/puzzlebot/Documents/PUXXY_NODE/TE3002B/puzzle_ws/install/cv_bridge/share/cv_bridge/cmake/cv_bridge-extras.cmake
[3.261s] -- Up-to-date: /home/puzzlebot/Documents/PUXXY_NODE/TE3002B/puzzle_ws/install/cv_bridge/share/cv_bridge/cmake/ament_cmake_export_dependencies-extras.cmake
[3.261s] -- Up-to-date: /home/puzzlebot/Documents/PUXXY_NODE/TE3002B/puzzle_ws/install/cv_bridge/share/cv_bridge/cmake/ament_cmake_export_targets-extras.cmake
[3.262s] -- Up-to-date: /home/puzzlebot/Documents/PUXXY_NODE/TE3002B/puzzle_ws/install/cv_bridge/share/cv_bridge/cmake/cv_bridgeConfig.cmake
[3.264s] -- Up-to-date: /home/puzzlebot/Documents/PUXXY_NODE/TE3002B/puzzle_ws/install/cv_bridge/share/cv_bridge/cmake/cv_bridgeConfig-version.cmake
[3.273s] -- Up-to-date: /home/puzzlebot/Documents/PUXXY_NODE/TE3002B/puzzle_ws/install/cv_bridge/share/cv_bridge/package.xml
[3.339s] Invoked command in '/home/puzzlebot/Documents/PUXXY_NODE/TE3002B/puzzle_ws/build/cv_bridge' returned '0': CMAKE_PREFIX_PATH=/home/puzzlebot/Documents/PUXXY_NODE/TE3002B/puzzle_ws/install/vision_opencv:/home/puzzlebot/Documents/PUXXY_NODE/TE3002B/puzzle_ws/install/puzzle_pkg:/home/puzzlebot/Documents/PUXXY_NODE/TE3002B/puzzle_ws/install/image_geometry:/home/puzzlebot/Documents/PUXXY_NODE/TE3002B/puzzle_ws/install/cv_bridge:/home/puzzlebot/Documents/PUXXY_NODE/TE3002B/puzzle_ws/install/opencv_tests:/home/puzzlebot/ros2_ws/install/puzzlebot_ros:/opt/ros/humble:/home/puzzlebot/ros2_packages_ws/install/ros_deep_learning:/home/puzzlebot/ros2_packages_ws/install/micro_ros_setup:/home/puzzlebot/ros2_packages_ws/install/micro_ros_agent:/home/puzzlebot/ros2_packages_ws/install/micro_ros_msgs:/home/puzzlebot/ros2_packages_ws/install/camera_info_publisher /usr/bin/cmake --install /home/puzzlebot/Documents/PUXXY_NODE/TE3002B/puzzle_ws/build/cv_bridge
