[1.299s] Invoking command in '/home/puzzlebot/Desktop/PUXXY_NODE/TE3002B/lane_processing_ws/build/lane_processing': CMAKE_PREFIX_PATH=/home/puzzlebot/ros2_ws/install/puzzlebot_ros:/opt/ros/humble:${CMAKE_PREFIX_PATH} /usr/bin/cmake /home/puzzlebot/Desktop/PUXXY_NODE/TE3002B/lane_processing_ws/src/lane_processing -DCMAKE_INSTALL_PREFIX=/home/puzzlebot/Desktop/PUXXY_NODE/TE3002B/lane_processing_ws/install/lane_processing
[1.360s] -- Found ament_cmake: 1.3.6 (/opt/ros/humble/share/ament_cmake/cmake)
[2.139s] -- Found rclcpp: 16.0.7 (/opt/ros/humble/share/rclcpp/cmake)
[2.292s] -- Found rosidl_generator_c: 3.1.5 (/opt/ros/humble/share/rosidl_generator_c/cmake)
[2.307s] -- Found rosidl_adapter: 3.1.5 (/opt/ros/humble/share/rosidl_adapter/cmake)
[2.337s] -- Found rosidl_generator_cpp: 3.1.5 (/opt/ros/humble/share/rosidl_generator_cpp/cmake)
[2.403s] -- Using all available rosidl_typesupport_c: rosidl_typesupport_fastrtps_c;rosidl_typesupport_introspection_c
[2.499s] -- Using all available rosidl_typesupport_cpp: rosidl_typesupport_fastrtps_cpp;rosidl_typesupport_introspection_cpp
[2.842s] -- Found rmw_implementation_cmake: 6.1.1 (/opt/ros/humble/share/rmw_implementation_cmake/cmake)
[2.849s] -- Found rmw_fastrtps_cpp: 6.2.5 (/opt/ros/humble/share/rmw_fastrtps_cpp/cmake)
[3.467s] -- Using RMW implementation 'rmw_fastrtps_cpp' as default
[4.411s] -- Found cv_bridge: 3.2.1 (/opt/ros/humble/share/cv_bridge/cmake)
[5.254s] -- Found image_transport: 3.1.7 (/opt/ros/humble/share/image_transport/cmake)
[5.461s] CMake Error at CMakeLists.txt:30 (target_include_directories):
[5.461s]   Cannot specify include directories for target "lane_detection" which is not
[5.462s]   built by this project.
[5.462s] 
[5.462s] 
[5.463s] CMake Error at CMakeLists.txt:34 (target_compile_features):
[5.463s]   Cannot specify compile features for target "lane_detection" which is not
[5.463s]   built by this project.
[5.464s] 
[5.464s] 
[5.470s] CMake Error at CMakeLists.txt:44 (install):
[5.470s]   install TARGETS given target "lane_detection" which does not exist.
[5.471s] 
[5.471s] 
[5.471s] -- Found ament_lint_auto: 0.12.9 (/opt/ros/humble/share/ament_lint_auto/cmake)
[5.739s] -- Added test 'cppcheck' to perform static code analysis on C / C++ code
[5.743s] -- Configured cppcheck include dirs: /home/puzzlebot/Desktop/PUXXY_NODE/TE3002B/lane_processing_ws/src/lane_processing/include
[5.743s] -- Configured cppcheck exclude dirs and/or files: 
[5.747s] -- Added test 'lint_cmake' to check CMake code style
[5.753s] -- Added test 'uncrustify' to check C / C++ code style
[5.754s] -- Configured uncrustify additional arguments: 
[5.755s] -- Added test 'xmllint' to check XML markup files
[5.770s] -- Configuring incomplete, errors occurred!
[5.770s] See also "/home/puzzlebot/Desktop/PUXXY_NODE/TE3002B/lane_processing_ws/build/lane_processing/CMakeFiles/CMakeOutput.log".
[5.770s] See also "/home/puzzlebot/Desktop/PUXXY_NODE/TE3002B/lane_processing_ws/build/lane_processing/CMakeFiles/CMakeError.log".
[5.797s] Invoked command in '/home/puzzlebot/Desktop/PUXXY_NODE/TE3002B/lane_processing_ws/build/lane_processing' returned '1': CMAKE_PREFIX_PATH=/home/puzzlebot/ros2_ws/install/puzzlebot_ros:/opt/ros/humble:${CMAKE_PREFIX_PATH} /usr/bin/cmake /home/puzzlebot/Desktop/PUXXY_NODE/TE3002B/lane_processing_ws/src/lane_processing -DCMAKE_INSTALL_PREFIX=/home/puzzlebot/Desktop/PUXXY_NODE/TE3002B/lane_processing_ws/install/lane_processing
