[11.416s] DEBUG:colcon:Command line arguments: ['/usr/bin/colcon', 'build']
[11.416s] DEBUG:colcon:Parsed command line arguments: Namespace(allow_overriding=[], ament_cmake_args=None, base_paths=['.'], build_base='build', catkin_cmake_args=None, catkin_skip_building_tests=False, cmake_args=None, cmake_clean_cache=False, cmake_clean_first=False, cmake_force_configure=False, cmake_target=None, cmake_target_skip_unavailable=False, continue_on_error=False, event_handlers=None, executor='parallel', ignore_user_meta=False, install_base='install', log_base=None, log_level=None, main=<bound method BuildVerb.main of <colcon_core.verb.build.BuildVerb object at 0x7fae68d9a0>>, merge_install=False, metas=['./colcon.meta'], packages_above=None, packages_above_and_dependencies=None, packages_above_depth=None, packages_end=None, packages_ignore=None, packages_ignore_regex=None, packages_select=None, packages_select_build_failed=False, packages_select_by_dep=None, packages_select_regex=None, packages_select_test_failures=False, packages_skip=None, packages_skip_build_finished=False, packages_skip_by_dep=None, packages_skip_regex=None, packages_skip_test_passed=False, packages_skip_up_to=None, packages_start=None, packages_up_to=None, packages_up_to_regex=None, parallel_workers=4, paths=None, symlink_install=False, test_result_base=None, verb_extension=<colcon_core.verb.build.BuildVerb object at 0x7fae68d9a0>, verb_name='build', verb_parser=<colcon_defaults.argument_parser.defaults.DefaultArgumentsDecorator object at 0x7fae27c520>)
[11.920s] Level 1:colcon.colcon_core.package_discovery:discover_packages(colcon_meta) check parameters
[11.920s] Level 1:colcon.colcon_core.package_discovery:discover_packages(recursive) check parameters
[11.921s] Level 1:colcon.colcon_core.package_discovery:discover_packages(ignore) check parameters
[11.921s] Level 1:colcon.colcon_core.package_discovery:discover_packages(path) check parameters
[11.921s] Level 1:colcon.colcon_core.package_discovery:discover_packages(colcon_meta) discover
[11.921s] Level 1:colcon.colcon_core.package_discovery:discover_packages(recursive) discover
[11.921s] INFO:colcon.colcon_core.package_discovery:Crawling recursively for packages in '/home/puzzlebot/Desktop/PUXXY_NODE/TE3002B/differential_wheeled_robot_ws'
[11.922s] Level 1:colcon.colcon_core.package_identification:_identify(.) by extensions ['ignore', 'ignore_ament_install']
[11.922s] Level 1:colcon.colcon_core.package_identification:_identify(.) by extension 'ignore'
[11.922s] Level 1:colcon.colcon_core.package_identification:_identify(.) by extension 'ignore_ament_install'
[11.923s] Level 1:colcon.colcon_core.package_identification:_identify(.) by extensions ['colcon_pkg']
[11.923s] Level 1:colcon.colcon_core.package_identification:_identify(.) by extension 'colcon_pkg'
[11.923s] Level 1:colcon.colcon_core.package_identification:_identify(.) by extensions ['colcon_meta']
[11.923s] Level 1:colcon.colcon_core.package_identification:_identify(.) by extension 'colcon_meta'
[11.923s] Level 1:colcon.colcon_core.package_identification:_identify(.) by extensions ['ros']
[11.923s] Level 1:colcon.colcon_core.package_identification:_identify(.) by extension 'ros'
[11.969s] Level 1:colcon.colcon_core.package_identification:_identify(.) by extensions ['cmake', 'python']
[11.969s] Level 1:colcon.colcon_core.package_identification:_identify(.) by extension 'cmake'
[11.969s] Level 1:colcon.colcon_core.package_identification:_identify(.) by extension 'python'
[11.970s] Level 1:colcon.colcon_core.package_identification:_identify(.) by extensions ['python_setup_py']
[11.970s] Level 1:colcon.colcon_core.package_identification:_identify(.) by extension 'python_setup_py'
[11.970s] Level 1:colcon.colcon_core.package_identification:_identify(build) by extensions ['ignore', 'ignore_ament_install']
[11.971s] Level 1:colcon.colcon_core.package_identification:_identify(build) by extension 'ignore'
[11.971s] Level 1:colcon.colcon_core.package_identification:_identify(build) ignored
[11.972s] Level 1:colcon.colcon_core.package_identification:_identify(install) by extensions ['ignore', 'ignore_ament_install']
[11.972s] Level 1:colcon.colcon_core.package_identification:_identify(install) by extension 'ignore'
[11.972s] Level 1:colcon.colcon_core.package_identification:_identify(install) ignored
[11.973s] Level 1:colcon.colcon_core.package_identification:_identify(log) by extensions ['ignore', 'ignore_ament_install']
[11.973s] Level 1:colcon.colcon_core.package_identification:_identify(log) by extension 'ignore'
[11.973s] Level 1:colcon.colcon_core.package_identification:_identify(log) ignored
[11.973s] Level 1:colcon.colcon_core.package_identification:_identify(src) by extensions ['ignore', 'ignore_ament_install']
[11.974s] Level 1:colcon.colcon_core.package_identification:_identify(src) by extension 'ignore'
[11.974s] Level 1:colcon.colcon_core.package_identification:_identify(src) by extension 'ignore_ament_install'
[11.974s] Level 1:colcon.colcon_core.package_identification:_identify(src) by extensions ['colcon_pkg']
[11.974s] Level 1:colcon.colcon_core.package_identification:_identify(src) by extension 'colcon_pkg'
[11.975s] Level 1:colcon.colcon_core.package_identification:_identify(src) by extensions ['colcon_meta']
[11.975s] Level 1:colcon.colcon_core.package_identification:_identify(src) by extension 'colcon_meta'
[11.975s] Level 1:colcon.colcon_core.package_identification:_identify(src) by extensions ['ros']
[11.975s] Level 1:colcon.colcon_core.package_identification:_identify(src) by extension 'ros'
[11.975s] Level 1:colcon.colcon_core.package_identification:_identify(src) by extensions ['cmake', 'python']
[11.976s] Level 1:colcon.colcon_core.package_identification:_identify(src) by extension 'cmake'
[11.976s] Level 1:colcon.colcon_core.package_identification:_identify(src) by extension 'python'
[11.976s] Level 1:colcon.colcon_core.package_identification:_identify(src) by extensions ['python_setup_py']
[11.976s] Level 1:colcon.colcon_core.package_identification:_identify(src) by extension 'python_setup_py'
[11.976s] Level 1:colcon.colcon_core.package_identification:_identify(src/differential_wheeled_robot) by extensions ['ignore', 'ignore_ament_install']
[11.977s] Level 1:colcon.colcon_core.package_identification:_identify(src/differential_wheeled_robot) by extension 'ignore'
[11.977s] Level 1:colcon.colcon_core.package_identification:_identify(src/differential_wheeled_robot) by extension 'ignore_ament_install'
[11.977s] Level 1:colcon.colcon_core.package_identification:_identify(src/differential_wheeled_robot) by extensions ['colcon_pkg']
[11.977s] Level 1:colcon.colcon_core.package_identification:_identify(src/differential_wheeled_robot) by extension 'colcon_pkg'
[11.978s] Level 1:colcon.colcon_core.package_identification:_identify(src/differential_wheeled_robot) by extensions ['colcon_meta']
[11.978s] Level 1:colcon.colcon_core.package_identification:_identify(src/differential_wheeled_robot) by extension 'colcon_meta'
[11.978s] Level 1:colcon.colcon_core.package_identification:_identify(src/differential_wheeled_robot) by extensions ['ros']
[11.978s] Level 1:colcon.colcon_core.package_identification:_identify(src/differential_wheeled_robot) by extension 'ros'
[11.989s] DEBUG:colcon.colcon_core.package_identification:Package 'src/differential_wheeled_robot' with type 'ros.ament_cmake' and name 'differential_wheeled_robot'
[11.989s] Level 1:colcon.colcon_core.package_discovery:discover_packages(recursive) using defaults
[11.989s] Level 1:colcon.colcon_core.package_discovery:discover_packages(ignore) discover
[11.989s] Level 1:colcon.colcon_core.package_discovery:discover_packages(ignore) using defaults
[11.989s] Level 1:colcon.colcon_core.package_discovery:discover_packages(path) discover
[11.990s] Level 1:colcon.colcon_core.package_discovery:discover_packages(path) using defaults
[13.035s] Level 1:colcon.colcon_core.package_discovery:discover_packages(prefix_path) check parameters
[13.035s] Level 1:colcon.colcon_core.package_discovery:discover_packages(prefix_path) discover
[13.429s] DEBUG:colcon.colcon_installed_package_information.package_discovery:Found 1 installed packages in /home/puzzlebot/ros2_ws/install
[13.628s] DEBUG:colcon.colcon_installed_package_information.package_discovery:Found 5 installed packages in /home/puzzlebot/ros2_packages_ws/install
[13.831s] DEBUG:colcon.colcon_installed_package_information.package_discovery:Found 281 installed packages in /opt/ros/humble
[13.840s] Level 1:colcon.colcon_core.package_discovery:discover_packages(prefix_path) using defaults
[14.658s] Level 5:colcon.colcon_core.verb:set package 'differential_wheeled_robot' build argument 'cmake_args' from command line to 'None'
[14.659s] Level 5:colcon.colcon_core.verb:set package 'differential_wheeled_robot' build argument 'cmake_target' from command line to 'None'
[14.659s] Level 5:colcon.colcon_core.verb:set package 'differential_wheeled_robot' build argument 'cmake_target_skip_unavailable' from command line to 'False'
[14.659s] Level 5:colcon.colcon_core.verb:set package 'differential_wheeled_robot' build argument 'cmake_clean_cache' from command line to 'False'
[14.659s] Level 5:colcon.colcon_core.verb:set package 'differential_wheeled_robot' build argument 'cmake_clean_first' from command line to 'False'
[14.659s] Level 5:colcon.colcon_core.verb:set package 'differential_wheeled_robot' build argument 'cmake_force_configure' from command line to 'False'
[14.659s] Level 5:colcon.colcon_core.verb:set package 'differential_wheeled_robot' build argument 'ament_cmake_args' from command line to 'None'
[14.660s] Level 5:colcon.colcon_core.verb:set package 'differential_wheeled_robot' build argument 'catkin_cmake_args' from command line to 'None'
[14.660s] Level 5:colcon.colcon_core.verb:set package 'differential_wheeled_robot' build argument 'catkin_skip_building_tests' from command line to 'False'
[14.660s] DEBUG:colcon.colcon_core.verb:Building package 'differential_wheeled_robot' with the following arguments: {'ament_cmake_args': None, 'build_base': '/home/puzzlebot/Desktop/PUXXY_NODE/TE3002B/differential_wheeled_robot_ws/build/differential_wheeled_robot', 'catkin_cmake_args': None, 'catkin_skip_building_tests': False, 'cmake_args': None, 'cmake_clean_cache': False, 'cmake_clean_first': False, 'cmake_force_configure': False, 'cmake_target': None, 'cmake_target_skip_unavailable': False, 'install_base': '/home/puzzlebot/Desktop/PUXXY_NODE/TE3002B/differential_wheeled_robot_ws/install/differential_wheeled_robot', 'merge_install': False, 'path': '/home/puzzlebot/Desktop/PUXXY_NODE/TE3002B/differential_wheeled_robot_ws/src/differential_wheeled_robot', 'symlink_install': False, 'test_result_base': None}
[14.854s] INFO:colcon.colcon_core.executor:Executing jobs using 'parallel' executor
[15.052s] DEBUG:colcon.colcon_parallel_executor.executor.parallel:run_until_complete
[15.052s] INFO:colcon.colcon_ros.task.ament_cmake.build:Building ROS package in '/home/puzzlebot/Desktop/PUXXY_NODE/TE3002B/differential_wheeled_robot_ws/src/differential_wheeled_robot' with build type 'ament_cmake'
[15.053s] INFO:colcon.colcon_cmake.task.cmake.build:Building CMake package in '/home/puzzlebot/Desktop/PUXXY_NODE/TE3002B/differential_wheeled_robot_ws/src/differential_wheeled_robot'
[15.266s] INFO:colcon.colcon_core.plugin_system:Skipping extension 'colcon_core.shell.bat': Not used on non-Windows systems
[15.267s] INFO:colcon.colcon_core.shell:Skip shell extension 'powershell' for command environment: Not usable outside of PowerShell
[15.268s] DEBUG:colcon.colcon_core.shell:Skip shell extension 'dsv' for command environment
[16.130s] DEBUG:colcon.colcon_core.event_handler.log_command:Invoking command in '/home/puzzlebot/Desktop/PUXXY_NODE/TE3002B/differential_wheeled_robot_ws/build/differential_wheeled_robot': CMAKE_PREFIX_PATH=/home/puzzlebot/ros2_ws/install/puzzlebot_ros:/opt/ros/humble:${CMAKE_PREFIX_PATH} /usr/bin/cmake --build /home/puzzlebot/Desktop/PUXXY_NODE/TE3002B/differential_wheeled_robot_ws/build/differential_wheeled_robot -- -j4 -l4
[29.354s] DEBUG:colcon.colcon_core.event_handler.log_command:Invoked command in '/home/puzzlebot/Desktop/PUXXY_NODE/TE3002B/differential_wheeled_robot_ws/build/differential_wheeled_robot' returned '0': CMAKE_PREFIX_PATH=/home/puzzlebot/ros2_ws/install/puzzlebot_ros:/opt/ros/humble:${CMAKE_PREFIX_PATH} /usr/bin/cmake --build /home/puzzlebot/Desktop/PUXXY_NODE/TE3002B/differential_wheeled_robot_ws/build/differential_wheeled_robot -- -j4 -l4
[29.585s] DEBUG:colcon.colcon_core.event_handler.log_command:Invoking command in '/home/puzzlebot/Desktop/PUXXY_NODE/TE3002B/differential_wheeled_robot_ws/build/differential_wheeled_robot': CMAKE_PREFIX_PATH=/home/puzzlebot/ros2_ws/install/puzzlebot_ros:/opt/ros/humble:${CMAKE_PREFIX_PATH} /usr/bin/cmake --install /home/puzzlebot/Desktop/PUXXY_NODE/TE3002B/differential_wheeled_robot_ws/build/differential_wheeled_robot
[29.931s] Level 1:colcon.colcon_core.environment:create_environment_scripts_only(differential_wheeled_robot)
[29.932s] DEBUG:colcon.colcon_core.event_handler.log_command:Invoked command in '/home/puzzlebot/Desktop/PUXXY_NODE/TE3002B/differential_wheeled_robot_ws/build/differential_wheeled_robot' returned '0': CMAKE_PREFIX_PATH=/home/puzzlebot/ros2_ws/install/puzzlebot_ros:/opt/ros/humble:${CMAKE_PREFIX_PATH} /usr/bin/cmake --install /home/puzzlebot/Desktop/PUXXY_NODE/TE3002B/differential_wheeled_robot_ws/build/differential_wheeled_robot
[30.150s] Level 1:colcon.colcon_core.environment:checking '/home/puzzlebot/Desktop/PUXXY_NODE/TE3002B/differential_wheeled_robot_ws/install/differential_wheeled_robot' for CMake module files
[30.154s] Level 1:colcon.colcon_core.environment:checking '/home/puzzlebot/Desktop/PUXXY_NODE/TE3002B/differential_wheeled_robot_ws/install/differential_wheeled_robot' for CMake config files
[30.157s] Level 1:colcon.colcon_core.shell:create_environment_hook('differential_wheeled_robot', 'cmake_prefix_path')
[30.409s] INFO:colcon.colcon_core.shell:Creating environment hook '/home/puzzlebot/Desktop/PUXXY_NODE/TE3002B/differential_wheeled_robot_ws/install/differential_wheeled_robot/share/differential_wheeled_robot/hook/cmake_prefix_path.ps1'
[30.414s] INFO:colcon.colcon_core.shell:Creating environment descriptor '/home/puzzlebot/Desktop/PUXXY_NODE/TE3002B/differential_wheeled_robot_ws/install/differential_wheeled_robot/share/differential_wheeled_robot/hook/cmake_prefix_path.dsv'
[30.416s] INFO:colcon.colcon_core.shell:Creating environment hook '/home/puzzlebot/Desktop/PUXXY_NODE/TE3002B/differential_wheeled_robot_ws/install/differential_wheeled_robot/share/differential_wheeled_robot/hook/cmake_prefix_path.sh'
[30.419s] Level 1:colcon.colcon_core.environment:checking '/home/puzzlebot/Desktop/PUXXY_NODE/TE3002B/differential_wheeled_robot_ws/install/differential_wheeled_robot/lib'
[30.420s] Level 1:colcon.colcon_core.shell:create_environment_hook('differential_wheeled_robot', 'ld_library_path_lib')
[30.631s] INFO:colcon.colcon_core.shell:Creating environment hook '/home/puzzlebot/Desktop/PUXXY_NODE/TE3002B/differential_wheeled_robot_ws/install/differential_wheeled_robot/share/differential_wheeled_robot/hook/ld_library_path_lib.ps1'
[30.632s] INFO:colcon.colcon_core.shell:Creating environment descriptor '/home/puzzlebot/Desktop/PUXXY_NODE/TE3002B/differential_wheeled_robot_ws/install/differential_wheeled_robot/share/differential_wheeled_robot/hook/ld_library_path_lib.dsv'
[30.633s] INFO:colcon.colcon_core.shell:Creating environment hook '/home/puzzlebot/Desktop/PUXXY_NODE/TE3002B/differential_wheeled_robot_ws/install/differential_wheeled_robot/share/differential_wheeled_robot/hook/ld_library_path_lib.sh'
[30.635s] Level 1:colcon.colcon_core.environment:checking '/home/puzzlebot/Desktop/PUXXY_NODE/TE3002B/differential_wheeled_robot_ws/install/differential_wheeled_robot/bin'
[30.635s] Level 1:colcon.colcon_core.environment:checking '/home/puzzlebot/Desktop/PUXXY_NODE/TE3002B/differential_wheeled_robot_ws/install/differential_wheeled_robot/lib/pkgconfig/differential_wheeled_robot.pc'
[30.636s] Level 1:colcon.colcon_core.environment:checking '/home/puzzlebot/Desktop/PUXXY_NODE/TE3002B/differential_wheeled_robot_ws/install/differential_wheeled_robot/lib/python3.8/site-packages'
[30.636s] Level 1:colcon.colcon_core.shell:create_environment_hook('differential_wheeled_robot', 'pythonpath')
[30.845s] INFO:colcon.colcon_core.shell:Creating environment hook '/home/puzzlebot/Desktop/PUXXY_NODE/TE3002B/differential_wheeled_robot_ws/install/differential_wheeled_robot/share/differential_wheeled_robot/hook/pythonpath.ps1'
[30.847s] INFO:colcon.colcon_core.shell:Creating environment descriptor '/home/puzzlebot/Desktop/PUXXY_NODE/TE3002B/differential_wheeled_robot_ws/install/differential_wheeled_robot/share/differential_wheeled_robot/hook/pythonpath.dsv'
[30.848s] INFO:colcon.colcon_core.shell:Creating environment hook '/home/puzzlebot/Desktop/PUXXY_NODE/TE3002B/differential_wheeled_robot_ws/install/differential_wheeled_robot/share/differential_wheeled_robot/hook/pythonpath.sh'
[30.849s] Level 1:colcon.colcon_core.environment:checking '/home/puzzlebot/Desktop/PUXXY_NODE/TE3002B/differential_wheeled_robot_ws/install/differential_wheeled_robot/bin'
[31.064s] INFO:colcon.colcon_core.shell:Creating package script '/home/puzzlebot/Desktop/PUXXY_NODE/TE3002B/differential_wheeled_robot_ws/install/differential_wheeled_robot/share/differential_wheeled_robot/package.ps1'
[31.068s] INFO:colcon.colcon_core.shell:Creating package descriptor '/home/puzzlebot/Desktop/PUXXY_NODE/TE3002B/differential_wheeled_robot_ws/install/differential_wheeled_robot/share/differential_wheeled_robot/package.dsv'
[31.071s] INFO:colcon.colcon_core.shell:Creating package script '/home/puzzlebot/Desktop/PUXXY_NODE/TE3002B/differential_wheeled_robot_ws/install/differential_wheeled_robot/share/differential_wheeled_robot/package.sh'
[31.074s] INFO:colcon.colcon_core.shell:Creating package script '/home/puzzlebot/Desktop/PUXXY_NODE/TE3002B/differential_wheeled_robot_ws/install/differential_wheeled_robot/share/differential_wheeled_robot/package.bash'
[31.077s] INFO:colcon.colcon_core.shell:Creating package script '/home/puzzlebot/Desktop/PUXXY_NODE/TE3002B/differential_wheeled_robot_ws/install/differential_wheeled_robot/share/differential_wheeled_robot/package.zsh'
[31.079s] Level 1:colcon.colcon_core.environment:create_file_with_runtime_dependencies(/home/puzzlebot/Desktop/PUXXY_NODE/TE3002B/differential_wheeled_robot_ws/install/differential_wheeled_robot/share/colcon-core/packages/differential_wheeled_robot)
[31.466s] Level 1:colcon.colcon_core.environment:create_environment_scripts_only(differential_wheeled_robot)
[31.677s] Level 1:colcon.colcon_core.environment:checking '/home/puzzlebot/Desktop/PUXXY_NODE/TE3002B/differential_wheeled_robot_ws/install/differential_wheeled_robot' for CMake module files
[31.681s] Level 1:colcon.colcon_core.environment:checking '/home/puzzlebot/Desktop/PUXXY_NODE/TE3002B/differential_wheeled_robot_ws/install/differential_wheeled_robot' for CMake config files
[31.683s] Level 1:colcon.colcon_core.shell:create_environment_hook('differential_wheeled_robot', 'cmake_prefix_path')
[31.888s] INFO:colcon.colcon_core.shell:Creating environment hook '/home/puzzlebot/Desktop/PUXXY_NODE/TE3002B/differential_wheeled_robot_ws/install/differential_wheeled_robot/share/differential_wheeled_robot/hook/cmake_prefix_path.ps1'
[31.891s] INFO:colcon.colcon_core.shell:Creating environment descriptor '/home/puzzlebot/Desktop/PUXXY_NODE/TE3002B/differential_wheeled_robot_ws/install/differential_wheeled_robot/share/differential_wheeled_robot/hook/cmake_prefix_path.dsv'
[31.893s] INFO:colcon.colcon_core.shell:Creating environment hook '/home/puzzlebot/Desktop/PUXXY_NODE/TE3002B/differential_wheeled_robot_ws/install/differential_wheeled_robot/share/differential_wheeled_robot/hook/cmake_prefix_path.sh'
[31.895s] Level 1:colcon.colcon_core.environment:checking '/home/puzzlebot/Desktop/PUXXY_NODE/TE3002B/differential_wheeled_robot_ws/install/differential_wheeled_robot/lib'
[31.895s] Level 1:colcon.colcon_core.shell:create_environment_hook('differential_wheeled_robot', 'ld_library_path_lib')
[32.105s] INFO:colcon.colcon_core.shell:Creating environment hook '/home/puzzlebot/Desktop/PUXXY_NODE/TE3002B/differential_wheeled_robot_ws/install/differential_wheeled_robot/share/differential_wheeled_robot/hook/ld_library_path_lib.ps1'
[32.107s] INFO:colcon.colcon_core.shell:Creating environment descriptor '/home/puzzlebot/Desktop/PUXXY_NODE/TE3002B/differential_wheeled_robot_ws/install/differential_wheeled_robot/share/differential_wheeled_robot/hook/ld_library_path_lib.dsv'
[32.109s] INFO:colcon.colcon_core.shell:Creating environment hook '/home/puzzlebot/Desktop/PUXXY_NODE/TE3002B/differential_wheeled_robot_ws/install/differential_wheeled_robot/share/differential_wheeled_robot/hook/ld_library_path_lib.sh'
[32.110s] Level 1:colcon.colcon_core.environment:checking '/home/puzzlebot/Desktop/PUXXY_NODE/TE3002B/differential_wheeled_robot_ws/install/differential_wheeled_robot/bin'
[32.111s] Level 1:colcon.colcon_core.environment:checking '/home/puzzlebot/Desktop/PUXXY_NODE/TE3002B/differential_wheeled_robot_ws/install/differential_wheeled_robot/lib/pkgconfig/differential_wheeled_robot.pc'
[32.112s] Level 1:colcon.colcon_core.environment:checking '/home/puzzlebot/Desktop/PUXXY_NODE/TE3002B/differential_wheeled_robot_ws/install/differential_wheeled_robot/lib/python3.8/site-packages'
[32.112s] Level 1:colcon.colcon_core.shell:create_environment_hook('differential_wheeled_robot', 'pythonpath')
[32.316s] INFO:colcon.colcon_core.shell:Creating environment hook '/home/puzzlebot/Desktop/PUXXY_NODE/TE3002B/differential_wheeled_robot_ws/install/differential_wheeled_robot/share/differential_wheeled_robot/hook/pythonpath.ps1'
[32.317s] INFO:colcon.colcon_core.shell:Creating environment descriptor '/home/puzzlebot/Desktop/PUXXY_NODE/TE3002B/differential_wheeled_robot_ws/install/differential_wheeled_robot/share/differential_wheeled_robot/hook/pythonpath.dsv'
[32.319s] INFO:colcon.colcon_core.shell:Creating environment hook '/home/puzzlebot/Desktop/PUXXY_NODE/TE3002B/differential_wheeled_robot_ws/install/differential_wheeled_robot/share/differential_wheeled_robot/hook/pythonpath.sh'
[32.321s] Level 1:colcon.colcon_core.environment:checking '/home/puzzlebot/Desktop/PUXXY_NODE/TE3002B/differential_wheeled_robot_ws/install/differential_wheeled_robot/bin'
[32.530s] INFO:colcon.colcon_core.shell:Creating package script '/home/puzzlebot/Desktop/PUXXY_NODE/TE3002B/differential_wheeled_robot_ws/install/differential_wheeled_robot/share/differential_wheeled_robot/package.ps1'
[32.532s] INFO:colcon.colcon_core.shell:Creating package descriptor '/home/puzzlebot/Desktop/PUXXY_NODE/TE3002B/differential_wheeled_robot_ws/install/differential_wheeled_robot/share/differential_wheeled_robot/package.dsv'
[32.535s] INFO:colcon.colcon_core.shell:Creating package script '/home/puzzlebot/Desktop/PUXXY_NODE/TE3002B/differential_wheeled_robot_ws/install/differential_wheeled_robot/share/differential_wheeled_robot/package.sh'
[32.537s] INFO:colcon.colcon_core.shell:Creating package script '/home/puzzlebot/Desktop/PUXXY_NODE/TE3002B/differential_wheeled_robot_ws/install/differential_wheeled_robot/share/differential_wheeled_robot/package.bash'
[32.538s] INFO:colcon.colcon_core.shell:Creating package script '/home/puzzlebot/Desktop/PUXXY_NODE/TE3002B/differential_wheeled_robot_ws/install/differential_wheeled_robot/share/differential_wheeled_robot/package.zsh'
[32.540s] Level 1:colcon.colcon_core.environment:create_file_with_runtime_dependencies(/home/puzzlebot/Desktop/PUXXY_NODE/TE3002B/differential_wheeled_robot_ws/install/differential_wheeled_robot/share/colcon-core/packages/differential_wheeled_robot)
[32.541s] DEBUG:colcon.colcon_parallel_executor.executor.parallel:closing loop
[32.542s] DEBUG:colcon.colcon_parallel_executor.executor.parallel:loop closed
[32.542s] DEBUG:colcon.colcon_parallel_executor.executor.parallel:run_until_complete finished with '0'
[32.543s] DEBUG:colcon.colcon_core.event_reactor:joining thread
[32.769s] INFO:colcon.colcon_core.plugin_system:Skipping extension 'colcon_notification.desktop_notification.terminal_notifier': Not used on non-Darwin systems
[32.769s] INFO:colcon.colcon_core.plugin_system:Skipping extension 'colcon_notification.desktop_notification.win32': Not used on non-Windows systems
[32.769s] INFO:colcon.colcon_notification.desktop_notification:Sending desktop notification using 'notify2'
[32.814s] DEBUG:colcon.colcon_core.event_reactor:joined thread
[33.046s] INFO:colcon.colcon_core.shell:Creating prefix script '/home/puzzlebot/Desktop/PUXXY_NODE/TE3002B/differential_wheeled_robot_ws/install/local_setup.ps1'
[33.050s] INFO:colcon.colcon_core.shell:Creating prefix util module '/home/puzzlebot/Desktop/PUXXY_NODE/TE3002B/differential_wheeled_robot_ws/install/_local_setup_util_ps1.py'
[33.056s] INFO:colcon.colcon_core.shell:Creating prefix chain script '/home/puzzlebot/Desktop/PUXXY_NODE/TE3002B/differential_wheeled_robot_ws/install/setup.ps1'
[33.264s] INFO:colcon.colcon_core.shell:Creating prefix script '/home/puzzlebot/Desktop/PUXXY_NODE/TE3002B/differential_wheeled_robot_ws/install/local_setup.sh'
[33.266s] INFO:colcon.colcon_core.shell:Creating prefix util module '/home/puzzlebot/Desktop/PUXXY_NODE/TE3002B/differential_wheeled_robot_ws/install/_local_setup_util_sh.py'
[33.268s] INFO:colcon.colcon_core.shell:Creating prefix chain script '/home/puzzlebot/Desktop/PUXXY_NODE/TE3002B/differential_wheeled_robot_ws/install/setup.sh'
[33.481s] INFO:colcon.colcon_core.shell:Creating prefix script '/home/puzzlebot/Desktop/PUXXY_NODE/TE3002B/differential_wheeled_robot_ws/install/local_setup.bash'
[33.483s] INFO:colcon.colcon_core.shell:Creating prefix chain script '/home/puzzlebot/Desktop/PUXXY_NODE/TE3002B/differential_wheeled_robot_ws/install/setup.bash'
[33.694s] INFO:colcon.colcon_core.shell:Creating prefix script '/home/puzzlebot/Desktop/PUXXY_NODE/TE3002B/differential_wheeled_robot_ws/install/local_setup.zsh'
[33.696s] INFO:colcon.colcon_core.shell:Creating prefix chain script '/home/puzzlebot/Desktop/PUXXY_NODE/TE3002B/differential_wheeled_robot_ws/install/setup.zsh'
