[11.428s] DEBUG:colcon:Command line arguments: ['/usr/bin/colcon', 'build']
[11.428s] DEBUG:colcon:Parsed command line arguments: Namespace(allow_overriding=[], ament_cmake_args=None, base_paths=['.'], build_base='build', catkin_cmake_args=None, catkin_skip_building_tests=False, cmake_args=None, cmake_clean_cache=False, cmake_clean_first=False, cmake_force_configure=False, cmake_target=None, cmake_target_skip_unavailable=False, continue_on_error=False, event_handlers=None, executor='parallel', ignore_user_meta=False, install_base='install', log_base=None, log_level=None, main=<bound method BuildVerb.main of <colcon_core.verb.build.BuildVerb object at 0x7f78c2a400>>, merge_install=False, metas=['./colcon.meta'], packages_above=None, packages_above_and_dependencies=None, packages_above_depth=None, packages_end=None, packages_ignore=None, packages_ignore_regex=None, packages_select=None, packages_select_build_failed=False, packages_select_by_dep=None, packages_select_regex=None, packages_select_test_failures=False, packages_skip=None, packages_skip_build_finished=False, packages_skip_by_dep=None, packages_skip_regex=None, packages_skip_test_passed=False, packages_skip_up_to=None, packages_start=None, packages_up_to=None, packages_up_to_regex=None, parallel_workers=4, paths=None, symlink_install=False, test_result_base=None, verb_extension=<colcon_core.verb.build.BuildVerb object at 0x7f78c2a400>, verb_name='build', verb_parser=<colcon_defaults.argument_parser.defaults.DefaultArgumentsDecorator object at 0x7f78b7c760>)
[11.932s] Level 1:colcon.colcon_core.package_discovery:discover_packages(colcon_meta) check parameters
[11.933s] Level 1:colcon.colcon_core.package_discovery:discover_packages(recursive) check parameters
[11.933s] Level 1:colcon.colcon_core.package_discovery:discover_packages(ignore) check parameters
[11.933s] Level 1:colcon.colcon_core.package_discovery:discover_packages(path) check parameters
[11.933s] Level 1:colcon.colcon_core.package_discovery:discover_packages(colcon_meta) discover
[11.934s] Level 1:colcon.colcon_core.package_discovery:discover_packages(recursive) discover
[11.934s] INFO:colcon.colcon_core.package_discovery:Crawling recursively for packages in '/home/puzzlebot/Desktop/PUXXY_NODE/TE3002B/differential_wheeled_robot_ws'
[11.934s] Level 1:colcon.colcon_core.package_identification:_identify(.) by extensions ['ignore', 'ignore_ament_install']
[11.935s] Level 1:colcon.colcon_core.package_identification:_identify(.) by extension 'ignore'
[11.935s] Level 1:colcon.colcon_core.package_identification:_identify(.) by extension 'ignore_ament_install'
[11.935s] Level 1:colcon.colcon_core.package_identification:_identify(.) by extensions ['colcon_pkg']
[11.935s] Level 1:colcon.colcon_core.package_identification:_identify(.) by extension 'colcon_pkg'
[11.935s] Level 1:colcon.colcon_core.package_identification:_identify(.) by extensions ['colcon_meta']
[11.935s] Level 1:colcon.colcon_core.package_identification:_identify(.) by extension 'colcon_meta'
[11.936s] Level 1:colcon.colcon_core.package_identification:_identify(.) by extensions ['ros']
[11.936s] Level 1:colcon.colcon_core.package_identification:_identify(.) by extension 'ros'
[11.981s] Level 1:colcon.colcon_core.package_identification:_identify(.) by extensions ['cmake', 'python']
[11.982s] Level 1:colcon.colcon_core.package_identification:_identify(.) by extension 'cmake'
[11.982s] Level 1:colcon.colcon_core.package_identification:_identify(.) by extension 'python'
[11.982s] Level 1:colcon.colcon_core.package_identification:_identify(.) by extensions ['python_setup_py']
[11.982s] Level 1:colcon.colcon_core.package_identification:_identify(.) by extension 'python_setup_py'
[11.983s] Level 1:colcon.colcon_core.package_identification:_identify(build) by extensions ['ignore', 'ignore_ament_install']
[11.983s] Level 1:colcon.colcon_core.package_identification:_identify(build) by extension 'ignore'
[11.984s] Level 1:colcon.colcon_core.package_identification:_identify(build) ignored
[11.984s] Level 1:colcon.colcon_core.package_identification:_identify(install) by extensions ['ignore', 'ignore_ament_install']
[11.985s] Level 1:colcon.colcon_core.package_identification:_identify(install) by extension 'ignore'
[11.985s] Level 1:colcon.colcon_core.package_identification:_identify(install) ignored
[11.985s] Level 1:colcon.colcon_core.package_identification:_identify(log) by extensions ['ignore', 'ignore_ament_install']
[11.985s] Level 1:colcon.colcon_core.package_identification:_identify(log) by extension 'ignore'
[11.986s] Level 1:colcon.colcon_core.package_identification:_identify(log) ignored
[11.986s] Level 1:colcon.colcon_core.package_identification:_identify(src) by extensions ['ignore', 'ignore_ament_install']
[11.986s] Level 1:colcon.colcon_core.package_identification:_identify(src) by extension 'ignore'
[11.987s] Level 1:colcon.colcon_core.package_identification:_identify(src) by extension 'ignore_ament_install'
[11.987s] Level 1:colcon.colcon_core.package_identification:_identify(src) by extensions ['colcon_pkg']
[11.987s] Level 1:colcon.colcon_core.package_identification:_identify(src) by extension 'colcon_pkg'
[11.987s] Level 1:colcon.colcon_core.package_identification:_identify(src) by extensions ['colcon_meta']
[11.987s] Level 1:colcon.colcon_core.package_identification:_identify(src) by extension 'colcon_meta'
[11.988s] Level 1:colcon.colcon_core.package_identification:_identify(src) by extensions ['ros']
[11.988s] Level 1:colcon.colcon_core.package_identification:_identify(src) by extension 'ros'
[11.988s] Level 1:colcon.colcon_core.package_identification:_identify(src) by extensions ['cmake', 'python']
[11.988s] Level 1:colcon.colcon_core.package_identification:_identify(src) by extension 'cmake'
[11.988s] Level 1:colcon.colcon_core.package_identification:_identify(src) by extension 'python'
[11.989s] Level 1:colcon.colcon_core.package_identification:_identify(src) by extensions ['python_setup_py']
[11.989s] Level 1:colcon.colcon_core.package_identification:_identify(src) by extension 'python_setup_py'
[11.989s] Level 1:colcon.colcon_core.package_identification:_identify(src/differential_wheeled_robot) by extensions ['ignore', 'ignore_ament_install']
[11.989s] Level 1:colcon.colcon_core.package_identification:_identify(src/differential_wheeled_robot) by extension 'ignore'
[11.990s] Level 1:colcon.colcon_core.package_identification:_identify(src/differential_wheeled_robot) by extension 'ignore_ament_install'
[11.990s] Level 1:colcon.colcon_core.package_identification:_identify(src/differential_wheeled_robot) by extensions ['colcon_pkg']
[11.990s] Level 1:colcon.colcon_core.package_identification:_identify(src/differential_wheeled_robot) by extension 'colcon_pkg'
[11.990s] Level 1:colcon.colcon_core.package_identification:_identify(src/differential_wheeled_robot) by extensions ['colcon_meta']
[11.990s] Level 1:colcon.colcon_core.package_identification:_identify(src/differential_wheeled_robot) by extension 'colcon_meta'
[11.991s] Level 1:colcon.colcon_core.package_identification:_identify(src/differential_wheeled_robot) by extensions ['ros']
[11.991s] Level 1:colcon.colcon_core.package_identification:_identify(src/differential_wheeled_robot) by extension 'ros'
[12.001s] DEBUG:colcon.colcon_core.package_identification:Package 'src/differential_wheeled_robot' with type 'ros.ament_cmake' and name 'differential_wheeled_robot'
[12.002s] Level 1:colcon.colcon_core.package_discovery:discover_packages(recursive) using defaults
[12.002s] Level 1:colcon.colcon_core.package_discovery:discover_packages(ignore) discover
[12.002s] Level 1:colcon.colcon_core.package_discovery:discover_packages(ignore) using defaults
[12.002s] Level 1:colcon.colcon_core.package_discovery:discover_packages(path) discover
[12.002s] Level 1:colcon.colcon_core.package_discovery:discover_packages(path) using defaults
[13.048s] Level 1:colcon.colcon_core.package_discovery:discover_packages(prefix_path) check parameters
[13.049s] Level 1:colcon.colcon_core.package_discovery:discover_packages(prefix_path) discover
[13.446s] DEBUG:colcon.colcon_installed_package_information.package_discovery:Found 1 installed packages in /home/puzzlebot/Desktop/PUXXY_NODE/TE3002B/differential_wheeled_robot_ws/install
[13.644s] DEBUG:colcon.colcon_installed_package_information.package_discovery:Found 1 installed packages in /home/puzzlebot/ros2_ws/install
[13.845s] DEBUG:colcon.colcon_installed_package_information.package_discovery:Found 5 installed packages in /home/puzzlebot/ros2_packages_ws/install
[14.086s] DEBUG:colcon.colcon_installed_package_information.package_discovery:Found 281 installed packages in /opt/ros/humble
[14.095s] Level 1:colcon.colcon_core.package_discovery:discover_packages(prefix_path) using defaults
[14.881s] Level 5:colcon.colcon_core.verb:set package 'differential_wheeled_robot' build argument 'cmake_args' from command line to 'None'
[14.881s] Level 5:colcon.colcon_core.verb:set package 'differential_wheeled_robot' build argument 'cmake_target' from command line to 'None'
[14.882s] Level 5:colcon.colcon_core.verb:set package 'differential_wheeled_robot' build argument 'cmake_target_skip_unavailable' from command line to 'False'
[14.882s] Level 5:colcon.colcon_core.verb:set package 'differential_wheeled_robot' build argument 'cmake_clean_cache' from command line to 'False'
[14.882s] Level 5:colcon.colcon_core.verb:set package 'differential_wheeled_robot' build argument 'cmake_clean_first' from command line to 'False'
[14.882s] Level 5:colcon.colcon_core.verb:set package 'differential_wheeled_robot' build argument 'cmake_force_configure' from command line to 'False'
[14.882s] Level 5:colcon.colcon_core.verb:set package 'differential_wheeled_robot' build argument 'ament_cmake_args' from command line to 'None'
[14.882s] Level 5:colcon.colcon_core.verb:set package 'differential_wheeled_robot' build argument 'catkin_cmake_args' from command line to 'None'
[14.882s] Level 5:colcon.colcon_core.verb:set package 'differential_wheeled_robot' build argument 'catkin_skip_building_tests' from command line to 'False'
[14.883s] DEBUG:colcon.colcon_core.verb:Building package 'differential_wheeled_robot' with the following arguments: {'ament_cmake_args': None, 'build_base': '/home/puzzlebot/Desktop/PUXXY_NODE/TE3002B/differential_wheeled_robot_ws/build/differential_wheeled_robot', 'catkin_cmake_args': None, 'catkin_skip_building_tests': False, 'cmake_args': None, 'cmake_clean_cache': False, 'cmake_clean_first': False, 'cmake_force_configure': False, 'cmake_target': None, 'cmake_target_skip_unavailable': False, 'install_base': '/home/puzzlebot/Desktop/PUXXY_NODE/TE3002B/differential_wheeled_robot_ws/install/differential_wheeled_robot', 'merge_install': False, 'path': '/home/puzzlebot/Desktop/PUXXY_NODE/TE3002B/differential_wheeled_robot_ws/src/differential_wheeled_robot', 'symlink_install': False, 'test_result_base': None}
[15.080s] INFO:colcon.colcon_core.executor:Executing jobs using 'parallel' executor
[15.279s] DEBUG:colcon.colcon_parallel_executor.executor.parallel:run_until_complete
[15.279s] INFO:colcon.colcon_ros.task.ament_cmake.build:Building ROS package in '/home/puzzlebot/Desktop/PUXXY_NODE/TE3002B/differential_wheeled_robot_ws/src/differential_wheeled_robot' with build type 'ament_cmake'
[15.280s] INFO:colcon.colcon_cmake.task.cmake.build:Building CMake package in '/home/puzzlebot/Desktop/PUXXY_NODE/TE3002B/differential_wheeled_robot_ws/src/differential_wheeled_robot'
[15.498s] INFO:colcon.colcon_core.plugin_system:Skipping extension 'colcon_core.shell.bat': Not used on non-Windows systems
[15.499s] INFO:colcon.colcon_core.shell:Skip shell extension 'powershell' for command environment: Not usable outside of PowerShell
[15.499s] DEBUG:colcon.colcon_core.shell:Skip shell extension 'dsv' for command environment
[16.608s] DEBUG:colcon.colcon_core.event_handler.log_command:Invoking command in '/home/puzzlebot/Desktop/PUXXY_NODE/TE3002B/differential_wheeled_robot_ws/build/differential_wheeled_robot': CMAKE_PREFIX_PATH=/home/puzzlebot/Desktop/PUXXY_NODE/TE3002B/differential_wheeled_robot_ws/install/differential_wheeled_robot:/home/puzzlebot/ros2_ws/install/puzzlebot_ros:/opt/ros/humble:/home/puzzlebot/ros2_packages_ws/install/ros_deep_learning:/home/puzzlebot/ros2_packages_ws/install/micro_ros_setup:/home/puzzlebot/ros2_packages_ws/install/micro_ros_agent:/home/puzzlebot/ros2_packages_ws/install/micro_ros_msgs:/home/puzzlebot/ros2_packages_ws/install/camera_info_publisher /usr/bin/cmake --build /home/puzzlebot/Desktop/PUXXY_NODE/TE3002B/differential_wheeled_robot_ws/build/differential_wheeled_robot -- -j4 -l4
[18.378s] DEBUG:colcon.colcon_core.event_handler.log_command:Invoked command in '/home/puzzlebot/Desktop/PUXXY_NODE/TE3002B/differential_wheeled_robot_ws/build/differential_wheeled_robot' returned '0': CMAKE_PREFIX_PATH=/home/puzzlebot/Desktop/PUXXY_NODE/TE3002B/differential_wheeled_robot_ws/install/differential_wheeled_robot:/home/puzzlebot/ros2_ws/install/puzzlebot_ros:/opt/ros/humble:/home/puzzlebot/ros2_packages_ws/install/ros_deep_learning:/home/puzzlebot/ros2_packages_ws/install/micro_ros_setup:/home/puzzlebot/ros2_packages_ws/install/micro_ros_agent:/home/puzzlebot/ros2_packages_ws/install/micro_ros_msgs:/home/puzzlebot/ros2_packages_ws/install/camera_info_publisher /usr/bin/cmake --build /home/puzzlebot/Desktop/PUXXY_NODE/TE3002B/differential_wheeled_robot_ws/build/differential_wheeled_robot -- -j4 -l4
[18.614s] DEBUG:colcon.colcon_core.event_handler.log_command:Invoking command in '/home/puzzlebot/Desktop/PUXXY_NODE/TE3002B/differential_wheeled_robot_ws/build/differential_wheeled_robot': CMAKE_PREFIX_PATH=/home/puzzlebot/Desktop/PUXXY_NODE/TE3002B/differential_wheeled_robot_ws/install/differential_wheeled_robot:/home/puzzlebot/ros2_ws/install/puzzlebot_ros:/opt/ros/humble:/home/puzzlebot/ros2_packages_ws/install/ros_deep_learning:/home/puzzlebot/ros2_packages_ws/install/micro_ros_setup:/home/puzzlebot/ros2_packages_ws/install/micro_ros_agent:/home/puzzlebot/ros2_packages_ws/install/micro_ros_msgs:/home/puzzlebot/ros2_packages_ws/install/camera_info_publisher /usr/bin/cmake --install /home/puzzlebot/Desktop/PUXXY_NODE/TE3002B/differential_wheeled_robot_ws/build/differential_wheeled_robot
[18.852s] Level 1:colcon.colcon_core.environment:create_environment_scripts_only(differential_wheeled_robot)
[18.854s] DEBUG:colcon.colcon_core.event_handler.log_command:Invoked command in '/home/puzzlebot/Desktop/PUXXY_NODE/TE3002B/differential_wheeled_robot_ws/build/differential_wheeled_robot' returned '0': CMAKE_PREFIX_PATH=/home/puzzlebot/Desktop/PUXXY_NODE/TE3002B/differential_wheeled_robot_ws/install/differential_wheeled_robot:/home/puzzlebot/ros2_ws/install/puzzlebot_ros:/opt/ros/humble:/home/puzzlebot/ros2_packages_ws/install/ros_deep_learning:/home/puzzlebot/ros2_packages_ws/install/micro_ros_setup:/home/puzzlebot/ros2_packages_ws/install/micro_ros_agent:/home/puzzlebot/ros2_packages_ws/install/micro_ros_msgs:/home/puzzlebot/ros2_packages_ws/install/camera_info_publisher /usr/bin/cmake --install /home/puzzlebot/Desktop/PUXXY_NODE/TE3002B/differential_wheeled_robot_ws/build/differential_wheeled_robot
[19.074s] Level 1:colcon.colcon_core.environment:checking '/home/puzzlebot/Desktop/PUXXY_NODE/TE3002B/differential_wheeled_robot_ws/install/differential_wheeled_robot' for CMake module files
[19.078s] Level 1:colcon.colcon_core.environment:checking '/home/puzzlebot/Desktop/PUXXY_NODE/TE3002B/differential_wheeled_robot_ws/install/differential_wheeled_robot' for CMake config files
[19.081s] Level 1:colcon.colcon_core.shell:create_environment_hook('differential_wheeled_robot', 'cmake_prefix_path')
[19.287s] INFO:colcon.colcon_core.shell:Creating environment hook '/home/puzzlebot/Desktop/PUXXY_NODE/TE3002B/differential_wheeled_robot_ws/install/differential_wheeled_robot/share/differential_wheeled_robot/hook/cmake_prefix_path.ps1'
[19.289s] INFO:colcon.colcon_core.shell:Creating environment descriptor '/home/puzzlebot/Desktop/PUXXY_NODE/TE3002B/differential_wheeled_robot_ws/install/differential_wheeled_robot/share/differential_wheeled_robot/hook/cmake_prefix_path.dsv'
[19.291s] INFO:colcon.colcon_core.shell:Creating environment hook '/home/puzzlebot/Desktop/PUXXY_NODE/TE3002B/differential_wheeled_robot_ws/install/differential_wheeled_robot/share/differential_wheeled_robot/hook/cmake_prefix_path.sh'
[19.295s] Level 1:colcon.colcon_core.environment:checking '/home/puzzlebot/Desktop/PUXXY_NODE/TE3002B/differential_wheeled_robot_ws/install/differential_wheeled_robot/lib'
[19.295s] Level 1:colcon.colcon_core.shell:create_environment_hook('differential_wheeled_robot', 'ld_library_path_lib')
[19.502s] INFO:colcon.colcon_core.shell:Creating environment hook '/home/puzzlebot/Desktop/PUXXY_NODE/TE3002B/differential_wheeled_robot_ws/install/differential_wheeled_robot/share/differential_wheeled_robot/hook/ld_library_path_lib.ps1'
[19.504s] INFO:colcon.colcon_core.shell:Creating environment descriptor '/home/puzzlebot/Desktop/PUXXY_NODE/TE3002B/differential_wheeled_robot_ws/install/differential_wheeled_robot/share/differential_wheeled_robot/hook/ld_library_path_lib.dsv'
[19.505s] INFO:colcon.colcon_core.shell:Creating environment hook '/home/puzzlebot/Desktop/PUXXY_NODE/TE3002B/differential_wheeled_robot_ws/install/differential_wheeled_robot/share/differential_wheeled_robot/hook/ld_library_path_lib.sh'
[19.506s] Level 1:colcon.colcon_core.environment:checking '/home/puzzlebot/Desktop/PUXXY_NODE/TE3002B/differential_wheeled_robot_ws/install/differential_wheeled_robot/bin'
[19.507s] Level 1:colcon.colcon_core.environment:checking '/home/puzzlebot/Desktop/PUXXY_NODE/TE3002B/differential_wheeled_robot_ws/install/differential_wheeled_robot/lib/pkgconfig/differential_wheeled_robot.pc'
[19.508s] Level 1:colcon.colcon_core.environment:checking '/home/puzzlebot/Desktop/PUXXY_NODE/TE3002B/differential_wheeled_robot_ws/install/differential_wheeled_robot/lib/python3.8/site-packages'
[19.508s] Level 1:colcon.colcon_core.shell:create_environment_hook('differential_wheeled_robot', 'pythonpath')
[19.713s] INFO:colcon.colcon_core.shell:Creating environment hook '/home/puzzlebot/Desktop/PUXXY_NODE/TE3002B/differential_wheeled_robot_ws/install/differential_wheeled_robot/share/differential_wheeled_robot/hook/pythonpath.ps1'
[19.715s] INFO:colcon.colcon_core.shell:Creating environment descriptor '/home/puzzlebot/Desktop/PUXXY_NODE/TE3002B/differential_wheeled_robot_ws/install/differential_wheeled_robot/share/differential_wheeled_robot/hook/pythonpath.dsv'
[19.716s] INFO:colcon.colcon_core.shell:Creating environment hook '/home/puzzlebot/Desktop/PUXXY_NODE/TE3002B/differential_wheeled_robot_ws/install/differential_wheeled_robot/share/differential_wheeled_robot/hook/pythonpath.sh'
[19.718s] Level 1:colcon.colcon_core.environment:checking '/home/puzzlebot/Desktop/PUXXY_NODE/TE3002B/differential_wheeled_robot_ws/install/differential_wheeled_robot/bin'
[19.928s] INFO:colcon.colcon_core.shell:Creating package script '/home/puzzlebot/Desktop/PUXXY_NODE/TE3002B/differential_wheeled_robot_ws/install/differential_wheeled_robot/share/differential_wheeled_robot/package.ps1'
[19.931s] INFO:colcon.colcon_core.shell:Creating package descriptor '/home/puzzlebot/Desktop/PUXXY_NODE/TE3002B/differential_wheeled_robot_ws/install/differential_wheeled_robot/share/differential_wheeled_robot/package.dsv'
[19.934s] INFO:colcon.colcon_core.shell:Creating package script '/home/puzzlebot/Desktop/PUXXY_NODE/TE3002B/differential_wheeled_robot_ws/install/differential_wheeled_robot/share/differential_wheeled_robot/package.sh'
[19.937s] INFO:colcon.colcon_core.shell:Creating package script '/home/puzzlebot/Desktop/PUXXY_NODE/TE3002B/differential_wheeled_robot_ws/install/differential_wheeled_robot/share/differential_wheeled_robot/package.bash'
[19.940s] INFO:colcon.colcon_core.shell:Creating package script '/home/puzzlebot/Desktop/PUXXY_NODE/TE3002B/differential_wheeled_robot_ws/install/differential_wheeled_robot/share/differential_wheeled_robot/package.zsh'
[19.942s] Level 1:colcon.colcon_core.environment:create_file_with_runtime_dependencies(/home/puzzlebot/Desktop/PUXXY_NODE/TE3002B/differential_wheeled_robot_ws/install/differential_wheeled_robot/share/colcon-core/packages/differential_wheeled_robot)
[20.347s] Level 1:colcon.colcon_core.environment:create_environment_scripts_only(differential_wheeled_robot)
[20.557s] Level 1:colcon.colcon_core.environment:checking '/home/puzzlebot/Desktop/PUXXY_NODE/TE3002B/differential_wheeled_robot_ws/install/differential_wheeled_robot' for CMake module files
[20.561s] Level 1:colcon.colcon_core.environment:checking '/home/puzzlebot/Desktop/PUXXY_NODE/TE3002B/differential_wheeled_robot_ws/install/differential_wheeled_robot' for CMake config files
[20.564s] Level 1:colcon.colcon_core.shell:create_environment_hook('differential_wheeled_robot', 'cmake_prefix_path')
[20.770s] INFO:colcon.colcon_core.shell:Creating environment hook '/home/puzzlebot/Desktop/PUXXY_NODE/TE3002B/differential_wheeled_robot_ws/install/differential_wheeled_robot/share/differential_wheeled_robot/hook/cmake_prefix_path.ps1'
[20.772s] INFO:colcon.colcon_core.shell:Creating environment descriptor '/home/puzzlebot/Desktop/PUXXY_NODE/TE3002B/differential_wheeled_robot_ws/install/differential_wheeled_robot/share/differential_wheeled_robot/hook/cmake_prefix_path.dsv'
[20.773s] INFO:colcon.colcon_core.shell:Creating environment hook '/home/puzzlebot/Desktop/PUXXY_NODE/TE3002B/differential_wheeled_robot_ws/install/differential_wheeled_robot/share/differential_wheeled_robot/hook/cmake_prefix_path.sh'
[20.775s] Level 1:colcon.colcon_core.environment:checking '/home/puzzlebot/Desktop/PUXXY_NODE/TE3002B/differential_wheeled_robot_ws/install/differential_wheeled_robot/lib'
[20.776s] Level 1:colcon.colcon_core.shell:create_environment_hook('differential_wheeled_robot', 'ld_library_path_lib')
[20.983s] INFO:colcon.colcon_core.shell:Creating environment hook '/home/puzzlebot/Desktop/PUXXY_NODE/TE3002B/differential_wheeled_robot_ws/install/differential_wheeled_robot/share/differential_wheeled_robot/hook/ld_library_path_lib.ps1'
[20.984s] INFO:colcon.colcon_core.shell:Creating environment descriptor '/home/puzzlebot/Desktop/PUXXY_NODE/TE3002B/differential_wheeled_robot_ws/install/differential_wheeled_robot/share/differential_wheeled_robot/hook/ld_library_path_lib.dsv'
[20.986s] INFO:colcon.colcon_core.shell:Creating environment hook '/home/puzzlebot/Desktop/PUXXY_NODE/TE3002B/differential_wheeled_robot_ws/install/differential_wheeled_robot/share/differential_wheeled_robot/hook/ld_library_path_lib.sh'
[20.987s] Level 1:colcon.colcon_core.environment:checking '/home/puzzlebot/Desktop/PUXXY_NODE/TE3002B/differential_wheeled_robot_ws/install/differential_wheeled_robot/bin'
[20.987s] Level 1:colcon.colcon_core.environment:checking '/home/puzzlebot/Desktop/PUXXY_NODE/TE3002B/differential_wheeled_robot_ws/install/differential_wheeled_robot/lib/pkgconfig/differential_wheeled_robot.pc'
[20.988s] Level 1:colcon.colcon_core.environment:checking '/home/puzzlebot/Desktop/PUXXY_NODE/TE3002B/differential_wheeled_robot_ws/install/differential_wheeled_robot/lib/python3.8/site-packages'
[20.989s] Level 1:colcon.colcon_core.shell:create_environment_hook('differential_wheeled_robot', 'pythonpath')
[21.195s] INFO:colcon.colcon_core.shell:Creating environment hook '/home/puzzlebot/Desktop/PUXXY_NODE/TE3002B/differential_wheeled_robot_ws/install/differential_wheeled_robot/share/differential_wheeled_robot/hook/pythonpath.ps1'
[21.196s] INFO:colcon.colcon_core.shell:Creating environment descriptor '/home/puzzlebot/Desktop/PUXXY_NODE/TE3002B/differential_wheeled_robot_ws/install/differential_wheeled_robot/share/differential_wheeled_robot/hook/pythonpath.dsv'
[21.198s] INFO:colcon.colcon_core.shell:Creating environment hook '/home/puzzlebot/Desktop/PUXXY_NODE/TE3002B/differential_wheeled_robot_ws/install/differential_wheeled_robot/share/differential_wheeled_robot/hook/pythonpath.sh'
[21.200s] Level 1:colcon.colcon_core.environment:checking '/home/puzzlebot/Desktop/PUXXY_NODE/TE3002B/differential_wheeled_robot_ws/install/differential_wheeled_robot/bin'
[21.409s] INFO:colcon.colcon_core.shell:Creating package script '/home/puzzlebot/Desktop/PUXXY_NODE/TE3002B/differential_wheeled_robot_ws/install/differential_wheeled_robot/share/differential_wheeled_robot/package.ps1'
[21.412s] INFO:colcon.colcon_core.shell:Creating package descriptor '/home/puzzlebot/Desktop/PUXXY_NODE/TE3002B/differential_wheeled_robot_ws/install/differential_wheeled_robot/share/differential_wheeled_robot/package.dsv'
[21.415s] INFO:colcon.colcon_core.shell:Creating package script '/home/puzzlebot/Desktop/PUXXY_NODE/TE3002B/differential_wheeled_robot_ws/install/differential_wheeled_robot/share/differential_wheeled_robot/package.sh'
[21.417s] INFO:colcon.colcon_core.shell:Creating package script '/home/puzzlebot/Desktop/PUXXY_NODE/TE3002B/differential_wheeled_robot_ws/install/differential_wheeled_robot/share/differential_wheeled_robot/package.bash'
[21.418s] INFO:colcon.colcon_core.shell:Creating package script '/home/puzzlebot/Desktop/PUXXY_NODE/TE3002B/differential_wheeled_robot_ws/install/differential_wheeled_robot/share/differential_wheeled_robot/package.zsh'
[21.420s] Level 1:colcon.colcon_core.environment:create_file_with_runtime_dependencies(/home/puzzlebot/Desktop/PUXXY_NODE/TE3002B/differential_wheeled_robot_ws/install/differential_wheeled_robot/share/colcon-core/packages/differential_wheeled_robot)
[21.421s] DEBUG:colcon.colcon_parallel_executor.executor.parallel:closing loop
[21.422s] DEBUG:colcon.colcon_parallel_executor.executor.parallel:loop closed
[21.423s] DEBUG:colcon.colcon_parallel_executor.executor.parallel:run_until_complete finished with '0'
[21.423s] DEBUG:colcon.colcon_core.event_reactor:joining thread
[21.645s] INFO:colcon.colcon_core.plugin_system:Skipping extension 'colcon_notification.desktop_notification.terminal_notifier': Not used on non-Darwin systems
[21.645s] INFO:colcon.colcon_core.plugin_system:Skipping extension 'colcon_notification.desktop_notification.win32': Not used on non-Windows systems
[21.646s] INFO:colcon.colcon_notification.desktop_notification:Sending desktop notification using 'notify2'
[21.689s] DEBUG:colcon.colcon_core.event_reactor:joined thread
[21.909s] INFO:colcon.colcon_core.shell:Creating prefix script '/home/puzzlebot/Desktop/PUXXY_NODE/TE3002B/differential_wheeled_robot_ws/install/local_setup.ps1'
[21.913s] INFO:colcon.colcon_core.shell:Creating prefix util module '/home/puzzlebot/Desktop/PUXXY_NODE/TE3002B/differential_wheeled_robot_ws/install/_local_setup_util_ps1.py'
[21.919s] INFO:colcon.colcon_core.shell:Creating prefix chain script '/home/puzzlebot/Desktop/PUXXY_NODE/TE3002B/differential_wheeled_robot_ws/install/setup.ps1'
[22.129s] INFO:colcon.colcon_core.shell:Creating prefix script '/home/puzzlebot/Desktop/PUXXY_NODE/TE3002B/differential_wheeled_robot_ws/install/local_setup.sh'
[22.131s] INFO:colcon.colcon_core.shell:Creating prefix util module '/home/puzzlebot/Desktop/PUXXY_NODE/TE3002B/differential_wheeled_robot_ws/install/_local_setup_util_sh.py'
[22.133s] INFO:colcon.colcon_core.shell:Creating prefix chain script '/home/puzzlebot/Desktop/PUXXY_NODE/TE3002B/differential_wheeled_robot_ws/install/setup.sh'
[22.339s] INFO:colcon.colcon_core.shell:Creating prefix script '/home/puzzlebot/Desktop/PUXXY_NODE/TE3002B/differential_wheeled_robot_ws/install/local_setup.bash'
[22.341s] INFO:colcon.colcon_core.shell:Creating prefix chain script '/home/puzzlebot/Desktop/PUXXY_NODE/TE3002B/differential_wheeled_robot_ws/install/setup.bash'
[22.551s] INFO:colcon.colcon_core.shell:Creating prefix script '/home/puzzlebot/Desktop/PUXXY_NODE/TE3002B/differential_wheeled_robot_ws/install/local_setup.zsh'
[22.553s] INFO:colcon.colcon_core.shell:Creating prefix chain script '/home/puzzlebot/Desktop/PUXXY_NODE/TE3002B/differential_wheeled_robot_ws/install/setup.zsh'
