[35m[1mScanning dependencies of target lane_processing[0m
[ 20%] [32mBuilding CXX object CMakeFiles/lane_processing.dir/src/lib/lane_funcs.cpp.o[0m
[01m[K/home/puzzlebot/Desktop/PUXXY_NODE/TE3002B/lane_processing_ws/src/lane_processing/src/lib/lane_funcs.cpp:[m[K In function ‘[01m[Kstd::vector<cv::Vec<int, 4> > group_similar_lines(std::vector<cv::Vec<int, 4> >&, int, double, int, bool)[m[K’:
[01m[K/home/puzzlebot/Desktop/PUXXY_NODE/TE3002B/lane_processing_ws/src/lane_processing/src/lib/lane_funcs.cpp:18:27:[m[K [01;35m[Kwarning: [m[Kcomparison of integer expressions of different signedness: ‘[01m[Kint[m[K’ and ‘[01m[Kstd::vector<cv::Vec<int, 4> >::size_type[m[K’ {aka ‘[01m[Klong unsigned int[m[K’} [[01;35m[K-Wsign-compare[m[K]
         for (int i = 0; [01;35m[Ki < lines.size()[m[K; ++i) {
                         [01;35m[K~~^~~~~~~~~~~~~~[m[K
[01m[K/home/puzzlebot/Desktop/PUXXY_NODE/TE3002B/lane_processing_ws/src/lane_processing/src/lib/lane_funcs.cpp:45:47:[m[K [01;31m[Kerror: [m[K‘[01m[Kaverage_lines[m[K’ was not declared in this scope
                     cv::Vec4i averaged_line = [01;31m[Kaverage_lines[m[K(current_group);
                                               [01;31m[K^~~~~~~~~~~~~[m[K
[01m[K/home/puzzlebot/Desktop/PUXXY_NODE/TE3002B/lane_processing_ws/src/lane_processing/src/lib/lane_funcs.cpp:45:47:[m[K [01;36m[Knote: [m[Ksuggested alternative: ‘[01m[Kaveraged_line[m[K’
                     cv::Vec4i averaged_line = [01;36m[Kaverage_lines[m[K(current_group);
                                               [01;36m[K^~~~~~~~~~~~~[m[K
                                               [32m[Kaveraged_line[m[K
[01m[K/home/puzzlebot/Desktop/PUXXY_NODE/TE3002B/lane_processing_ws/src/lane_processing/src/lib/lane_funcs.cpp:56:39:[m[K [01;31m[Kerror: [m[K‘[01m[Kaverage_lines[m[K’ was not declared in this scope
             cv::Vec4i averaged_line = [01;31m[Kaverage_lines[m[K(current_group);
                                       [01;31m[K^~~~~~~~~~~~~[m[K
[01m[K/home/puzzlebot/Desktop/PUXXY_NODE/TE3002B/lane_processing_ws/src/lane_processing/src/lib/lane_funcs.cpp:56:39:[m[K [01;36m[Knote: [m[Ksuggested alternative: ‘[01m[Kaveraged_line[m[K’
             cv::Vec4i averaged_line = [01;36m[Kaverage_lines[m[K(current_group);
                                       [01;36m[K^~~~~~~~~~~~~[m[K
                                       [32m[Kaveraged_line[m[K
[01m[K/home/puzzlebot/Desktop/PUXXY_NODE/TE3002B/lane_processing_ws/src/lane_processing/src/lib/lane_funcs.cpp:[m[K In function ‘[01m[Kcv::Vec4i average_lines(const std::vector<Line>&)[m[K’:
[01m[K/home/puzzlebot/Desktop/PUXXY_NODE/TE3002B/lane_processing_ws/src/lane_processing/src/lib/lane_funcs.cpp:68:23:[m[K [01;35m[Kwarning: [m[Kcomparison of integer expressions of different signedness: ‘[01m[Kint[m[K’ and ‘[01m[Kstd::vector<Line>::size_type[m[K’ {aka ‘[01m[Klong unsigned int[m[K’} [[01;35m[K-Wsign-compare[m[K]
     for (int i = 0; [01;35m[Ki < lines.size()[m[K; ++i) {
                     [01;35m[K~~^~~~~~~~~~~~~~[m[K
make[2]: *** [CMakeFiles/lane_processing.dir/build.make:102: CMakeFiles/lane_processing.dir/src/lib/lane_funcs.cpp.o] Error 1
make[1]: *** [CMakeFiles/Makefile2:78: CMakeFiles/lane_processing.dir/all] Error 2
make: *** [Makefile:141: all] Error 2
