[0.126s] Invoking command in '/home/puzzlebot/Documents/PUXXY_NODE/TE3002B/puzzle_ws/build/cv_bridge': CMAKE_PREFIX_PATH=/home/puzzlebot/Documents/PUXXY_NODE/TE3002B/puzzle_ws/install/vision_opencv:/home/puzzlebot/Documents/PUXXY_NODE/TE3002B/puzzle_ws/install/puzzle_pkg:/home/puzzlebot/Documents/PUXXY_NODE/TE3002B/puzzle_ws/install/image_geometry:/home/puzzlebot/Documents/PUXXY_NODE/TE3002B/puzzle_ws/install/cv_bridge:/home/puzzlebot/Documents/PUXXY_NODE/TE3002B/puzzle_ws/install/opencv_tests:/home/puzzlebot/ros2_ws/install/puzzlebot_ros:/opt/ros/humble:/home/puzzlebot/ros2_packages_ws/install/ros_deep_learning:/home/puzzlebot/ros2_packages_ws/install/micro_ros_setup:/home/puzzlebot/ros2_packages_ws/install/micro_ros_agent:/home/puzzlebot/ros2_packages_ws/install/micro_ros_msgs:/home/puzzlebot/ros2_packages_ws/install/camera_info_publisher /usr/bin/cmake --build /home/puzzlebot/Documents/PUXXY_NODE/TE3002B/puzzle_ws/build/cv_bridge -- -j4 -l4
[0.781s] [ 12%] Built target gtest_main
[0.803s] [ 12%] Built target ament_cmake_python_copy_cv_bridge
[0.819s] [ 25%] Built target gtest
[0.883s] [ 43%] Built target cv_bridge
[1.127s] [ 62%] Built target cv_bridge_boost
[1.222s] [100%] Built target cv_bridge-utest
[2.139s] running egg_info
[2.142s] writing cv_bridge.egg-info/PKG-INFO
[2.145s] writing dependency_links to cv_bridge.egg-info/dependency_links.txt
[2.146s] writing top-level names to cv_bridge.egg-info/top_level.txt
[2.340s] reading manifest file 'cv_bridge.egg-info/SOURCES.txt'
[2.343s] writing manifest file 'cv_bridge.egg-info/SOURCES.txt'
[2.471s] [100%] Built target ament_cmake_python_build_cv_bridge_egg
[2.513s] Invoked command in '/home/puzzlebot/Documents/PUXXY_NODE/TE3002B/puzzle_ws/build/cv_bridge' returned '0': CMAKE_PREFIX_PATH=/home/puzzlebot/Documents/PUXXY_NODE/TE3002B/puzzle_ws/install/vision_opencv:/home/puzzlebot/Documents/PUXXY_NODE/TE3002B/puzzle_ws/install/puzzle_pkg:/home/puzzlebot/Documents/PUXXY_NODE/TE3002B/puzzle_ws/install/image_geometry:/home/puzzlebot/Documents/PUXXY_NODE/TE3002B/puzzle_ws/install/cv_bridge:/home/puzzlebot/Documents/PUXXY_NODE/TE3002B/puzzle_ws/install/opencv_tests:/home/puzzlebot/ros2_ws/install/puzzlebot_ros:/opt/ros/humble:/home/puzzlebot/ros2_packages_ws/install/ros_deep_learning:/home/puzzlebot/ros2_packages_ws/install/micro_ros_setup:/home/puzzlebot/ros2_packages_ws/install/micro_ros_agent:/home/puzzlebot/ros2_packages_ws/install/micro_ros_msgs:/home/puzzlebot/ros2_packages_ws/install/camera_info_publisher /usr/bin/cmake --build /home/puzzlebot/Documents/PUXXY_NODE/TE3002B/puzzle_ws/build/cv_bridge -- -j4 -l4
[2.676s] Invoking command in '/home/puzzlebot/Documents/PUXXY_NODE/TE3002B/puzzle_ws/build/cv_bridge': CMAKE_PREFIX_PATH=/home/puzzlebot/Documents/PUXXY_NODE/TE3002B/puzzle_ws/install/vision_opencv:/home/puzzlebot/Documents/PUXXY_NODE/TE3002B/puzzle_ws/install/puzzle_pkg:/home/puzzlebot/Documents/PUXXY_NODE/TE3002B/puzzle_ws/install/image_geometry:/home/puzzlebot/Documents/PUXXY_NODE/TE3002B/puzzle_ws/install/cv_bridge:/home/puzzlebot/Documents/PUXXY_NODE/TE3002B/puzzle_ws/install/opencv_tests:/home/puzzlebot/ros2_ws/install/puzzlebot_ros:/opt/ros/humble:/home/puzzlebot/ros2_packages_ws/install/ros_deep_learning:/home/puzzlebot/ros2_packages_ws/install/micro_ros_setup:/home/puzzlebot/ros2_packages_ws/install/micro_ros_agent:/home/puzzlebot/ros2_packages_ws/install/micro_ros_msgs:/home/puzzlebot/ros2_packages_ws/install/camera_info_publisher /usr/bin/cmake --install /home/puzzlebot/Documents/PUXXY_NODE/TE3002B/puzzle_ws/build/cv_bridge
[2.720s] -- Install configuration: ""
[2.720s] -- Up-to-date: /home/puzzlebot/Documents/PUXXY_NODE/TE3002B/puzzle_ws/install/cv_bridge/share/cv_bridge/environment/pythonpath.sh
[2.722s] -- Up-to-date: /home/puzzlebot/Documents/PUXXY_NODE/TE3002B/puzzle_ws/install/cv_bridge/share/cv_bridge/environment/pythonpath.dsv
[2.722s] -- Up-to-date: /home/puzzlebot/Documents/PUXXY_NODE/TE3002B/puzzle_ws/install/cv_bridge/lib/python3.8/site-packages/cv_bridge-3.2.1-py3.8.egg-info
[2.731s] -- Installing: /home/puzzlebot/Documents/PUXXY_NODE/TE3002B/puzzle_ws/install/cv_bridge/lib/python3.8/site-packages/cv_bridge-3.2.1-py3.8.egg-info/top_level.txt
[2.731s] -- Installing: /home/puzzlebot/Documents/PUXXY_NODE/TE3002B/puzzle_ws/install/cv_bridge/lib/python3.8/site-packages/cv_bridge-3.2.1-py3.8.egg-info/PKG-INFO
[2.732s] -- Installing: /home/puzzlebot/Documents/PUXXY_NODE/TE3002B/puzzle_ws/install/cv_bridge/lib/python3.8/site-packages/cv_bridge-3.2.1-py3.8.egg-info/SOURCES.txt
[2.732s] -- Installing: /home/puzzlebot/Documents/PUXXY_NODE/TE3002B/puzzle_ws/install/cv_bridge/lib/python3.8/site-packages/cv_bridge-3.2.1-py3.8.egg-info/dependency_links.txt
[2.733s] -- Up-to-date: /home/puzzlebot/Documents/PUXXY_NODE/TE3002B/puzzle_ws/install/cv_bridge/lib/python3.8/site-packages/cv_bridge
[2.733s] -- Up-to-date: /home/puzzlebot/Documents/PUXXY_NODE/TE3002B/puzzle_ws/install/cv_bridge/lib/python3.8/site-packages/cv_bridge/__init__.py
[2.734s] -- Up-to-date: /home/puzzlebot/Documents/PUXXY_NODE/TE3002B/puzzle_ws/install/cv_bridge/lib/python3.8/site-packages/cv_bridge/core.py
[2.883s] Listing '/home/puzzlebot/Documents/PUXXY_NODE/TE3002B/puzzle_ws/install/cv_bridge/lib/python3.8/site-packages/cv_bridge'...
[2.883s] Listing '/home/puzzlebot/Documents/PUXXY_NODE/TE3002B/puzzle_ws/install/cv_bridge/lib/python3.8/site-packages/cv_bridge/boost'...
[2.909s] -- Up-to-date: /home/puzzlebot/Documents/PUXXY_NODE/TE3002B/puzzle_ws/install/cv_bridge/lib/libcv_bridge.so
[2.910s] -- Up-to-date: /home/puzzlebot/Documents/PUXXY_NODE/TE3002B/puzzle_ws/install/cv_bridge/include/cv_bridge/cv_bridge/cv_bridge_export.h
[2.914s] -- Up-to-date: /home/puzzlebot/Documents/PUXXY_NODE/TE3002B/puzzle_ws/install/cv_bridge/lib/python3.8/site-packages/cv_bridge/boost/cv_bridge_boost.so
[2.919s] -- Up-to-date: /home/puzzlebot/Documents/PUXXY_NODE/TE3002B/puzzle_ws/install/cv_bridge/include/cv_bridge
[2.920s] -- Up-to-date: /home/puzzlebot/Documents/PUXXY_NODE/TE3002B/puzzle_ws/install/cv_bridge/include/cv_bridge/cv_bridge
[2.921s] -- Up-to-date: /home/puzzlebot/Documents/PUXXY_NODE/TE3002B/puzzle_ws/install/cv_bridge/include/cv_bridge/cv_bridge/cv_bridge.h
[2.923s] -- Up-to-date: /home/puzzlebot/Documents/PUXXY_NODE/TE3002B/puzzle_ws/install/cv_bridge/include/cv_bridge/cv_bridge/rgb_colors.h
[2.924s] -- Up-to-date: /home/puzzlebot/Documents/PUXXY_NODE/TE3002B/puzzle_ws/install/cv_bridge/lib/libcv_bridge.so
[2.925s] -- Up-to-date: /home/puzzlebot/Documents/PUXXY_NODE/TE3002B/puzzle_ws/install/cv_bridge/share/ament_index/resource_index/package_run_dependencies/cv_bridge
[2.926s] -- Up-to-date: /home/puzzlebot/Documents/PUXXY_NODE/TE3002B/puzzle_ws/install/cv_bridge/share/ament_index/resource_index/parent_prefix_path/cv_bridge
[2.927s] -- Up-to-date: /home/puzzlebot/Documents/PUXXY_NODE/TE3002B/puzzle_ws/install/cv_bridge/share/cv_bridge/environment/ament_prefix_path.sh
[2.927s] -- Up-to-date: /home/puzzlebot/Documents/PUXXY_NODE/TE3002B/puzzle_ws/install/cv_bridge/share/cv_bridge/environment/ament_prefix_path.dsv
[2.928s] -- Up-to-date: /home/puzzlebot/Documents/PUXXY_NODE/TE3002B/puzzle_ws/install/cv_bridge/share/cv_bridge/environment/path.sh
[2.930s] -- Up-to-date: /home/puzzlebot/Documents/PUXXY_NODE/TE3002B/puzzle_ws/install/cv_bridge/share/cv_bridge/environment/path.dsv
[2.930s] -- Up-to-date: /home/puzzlebot/Documents/PUXXY_NODE/TE3002B/puzzle_ws/install/cv_bridge/share/cv_bridge/local_setup.bash
[2.931s] -- Up-to-date: /home/puzzlebot/Documents/PUXXY_NODE/TE3002B/puzzle_ws/install/cv_bridge/share/cv_bridge/local_setup.sh
[2.931s] -- Up-to-date: /home/puzzlebot/Documents/PUXXY_NODE/TE3002B/puzzle_ws/install/cv_bridge/share/cv_bridge/local_setup.zsh
[2.931s] -- Up-to-date: /home/puzzlebot/Documents/PUXXY_NODE/TE3002B/puzzle_ws/install/cv_bridge/share/cv_bridge/local_setup.dsv
[2.932s] -- Installing: /home/puzzlebot/Documents/PUXXY_NODE/TE3002B/puzzle_ws/install/cv_bridge/share/cv_bridge/package.dsv
[2.937s] -- Up-to-date: /home/puzzlebot/Documents/PUXXY_NODE/TE3002B/puzzle_ws/install/cv_bridge/share/ament_index/resource_index/packages/cv_bridge
[2.941s] -- Up-to-date: /home/puzzlebot/Documents/PUXXY_NODE/TE3002B/puzzle_ws/install/cv_bridge/share/cv_bridge/cmake/export_cv_bridgeExport.cmake
[2.942s] -- Up-to-date: /home/puzzlebot/Documents/PUXXY_NODE/TE3002B/puzzle_ws/install/cv_bridge/share/cv_bridge/cmake/export_cv_bridgeExport-noconfig.cmake
[2.942s] -- Up-to-date: /home/puzzlebot/Documents/PUXXY_NODE/TE3002B/puzzle_ws/install/cv_bridge/share/cv_bridge/cmake/cv_bridge-extras.cmake
[2.943s] -- Up-to-date: /home/puzzlebot/Documents/PUXXY_NODE/TE3002B/puzzle_ws/install/cv_bridge/share/cv_bridge/cmake/ament_cmake_export_dependencies-extras.cmake
[2.944s] -- Up-to-date: /home/puzzlebot/Documents/PUXXY_NODE/TE3002B/puzzle_ws/install/cv_bridge/share/cv_bridge/cmake/ament_cmake_export_targets-extras.cmake
[2.944s] -- Up-to-date: /home/puzzlebot/Documents/PUXXY_NODE/TE3002B/puzzle_ws/install/cv_bridge/share/cv_bridge/cmake/cv_bridgeConfig.cmake
[2.945s] -- Up-to-date: /home/puzzlebot/Documents/PUXXY_NODE/TE3002B/puzzle_ws/install/cv_bridge/share/cv_bridge/cmake/cv_bridgeConfig-version.cmake
[2.946s] -- Up-to-date: /home/puzzlebot/Documents/PUXXY_NODE/TE3002B/puzzle_ws/install/cv_bridge/share/cv_bridge/package.xml
[2.950s] Invoked command in '/home/puzzlebot/Documents/PUXXY_NODE/TE3002B/puzzle_ws/build/cv_bridge' returned '0': CMAKE_PREFIX_PATH=/home/puzzlebot/Documents/PUXXY_NODE/TE3002B/puzzle_ws/install/vision_opencv:/home/puzzlebot/Documents/PUXXY_NODE/TE3002B/puzzle_ws/install/puzzle_pkg:/home/puzzlebot/Documents/PUXXY_NODE/TE3002B/puzzle_ws/install/image_geometry:/home/puzzlebot/Documents/PUXXY_NODE/TE3002B/puzzle_ws/install/cv_bridge:/home/puzzlebot/Documents/PUXXY_NODE/TE3002B/puzzle_ws/install/opencv_tests:/home/puzzlebot/ros2_ws/install/puzzlebot_ros:/opt/ros/humble:/home/puzzlebot/ros2_packages_ws/install/ros_deep_learning:/home/puzzlebot/ros2_packages_ws/install/micro_ros_setup:/home/puzzlebot/ros2_packages_ws/install/micro_ros_agent:/home/puzzlebot/ros2_packages_ws/install/micro_ros_msgs:/home/puzzlebot/ros2_packages_ws/install/camera_info_publisher /usr/bin/cmake --install /home/puzzlebot/Documents/PUXXY_NODE/TE3002B/puzzle_ws/build/cv_bridge
