[1.355s] Invoking command in '/home/puzzlebot/Documents/PUXX_WS/TE3002B/puzzle_ws/build/puzzle_pkg': CMAKE_PREFIX_PATH=/home/puzzlebot/Documents/PUXX_WS/TE3002B/puzzle_ws/install/puzzle_pkg:/home/puzzlebot/ros2_ws/install/puzzlebot_ros:/opt/ros/humble:/home/puzzlebot/ros2_packages_ws/install/ros_deep_learning:/home/puzzlebot/ros2_packages_ws/install/micro_ros_setup:/home/puzzlebot/ros2_packages_ws/install/micro_ros_agent:/home/puzzlebot/ros2_packages_ws/install/micro_ros_msgs:/home/puzzlebot/ros2_packages_ws/install/camera_info_publisher /usr/bin/cmake --build /home/puzzlebot/Documents/PUXX_WS/TE3002B/puzzle_ws/build/puzzle_pkg -- -j4 -l4
[1.649s] [  6%] Built target puzzle_pkg__rosidl_generator_c
[1.664s] [  9%] Built target puzzle_pkg__cpp
[1.688s] [  9%] Built target ament_cmake_python_copy_puzzle_pkg
[1.718s] [35m[1mScanning dependencies of target cam_source[0m
[1.755s] [ 13%] Built target odometry
[1.797s] [ 20%] Built target puzzle_pkg__rosidl_typesupport_c
[1.842s] [ 25%] Built target signal_handle
[1.861s] [ 31%] Built target puzzle_pkg__rosidl_typesupport_cpp
[1.902s] [ 38%] Built target puzzle_pkg__rosidl_typesupport_introspection_cpp
[1.950s] [ 45%] Built target puzzle_pkg__rosidl_typesupport_fastrtps_cpp
[1.991s] [ 52%] Built target puzzle_pkg__rosidl_typesupport_introspection_c
[2.030s] [ 59%] Built target puzzle_pkg__rosidl_typesupport_fastrtps_c
[2.056s] [ 61%] [32mBuilding CXX object CMakeFiles/cam_source.dir/src/vision/cam_source.cpp.o[0m
[2.100s] [35m[1mScanning dependencies of target controller[0m
[2.184s] [ 72%] Built target lane_detection
[2.262s] [ 72%] Built target puzzle_pkg
[2.342s] [ 75%] [32mBuilding CXX object CMakeFiles/controller.dir/src/control/controller.cpp.o[0m
[2.371s] [ 77%] Built target puzzle_pkg__py
[2.487s] [ 81%] Built target puzzle_pkg__rosidl_generator_py
[2.601s] [ 86%] Built target puzzle_pkg__rosidl_typesupport_fastrtps_c__pyext
[2.719s] [ 90%] Built target puzzle_pkg__rosidl_typesupport_introspection_c__pyext
[2.837s] [ 95%] Built target puzzle_pkg__rosidl_typesupport_c__pyext
[3.306s] running egg_info
[3.310s] writing puzzle_pkg.egg-info/PKG-INFO
[3.310s] writing dependency_links to puzzle_pkg.egg-info/dependency_links.txt
[3.314s] writing top-level names to puzzle_pkg.egg-info/top_level.txt
[3.479s] reading manifest file 'puzzle_pkg.egg-info/SOURCES.txt'
[3.484s] writing manifest file 'puzzle_pkg.egg-info/SOURCES.txt'
[3.602s] [ 95%] Built target ament_cmake_python_build_puzzle_pkg_egg
[13.081s] [01m[K/home/puzzlebot/Documents/PUXX_WS/TE3002B/puzzle_ws/src/puzzle_pkg/src/control/controller.cpp:[m[K In constructor ‘[01m[KController::Controller()[m[K’:
[13.082s] [01m[K/home/puzzlebot/Documents/PUXX_WS/TE3002B/puzzle_ws/src/puzzle_pkg/src/control/controller.cpp:444:27:[m[K [01;35m[Kwarning: [m[K‘[01m[KController::odom_[m[K’ will be initialized after [[01;35m[K-Wreorder[m[K]
[13.083s]      std::array<double, 3> [01;35m[Kodom_[m[K;
[13.083s]                            [01;35m[K^~~~~[m[K
[13.084s] [01m[K/home/puzzlebot/Documents/PUXX_WS/TE3002B/puzzle_ws/src/puzzle_pkg/src/control/controller.cpp:443:32:[m[K [01;35m[Kwarning: [m[K  ‘[01m[Kpuzzle_pkg::msg::DiffError Controller::errors_[m[K’ [[01;35m[K-Wreorder[m[K]
[13.084s]      puzzle_pkg::msg::DiffError [01;35m[Kerrors_[m[K;
[13.085s]                                 [01;35m[K^~~~~~~[m[K
[13.085s] [01m[K/home/puzzlebot/Documents/PUXX_WS/TE3002B/puzzle_ws/src/puzzle_pkg/src/control/controller.cpp:64:5:[m[K [01;35m[Kwarning: [m[K  when initialized here [[01;35m[K-Wreorder[m[K]
[13.086s]      [01;35m[KController[m[K() :
[13.086s]      [01;35m[K^~~~~~~~~~[m[K
[13.086s] [01m[K/home/puzzlebot/Documents/PUXX_WS/TE3002B/puzzle_ws/src/puzzle_pkg/src/control/controller.cpp:469:17:[m[K [01;35m[Kwarning: [m[K‘[01m[KController::control_type_[m[K’ will be initialized after [[01;35m[K-Wreorder[m[K]
[13.087s]      ControlType [01;35m[Kcontrol_type_[m[K;
[13.087s]                  [01;35m[K^~~~~~~~~~~~~[m[K
[13.088s] [01m[K/home/puzzlebot/Documents/PUXX_WS/TE3002B/puzzle_ws/src/puzzle_pkg/src/control/controller.cpp:464:9:[m[K [01;35m[Kwarning: [m[K  ‘[01m[Kint Controller::counter_[m[K’ [[01;35m[K-Wreorder[m[K]
[13.089s]      int [01;35m[Kcounter_[m[K;
[13.089s]          [01;35m[K^~~~~~~~[m[K
[13.090s] [01m[K/home/puzzlebot/Documents/PUXX_WS/TE3002B/puzzle_ws/src/puzzle_pkg/src/control/controller.cpp:64:5:[m[K [01;35m[Kwarning: [m[K  when initialized here [[01;35m[K-Wreorder[m[K]
[13.090s]      [01;35m[KController[m[K() :
[13.090s]      [01;35m[K^~~~~~~~~~[m[K
[13.091s] [01m[K/home/puzzlebot/Documents/PUXX_WS/TE3002B/puzzle_ws/src/puzzle_pkg/src/control/controller.cpp:83:49:[m[K [01;35m[Kwarning: [m[Klist-initializer for non-class type must not be parenthesized
[13.091s]          vel_message_(geometry_msgs::msg::Twist()[01;35m[K)[m[K
[13.092s]                                                  [01;35m[K^[m[K
[32.258s] [ 97%] [32m[1mLinking CXX executable cam_source[0m
[36.144s] [ 97%] Built target cam_source
[57.466s] [100%] [32m[1mLinking CXX executable controller[0m
[60.103s] [100%] Built target controller
[60.196s] Invoked command in '/home/puzzlebot/Documents/PUXX_WS/TE3002B/puzzle_ws/build/puzzle_pkg' returned '0': CMAKE_PREFIX_PATH=/home/puzzlebot/Documents/PUXX_WS/TE3002B/puzzle_ws/install/puzzle_pkg:/home/puzzlebot/ros2_ws/install/puzzlebot_ros:/opt/ros/humble:/home/puzzlebot/ros2_packages_ws/install/ros_deep_learning:/home/puzzlebot/ros2_packages_ws/install/micro_ros_setup:/home/puzzlebot/ros2_packages_ws/install/micro_ros_agent:/home/puzzlebot/ros2_packages_ws/install/micro_ros_msgs:/home/puzzlebot/ros2_packages_ws/install/camera_info_publisher /usr/bin/cmake --build /home/puzzlebot/Documents/PUXX_WS/TE3002B/puzzle_ws/build/puzzle_pkg -- -j4 -l4
[60.486s] Invoking command in '/home/puzzlebot/Documents/PUXX_WS/TE3002B/puzzle_ws/build/puzzle_pkg': CMAKE_PREFIX_PATH=/home/puzzlebot/Documents/PUXX_WS/TE3002B/puzzle_ws/install/puzzle_pkg:/home/puzzlebot/ros2_ws/install/puzzlebot_ros:/opt/ros/humble:/home/puzzlebot/ros2_packages_ws/install/ros_deep_learning:/home/puzzlebot/ros2_packages_ws/install/micro_ros_setup:/home/puzzlebot/ros2_packages_ws/install/micro_ros_agent:/home/puzzlebot/ros2_packages_ws/install/micro_ros_msgs:/home/puzzlebot/ros2_packages_ws/install/camera_info_publisher /usr/bin/cmake --install /home/puzzlebot/Documents/PUXX_WS/TE3002B/puzzle_ws/build/puzzle_pkg
[60.519s] -- Install configuration: ""
[60.524s] -- Up-to-date: /home/puzzlebot/Documents/PUXX_WS/TE3002B/puzzle_ws/install/puzzle_pkg/share/ament_index/resource_index/rosidl_interfaces/puzzle_pkg
[60.525s] -- Up-to-date: /home/puzzlebot/Documents/PUXX_WS/TE3002B/puzzle_ws/install/puzzle_pkg/include/puzzle_pkg/puzzle_pkg
[60.527s] -- Up-to-date: /home/puzzlebot/Documents/PUXX_WS/TE3002B/puzzle_ws/install/puzzle_pkg/include/puzzle_pkg/puzzle_pkg/msg
[60.537s] -- Up-to-date: /home/puzzlebot/Documents/PUXX_WS/TE3002B/puzzle_ws/install/puzzle_pkg/include/puzzle_pkg/puzzle_pkg/msg/rosidl_generator_c__visibility_control.h
[60.537s] -- Up-to-date: /home/puzzlebot/Documents/PUXX_WS/TE3002B/puzzle_ws/install/puzzle_pkg/include/puzzle_pkg/puzzle_pkg/msg/detail
[60.537s] -- Up-to-date: /home/puzzlebot/Documents/PUXX_WS/TE3002B/puzzle_ws/install/puzzle_pkg/include/puzzle_pkg/puzzle_pkg/msg/detail/diff_error__functions.c
[60.538s] -- Up-to-date: /home/puzzlebot/Documents/PUXX_WS/TE3002B/puzzle_ws/install/puzzle_pkg/include/puzzle_pkg/puzzle_pkg/msg/detail/diff_error__type_support.h
[60.538s] -- Up-to-date: /home/puzzlebot/Documents/PUXX_WS/TE3002B/puzzle_ws/install/puzzle_pkg/include/puzzle_pkg/puzzle_pkg/msg/detail/diff_error__struct.h
[60.542s] -- Up-to-date: /home/puzzlebot/Documents/PUXX_WS/TE3002B/puzzle_ws/install/puzzle_pkg/include/puzzle_pkg/puzzle_pkg/msg/detail/diff_error__functions.h
[60.543s] -- Up-to-date: /home/puzzlebot/Documents/PUXX_WS/TE3002B/puzzle_ws/install/puzzle_pkg/include/puzzle_pkg/puzzle_pkg/msg/diff_error.h
[60.545s] -- Up-to-date: /home/puzzlebot/Documents/PUXX_WS/TE3002B/puzzle_ws/install/puzzle_pkg/share/puzzle_pkg/environment/library_path.sh
[60.547s] -- Up-to-date: /home/puzzlebot/Documents/PUXX_WS/TE3002B/puzzle_ws/install/puzzle_pkg/share/puzzle_pkg/environment/library_path.dsv
[60.554s] -- Up-to-date: /home/puzzlebot/Documents/PUXX_WS/TE3002B/puzzle_ws/install/puzzle_pkg/lib/libpuzzle_pkg__rosidl_generator_c.so
[60.555s] -- Up-to-date: /home/puzzlebot/Documents/PUXX_WS/TE3002B/puzzle_ws/install/puzzle_pkg/include/puzzle_pkg/puzzle_pkg
[60.556s] -- Up-to-date: /home/puzzlebot/Documents/PUXX_WS/TE3002B/puzzle_ws/install/puzzle_pkg/include/puzzle_pkg/puzzle_pkg/msg
[60.556s] -- Up-to-date: /home/puzzlebot/Documents/PUXX_WS/TE3002B/puzzle_ws/install/puzzle_pkg/include/puzzle_pkg/puzzle_pkg/msg/rosidl_typesupport_fastrtps_c__visibility_control.h
[60.557s] -- Up-to-date: /home/puzzlebot/Documents/PUXX_WS/TE3002B/puzzle_ws/install/puzzle_pkg/include/puzzle_pkg/puzzle_pkg/msg/detail
[60.558s] -- Up-to-date: /home/puzzlebot/Documents/PUXX_WS/TE3002B/puzzle_ws/install/puzzle_pkg/include/puzzle_pkg/puzzle_pkg/msg/detail/diff_error__rosidl_typesupport_fastrtps_c.h
[60.560s] -- Up-to-date: /home/puzzlebot/Documents/PUXX_WS/TE3002B/puzzle_ws/install/puzzle_pkg/lib/libpuzzle_pkg__rosidl_typesupport_fastrtps_c.so
[60.561s] -- Up-to-date: /home/puzzlebot/Documents/PUXX_WS/TE3002B/puzzle_ws/install/puzzle_pkg/include/puzzle_pkg/puzzle_pkg
[60.562s] -- Up-to-date: /home/puzzlebot/Documents/PUXX_WS/TE3002B/puzzle_ws/install/puzzle_pkg/include/puzzle_pkg/puzzle_pkg/msg
[60.563s] -- Up-to-date: /home/puzzlebot/Documents/PUXX_WS/TE3002B/puzzle_ws/install/puzzle_pkg/include/puzzle_pkg/puzzle_pkg/msg/diff_error.hpp
[60.563s] -- Up-to-date: /home/puzzlebot/Documents/PUXX_WS/TE3002B/puzzle_ws/install/puzzle_pkg/include/puzzle_pkg/puzzle_pkg/msg/detail
[60.566s] -- Up-to-date: /home/puzzlebot/Documents/PUXX_WS/TE3002B/puzzle_ws/install/puzzle_pkg/include/puzzle_pkg/puzzle_pkg/msg/detail/diff_error__traits.hpp
[60.567s] -- Up-to-date: /home/puzzlebot/Documents/PUXX_WS/TE3002B/puzzle_ws/install/puzzle_pkg/include/puzzle_pkg/puzzle_pkg/msg/detail/diff_error__struct.hpp
[60.567s] -- Up-to-date: /home/puzzlebot/Documents/PUXX_WS/TE3002B/puzzle_ws/install/puzzle_pkg/include/puzzle_pkg/puzzle_pkg/msg/detail/diff_error__builder.hpp
[60.567s] -- Up-to-date: /home/puzzlebot/Documents/PUXX_WS/TE3002B/puzzle_ws/install/puzzle_pkg/include/puzzle_pkg/puzzle_pkg
[60.569s] -- Up-to-date: /home/puzzlebot/Documents/PUXX_WS/TE3002B/puzzle_ws/install/puzzle_pkg/include/puzzle_pkg/puzzle_pkg/msg
[60.572s] -- Up-to-date: /home/puzzlebot/Documents/PUXX_WS/TE3002B/puzzle_ws/install/puzzle_pkg/include/puzzle_pkg/puzzle_pkg/msg/rosidl_typesupport_fastrtps_cpp__visibility_control.h
[60.573s] -- Up-to-date: /home/puzzlebot/Documents/PUXX_WS/TE3002B/puzzle_ws/install/puzzle_pkg/include/puzzle_pkg/puzzle_pkg/msg/detail
[60.574s] -- Up-to-date: /home/puzzlebot/Documents/PUXX_WS/TE3002B/puzzle_ws/install/puzzle_pkg/include/puzzle_pkg/puzzle_pkg/msg/detail/dds_fastrtps
[60.574s] -- Up-to-date: /home/puzzlebot/Documents/PUXX_WS/TE3002B/puzzle_ws/install/puzzle_pkg/include/puzzle_pkg/puzzle_pkg/msg/detail/diff_error__rosidl_typesupport_fastrtps_cpp.hpp
[60.577s] -- Up-to-date: /home/puzzlebot/Documents/PUXX_WS/TE3002B/puzzle_ws/install/puzzle_pkg/lib/libpuzzle_pkg__rosidl_typesupport_fastrtps_cpp.so
[60.579s] -- Up-to-date: /home/puzzlebot/Documents/PUXX_WS/TE3002B/puzzle_ws/install/puzzle_pkg/include/puzzle_pkg/puzzle_pkg
[60.580s] -- Up-to-date: /home/puzzlebot/Documents/PUXX_WS/TE3002B/puzzle_ws/install/puzzle_pkg/include/puzzle_pkg/puzzle_pkg/msg
[60.584s] -- Up-to-date: /home/puzzlebot/Documents/PUXX_WS/TE3002B/puzzle_ws/install/puzzle_pkg/include/puzzle_pkg/puzzle_pkg/msg/rosidl_typesupport_introspection_c__visibility_control.h
[60.585s] -- Up-to-date: /home/puzzlebot/Documents/PUXX_WS/TE3002B/puzzle_ws/install/puzzle_pkg/include/puzzle_pkg/puzzle_pkg/msg/detail
[60.587s] -- Up-to-date: /home/puzzlebot/Documents/PUXX_WS/TE3002B/puzzle_ws/install/puzzle_pkg/include/puzzle_pkg/puzzle_pkg/msg/detail/diff_error__rosidl_typesupport_introspection_c.h
[60.587s] -- Up-to-date: /home/puzzlebot/Documents/PUXX_WS/TE3002B/puzzle_ws/install/puzzle_pkg/include/puzzle_pkg/puzzle_pkg/msg/detail/diff_error__type_support.c
[60.588s] -- Up-to-date: /home/puzzlebot/Documents/PUXX_WS/TE3002B/puzzle_ws/install/puzzle_pkg/lib/libpuzzle_pkg__rosidl_typesupport_introspection_c.so
[60.589s] -- Up-to-date: /home/puzzlebot/Documents/PUXX_WS/TE3002B/puzzle_ws/install/puzzle_pkg/lib/libpuzzle_pkg__rosidl_typesupport_c.so
[60.589s] -- Up-to-date: /home/puzzlebot/Documents/PUXX_WS/TE3002B/puzzle_ws/install/puzzle_pkg/include/puzzle_pkg/puzzle_pkg
[60.590s] -- Up-to-date: /home/puzzlebot/Documents/PUXX_WS/TE3002B/puzzle_ws/install/puzzle_pkg/include/puzzle_pkg/puzzle_pkg/msg
[60.590s] -- Up-to-date: /home/puzzlebot/Documents/PUXX_WS/TE3002B/puzzle_ws/install/puzzle_pkg/include/puzzle_pkg/puzzle_pkg/msg/detail
[60.591s] -- Up-to-date: /home/puzzlebot/Documents/PUXX_WS/TE3002B/puzzle_ws/install/puzzle_pkg/include/puzzle_pkg/puzzle_pkg/msg/detail/diff_error__type_support.cpp
[60.591s] -- Up-to-date: /home/puzzlebot/Documents/PUXX_WS/TE3002B/puzzle_ws/install/puzzle_pkg/include/puzzle_pkg/puzzle_pkg/msg/detail/diff_error__rosidl_typesupport_introspection_cpp.hpp
[60.592s] -- Up-to-date: /home/puzzlebot/Documents/PUXX_WS/TE3002B/puzzle_ws/install/puzzle_pkg/lib/libpuzzle_pkg__rosidl_typesupport_introspection_cpp.so
[60.592s] -- Up-to-date: /home/puzzlebot/Documents/PUXX_WS/TE3002B/puzzle_ws/install/puzzle_pkg/lib/libpuzzle_pkg__rosidl_typesupport_cpp.so
[60.594s] -- Up-to-date: /home/puzzlebot/Documents/PUXX_WS/TE3002B/puzzle_ws/install/puzzle_pkg/share/puzzle_pkg/environment/pythonpath.sh
[60.594s] -- Up-to-date: /home/puzzlebot/Documents/PUXX_WS/TE3002B/puzzle_ws/install/puzzle_pkg/share/puzzle_pkg/environment/pythonpath.dsv
[60.595s] -- Up-to-date: /home/puzzlebot/Documents/PUXX_WS/TE3002B/puzzle_ws/install/puzzle_pkg/lib/python3.8/site-packages/puzzle_pkg-0.0.0-py3.8.egg-info
[60.596s] -- Installing: /home/puzzlebot/Documents/PUXX_WS/TE3002B/puzzle_ws/install/puzzle_pkg/lib/python3.8/site-packages/puzzle_pkg-0.0.0-py3.8.egg-info/top_level.txt
[60.597s] -- Installing: /home/puzzlebot/Documents/PUXX_WS/TE3002B/puzzle_ws/install/puzzle_pkg/lib/python3.8/site-packages/puzzle_pkg-0.0.0-py3.8.egg-info/PKG-INFO
[60.598s] -- Installing: /home/puzzlebot/Documents/PUXX_WS/TE3002B/puzzle_ws/install/puzzle_pkg/lib/python3.8/site-packages/puzzle_pkg-0.0.0-py3.8.egg-info/SOURCES.txt
[60.599s] -- Installing: /home/puzzlebot/Documents/PUXX_WS/TE3002B/puzzle_ws/install/puzzle_pkg/lib/python3.8/site-packages/puzzle_pkg-0.0.0-py3.8.egg-info/dependency_links.txt
[60.601s] -- Up-to-date: /home/puzzlebot/Documents/PUXX_WS/TE3002B/puzzle_ws/install/puzzle_pkg/lib/python3.8/site-packages/puzzle_pkg
[60.602s] -- Up-to-date: /home/puzzlebot/Documents/PUXX_WS/TE3002B/puzzle_ws/install/puzzle_pkg/lib/python3.8/site-packages/puzzle_pkg/puzzle_pkg_s__rosidl_typesupport_c.cpython-38-aarch64-linux-gnu.so
[60.602s] -- Up-to-date: /home/puzzlebot/Documents/PUXX_WS/TE3002B/puzzle_ws/install/puzzle_pkg/lib/python3.8/site-packages/puzzle_pkg/__init__.py
[60.604s] -- Up-to-date: /home/puzzlebot/Documents/PUXX_WS/TE3002B/puzzle_ws/install/puzzle_pkg/lib/python3.8/site-packages/puzzle_pkg/_puzzle_pkg_s.ep.rosidl_typesupport_fastrtps_c.c
[60.604s] -- Up-to-date: /home/puzzlebot/Documents/PUXX_WS/TE3002B/puzzle_ws/install/puzzle_pkg/lib/python3.8/site-packages/puzzle_pkg/msg
[60.605s] -- Up-to-date: /home/puzzlebot/Documents/PUXX_WS/TE3002B/puzzle_ws/install/puzzle_pkg/lib/python3.8/site-packages/puzzle_pkg/msg/__init__.py
[60.605s] -- Up-to-date: /home/puzzlebot/Documents/PUXX_WS/TE3002B/puzzle_ws/install/puzzle_pkg/lib/python3.8/site-packages/puzzle_pkg/msg/_diff_error_s.c
[60.605s] -- Up-to-date: /home/puzzlebot/Documents/PUXX_WS/TE3002B/puzzle_ws/install/puzzle_pkg/lib/python3.8/site-packages/puzzle_pkg/msg/_diff_error.py
[60.606s] -- Up-to-date: /home/puzzlebot/Documents/PUXX_WS/TE3002B/puzzle_ws/install/puzzle_pkg/lib/python3.8/site-packages/puzzle_pkg/_puzzle_pkg_s.ep.rosidl_typesupport_c.c
[60.606s] -- Up-to-date: /home/puzzlebot/Documents/PUXX_WS/TE3002B/puzzle_ws/install/puzzle_pkg/lib/python3.8/site-packages/puzzle_pkg/puzzle_pkg_s__rosidl_typesupport_introspection_c.cpython-38-aarch64-linux-gnu.so
[60.607s] -- Up-to-date: /home/puzzlebot/Documents/PUXX_WS/TE3002B/puzzle_ws/install/puzzle_pkg/lib/python3.8/site-packages/puzzle_pkg/puzzle_pkg_s__rosidl_typesupport_fastrtps_c.cpython-38-aarch64-linux-gnu.so
[60.607s] -- Up-to-date: /home/puzzlebot/Documents/PUXX_WS/TE3002B/puzzle_ws/install/puzzle_pkg/lib/python3.8/site-packages/puzzle_pkg/_puzzle_pkg_s.ep.rosidl_typesupport_introspection_c.c
[60.607s] -- Up-to-date: /home/puzzlebot/Documents/PUXX_WS/TE3002B/puzzle_ws/install/puzzle_pkg/lib/python3.8/site-packages/puzzle_pkg/libpuzzle_pkg__rosidl_generator_py.so
[61.433s] Listing '/home/puzzlebot/Documents/PUXX_WS/TE3002B/puzzle_ws/install/puzzle_pkg/lib/python3.8/site-packages/puzzle_pkg'...
[61.434s] Listing '/home/puzzlebot/Documents/PUXX_WS/TE3002B/puzzle_ws/install/puzzle_pkg/lib/python3.8/site-packages/puzzle_pkg/msg'...
[61.459s] -- Up-to-date: /home/puzzlebot/Documents/PUXX_WS/TE3002B/puzzle_ws/install/puzzle_pkg/lib/python3.8/site-packages/puzzle_pkg/puzzle_pkg_s__rosidl_typesupport_fastrtps_c.cpython-38-aarch64-linux-gnu.so
[61.467s] -- Up-to-date: /home/puzzlebot/Documents/PUXX_WS/TE3002B/puzzle_ws/install/puzzle_pkg/lib/python3.8/site-packages/puzzle_pkg/puzzle_pkg_s__rosidl_typesupport_introspection_c.cpython-38-aarch64-linux-gnu.so
[61.467s] -- Up-to-date: /home/puzzlebot/Documents/PUXX_WS/TE3002B/puzzle_ws/install/puzzle_pkg/lib/python3.8/site-packages/puzzle_pkg/puzzle_pkg_s__rosidl_typesupport_c.cpython-38-aarch64-linux-gnu.so
[61.469s] -- Up-to-date: /home/puzzlebot/Documents/PUXX_WS/TE3002B/puzzle_ws/install/puzzle_pkg/lib/libpuzzle_pkg__rosidl_generator_py.so
[61.472s] -- Up-to-date: /home/puzzlebot/Documents/PUXX_WS/TE3002B/puzzle_ws/install/puzzle_pkg/share/puzzle_pkg/msg/DiffError.idl
[61.473s] -- Up-to-date: /home/puzzlebot/Documents/PUXX_WS/TE3002B/puzzle_ws/install/puzzle_pkg/share/puzzle_pkg/msg/DiffError.msg
[61.476s] -- Installing: /home/puzzlebot/Documents/PUXX_WS/TE3002B/puzzle_ws/install/puzzle_pkg/lib/puzzle_pkg/controller
[61.507s] -- Set runtime path of "/home/puzzlebot/Documents/PUXX_WS/TE3002B/puzzle_ws/install/puzzle_pkg/lib/puzzle_pkg/controller" to ""
[61.511s] -- Up-to-date: /home/puzzlebot/Documents/PUXX_WS/TE3002B/puzzle_ws/install/puzzle_pkg/lib/puzzle_pkg/odometry
[61.514s] -- Up-to-date: /home/puzzlebot/Documents/PUXX_WS/TE3002B/puzzle_ws/install/puzzle_pkg/lib/puzzle_pkg/lane_detection
[61.518s] -- Installing: /home/puzzlebot/Documents/PUXX_WS/TE3002B/puzzle_ws/install/puzzle_pkg/lib/puzzle_pkg/cam_source
[61.526s] -- Set runtime path of "/home/puzzlebot/Documents/PUXX_WS/TE3002B/puzzle_ws/install/puzzle_pkg/lib/puzzle_pkg/cam_source" to ""
[61.529s] -- Up-to-date: /home/puzzlebot/Documents/PUXX_WS/TE3002B/puzzle_ws/install/puzzle_pkg/lib/puzzle_pkg/signal_handle
[61.530s] -- Up-to-date: /home/puzzlebot/Documents/PUXX_WS/TE3002B/puzzle_ws/install/puzzle_pkg/share/puzzle_pkg//launch
[61.531s] -- Up-to-date: /home/puzzlebot/Documents/PUXX_WS/TE3002B/puzzle_ws/install/puzzle_pkg/share/puzzle_pkg//launch/__pycache__
[61.532s] -- Up-to-date: /home/puzzlebot/Documents/PUXX_WS/TE3002B/puzzle_ws/install/puzzle_pkg/share/puzzle_pkg//launch/__pycache__/launch.cpython-310.pyc
[61.532s] -- Installing: /home/puzzlebot/Documents/PUXX_WS/TE3002B/puzzle_ws/install/puzzle_pkg/share/puzzle_pkg//launch/__pycache__/launch.cpython-38.pyc
[61.533s] -- Up-to-date: /home/puzzlebot/Documents/PUXX_WS/TE3002B/puzzle_ws/install/puzzle_pkg/share/puzzle_pkg//launch/launch.py
[61.534s] -- Up-to-date: /home/puzzlebot/Documents/PUXX_WS/TE3002B/puzzle_ws/install/puzzle_pkg/share/puzzle_pkg//config
[61.534s] -- Up-to-date: /home/puzzlebot/Documents/PUXX_WS/TE3002B/puzzle_ws/install/puzzle_pkg/share/puzzle_pkg//config/odometry_params.yaml
[61.535s] -- Up-to-date: /home/puzzlebot/Documents/PUXX_WS/TE3002B/puzzle_ws/install/puzzle_pkg/share/puzzle_pkg//config/controller_params.yaml
[61.535s] -- Up-to-date: /home/puzzlebot/Documents/PUXX_WS/TE3002B/puzzle_ws/install/puzzle_pkg/share/ament_index/resource_index/package_run_dependencies/puzzle_pkg
[61.536s] -- Up-to-date: /home/puzzlebot/Documents/PUXX_WS/TE3002B/puzzle_ws/install/puzzle_pkg/share/ament_index/resource_index/parent_prefix_path/puzzle_pkg
[61.542s] -- Up-to-date: /home/puzzlebot/Documents/PUXX_WS/TE3002B/puzzle_ws/install/puzzle_pkg/share/puzzle_pkg/environment/ament_prefix_path.sh
[61.543s] -- Up-to-date: /home/puzzlebot/Documents/PUXX_WS/TE3002B/puzzle_ws/install/puzzle_pkg/share/puzzle_pkg/environment/ament_prefix_path.dsv
[61.544s] -- Up-to-date: /home/puzzlebot/Documents/PUXX_WS/TE3002B/puzzle_ws/install/puzzle_pkg/share/puzzle_pkg/environment/path.sh
[61.544s] -- Up-to-date: /home/puzzlebot/Documents/PUXX_WS/TE3002B/puzzle_ws/install/puzzle_pkg/share/puzzle_pkg/environment/path.dsv
[61.545s] -- Up-to-date: /home/puzzlebot/Documents/PUXX_WS/TE3002B/puzzle_ws/install/puzzle_pkg/share/puzzle_pkg/local_setup.bash
[61.545s] -- Up-to-date: /home/puzzlebot/Documents/PUXX_WS/TE3002B/puzzle_ws/install/puzzle_pkg/share/puzzle_pkg/local_setup.sh
[61.546s] -- Up-to-date: /home/puzzlebot/Documents/PUXX_WS/TE3002B/puzzle_ws/install/puzzle_pkg/share/puzzle_pkg/local_setup.zsh
[61.546s] -- Up-to-date: /home/puzzlebot/Documents/PUXX_WS/TE3002B/puzzle_ws/install/puzzle_pkg/share/puzzle_pkg/local_setup.dsv
[61.547s] -- Installing: /home/puzzlebot/Documents/PUXX_WS/TE3002B/puzzle_ws/install/puzzle_pkg/share/puzzle_pkg/package.dsv
[61.547s] -- Up-to-date: /home/puzzlebot/Documents/PUXX_WS/TE3002B/puzzle_ws/install/puzzle_pkg/share/ament_index/resource_index/packages/puzzle_pkg
[61.549s] -- Up-to-date: /home/puzzlebot/Documents/PUXX_WS/TE3002B/puzzle_ws/install/puzzle_pkg/share/puzzle_pkg/cmake/export_puzzle_pkg__rosidl_generator_cExport.cmake
[61.550s] -- Up-to-date: /home/puzzlebot/Documents/PUXX_WS/TE3002B/puzzle_ws/install/puzzle_pkg/share/puzzle_pkg/cmake/export_puzzle_pkg__rosidl_generator_cExport-noconfig.cmake
[61.552s] -- Up-to-date: /home/puzzlebot/Documents/PUXX_WS/TE3002B/puzzle_ws/install/puzzle_pkg/share/puzzle_pkg/cmake/export_puzzle_pkg__rosidl_typesupport_fastrtps_cExport.cmake
[61.552s] -- Up-to-date: /home/puzzlebot/Documents/PUXX_WS/TE3002B/puzzle_ws/install/puzzle_pkg/share/puzzle_pkg/cmake/export_puzzle_pkg__rosidl_typesupport_fastrtps_cExport-noconfig.cmake
[61.553s] -- Up-to-date: /home/puzzlebot/Documents/PUXX_WS/TE3002B/puzzle_ws/install/puzzle_pkg/share/puzzle_pkg/cmake/export_puzzle_pkg__rosidl_generator_cppExport.cmake
[61.555s] -- Up-to-date: /home/puzzlebot/Documents/PUXX_WS/TE3002B/puzzle_ws/install/puzzle_pkg/share/puzzle_pkg/cmake/export_puzzle_pkg__rosidl_typesupport_fastrtps_cppExport.cmake
[61.555s] -- Up-to-date: /home/puzzlebot/Documents/PUXX_WS/TE3002B/puzzle_ws/install/puzzle_pkg/share/puzzle_pkg/cmake/export_puzzle_pkg__rosidl_typesupport_fastrtps_cppExport-noconfig.cmake
[61.557s] -- Up-to-date: /home/puzzlebot/Documents/PUXX_WS/TE3002B/puzzle_ws/install/puzzle_pkg/share/puzzle_pkg/cmake/puzzle_pkg__rosidl_typesupport_introspection_cExport.cmake
[61.558s] -- Up-to-date: /home/puzzlebot/Documents/PUXX_WS/TE3002B/puzzle_ws/install/puzzle_pkg/share/puzzle_pkg/cmake/puzzle_pkg__rosidl_typesupport_introspection_cExport-noconfig.cmake
[61.559s] -- Up-to-date: /home/puzzlebot/Documents/PUXX_WS/TE3002B/puzzle_ws/install/puzzle_pkg/share/puzzle_pkg/cmake/puzzle_pkg__rosidl_typesupport_cExport.cmake
[61.560s] -- Up-to-date: /home/puzzlebot/Documents/PUXX_WS/TE3002B/puzzle_ws/install/puzzle_pkg/share/puzzle_pkg/cmake/puzzle_pkg__rosidl_typesupport_cExport-noconfig.cmake
[61.562s] -- Up-to-date: /home/puzzlebot/Documents/PUXX_WS/TE3002B/puzzle_ws/install/puzzle_pkg/share/puzzle_pkg/cmake/puzzle_pkg__rosidl_typesupport_introspection_cppExport.cmake
[61.562s] -- Up-to-date: /home/puzzlebot/Documents/PUXX_WS/TE3002B/puzzle_ws/install/puzzle_pkg/share/puzzle_pkg/cmake/puzzle_pkg__rosidl_typesupport_introspection_cppExport-noconfig.cmake
[61.564s] -- Up-to-date: /home/puzzlebot/Documents/PUXX_WS/TE3002B/puzzle_ws/install/puzzle_pkg/share/puzzle_pkg/cmake/puzzle_pkg__rosidl_typesupport_cppExport.cmake
[61.564s] -- Up-to-date: /home/puzzlebot/Documents/PUXX_WS/TE3002B/puzzle_ws/install/puzzle_pkg/share/puzzle_pkg/cmake/puzzle_pkg__rosidl_typesupport_cppExport-noconfig.cmake
[61.566s] -- Up-to-date: /home/puzzlebot/Documents/PUXX_WS/TE3002B/puzzle_ws/install/puzzle_pkg/share/puzzle_pkg/cmake/export_puzzle_pkg__rosidl_generator_pyExport.cmake
[61.566s] -- Up-to-date: /home/puzzlebot/Documents/PUXX_WS/TE3002B/puzzle_ws/install/puzzle_pkg/share/puzzle_pkg/cmake/export_puzzle_pkg__rosidl_generator_pyExport-noconfig.cmake
[61.567s] -- Up-to-date: /home/puzzlebot/Documents/PUXX_WS/TE3002B/puzzle_ws/install/puzzle_pkg/share/puzzle_pkg/cmake/rosidl_cmake-extras.cmake
[61.567s] -- Up-to-date: /home/puzzlebot/Documents/PUXX_WS/TE3002B/puzzle_ws/install/puzzle_pkg/share/puzzle_pkg/cmake/ament_cmake_export_dependencies-extras.cmake
[61.568s] -- Up-to-date: /home/puzzlebot/Documents/PUXX_WS/TE3002B/puzzle_ws/install/puzzle_pkg/share/puzzle_pkg/cmake/ament_cmake_export_include_directories-extras.cmake
[61.569s] -- Up-to-date: /home/puzzlebot/Documents/PUXX_WS/TE3002B/puzzle_ws/install/puzzle_pkg/share/puzzle_pkg/cmake/ament_cmake_export_libraries-extras.cmake
[61.569s] -- Up-to-date: /home/puzzlebot/Documents/PUXX_WS/TE3002B/puzzle_ws/install/puzzle_pkg/share/puzzle_pkg/cmake/ament_cmake_export_targets-extras.cmake
[61.570s] -- Up-to-date: /home/puzzlebot/Documents/PUXX_WS/TE3002B/puzzle_ws/install/puzzle_pkg/share/puzzle_pkg/cmake/rosidl_cmake_export_typesupport_targets-extras.cmake
[61.571s] -- Up-to-date: /home/puzzlebot/Documents/PUXX_WS/TE3002B/puzzle_ws/install/puzzle_pkg/share/puzzle_pkg/cmake/rosidl_cmake_export_typesupport_libraries-extras.cmake
[61.572s] -- Up-to-date: /home/puzzlebot/Documents/PUXX_WS/TE3002B/puzzle_ws/install/puzzle_pkg/share/puzzle_pkg/cmake/puzzle_pkgConfig.cmake
[61.572s] -- Up-to-date: /home/puzzlebot/Documents/PUXX_WS/TE3002B/puzzle_ws/install/puzzle_pkg/share/puzzle_pkg/cmake/puzzle_pkgConfig-version.cmake
[61.573s] -- Up-to-date: /home/puzzlebot/Documents/PUXX_WS/TE3002B/puzzle_ws/install/puzzle_pkg/share/puzzle_pkg/package.xml
[61.580s] Invoked command in '/home/puzzlebot/Documents/PUXX_WS/TE3002B/puzzle_ws/build/puzzle_pkg' returned '0': CMAKE_PREFIX_PATH=/home/puzzlebot/Documents/PUXX_WS/TE3002B/puzzle_ws/install/puzzle_pkg:/home/puzzlebot/ros2_ws/install/puzzlebot_ros:/opt/ros/humble:/home/puzzlebot/ros2_packages_ws/install/ros_deep_learning:/home/puzzlebot/ros2_packages_ws/install/micro_ros_setup:/home/puzzlebot/ros2_packages_ws/install/micro_ros_agent:/home/puzzlebot/ros2_packages_ws/install/micro_ros_msgs:/home/puzzlebot/ros2_packages_ws/install/camera_info_publisher /usr/bin/cmake --install /home/puzzlebot/Documents/PUXX_WS/TE3002B/puzzle_ws/build/puzzle_pkg
