[1.335s] Invoking command in '/home/puzzlebot/Documents/PUXXY_NODE/TE3002B/puzzle_ws/build/puzzle_pkg': AMENT_PREFIX_PATH=/home/puzzlebot/Documents/PUXXY_NODE/TE3002B/puzzle_ws/install/cv_bridge:${AMENT_PREFIX_PATH} CMAKE_PREFIX_PATH=/home/puzzlebot/Documents/PUXXY_NODE/TE3002B/puzzle_ws/install/cv_bridge:/home/puzzlebot/ros2_ws/install/puzzlebot_ros:/opt/ros/humble:${CMAKE_PREFIX_PATH} LD_LIBRARY_PATH=/home/puzzlebot/Documents/PUXXY_NODE/TE3002B/puzzle_ws/install/cv_bridge/lib:${LD_LIBRARY_PATH} PYTHONPATH=/home/puzzlebot/Documents/PUXXY_NODE/TE3002B/puzzle_ws/install/cv_bridge/lib/python3.8/site-packages:${PYTHONPATH} /usr/bin/cmake --build /home/puzzlebot/Documents/PUXXY_NODE/TE3002B/puzzle_ws/build/puzzle_pkg -- -j4 -l4
[1.582s] [  6%] Built target puzzle_pkg__rosidl_generator_c
[1.707s] [  6%] Built target ament_cmake_python_copy_puzzle_pkg
[1.893s] [ 11%] Built target cam_source
[2.049s] [ 15%] Built target signal_handle
[2.142s] [ 22%] Built target puzzle_pkg__rosidl_typesupport_c
[2.231s] [ 29%] Built target puzzle_pkg__rosidl_typesupport_introspection_c
[2.322s] [ 36%] Built target puzzle_pkg__rosidl_typesupport_fastrtps_c
[3.635s] running egg_info
[3.641s] writing puzzle_pkg.egg-info/PKG-INFO
[3.642s] writing dependency_links to puzzle_pkg.egg-info/dependency_links.txt
[3.642s] writing top-level names to puzzle_pkg.egg-info/top_level.txt
[3.839s] reading manifest file 'puzzle_pkg.egg-info/SOURCES.txt'
[3.840s] writing manifest file 'puzzle_pkg.egg-info/SOURCES.txt'
[3.969s] [ 36%] Built target ament_cmake_python_build_puzzle_pkg_egg
[4.116s] [ 40%] Built target odometry
[4.197s] [ 43%] Built target puzzle_pkg__cpp
[4.285s] [ 50%] Built target puzzle_pkg__rosidl_typesupport_cpp
[4.373s] [ 56%] Built target puzzle_pkg__rosidl_typesupport_fastrtps_cpp
[4.543s] [ 68%] Built target lane_detection
[4.688s] [ 72%] Built target controller
[4.779s] [ 79%] Built target puzzle_pkg__rosidl_typesupport_introspection_cpp
[4.857s] [ 79%] Built target puzzle_pkg
[4.940s] [ 81%] Built target puzzle_pkg__py
[5.060s] [ 86%] Built target puzzle_pkg__rosidl_generator_py
[5.178s] [ 90%] Built target puzzle_pkg__rosidl_typesupport_fastrtps_c__pyext
[5.293s] [ 95%] Built target puzzle_pkg__rosidl_typesupport_c__pyext
[5.412s] [100%] Built target puzzle_pkg__rosidl_typesupport_introspection_c__pyext
[5.469s] Invoked command in '/home/puzzlebot/Documents/PUXXY_NODE/TE3002B/puzzle_ws/build/puzzle_pkg' returned '0': AMENT_PREFIX_PATH=/home/puzzlebot/Documents/PUXXY_NODE/TE3002B/puzzle_ws/install/cv_bridge:${AMENT_PREFIX_PATH} CMAKE_PREFIX_PATH=/home/puzzlebot/Documents/PUXXY_NODE/TE3002B/puzzle_ws/install/cv_bridge:/home/puzzlebot/ros2_ws/install/puzzlebot_ros:/opt/ros/humble:${CMAKE_PREFIX_PATH} LD_LIBRARY_PATH=/home/puzzlebot/Documents/PUXXY_NODE/TE3002B/puzzle_ws/install/cv_bridge/lib:${LD_LIBRARY_PATH} PYTHONPATH=/home/puzzlebot/Documents/PUXXY_NODE/TE3002B/puzzle_ws/install/cv_bridge/lib/python3.8/site-packages:${PYTHONPATH} /usr/bin/cmake --build /home/puzzlebot/Documents/PUXXY_NODE/TE3002B/puzzle_ws/build/puzzle_pkg -- -j4 -l4
[5.705s] Invoking command in '/home/puzzlebot/Documents/PUXXY_NODE/TE3002B/puzzle_ws/build/puzzle_pkg': AMENT_PREFIX_PATH=/home/puzzlebot/Documents/PUXXY_NODE/TE3002B/puzzle_ws/install/cv_bridge:${AMENT_PREFIX_PATH} CMAKE_PREFIX_PATH=/home/puzzlebot/Documents/PUXXY_NODE/TE3002B/puzzle_ws/install/cv_bridge:/home/puzzlebot/ros2_ws/install/puzzlebot_ros:/opt/ros/humble:${CMAKE_PREFIX_PATH} LD_LIBRARY_PATH=/home/puzzlebot/Documents/PUXXY_NODE/TE3002B/puzzle_ws/install/cv_bridge/lib:${LD_LIBRARY_PATH} PYTHONPATH=/home/puzzlebot/Documents/PUXXY_NODE/TE3002B/puzzle_ws/install/cv_bridge/lib/python3.8/site-packages:${PYTHONPATH} /usr/bin/cmake --install /home/puzzlebot/Documents/PUXXY_NODE/TE3002B/puzzle_ws/build/puzzle_pkg
[5.745s] -- Install configuration: ""
[5.745s] -- Up-to-date: /home/puzzlebot/Documents/PUXXY_NODE/TE3002B/puzzle_ws/install/puzzle_pkg/share/ament_index/resource_index/rosidl_interfaces/puzzle_pkg
[5.746s] -- Up-to-date: /home/puzzlebot/Documents/PUXXY_NODE/TE3002B/puzzle_ws/install/puzzle_pkg/include/puzzle_pkg/puzzle_pkg
[5.746s] -- Up-to-date: /home/puzzlebot/Documents/PUXXY_NODE/TE3002B/puzzle_ws/install/puzzle_pkg/include/puzzle_pkg/puzzle_pkg/msg
[5.747s] -- Up-to-date: /home/puzzlebot/Documents/PUXXY_NODE/TE3002B/puzzle_ws/install/puzzle_pkg/include/puzzle_pkg/puzzle_pkg/msg/rosidl_generator_c__visibility_control.h
[5.747s] -- Up-to-date: /home/puzzlebot/Documents/PUXXY_NODE/TE3002B/puzzle_ws/install/puzzle_pkg/include/puzzle_pkg/puzzle_pkg/msg/detail
[5.748s] -- Up-to-date: /home/puzzlebot/Documents/PUXXY_NODE/TE3002B/puzzle_ws/install/puzzle_pkg/include/puzzle_pkg/puzzle_pkg/msg/detail/diff_error__functions.c
[5.748s] -- Up-to-date: /home/puzzlebot/Documents/PUXXY_NODE/TE3002B/puzzle_ws/install/puzzle_pkg/include/puzzle_pkg/puzzle_pkg/msg/detail/diff_error__type_support.h
[5.748s] -- Up-to-date: /home/puzzlebot/Documents/PUXXY_NODE/TE3002B/puzzle_ws/install/puzzle_pkg/include/puzzle_pkg/puzzle_pkg/msg/detail/diff_error__struct.h
[5.749s] -- Up-to-date: /home/puzzlebot/Documents/PUXXY_NODE/TE3002B/puzzle_ws/install/puzzle_pkg/include/puzzle_pkg/puzzle_pkg/msg/detail/diff_error__functions.h
[5.749s] -- Up-to-date: /home/puzzlebot/Documents/PUXXY_NODE/TE3002B/puzzle_ws/install/puzzle_pkg/include/puzzle_pkg/puzzle_pkg/msg/diff_error.h
[5.750s] -- Up-to-date: /home/puzzlebot/Documents/PUXXY_NODE/TE3002B/puzzle_ws/install/puzzle_pkg/share/puzzle_pkg/environment/library_path.sh
[5.750s] -- Up-to-date: /home/puzzlebot/Documents/PUXXY_NODE/TE3002B/puzzle_ws/install/puzzle_pkg/share/puzzle_pkg/environment/library_path.dsv
[5.750s] -- Up-to-date: /home/puzzlebot/Documents/PUXXY_NODE/TE3002B/puzzle_ws/install/puzzle_pkg/lib/libpuzzle_pkg__rosidl_generator_c.so
[5.751s] -- Up-to-date: /home/puzzlebot/Documents/PUXXY_NODE/TE3002B/puzzle_ws/install/puzzle_pkg/include/puzzle_pkg/puzzle_pkg
[5.751s] -- Up-to-date: /home/puzzlebot/Documents/PUXXY_NODE/TE3002B/puzzle_ws/install/puzzle_pkg/include/puzzle_pkg/puzzle_pkg/msg
[5.752s] -- Up-to-date: /home/puzzlebot/Documents/PUXXY_NODE/TE3002B/puzzle_ws/install/puzzle_pkg/include/puzzle_pkg/puzzle_pkg/msg/rosidl_typesupport_fastrtps_c__visibility_control.h
[5.753s] -- Up-to-date: /home/puzzlebot/Documents/PUXXY_NODE/TE3002B/puzzle_ws/install/puzzle_pkg/include/puzzle_pkg/puzzle_pkg/msg/detail
[5.753s] -- Up-to-date: /home/puzzlebot/Documents/PUXXY_NODE/TE3002B/puzzle_ws/install/puzzle_pkg/include/puzzle_pkg/puzzle_pkg/msg/detail/diff_error__rosidl_typesupport_fastrtps_c.h
[5.754s] -- Up-to-date: /home/puzzlebot/Documents/PUXXY_NODE/TE3002B/puzzle_ws/install/puzzle_pkg/lib/libpuzzle_pkg__rosidl_typesupport_fastrtps_c.so
[5.754s] -- Up-to-date: /home/puzzlebot/Documents/PUXXY_NODE/TE3002B/puzzle_ws/install/puzzle_pkg/include/puzzle_pkg/puzzle_pkg
[5.755s] -- Up-to-date: /home/puzzlebot/Documents/PUXXY_NODE/TE3002B/puzzle_ws/install/puzzle_pkg/include/puzzle_pkg/puzzle_pkg/msg
[5.755s] -- Up-to-date: /home/puzzlebot/Documents/PUXXY_NODE/TE3002B/puzzle_ws/install/puzzle_pkg/include/puzzle_pkg/puzzle_pkg/msg/diff_error.hpp
[5.756s] -- Up-to-date: /home/puzzlebot/Documents/PUXXY_NODE/TE3002B/puzzle_ws/install/puzzle_pkg/include/puzzle_pkg/puzzle_pkg/msg/detail
[5.756s] -- Up-to-date: /home/puzzlebot/Documents/PUXXY_NODE/TE3002B/puzzle_ws/install/puzzle_pkg/include/puzzle_pkg/puzzle_pkg/msg/detail/diff_error__traits.hpp
[5.757s] -- Up-to-date: /home/puzzlebot/Documents/PUXXY_NODE/TE3002B/puzzle_ws/install/puzzle_pkg/include/puzzle_pkg/puzzle_pkg/msg/detail/diff_error__struct.hpp
[5.757s] -- Up-to-date: /home/puzzlebot/Documents/PUXXY_NODE/TE3002B/puzzle_ws/install/puzzle_pkg/include/puzzle_pkg/puzzle_pkg/msg/detail/diff_error__builder.hpp
[5.757s] -- Up-to-date: /home/puzzlebot/Documents/PUXXY_NODE/TE3002B/puzzle_ws/install/puzzle_pkg/include/puzzle_pkg/puzzle_pkg
[5.758s] -- Up-to-date: /home/puzzlebot/Documents/PUXXY_NODE/TE3002B/puzzle_ws/install/puzzle_pkg/include/puzzle_pkg/puzzle_pkg/msg
[5.758s] -- Up-to-date: /home/puzzlebot/Documents/PUXXY_NODE/TE3002B/puzzle_ws/install/puzzle_pkg/include/puzzle_pkg/puzzle_pkg/msg/rosidl_typesupport_fastrtps_cpp__visibility_control.h
[5.759s] -- Up-to-date: /home/puzzlebot/Documents/PUXXY_NODE/TE3002B/puzzle_ws/install/puzzle_pkg/include/puzzle_pkg/puzzle_pkg/msg/detail
[5.759s] -- Up-to-date: /home/puzzlebot/Documents/PUXXY_NODE/TE3002B/puzzle_ws/install/puzzle_pkg/include/puzzle_pkg/puzzle_pkg/msg/detail/dds_fastrtps
[5.760s] -- Up-to-date: /home/puzzlebot/Documents/PUXXY_NODE/TE3002B/puzzle_ws/install/puzzle_pkg/include/puzzle_pkg/puzzle_pkg/msg/detail/diff_error__rosidl_typesupport_fastrtps_cpp.hpp
[5.760s] -- Up-to-date: /home/puzzlebot/Documents/PUXXY_NODE/TE3002B/puzzle_ws/install/puzzle_pkg/lib/libpuzzle_pkg__rosidl_typesupport_fastrtps_cpp.so
[5.761s] -- Up-to-date: /home/puzzlebot/Documents/PUXXY_NODE/TE3002B/puzzle_ws/install/puzzle_pkg/include/puzzle_pkg/puzzle_pkg
[5.762s] -- Up-to-date: /home/puzzlebot/Documents/PUXXY_NODE/TE3002B/puzzle_ws/install/puzzle_pkg/include/puzzle_pkg/puzzle_pkg/msg
[5.762s] -- Up-to-date: /home/puzzlebot/Documents/PUXXY_NODE/TE3002B/puzzle_ws/install/puzzle_pkg/include/puzzle_pkg/puzzle_pkg/msg/rosidl_typesupport_introspection_c__visibility_control.h
[5.763s] -- Up-to-date: /home/puzzlebot/Documents/PUXXY_NODE/TE3002B/puzzle_ws/install/puzzle_pkg/include/puzzle_pkg/puzzle_pkg/msg/detail
[5.763s] -- Up-to-date: /home/puzzlebot/Documents/PUXXY_NODE/TE3002B/puzzle_ws/install/puzzle_pkg/include/puzzle_pkg/puzzle_pkg/msg/detail/diff_error__rosidl_typesupport_introspection_c.h
[5.764s] -- Up-to-date: /home/puzzlebot/Documents/PUXXY_NODE/TE3002B/puzzle_ws/install/puzzle_pkg/include/puzzle_pkg/puzzle_pkg/msg/detail/diff_error__type_support.c
[5.765s] -- Up-to-date: /home/puzzlebot/Documents/PUXXY_NODE/TE3002B/puzzle_ws/install/puzzle_pkg/lib/libpuzzle_pkg__rosidl_typesupport_introspection_c.so
[5.765s] -- Up-to-date: /home/puzzlebot/Documents/PUXXY_NODE/TE3002B/puzzle_ws/install/puzzle_pkg/lib/libpuzzle_pkg__rosidl_typesupport_c.so
[5.765s] -- Up-to-date: /home/puzzlebot/Documents/PUXXY_NODE/TE3002B/puzzle_ws/install/puzzle_pkg/include/puzzle_pkg/puzzle_pkg
[5.766s] -- Up-to-date: /home/puzzlebot/Documents/PUXXY_NODE/TE3002B/puzzle_ws/install/puzzle_pkg/include/puzzle_pkg/puzzle_pkg/msg
[5.766s] -- Up-to-date: /home/puzzlebot/Documents/PUXXY_NODE/TE3002B/puzzle_ws/install/puzzle_pkg/include/puzzle_pkg/puzzle_pkg/msg/detail
[5.766s] -- Up-to-date: /home/puzzlebot/Documents/PUXXY_NODE/TE3002B/puzzle_ws/install/puzzle_pkg/include/puzzle_pkg/puzzle_pkg/msg/detail/diff_error__type_support.cpp
[5.767s] -- Up-to-date: /home/puzzlebot/Documents/PUXXY_NODE/TE3002B/puzzle_ws/install/puzzle_pkg/include/puzzle_pkg/puzzle_pkg/msg/detail/diff_error__rosidl_typesupport_introspection_cpp.hpp
[5.768s] -- Up-to-date: /home/puzzlebot/Documents/PUXXY_NODE/TE3002B/puzzle_ws/install/puzzle_pkg/lib/libpuzzle_pkg__rosidl_typesupport_introspection_cpp.so
[5.768s] -- Up-to-date: /home/puzzlebot/Documents/PUXXY_NODE/TE3002B/puzzle_ws/install/puzzle_pkg/lib/libpuzzle_pkg__rosidl_typesupport_cpp.so
[5.769s] -- Up-to-date: /home/puzzlebot/Documents/PUXXY_NODE/TE3002B/puzzle_ws/install/puzzle_pkg/share/puzzle_pkg/environment/pythonpath.sh
[5.769s] -- Up-to-date: /home/puzzlebot/Documents/PUXXY_NODE/TE3002B/puzzle_ws/install/puzzle_pkg/share/puzzle_pkg/environment/pythonpath.dsv
[5.770s] -- Up-to-date: /home/puzzlebot/Documents/PUXXY_NODE/TE3002B/puzzle_ws/install/puzzle_pkg/lib/python3.8/site-packages/puzzle_pkg-0.0.0-py3.8.egg-info
[5.771s] -- Installing: /home/puzzlebot/Documents/PUXXY_NODE/TE3002B/puzzle_ws/install/puzzle_pkg/lib/python3.8/site-packages/puzzle_pkg-0.0.0-py3.8.egg-info/top_level.txt
[5.771s] -- Installing: /home/puzzlebot/Documents/PUXXY_NODE/TE3002B/puzzle_ws/install/puzzle_pkg/lib/python3.8/site-packages/puzzle_pkg-0.0.0-py3.8.egg-info/PKG-INFO
[5.771s] -- Installing: /home/puzzlebot/Documents/PUXXY_NODE/TE3002B/puzzle_ws/install/puzzle_pkg/lib/python3.8/site-packages/puzzle_pkg-0.0.0-py3.8.egg-info/SOURCES.txt
[5.772s] -- Installing: /home/puzzlebot/Documents/PUXXY_NODE/TE3002B/puzzle_ws/install/puzzle_pkg/lib/python3.8/site-packages/puzzle_pkg-0.0.0-py3.8.egg-info/dependency_links.txt
[5.772s] -- Up-to-date: /home/puzzlebot/Documents/PUXXY_NODE/TE3002B/puzzle_ws/install/puzzle_pkg/lib/python3.8/site-packages/puzzle_pkg
[5.773s] -- Up-to-date: /home/puzzlebot/Documents/PUXXY_NODE/TE3002B/puzzle_ws/install/puzzle_pkg/lib/python3.8/site-packages/puzzle_pkg/puzzle_pkg_s__rosidl_typesupport_c.cpython-38-aarch64-linux-gnu.so
[5.773s] -- Up-to-date: /home/puzzlebot/Documents/PUXXY_NODE/TE3002B/puzzle_ws/install/puzzle_pkg/lib/python3.8/site-packages/puzzle_pkg/__init__.py
[5.774s] -- Up-to-date: /home/puzzlebot/Documents/PUXXY_NODE/TE3002B/puzzle_ws/install/puzzle_pkg/lib/python3.8/site-packages/puzzle_pkg/_puzzle_pkg_s.ep.rosidl_typesupport_fastrtps_c.c
[5.774s] -- Up-to-date: /home/puzzlebot/Documents/PUXXY_NODE/TE3002B/puzzle_ws/install/puzzle_pkg/lib/python3.8/site-packages/puzzle_pkg/msg
[5.775s] -- Up-to-date: /home/puzzlebot/Documents/PUXXY_NODE/TE3002B/puzzle_ws/install/puzzle_pkg/lib/python3.8/site-packages/puzzle_pkg/msg/__init__.py
[5.775s] -- Up-to-date: /home/puzzlebot/Documents/PUXXY_NODE/TE3002B/puzzle_ws/install/puzzle_pkg/lib/python3.8/site-packages/puzzle_pkg/msg/_diff_error_s.c
[5.776s] -- Up-to-date: /home/puzzlebot/Documents/PUXXY_NODE/TE3002B/puzzle_ws/install/puzzle_pkg/lib/python3.8/site-packages/puzzle_pkg/msg/_diff_error.py
[5.776s] -- Up-to-date: /home/puzzlebot/Documents/PUXXY_NODE/TE3002B/puzzle_ws/install/puzzle_pkg/lib/python3.8/site-packages/puzzle_pkg/_puzzle_pkg_s.ep.rosidl_typesupport_c.c
[5.776s] -- Up-to-date: /home/puzzlebot/Documents/PUXXY_NODE/TE3002B/puzzle_ws/install/puzzle_pkg/lib/python3.8/site-packages/puzzle_pkg/puzzle_pkg_s__rosidl_typesupport_introspection_c.cpython-38-aarch64-linux-gnu.so
[5.777s] -- Up-to-date: /home/puzzlebot/Documents/PUXXY_NODE/TE3002B/puzzle_ws/install/puzzle_pkg/lib/python3.8/site-packages/puzzle_pkg/puzzle_pkg_s__rosidl_typesupport_fastrtps_c.cpython-38-aarch64-linux-gnu.so
[5.777s] -- Up-to-date: /home/puzzlebot/Documents/PUXXY_NODE/TE3002B/puzzle_ws/install/puzzle_pkg/lib/python3.8/site-packages/puzzle_pkg/_puzzle_pkg_s.ep.rosidl_typesupport_introspection_c.c
[5.778s] -- Up-to-date: /home/puzzlebot/Documents/PUXXY_NODE/TE3002B/puzzle_ws/install/puzzle_pkg/lib/python3.8/site-packages/puzzle_pkg/libpuzzle_pkg__rosidl_generator_py.so
[5.952s] Listing '/home/puzzlebot/Documents/PUXXY_NODE/TE3002B/puzzle_ws/install/puzzle_pkg/lib/python3.8/site-packages/puzzle_pkg'...
[5.952s] Listing '/home/puzzlebot/Documents/PUXXY_NODE/TE3002B/puzzle_ws/install/puzzle_pkg/lib/python3.8/site-packages/puzzle_pkg/msg'...
[5.974s] -- Up-to-date: /home/puzzlebot/Documents/PUXXY_NODE/TE3002B/puzzle_ws/install/puzzle_pkg/lib/python3.8/site-packages/puzzle_pkg/puzzle_pkg_s__rosidl_typesupport_fastrtps_c.cpython-38-aarch64-linux-gnu.so
[5.977s] -- Up-to-date: /home/puzzlebot/Documents/PUXXY_NODE/TE3002B/puzzle_ws/install/puzzle_pkg/lib/python3.8/site-packages/puzzle_pkg/puzzle_pkg_s__rosidl_typesupport_introspection_c.cpython-38-aarch64-linux-gnu.so
[5.979s] -- Up-to-date: /home/puzzlebot/Documents/PUXXY_NODE/TE3002B/puzzle_ws/install/puzzle_pkg/lib/python3.8/site-packages/puzzle_pkg/puzzle_pkg_s__rosidl_typesupport_c.cpython-38-aarch64-linux-gnu.so
[5.980s] -- Up-to-date: /home/puzzlebot/Documents/PUXXY_NODE/TE3002B/puzzle_ws/install/puzzle_pkg/lib/libpuzzle_pkg__rosidl_generator_py.so
[5.981s] -- Up-to-date: /home/puzzlebot/Documents/PUXXY_NODE/TE3002B/puzzle_ws/install/puzzle_pkg/share/puzzle_pkg/msg/DiffError.idl
[5.982s] -- Up-to-date: /home/puzzlebot/Documents/PUXXY_NODE/TE3002B/puzzle_ws/install/puzzle_pkg/share/puzzle_pkg/msg/DiffError.msg
[5.982s] -- Up-to-date: /home/puzzlebot/Documents/PUXXY_NODE/TE3002B/puzzle_ws/install/puzzle_pkg/lib/puzzle_pkg/controller
[5.985s] -- Up-to-date: /home/puzzlebot/Documents/PUXXY_NODE/TE3002B/puzzle_ws/install/puzzle_pkg/lib/puzzle_pkg/odometry
[5.986s] -- Up-to-date: /home/puzzlebot/Documents/PUXXY_NODE/TE3002B/puzzle_ws/install/puzzle_pkg/lib/puzzle_pkg/lane_detection
[5.988s] -- Up-to-date: /home/puzzlebot/Documents/PUXXY_NODE/TE3002B/puzzle_ws/install/puzzle_pkg/lib/puzzle_pkg/cam_source
[5.989s] -- Up-to-date: /home/puzzlebot/Documents/PUXXY_NODE/TE3002B/puzzle_ws/install/puzzle_pkg/lib/puzzle_pkg/signal_handle
[5.990s] -- Up-to-date: /home/puzzlebot/Documents/PUXXY_NODE/TE3002B/puzzle_ws/install/puzzle_pkg/share/puzzle_pkg//launch
[5.990s] -- Up-to-date: /home/puzzlebot/Documents/PUXXY_NODE/TE3002B/puzzle_ws/install/puzzle_pkg/share/puzzle_pkg//launch/__pycache__
[5.991s] -- Up-to-date: /home/puzzlebot/Documents/PUXXY_NODE/TE3002B/puzzle_ws/install/puzzle_pkg/share/puzzle_pkg//launch/__pycache__/launch.cpython-310.pyc
[5.991s] -- Installing: /home/puzzlebot/Documents/PUXXY_NODE/TE3002B/puzzle_ws/install/puzzle_pkg/share/puzzle_pkg//launch/__pycache__/launch.cpython-38.pyc
[5.992s] -- Up-to-date: /home/puzzlebot/Documents/PUXXY_NODE/TE3002B/puzzle_ws/install/puzzle_pkg/share/puzzle_pkg//launch/launch.py
[5.992s] -- Up-to-date: /home/puzzlebot/Documents/PUXXY_NODE/TE3002B/puzzle_ws/install/puzzle_pkg/share/puzzle_pkg//config
[5.993s] -- Up-to-date: /home/puzzlebot/Documents/PUXXY_NODE/TE3002B/puzzle_ws/install/puzzle_pkg/share/puzzle_pkg//config/odometry_params.yaml
[5.993s] -- Installing: /home/puzzlebot/Documents/PUXXY_NODE/TE3002B/puzzle_ws/install/puzzle_pkg/share/puzzle_pkg//config/controller_params.yaml
[5.994s] -- Up-to-date: /home/puzzlebot/Documents/PUXXY_NODE/TE3002B/puzzle_ws/install/puzzle_pkg/share/ament_index/resource_index/package_run_dependencies/puzzle_pkg
[5.994s] -- Up-to-date: /home/puzzlebot/Documents/PUXXY_NODE/TE3002B/puzzle_ws/install/puzzle_pkg/share/ament_index/resource_index/parent_prefix_path/puzzle_pkg
[5.995s] -- Up-to-date: /home/puzzlebot/Documents/PUXXY_NODE/TE3002B/puzzle_ws/install/puzzle_pkg/share/puzzle_pkg/environment/ament_prefix_path.sh
[5.995s] -- Up-to-date: /home/puzzlebot/Documents/PUXXY_NODE/TE3002B/puzzle_ws/install/puzzle_pkg/share/puzzle_pkg/environment/ament_prefix_path.dsv
[5.996s] -- Up-to-date: /home/puzzlebot/Documents/PUXXY_NODE/TE3002B/puzzle_ws/install/puzzle_pkg/share/puzzle_pkg/environment/path.sh
[5.996s] -- Up-to-date: /home/puzzlebot/Documents/PUXXY_NODE/TE3002B/puzzle_ws/install/puzzle_pkg/share/puzzle_pkg/environment/path.dsv
[5.997s] -- Up-to-date: /home/puzzlebot/Documents/PUXXY_NODE/TE3002B/puzzle_ws/install/puzzle_pkg/share/puzzle_pkg/local_setup.bash
[5.998s] -- Up-to-date: /home/puzzlebot/Documents/PUXXY_NODE/TE3002B/puzzle_ws/install/puzzle_pkg/share/puzzle_pkg/local_setup.sh
[5.998s] -- Up-to-date: /home/puzzlebot/Documents/PUXXY_NODE/TE3002B/puzzle_ws/install/puzzle_pkg/share/puzzle_pkg/local_setup.zsh
[5.999s] -- Up-to-date: /home/puzzlebot/Documents/PUXXY_NODE/TE3002B/puzzle_ws/install/puzzle_pkg/share/puzzle_pkg/local_setup.dsv
[5.999s] -- Installing: /home/puzzlebot/Documents/PUXXY_NODE/TE3002B/puzzle_ws/install/puzzle_pkg/share/puzzle_pkg/package.dsv
[6.000s] -- Up-to-date: /home/puzzlebot/Documents/PUXXY_NODE/TE3002B/puzzle_ws/install/puzzle_pkg/share/ament_index/resource_index/packages/puzzle_pkg
[6.000s] -- Up-to-date: /home/puzzlebot/Documents/PUXXY_NODE/TE3002B/puzzle_ws/install/puzzle_pkg/share/puzzle_pkg/cmake/export_puzzle_pkg__rosidl_generator_cExport.cmake
[6.000s] -- Up-to-date: /home/puzzlebot/Documents/PUXXY_NODE/TE3002B/puzzle_ws/install/puzzle_pkg/share/puzzle_pkg/cmake/export_puzzle_pkg__rosidl_generator_cExport-noconfig.cmake
[6.001s] -- Up-to-date: /home/puzzlebot/Documents/PUXXY_NODE/TE3002B/puzzle_ws/install/puzzle_pkg/share/puzzle_pkg/cmake/export_puzzle_pkg__rosidl_typesupport_fastrtps_cExport.cmake
[6.001s] -- Up-to-date: /home/puzzlebot/Documents/PUXXY_NODE/TE3002B/puzzle_ws/install/puzzle_pkg/share/puzzle_pkg/cmake/export_puzzle_pkg__rosidl_typesupport_fastrtps_cExport-noconfig.cmake
[6.002s] -- Up-to-date: /home/puzzlebot/Documents/PUXXY_NODE/TE3002B/puzzle_ws/install/puzzle_pkg/share/puzzle_pkg/cmake/export_puzzle_pkg__rosidl_generator_cppExport.cmake
[6.002s] -- Up-to-date: /home/puzzlebot/Documents/PUXXY_NODE/TE3002B/puzzle_ws/install/puzzle_pkg/share/puzzle_pkg/cmake/export_puzzle_pkg__rosidl_typesupport_fastrtps_cppExport.cmake
[6.005s] -- Up-to-date: /home/puzzlebot/Documents/PUXXY_NODE/TE3002B/puzzle_ws/install/puzzle_pkg/share/puzzle_pkg/cmake/export_puzzle_pkg__rosidl_typesupport_fastrtps_cppExport-noconfig.cmake
[6.005s] -- Up-to-date: /home/puzzlebot/Documents/PUXXY_NODE/TE3002B/puzzle_ws/install/puzzle_pkg/share/puzzle_pkg/cmake/puzzle_pkg__rosidl_typesupport_introspection_cExport.cmake
[6.006s] -- Up-to-date: /home/puzzlebot/Documents/PUXXY_NODE/TE3002B/puzzle_ws/install/puzzle_pkg/share/puzzle_pkg/cmake/puzzle_pkg__rosidl_typesupport_introspection_cExport-noconfig.cmake
[6.006s] -- Up-to-date: /home/puzzlebot/Documents/PUXXY_NODE/TE3002B/puzzle_ws/install/puzzle_pkg/share/puzzle_pkg/cmake/puzzle_pkg__rosidl_typesupport_cExport.cmake
[6.007s] -- Up-to-date: /home/puzzlebot/Documents/PUXXY_NODE/TE3002B/puzzle_ws/install/puzzle_pkg/share/puzzle_pkg/cmake/puzzle_pkg__rosidl_typesupport_cExport-noconfig.cmake
[6.007s] -- Up-to-date: /home/puzzlebot/Documents/PUXXY_NODE/TE3002B/puzzle_ws/install/puzzle_pkg/share/puzzle_pkg/cmake/puzzle_pkg__rosidl_typesupport_introspection_cppExport.cmake
[6.008s] -- Up-to-date: /home/puzzlebot/Documents/PUXXY_NODE/TE3002B/puzzle_ws/install/puzzle_pkg/share/puzzle_pkg/cmake/puzzle_pkg__rosidl_typesupport_introspection_cppExport-noconfig.cmake
[6.008s] -- Up-to-date: /home/puzzlebot/Documents/PUXXY_NODE/TE3002B/puzzle_ws/install/puzzle_pkg/share/puzzle_pkg/cmake/puzzle_pkg__rosidl_typesupport_cppExport.cmake
[6.009s] -- Up-to-date: /home/puzzlebot/Documents/PUXXY_NODE/TE3002B/puzzle_ws/install/puzzle_pkg/share/puzzle_pkg/cmake/puzzle_pkg__rosidl_typesupport_cppExport-noconfig.cmake
[6.010s] -- Up-to-date: /home/puzzlebot/Documents/PUXXY_NODE/TE3002B/puzzle_ws/install/puzzle_pkg/share/puzzle_pkg/cmake/export_puzzle_pkg__rosidl_generator_pyExport.cmake
[6.010s] -- Up-to-date: /home/puzzlebot/Documents/PUXXY_NODE/TE3002B/puzzle_ws/install/puzzle_pkg/share/puzzle_pkg/cmake/export_puzzle_pkg__rosidl_generator_pyExport-noconfig.cmake
[6.010s] -- Up-to-date: /home/puzzlebot/Documents/PUXXY_NODE/TE3002B/puzzle_ws/install/puzzle_pkg/share/puzzle_pkg/cmake/rosidl_cmake-extras.cmake
[6.011s] -- Up-to-date: /home/puzzlebot/Documents/PUXXY_NODE/TE3002B/puzzle_ws/install/puzzle_pkg/share/puzzle_pkg/cmake/ament_cmake_export_dependencies-extras.cmake
[6.011s] -- Up-to-date: /home/puzzlebot/Documents/PUXXY_NODE/TE3002B/puzzle_ws/install/puzzle_pkg/share/puzzle_pkg/cmake/ament_cmake_export_include_directories-extras.cmake
[6.012s] -- Up-to-date: /home/puzzlebot/Documents/PUXXY_NODE/TE3002B/puzzle_ws/install/puzzle_pkg/share/puzzle_pkg/cmake/ament_cmake_export_libraries-extras.cmake
[6.012s] -- Up-to-date: /home/puzzlebot/Documents/PUXXY_NODE/TE3002B/puzzle_ws/install/puzzle_pkg/share/puzzle_pkg/cmake/ament_cmake_export_targets-extras.cmake
[6.013s] -- Up-to-date: /home/puzzlebot/Documents/PUXXY_NODE/TE3002B/puzzle_ws/install/puzzle_pkg/share/puzzle_pkg/cmake/rosidl_cmake_export_typesupport_targets-extras.cmake
[6.013s] -- Up-to-date: /home/puzzlebot/Documents/PUXXY_NODE/TE3002B/puzzle_ws/install/puzzle_pkg/share/puzzle_pkg/cmake/rosidl_cmake_export_typesupport_libraries-extras.cmake
[6.014s] -- Up-to-date: /home/puzzlebot/Documents/PUXXY_NODE/TE3002B/puzzle_ws/install/puzzle_pkg/share/puzzle_pkg/cmake/puzzle_pkgConfig.cmake
[6.015s] -- Up-to-date: /home/puzzlebot/Documents/PUXXY_NODE/TE3002B/puzzle_ws/install/puzzle_pkg/share/puzzle_pkg/cmake/puzzle_pkgConfig-version.cmake
[6.020s] -- Up-to-date: /home/puzzlebot/Documents/PUXXY_NODE/TE3002B/puzzle_ws/install/puzzle_pkg/share/puzzle_pkg/package.xml
[6.021s] Invoked command in '/home/puzzlebot/Documents/PUXXY_NODE/TE3002B/puzzle_ws/build/puzzle_pkg' returned '0': AMENT_PREFIX_PATH=/home/puzzlebot/Documents/PUXXY_NODE/TE3002B/puzzle_ws/install/cv_bridge:${AMENT_PREFIX_PATH} CMAKE_PREFIX_PATH=/home/puzzlebot/Documents/PUXXY_NODE/TE3002B/puzzle_ws/install/cv_bridge:/home/puzzlebot/ros2_ws/install/puzzlebot_ros:/opt/ros/humble:${CMAKE_PREFIX_PATH} LD_LIBRARY_PATH=/home/puzzlebot/Documents/PUXXY_NODE/TE3002B/puzzle_ws/install/cv_bridge/lib:${LD_LIBRARY_PATH} PYTHONPATH=/home/puzzlebot/Documents/PUXXY_NODE/TE3002B/puzzle_ws/install/cv_bridge/lib/python3.8/site-packages:${PYTHONPATH} /usr/bin/cmake --install /home/puzzlebot/Documents/PUXXY_NODE/TE3002B/puzzle_ws/build/puzzle_pkg
