[14.926s] DEBUG:colcon:Command line arguments: ['/usr/bin/colcon', 'build']
[14.927s] DEBUG:colcon:Parsed command line arguments: Namespace(allow_overriding=[], ament_cmake_args=None, base_paths=['.'], build_base='build', catkin_cmake_args=None, catkin_skip_building_tests=False, cmake_args=None, cmake_clean_cache=False, cmake_clean_first=False, cmake_force_configure=False, cmake_target=None, cmake_target_skip_unavailable=False, continue_on_error=False, event_handlers=None, executor='parallel', ignore_user_meta=False, install_base='install', log_base=None, log_level=None, main=<bound method BuildVerb.main of <colcon_core.verb.build.BuildVerb object at 0x7fa017a9a0>>, merge_install=False, metas=['./colcon.meta'], packages_above=None, packages_above_and_dependencies=None, packages_above_depth=None, packages_end=None, packages_ignore=None, packages_ignore_regex=None, packages_select=None, packages_select_build_failed=False, packages_select_by_dep=None, packages_select_regex=None, packages_select_test_failures=False, packages_skip=None, packages_skip_build_finished=False, packages_skip_by_dep=None, packages_skip_regex=None, packages_skip_test_passed=False, packages_skip_up_to=None, packages_start=None, packages_up_to=None, packages_up_to_regex=None, parallel_workers=4, paths=None, symlink_install=False, test_result_base=None, verb_extension=<colcon_core.verb.build.BuildVerb object at 0x7fa017a9a0>, verb_name='build', verb_parser=<colcon_defaults.argument_parser.defaults.DefaultArgumentsDecorator object at 0x7f9fd36e20>)
[15.600s] Level 1:colcon.colcon_core.package_discovery:discover_packages(colcon_meta) check parameters
[15.601s] Level 1:colcon.colcon_core.package_discovery:discover_packages(recursive) check parameters
[15.601s] Level 1:colcon.colcon_core.package_discovery:discover_packages(ignore) check parameters
[15.601s] Level 1:colcon.colcon_core.package_discovery:discover_packages(path) check parameters
[15.602s] Level 1:colcon.colcon_core.package_discovery:discover_packages(colcon_meta) discover
[15.602s] Level 1:colcon.colcon_core.package_discovery:discover_packages(recursive) discover
[15.602s] INFO:colcon.colcon_core.package_discovery:Crawling recursively for packages in '/home/puzzlebot/Desktop/PUXXY_NODE/TE3002B/lane_processing_ws'
[15.602s] Level 1:colcon.colcon_core.package_identification:_identify(.) by extensions ['ignore', 'ignore_ament_install']
[15.603s] Level 1:colcon.colcon_core.package_identification:_identify(.) by extension 'ignore'
[15.603s] Level 1:colcon.colcon_core.package_identification:_identify(.) by extension 'ignore_ament_install'
[15.603s] Level 1:colcon.colcon_core.package_identification:_identify(.) by extensions ['colcon_pkg']
[15.604s] Level 1:colcon.colcon_core.package_identification:_identify(.) by extension 'colcon_pkg'
[15.604s] Level 1:colcon.colcon_core.package_identification:_identify(.) by extensions ['colcon_meta']
[15.604s] Level 1:colcon.colcon_core.package_identification:_identify(.) by extension 'colcon_meta'
[15.604s] Level 1:colcon.colcon_core.package_identification:_identify(.) by extensions ['ros']
[15.604s] Level 1:colcon.colcon_core.package_identification:_identify(.) by extension 'ros'
[15.673s] Level 1:colcon.colcon_core.package_identification:_identify(.) by extensions ['cmake', 'python']
[15.673s] Level 1:colcon.colcon_core.package_identification:_identify(.) by extension 'cmake'
[15.673s] Level 1:colcon.colcon_core.package_identification:_identify(.) by extension 'python'
[15.674s] Level 1:colcon.colcon_core.package_identification:_identify(.) by extensions ['python_setup_py']
[15.674s] Level 1:colcon.colcon_core.package_identification:_identify(.) by extension 'python_setup_py'
[15.675s] Level 1:colcon.colcon_core.package_identification:_identify(build) by extensions ['ignore', 'ignore_ament_install']
[15.675s] Level 1:colcon.colcon_core.package_identification:_identify(build) by extension 'ignore'
[15.675s] Level 1:colcon.colcon_core.package_identification:_identify(build) ignored
[15.676s] Level 1:colcon.colcon_core.package_identification:_identify(install) by extensions ['ignore', 'ignore_ament_install']
[15.677s] Level 1:colcon.colcon_core.package_identification:_identify(install) by extension 'ignore'
[15.677s] Level 1:colcon.colcon_core.package_identification:_identify(install) ignored
[15.678s] Level 1:colcon.colcon_core.package_identification:_identify(log) by extensions ['ignore', 'ignore_ament_install']
[15.679s] Level 1:colcon.colcon_core.package_identification:_identify(log) by extension 'ignore'
[15.679s] Level 1:colcon.colcon_core.package_identification:_identify(log) ignored
[15.680s] Level 1:colcon.colcon_core.package_identification:_identify(src) by extensions ['ignore', 'ignore_ament_install']
[15.680s] Level 1:colcon.colcon_core.package_identification:_identify(src) by extension 'ignore'
[15.681s] Level 1:colcon.colcon_core.package_identification:_identify(src) by extension 'ignore_ament_install'
[15.681s] Level 1:colcon.colcon_core.package_identification:_identify(src) by extensions ['colcon_pkg']
[15.681s] Level 1:colcon.colcon_core.package_identification:_identify(src) by extension 'colcon_pkg'
[15.682s] Level 1:colcon.colcon_core.package_identification:_identify(src) by extensions ['colcon_meta']
[15.682s] Level 1:colcon.colcon_core.package_identification:_identify(src) by extension 'colcon_meta'
[15.682s] Level 1:colcon.colcon_core.package_identification:_identify(src) by extensions ['ros']
[15.683s] Level 1:colcon.colcon_core.package_identification:_identify(src) by extension 'ros'
[15.683s] Level 1:colcon.colcon_core.package_identification:_identify(src) by extensions ['cmake', 'python']
[15.683s] Level 1:colcon.colcon_core.package_identification:_identify(src) by extension 'cmake'
[15.684s] Level 1:colcon.colcon_core.package_identification:_identify(src) by extension 'python'
[15.684s] Level 1:colcon.colcon_core.package_identification:_identify(src) by extensions ['python_setup_py']
[15.684s] Level 1:colcon.colcon_core.package_identification:_identify(src) by extension 'python_setup_py'
[15.685s] Level 1:colcon.colcon_core.package_identification:_identify(src/lane_processing) by extensions ['ignore', 'ignore_ament_install']
[15.685s] Level 1:colcon.colcon_core.package_identification:_identify(src/lane_processing) by extension 'ignore'
[15.685s] Level 1:colcon.colcon_core.package_identification:_identify(src/lane_processing) by extension 'ignore_ament_install'
[15.686s] Level 1:colcon.colcon_core.package_identification:_identify(src/lane_processing) by extensions ['colcon_pkg']
[15.686s] Level 1:colcon.colcon_core.package_identification:_identify(src/lane_processing) by extension 'colcon_pkg'
[15.686s] Level 1:colcon.colcon_core.package_identification:_identify(src/lane_processing) by extensions ['colcon_meta']
[15.687s] Level 1:colcon.colcon_core.package_identification:_identify(src/lane_processing) by extension 'colcon_meta'
[15.687s] Level 1:colcon.colcon_core.package_identification:_identify(src/lane_processing) by extensions ['ros']
[15.687s] Level 1:colcon.colcon_core.package_identification:_identify(src/lane_processing) by extension 'ros'
[15.720s] DEBUG:colcon.colcon_core.package_identification:Package 'src/lane_processing' with type 'ros.ament_cmake' and name 'lane_processing'
[15.720s] Level 1:colcon.colcon_core.package_discovery:discover_packages(recursive) using defaults
[15.720s] Level 1:colcon.colcon_core.package_discovery:discover_packages(ignore) discover
[15.720s] Level 1:colcon.colcon_core.package_discovery:discover_packages(ignore) using defaults
[15.721s] Level 1:colcon.colcon_core.package_discovery:discover_packages(path) discover
[15.721s] Level 1:colcon.colcon_core.package_discovery:discover_packages(path) using defaults
[17.050s] Level 1:colcon.colcon_core.package_discovery:discover_packages(prefix_path) check parameters
[17.051s] Level 1:colcon.colcon_core.package_discovery:discover_packages(prefix_path) discover
[17.563s] DEBUG:colcon.colcon_installed_package_information.package_discovery:Found 1 installed packages in /home/puzzlebot/Desktop/PUXXY_NODE/TE3002B/lane_processing_ws/install
[17.815s] DEBUG:colcon.colcon_installed_package_information.package_discovery:Found 1 installed packages in /home/puzzlebot/ros2_ws/install
[18.072s] DEBUG:colcon.colcon_installed_package_information.package_discovery:Found 5 installed packages in /home/puzzlebot/ros2_packages_ws/install
[18.373s] DEBUG:colcon.colcon_installed_package_information.package_discovery:Found 281 installed packages in /opt/ros/humble
[18.382s] Level 1:colcon.colcon_core.package_discovery:discover_packages(prefix_path) using defaults
[19.544s] Level 5:colcon.colcon_core.verb:set package 'lane_processing' build argument 'cmake_args' from command line to 'None'
[19.545s] Level 5:colcon.colcon_core.verb:set package 'lane_processing' build argument 'cmake_target' from command line to 'None'
[19.545s] Level 5:colcon.colcon_core.verb:set package 'lane_processing' build argument 'cmake_target_skip_unavailable' from command line to 'False'
[19.545s] Level 5:colcon.colcon_core.verb:set package 'lane_processing' build argument 'cmake_clean_cache' from command line to 'False'
[19.545s] Level 5:colcon.colcon_core.verb:set package 'lane_processing' build argument 'cmake_clean_first' from command line to 'False'
[19.545s] Level 5:colcon.colcon_core.verb:set package 'lane_processing' build argument 'cmake_force_configure' from command line to 'False'
[19.545s] Level 5:colcon.colcon_core.verb:set package 'lane_processing' build argument 'ament_cmake_args' from command line to 'None'
[19.546s] Level 5:colcon.colcon_core.verb:set package 'lane_processing' build argument 'catkin_cmake_args' from command line to 'None'
[19.546s] Level 5:colcon.colcon_core.verb:set package 'lane_processing' build argument 'catkin_skip_building_tests' from command line to 'False'
[19.546s] DEBUG:colcon.colcon_core.verb:Building package 'lane_processing' with the following arguments: {'ament_cmake_args': None, 'build_base': '/home/puzzlebot/Desktop/PUXXY_NODE/TE3002B/lane_processing_ws/build/lane_processing', 'catkin_cmake_args': None, 'catkin_skip_building_tests': False, 'cmake_args': None, 'cmake_clean_cache': False, 'cmake_clean_first': False, 'cmake_force_configure': False, 'cmake_target': None, 'cmake_target_skip_unavailable': False, 'install_base': '/home/puzzlebot/Desktop/PUXXY_NODE/TE3002B/lane_processing_ws/install/lane_processing', 'merge_install': False, 'path': '/home/puzzlebot/Desktop/PUXXY_NODE/TE3002B/lane_processing_ws/src/lane_processing', 'symlink_install': False, 'test_result_base': None}
[19.785s] INFO:colcon.colcon_core.executor:Executing jobs using 'parallel' executor
[20.037s] DEBUG:colcon.colcon_parallel_executor.executor.parallel:run_until_complete
[20.038s] INFO:colcon.colcon_ros.task.ament_cmake.build:Building ROS package in '/home/puzzlebot/Desktop/PUXXY_NODE/TE3002B/lane_processing_ws/src/lane_processing' with build type 'ament_cmake'
[20.038s] INFO:colcon.colcon_cmake.task.cmake.build:Building CMake package in '/home/puzzlebot/Desktop/PUXXY_NODE/TE3002B/lane_processing_ws/src/lane_processing'
[20.306s] INFO:colcon.colcon_core.plugin_system:Skipping extension 'colcon_core.shell.bat': Not used on non-Windows systems
[20.307s] INFO:colcon.colcon_core.shell:Skip shell extension 'powershell' for command environment: Not usable outside of PowerShell
[20.307s] DEBUG:colcon.colcon_core.shell:Skip shell extension 'dsv' for command environment
[21.709s] DEBUG:colcon.colcon_core.event_handler.log_command:Invoking command in '/home/puzzlebot/Desktop/PUXXY_NODE/TE3002B/lane_processing_ws/build/lane_processing': CMAKE_PREFIX_PATH=/home/puzzlebot/Desktop/PUXXY_NODE/TE3002B/lane_processing_ws/install/lane_processing:/home/puzzlebot/ros2_ws/install/puzzlebot_ros:/opt/ros/humble:/home/puzzlebot/ros2_packages_ws/install/ros_deep_learning:/home/puzzlebot/ros2_packages_ws/install/micro_ros_setup:/home/puzzlebot/ros2_packages_ws/install/micro_ros_agent:/home/puzzlebot/ros2_packages_ws/install/micro_ros_msgs:/home/puzzlebot/ros2_packages_ws/install/camera_info_publisher /usr/bin/cmake --build /home/puzzlebot/Desktop/PUXXY_NODE/TE3002B/lane_processing_ws/build/lane_processing -- -j4 -l4
[52.159s] DEBUG:colcon.colcon_core.event_handler.log_command:Invoked command in '/home/puzzlebot/Desktop/PUXXY_NODE/TE3002B/lane_processing_ws/build/lane_processing' returned '2': CMAKE_PREFIX_PATH=/home/puzzlebot/Desktop/PUXXY_NODE/TE3002B/lane_processing_ws/install/lane_processing:/home/puzzlebot/ros2_ws/install/puzzlebot_ros:/opt/ros/humble:/home/puzzlebot/ros2_packages_ws/install/ros_deep_learning:/home/puzzlebot/ros2_packages_ws/install/micro_ros_setup:/home/puzzlebot/ros2_packages_ws/install/micro_ros_agent:/home/puzzlebot/ros2_packages_ws/install/micro_ros_msgs:/home/puzzlebot/ros2_packages_ws/install/camera_info_publisher /usr/bin/cmake --build /home/puzzlebot/Desktop/PUXXY_NODE/TE3002B/lane_processing_ws/build/lane_processing -- -j4 -l4
[52.670s] Level 1:colcon.colcon_core.environment:create_environment_scripts_only(lane_processing)
[52.945s] Level 1:colcon.colcon_core.environment:checking '/home/puzzlebot/Desktop/PUXXY_NODE/TE3002B/lane_processing_ws/install/lane_processing' for CMake module files
[52.949s] Level 1:colcon.colcon_core.environment:checking '/home/puzzlebot/Desktop/PUXXY_NODE/TE3002B/lane_processing_ws/install/lane_processing' for CMake config files
[52.952s] Level 1:colcon.colcon_core.shell:create_environment_hook('lane_processing', 'cmake_prefix_path')
[53.213s] INFO:colcon.colcon_core.shell:Creating environment hook '/home/puzzlebot/Desktop/PUXXY_NODE/TE3002B/lane_processing_ws/install/lane_processing/share/lane_processing/hook/cmake_prefix_path.ps1'
[53.218s] INFO:colcon.colcon_core.shell:Creating environment descriptor '/home/puzzlebot/Desktop/PUXXY_NODE/TE3002B/lane_processing_ws/install/lane_processing/share/lane_processing/hook/cmake_prefix_path.dsv'
[53.222s] INFO:colcon.colcon_core.shell:Creating environment hook '/home/puzzlebot/Desktop/PUXXY_NODE/TE3002B/lane_processing_ws/install/lane_processing/share/lane_processing/hook/cmake_prefix_path.sh'
[53.227s] Level 1:colcon.colcon_core.environment:checking '/home/puzzlebot/Desktop/PUXXY_NODE/TE3002B/lane_processing_ws/install/lane_processing/lib'
[53.228s] Level 1:colcon.colcon_core.environment:checking '/home/puzzlebot/Desktop/PUXXY_NODE/TE3002B/lane_processing_ws/install/lane_processing/bin'
[53.228s] Level 1:colcon.colcon_core.environment:checking '/home/puzzlebot/Desktop/PUXXY_NODE/TE3002B/lane_processing_ws/install/lane_processing/lib/pkgconfig/lane_processing.pc'
[53.229s] Level 1:colcon.colcon_core.environment:checking '/home/puzzlebot/Desktop/PUXXY_NODE/TE3002B/lane_processing_ws/install/lane_processing/lib/python3.8/site-packages'
[53.230s] Level 1:colcon.colcon_core.environment:checking '/home/puzzlebot/Desktop/PUXXY_NODE/TE3002B/lane_processing_ws/install/lane_processing/bin'
[53.493s] INFO:colcon.colcon_core.shell:Creating package script '/home/puzzlebot/Desktop/PUXXY_NODE/TE3002B/lane_processing_ws/install/lane_processing/share/lane_processing/package.ps1'
[53.499s] INFO:colcon.colcon_core.shell:Creating package descriptor '/home/puzzlebot/Desktop/PUXXY_NODE/TE3002B/lane_processing_ws/install/lane_processing/share/lane_processing/package.dsv'
[53.502s] INFO:colcon.colcon_core.shell:Creating package script '/home/puzzlebot/Desktop/PUXXY_NODE/TE3002B/lane_processing_ws/install/lane_processing/share/lane_processing/package.sh'
[53.506s] INFO:colcon.colcon_core.shell:Creating package script '/home/puzzlebot/Desktop/PUXXY_NODE/TE3002B/lane_processing_ws/install/lane_processing/share/lane_processing/package.bash'
[53.510s] INFO:colcon.colcon_core.shell:Creating package script '/home/puzzlebot/Desktop/PUXXY_NODE/TE3002B/lane_processing_ws/install/lane_processing/share/lane_processing/package.zsh'
[53.514s] Level 1:colcon.colcon_core.environment:create_file_with_runtime_dependencies(/home/puzzlebot/Desktop/PUXXY_NODE/TE3002B/lane_processing_ws/install/lane_processing/share/colcon-core/packages/lane_processing)
[53.527s] DEBUG:colcon.colcon_parallel_executor.executor.parallel:closing loop
[53.527s] DEBUG:colcon.colcon_parallel_executor.executor.parallel:loop closed
[53.528s] DEBUG:colcon.colcon_parallel_executor.executor.parallel:run_until_complete finished with '2'
[53.528s] DEBUG:colcon.colcon_core.event_reactor:joining thread
[53.818s] INFO:colcon.colcon_core.plugin_system:Skipping extension 'colcon_notification.desktop_notification.terminal_notifier': Not used on non-Darwin systems
[53.818s] INFO:colcon.colcon_core.plugin_system:Skipping extension 'colcon_notification.desktop_notification.win32': Not used on non-Windows systems
[53.818s] INFO:colcon.colcon_notification.desktop_notification:Sending desktop notification using 'notify2'
[53.886s] DEBUG:colcon.colcon_core.event_reactor:joined thread
[54.165s] INFO:colcon.colcon_core.shell:Creating prefix script '/home/puzzlebot/Desktop/PUXXY_NODE/TE3002B/lane_processing_ws/install/local_setup.ps1'
[54.171s] INFO:colcon.colcon_core.shell:Creating prefix util module '/home/puzzlebot/Desktop/PUXXY_NODE/TE3002B/lane_processing_ws/install/_local_setup_util_ps1.py'
[54.178s] INFO:colcon.colcon_core.shell:Creating prefix chain script '/home/puzzlebot/Desktop/PUXXY_NODE/TE3002B/lane_processing_ws/install/setup.ps1'
[54.446s] INFO:colcon.colcon_core.shell:Creating prefix script '/home/puzzlebot/Desktop/PUXXY_NODE/TE3002B/lane_processing_ws/install/local_setup.sh'
[54.453s] INFO:colcon.colcon_core.shell:Creating prefix util module '/home/puzzlebot/Desktop/PUXXY_NODE/TE3002B/lane_processing_ws/install/_local_setup_util_sh.py'
[54.456s] INFO:colcon.colcon_core.shell:Creating prefix chain script '/home/puzzlebot/Desktop/PUXXY_NODE/TE3002B/lane_processing_ws/install/setup.sh'
[54.724s] INFO:colcon.colcon_core.shell:Creating prefix script '/home/puzzlebot/Desktop/PUXXY_NODE/TE3002B/lane_processing_ws/install/local_setup.bash'
[54.727s] INFO:colcon.colcon_core.shell:Creating prefix chain script '/home/puzzlebot/Desktop/PUXXY_NODE/TE3002B/lane_processing_ws/install/setup.bash'
[54.995s] INFO:colcon.colcon_core.shell:Creating prefix script '/home/puzzlebot/Desktop/PUXXY_NODE/TE3002B/lane_processing_ws/install/local_setup.zsh'
[54.998s] INFO:colcon.colcon_core.shell:Creating prefix chain script '/home/puzzlebot/Desktop/PUXXY_NODE/TE3002B/lane_processing_ws/install/setup.zsh'
