[1.306s] Invoking command in '/home/puzzlebot/Desktop/PUXXY_NODE/TE3002B/lane_processing_ws/build/lane_processing': CMAKE_PREFIX_PATH=/home/puzzlebot/ros2_ws/install/puzzlebot_ros:/opt/ros/humble:${CMAKE_PREFIX_PATH} /usr/bin/cmake --build /home/puzzlebot/Desktop/PUXXY_NODE/TE3002B/lane_processing_ws/build/lane_processing -- -j4 -l4
[1.500s] [35m[1mScanning dependencies of target lane_processing[0m
[1.817s] [ 25%] [32mBuilding CXX object CMakeFiles/lane_processing.dir/src/lib/perspective.cpp.o[0m
[1.831s] [ 50%] [32mBuilding CXX object CMakeFiles/lane_processing.dir/src/lane_detection.cpp.o[0m
[1.836s] [ 75%] [32mBuilding CXX object CMakeFiles/lane_processing.dir/src/lib/cv_wrapper.cpp.o[0m
[5.927s] In file included from [01m[K/home/puzzlebot/Desktop/PUXXY_NODE/TE3002B/lane_processing_ws/src/lane_processing/include/lane_processing/cv_wrapper.h:6[m[K,
[5.928s]                  from [01m[K/home/puzzlebot/Desktop/PUXXY_NODE/TE3002B/lane_processing_ws/src/lane_processing/src/lib/cv_wrapper.cpp:1[m[K:
[5.928s] [01m[K/home/puzzlebot/Desktop/PUXXY_NODE/TE3002B/lane_processing_ws/src/lane_processing/include/lane_processing/lane_params.h:35:42:[m[K [01;35m[Kwarning: [m[K‘[01m[KCROP_PARAMS[m[K’ initialized and declared ‘[01m[Kextern[m[K’
[5.929s]  extern std::map<std::string, CropParams> [01;35m[KCROP_PARAMS[m[K = {
[5.933s]                                           [01;35m[K^~~~~~~~~~~[m[K
[8.382s] In file included from [01m[K/home/puzzlebot/Desktop/PUXXY_NODE/TE3002B/lane_processing_ws/src/lane_processing/include/lane_processing/perspective.h:5[m[K,
[8.383s]                  from [01m[K/home/puzzlebot/Desktop/PUXXY_NODE/TE3002B/lane_processing_ws/src/lane_processing/src/lib/perspective.cpp:1[m[K:
[8.383s] [01m[K/home/puzzlebot/Desktop/PUXXY_NODE/TE3002B/lane_processing_ws/src/lane_processing/include/lane_processing/lane_params.h:35:42:[m[K [01;35m[Kwarning: [m[K‘[01m[KCROP_PARAMS[m[K’ initialized and declared ‘[01m[Kextern[m[K’
[8.384s]  extern std::map<std::string, CropParams> [01;35m[KCROP_PARAMS[m[K = {
[8.384s]                                           [01;35m[K^~~~~~~~~~~[m[K
[15.822s] In file included from [01m[K/home/puzzlebot/Desktop/PUXXY_NODE/TE3002B/lane_processing_ws/src/lane_processing/include/lane_processing/cv_wrapper.h:6[m[K,
[15.823s]                  from [01m[K/home/puzzlebot/Desktop/PUXXY_NODE/TE3002B/lane_processing_ws/src/lane_processing/src/lane_detection.cpp:9[m[K:
[15.823s] [01m[K/home/puzzlebot/Desktop/PUXXY_NODE/TE3002B/lane_processing_ws/src/lane_processing/include/lane_processing/lane_params.h:35:42:[m[K [01;35m[Kwarning: [m[K‘[01m[KCROP_PARAMS[m[K’ initialized and declared ‘[01m[Kextern[m[K’
[15.823s]  extern std::map<std::string, CropParams> [01;35m[KCROP_PARAMS[m[K = {
[15.824s]                                           [01;35m[K^~~~~~~~~~~[m[K
[41.346s] [100%] [32m[1mLinking CXX executable lane_processing[0m
[44.741s] /usr/bin/ld: CMakeFiles/lane_processing.dir/src/lib/cv_wrapper.cpp.o:(.bss+0x0): multiple definition of `CROP_PARAMS[abi:cxx11]'; CMakeFiles/lane_processing.dir/src/lane_detection.cpp.o:(.bss+0x0): first defined here
[44.741s] /usr/bin/ld: CMakeFiles/lane_processing.dir/src/lib/perspective.cpp.o:(.bss+0x0): multiple definition of `CROP_PARAMS[abi:cxx11]'; CMakeFiles/lane_processing.dir/src/lane_detection.cpp.o:(.bss+0x0): first defined here
[44.744s] collect2: error: ld returned 1 exit status
[44.749s] make[2]: *** [CMakeFiles/lane_processing.dir/build.make:198: lane_processing] Error 1
[44.750s] make[1]: *** [CMakeFiles/Makefile2:78: CMakeFiles/lane_processing.dir/all] Error 2
[44.751s] make: *** [Makefile:141: all] Error 2
[44.757s] Invoked command in '/home/puzzlebot/Desktop/PUXXY_NODE/TE3002B/lane_processing_ws/build/lane_processing' returned '2': CMAKE_PREFIX_PATH=/home/puzzlebot/ros2_ws/install/puzzlebot_ros:/opt/ros/humble:${CMAKE_PREFIX_PATH} /usr/bin/cmake --build /home/puzzlebot/Desktop/PUXXY_NODE/TE3002B/lane_processing_ws/build/lane_processing -- -j4 -l4
