[1.330s] Invoking command in '/home/puzzlebot/Desktop/PUXXY_NODE/TE3002B/lane_processing_ws/build/lane_processing': CMAKE_PREFIX_PATH=/home/puzzlebot/Desktop/PUXXY_NODE/TE3002B/lane_processing_ws/install/lane_processing:/home/puzzlebot/ros2_ws/install/puzzlebot_ros:/opt/ros/humble:/home/puzzlebot/ros2_packages_ws/install/ros_deep_learning:/home/puzzlebot/ros2_packages_ws/install/micro_ros_setup:/home/puzzlebot/ros2_packages_ws/install/micro_ros_agent:/home/puzzlebot/ros2_packages_ws/install/micro_ros_msgs:/home/puzzlebot/ros2_packages_ws/install/camera_info_publisher /usr/bin/cmake --build /home/puzzlebot/Desktop/PUXXY_NODE/TE3002B/lane_processing_ws/build/lane_processing -- -j4 -l4
[1.497s] [35m[1mScanning dependencies of target lane_processing[0m
[1.627s] [ 20%] [32mBuilding CXX object CMakeFiles/lane_processing.dir/src/lib/lane_funcs.cpp.o[0m
[5.113s] [01m[K/home/puzzlebot/Desktop/PUXXY_NODE/TE3002B/lane_processing_ws/src/lane_processing/src/lib/lane_funcs.cpp:[m[K In function ‘[01m[Kstd::vector<cv::Vec<int, 4> > group_similar_lines(std::vector<cv::Vec<int, 4> >&, int, double, int, bool)[m[K’:
[5.114s] [01m[K/home/puzzlebot/Desktop/PUXXY_NODE/TE3002B/lane_processing_ws/src/lane_processing/src/lib/lane_funcs.cpp:66:42:[m[K [01;31m[Kerror: [m[K‘[01m[Kx1[m[K’ was not declared in this scope
[5.114s]                  current_group.push_back({[01;31m[Kx1[m[K, y1, x2, y2, angle, avg_coordiante});
[5.115s]                                           [01;31m[K^~[m[K
[5.118s] [01m[K/home/puzzlebot/Desktop/PUXXY_NODE/TE3002B/lane_processing_ws/src/lane_processing/src/lib/lane_funcs.cpp:66:42:[m[K [01;36m[Knote: [m[Ksuggested alternative: ‘[01m[Ky1[m[K’
[5.118s]                  current_group.push_back({[01;36m[Kx1[m[K, y1, x2, y2, angle, avg_coordiante});
[5.119s]                                           [01;36m[K^~[m[K
[5.119s]                                           [32m[Ky1[m[K
[5.120s] [01m[K/home/puzzlebot/Desktop/PUXXY_NODE/TE3002B/lane_processing_ws/src/lane_processing/src/lib/lane_funcs.cpp:66:50:[m[K [01;31m[Kerror: [m[K‘[01m[Kx2[m[K’ was not declared in this scope
[5.120s]                  current_group.push_back({x1, y1, [01;31m[Kx2[m[K, y2, angle, avg_coordiante});
[5.121s]                                                   [01;31m[K^~[m[K
[5.122s] [01m[K/home/puzzlebot/Desktop/PUXXY_NODE/TE3002B/lane_processing_ws/src/lane_processing/src/lib/lane_funcs.cpp:66:54:[m[K [01;31m[Kerror: [m[K‘[01m[Ky2[m[K’ was not declared in this scope
[5.122s]                  current_group.push_back({x1, y1, x2, [01;31m[Ky2[m[K, angle, avg_coordiante});
[5.123s]                                                       [01;31m[K^~[m[K
[5.127s] [01m[K/home/puzzlebot/Desktop/PUXXY_NODE/TE3002B/lane_processing_ws/src/lane_processing/src/lib/lane_funcs.cpp:66:54:[m[K [01;36m[Knote: [m[Ksuggested alternative: ‘[01m[Kyn[m[K’
[5.127s]                  current_group.push_back({x1, y1, x2, [01;36m[Ky2[m[K, angle, avg_coordiante});
[5.127s]                                                       [01;36m[K^~[m[K
[5.128s]                                                       [32m[Kyn[m[K
[5.128s] [01m[K/home/puzzlebot/Desktop/PUXXY_NODE/TE3002B/lane_processing_ws/src/lane_processing/src/lib/lane_funcs.cpp:66:58:[m[K [01;31m[Kerror: [m[K‘[01m[Kangle[m[K’ was not declared in this scope
[5.129s]                  current_group.push_back({x1, y1, x2, y2, [01;31m[Kangle[m[K, avg_coordiante});
[5.129s]                                                           [01;31m[K^~~~~[m[K
[5.132s] [01m[K/home/puzzlebot/Desktop/PUXXY_NODE/TE3002B/lane_processing_ws/src/lane_processing/src/lib/lane_funcs.cpp:66:80:[m[K [01;31m[Kerror: [m[Kno matching function for call to ‘[01m[Kstd::vector<cv::Vec<double, 6> >::push_back(<brace-enclosed initializer list>)[m[K’
[5.133s]                  current_group.push_back({x1, y1, x2, y2, angle, avg_coordiante}[01;31m[K)[m[K;
[5.134s]                                                                                 [01;31m[K^[m[K
[5.134s] In file included from [01m[K/usr/include/c++/8/vector:64[m[K,
[5.135s]                  from [01m[K/home/puzzlebot/Desktop/PUXXY_NODE/TE3002B/lane_processing_ws/src/lane_processing/include/lane_processing/lane_funcs.h:8[m[K,
[5.135s]                  from [01m[K/home/puzzlebot/Desktop/PUXXY_NODE/TE3002B/lane_processing_ws/src/lane_processing/src/lib/lane_funcs.cpp:1[m[K:
[5.136s] [01m[K/usr/include/c++/8/bits/stl_vector.h:1074:7:[m[K [01;36m[Knote: [m[Kcandidate: ‘[01m[Kvoid std::vector<_Tp, _Alloc>::push_back(const value_type&) [with _Tp = cv::Vec<double, 6>; _Alloc = std::allocator<cv::Vec<double, 6> >; std::vector<_Tp, _Alloc>::value_type = cv::Vec<double, 6>][m[K’
[5.136s]        [01;36m[Kpush_back[m[K(const value_type& __x)
[5.136s]        [01;36m[K^~~~~~~~~[m[K
[5.137s] [01m[K/usr/include/c++/8/bits/stl_vector.h:1074:7:[m[K [01;36m[Knote: [m[K  no known conversion for argument 1 from ‘[01m[K<brace-enclosed initializer list>[m[K’ to ‘[01m[Kconst value_type&[m[K’ {aka ‘[01m[Kconst cv::Vec<double, 6>&[m[K’}
[5.137s] [01m[K/usr/include/c++/8/bits/stl_vector.h:1090:7:[m[K [01;36m[Knote: [m[Kcandidate: ‘[01m[Kvoid std::vector<_Tp, _Alloc>::push_back(std::vector<_Tp, _Alloc>::value_type&&) [with _Tp = cv::Vec<double, 6>; _Alloc = std::allocator<cv::Vec<double, 6> >; std::vector<_Tp, _Alloc>::value_type = cv::Vec<double, 6>][m[K’
[5.138s]        [01;36m[Kpush_back[m[K(value_type&& __x)
[5.138s]        [01;36m[K^~~~~~~~~[m[K
[5.139s] [01m[K/usr/include/c++/8/bits/stl_vector.h:1090:7:[m[K [01;36m[Knote: [m[K  no known conversion for argument 1 from ‘[01m[K<brace-enclosed initializer list>[m[K’ to ‘[01m[Kstd::vector<cv::Vec<double, 6> >::value_type&&[m[K’ {aka ‘[01m[Kcv::Vec<double, 6>&&[m[K’}
[5.140s] [01m[K/home/puzzlebot/Desktop/PUXXY_NODE/TE3002B/lane_processing_ws/src/lane_processing/src/lib/lane_funcs.cpp:74:77:[m[K [01;35m[Kwarning: [m[Knarrowing conversion of ‘[01m[Kavg_x1[m[K’ from ‘[01m[Kint[m[K’ to ‘[01m[Kdouble[m[K’ inside { } [[01;35m[K-Wnarrowing[m[K]
[5.141s]                      grouped_lines.push_back({avg_x1, avg_y1, avg_x2, avg_y2}[01;35m[K)[m[K;
[5.141s]                                                                              [01;35m[K^[m[K
[5.142s] [01m[K/home/puzzlebot/Desktop/PUXXY_NODE/TE3002B/lane_processing_ws/src/lane_processing/src/lib/lane_funcs.cpp:74:77:[m[K [01;35m[Kwarning: [m[Knarrowing conversion of ‘[01m[Kavg_x1[m[K’ from ‘[01m[Kint[m[K’ to ‘[01m[Kdouble[m[K’ inside { } [[01;35m[K-Wnarrowing[m[K]
[5.143s] [01m[K/home/puzzlebot/Desktop/PUXXY_NODE/TE3002B/lane_processing_ws/src/lane_processing/src/lib/lane_funcs.cpp:74:77:[m[K [01;35m[Kwarning: [m[Knarrowing conversion of ‘[01m[Kavg_y1[m[K’ from ‘[01m[Kint[m[K’ to ‘[01m[Kdouble[m[K’ inside { } [[01;35m[K-Wnarrowing[m[K]
[5.147s] [01m[K/home/puzzlebot/Desktop/PUXXY_NODE/TE3002B/lane_processing_ws/src/lane_processing/src/lib/lane_funcs.cpp:74:77:[m[K [01;35m[Kwarning: [m[Knarrowing conversion of ‘[01m[Kavg_y1[m[K’ from ‘[01m[Kint[m[K’ to ‘[01m[Kdouble[m[K’ inside { } [[01;35m[K-Wnarrowing[m[K]
[5.147s] [01m[K/home/puzzlebot/Desktop/PUXXY_NODE/TE3002B/lane_processing_ws/src/lane_processing/src/lib/lane_funcs.cpp:74:77:[m[K [01;35m[Kwarning: [m[Knarrowing conversion of ‘[01m[Kavg_x2[m[K’ from ‘[01m[Kint[m[K’ to ‘[01m[Kdouble[m[K’ inside { } [[01;35m[K-Wnarrowing[m[K]
[5.148s] [01m[K/home/puzzlebot/Desktop/PUXXY_NODE/TE3002B/lane_processing_ws/src/lane_processing/src/lib/lane_funcs.cpp:74:77:[m[K [01;35m[Kwarning: [m[Knarrowing conversion of ‘[01m[Kavg_x2[m[K’ from ‘[01m[Kint[m[K’ to ‘[01m[Kdouble[m[K’ inside { } [[01;35m[K-Wnarrowing[m[K]
[5.148s] [01m[K/home/puzzlebot/Desktop/PUXXY_NODE/TE3002B/lane_processing_ws/src/lane_processing/src/lib/lane_funcs.cpp:74:77:[m[K [01;35m[Kwarning: [m[Knarrowing conversion of ‘[01m[Kavg_y2[m[K’ from ‘[01m[Kint[m[K’ to ‘[01m[Kdouble[m[K’ inside { } [[01;35m[K-Wnarrowing[m[K]
[5.149s] [01m[K/home/puzzlebot/Desktop/PUXXY_NODE/TE3002B/lane_processing_ws/src/lane_processing/src/lib/lane_funcs.cpp:74:77:[m[K [01;35m[Kwarning: [m[Knarrowing conversion of ‘[01m[Kavg_y2[m[K’ from ‘[01m[Kint[m[K’ to ‘[01m[Kdouble[m[K’ inside { } [[01;35m[K-Wnarrowing[m[K]
[5.150s] [01m[K/home/puzzlebot/Desktop/PUXXY_NODE/TE3002B/lane_processing_ws/src/lane_processing/src/lib/lane_funcs.cpp:77:30:[m[K [01;31m[Kerror: [m[K‘[01m[Kangle[m[K’ was not declared in this scope
[5.150s]                  last_angle = [01;31m[Kangle[m[K;
[5.151s]                               [01;31m[K^~~~~[m[K
[5.151s] [01m[K/home/puzzlebot/Desktop/PUXXY_NODE/TE3002B/lane_processing_ws/src/lane_processing/src/lib/lane_funcs.cpp:86:69:[m[K [01;35m[Kwarning: [m[Knarrowing conversion of ‘[01m[Kavg_x1[m[K’ from ‘[01m[Kint[m[K’ to ‘[01m[Kdouble[m[K’ inside { } [[01;35m[K-Wnarrowing[m[K]
[5.151s]              grouped_lines.push_back({avg_x1, avg_y1, avg_x2, avg_y2}[01;35m[K)[m[K;
[5.152s]                                                                      [01;35m[K^[m[K
[5.152s] [01m[K/home/puzzlebot/Desktop/PUXXY_NODE/TE3002B/lane_processing_ws/src/lane_processing/src/lib/lane_funcs.cpp:86:69:[m[K [01;35m[Kwarning: [m[Knarrowing conversion of ‘[01m[Kavg_x1[m[K’ from ‘[01m[Kint[m[K’ to ‘[01m[Kdouble[m[K’ inside { } [[01;35m[K-Wnarrowing[m[K]
[5.153s] [01m[K/home/puzzlebot/Desktop/PUXXY_NODE/TE3002B/lane_processing_ws/src/lane_processing/src/lib/lane_funcs.cpp:86:69:[m[K [01;35m[Kwarning: [m[Knarrowing conversion of ‘[01m[Kavg_y1[m[K’ from ‘[01m[Kint[m[K’ to ‘[01m[Kdouble[m[K’ inside { } [[01;35m[K-Wnarrowing[m[K]
[5.153s] [01m[K/home/puzzlebot/Desktop/PUXXY_NODE/TE3002B/lane_processing_ws/src/lane_processing/src/lib/lane_funcs.cpp:86:69:[m[K [01;35m[Kwarning: [m[Knarrowing conversion of ‘[01m[Kavg_y1[m[K’ from ‘[01m[Kint[m[K’ to ‘[01m[Kdouble[m[K’ inside { } [[01;35m[K-Wnarrowing[m[K]
[5.154s] [01m[K/home/puzzlebot/Desktop/PUXXY_NODE/TE3002B/lane_processing_ws/src/lane_processing/src/lib/lane_funcs.cpp:86:69:[m[K [01;35m[Kwarning: [m[Knarrowing conversion of ‘[01m[Kavg_x2[m[K’ from ‘[01m[Kint[m[K’ to ‘[01m[Kdouble[m[K’ inside { } [[01;35m[K-Wnarrowing[m[K]
[5.155s] [01m[K/home/puzzlebot/Desktop/PUXXY_NODE/TE3002B/lane_processing_ws/src/lane_processing/src/lib/lane_funcs.cpp:86:69:[m[K [01;35m[Kwarning: [m[Knarrowing conversion of ‘[01m[Kavg_x2[m[K’ from ‘[01m[Kint[m[K’ to ‘[01m[Kdouble[m[K’ inside { } [[01;35m[K-Wnarrowing[m[K]
[5.155s] [01m[K/home/puzzlebot/Desktop/PUXXY_NODE/TE3002B/lane_processing_ws/src/lane_processing/src/lib/lane_funcs.cpp:86:69:[m[K [01;35m[Kwarning: [m[Knarrowing conversion of ‘[01m[Kavg_y2[m[K’ from ‘[01m[Kint[m[K’ to ‘[01m[Kdouble[m[K’ inside { } [[01;35m[K-Wnarrowing[m[K]
[5.156s] [01m[K/home/puzzlebot/Desktop/PUXXY_NODE/TE3002B/lane_processing_ws/src/lane_processing/src/lib/lane_funcs.cpp:86:69:[m[K [01;35m[Kwarning: [m[Knarrowing conversion of ‘[01m[Kavg_y2[m[K’ from ‘[01m[Kint[m[K’ to ‘[01m[Kdouble[m[K’ inside { } [[01;35m[K-Wnarrowing[m[K]
[5.156s] [01m[K/home/puzzlebot/Desktop/PUXXY_NODE/TE3002B/lane_processing_ws/src/lane_processing/src/lib/lane_funcs.cpp:88:17:[m[K [01;31m[Kerror: [m[Kno match for ‘[01m[Koperator=[m[K’ (operand types are ‘[01m[Kstd::vector<cv::Vec<int, 4> >[m[K’ and ‘[01m[Kstd::vector<cv::Vec<double, 4> >[m[K’)
[5.157s]          lines = [01;31m[Kgrouped_lines[m[K;
[5.157s]                  [01;31m[K^~~~~~~~~~~~~[m[K
[5.157s] In file included from [01m[K/usr/include/c++/8/vector:69[m[K,
[5.158s]                  from [01m[K/home/puzzlebot/Desktop/PUXXY_NODE/TE3002B/lane_processing_ws/src/lane_processing/include/lane_processing/lane_funcs.h:8[m[K,
[5.159s]                  from [01m[K/home/puzzlebot/Desktop/PUXXY_NODE/TE3002B/lane_processing_ws/src/lane_processing/src/lib/lane_funcs.cpp:1[m[K:
[5.159s] [01m[K/usr/include/c++/8/bits/vector.tcc:186:5:[m[K [01;36m[Knote: [m[Kcandidate: ‘[01m[Kstd::vector<_Tp, _Alloc>& std::vector<_Tp, _Alloc>::operator=(const std::vector<_Tp, _Alloc>&) [with _Tp = cv::Vec<int, 4>; _Alloc = std::allocator<cv::Vec<int, 4> >][m[K’
[5.159s]      [01;36m[Kvector<_Tp, _Alloc>[m[K::
[5.160s]      [01;36m[K^~~~~~~~~~~~~~~~~~~[m[K
[5.161s] [01m[K/usr/include/c++/8/bits/vector.tcc:186:5:[m[K [01;36m[Knote: [m[K  no known conversion for argument 1 from ‘[01m[Kstd::vector<cv::Vec<double, 4> >[m[K’ to ‘[01m[Kconst std::vector<cv::Vec<int, 4> >&[m[K’
[5.161s] In file included from [01m[K/usr/include/c++/8/vector:64[m[K,
[5.162s]                  from [01m[K/home/puzzlebot/Desktop/PUXXY_NODE/TE3002B/lane_processing_ws/src/lane_processing/include/lane_processing/lane_funcs.h:8[m[K,
[5.162s]                  from [01m[K/home/puzzlebot/Desktop/PUXXY_NODE/TE3002B/lane_processing_ws/src/lane_processing/src/lib/lane_funcs.cpp:1[m[K:
[5.162s] [01m[K/usr/include/c++/8/bits/stl_vector.h:596:7:[m[K [01;36m[Knote: [m[Kcandidate: ‘[01m[Kstd::vector<_Tp, _Alloc>& std::vector<_Tp, _Alloc>::operator=(std::vector<_Tp, _Alloc>&&) [with _Tp = cv::Vec<int, 4>; _Alloc = std::allocator<cv::Vec<int, 4> >][m[K’
[5.163s]        [01;36m[Koperator[m[K=(vector&& __x) noexcept(_Alloc_traits::_S_nothrow_move())
[5.163s]        [01;36m[K^~~~~~~~[m[K
[5.164s] [01m[K/usr/include/c++/8/bits/stl_vector.h:596:7:[m[K [01;36m[Knote: [m[K  no known conversion for argument 1 from ‘[01m[Kstd::vector<cv::Vec<double, 4> >[m[K’ to ‘[01m[Kstd::vector<cv::Vec<int, 4> >&&[m[K’
[5.164s] [01m[K/usr/include/c++/8/bits/stl_vector.h:617:7:[m[K [01;36m[Knote: [m[Kcandidate: ‘[01m[Kstd::vector<_Tp, _Alloc>& std::vector<_Tp, _Alloc>::operator=(std::initializer_list<_Tp>) [with _Tp = cv::Vec<int, 4>; _Alloc = std::allocator<cv::Vec<int, 4> >][m[K’
[5.165s]        [01;36m[Koperator[m[K=(initializer_list<value_type> __l)
[5.165s]        [01;36m[K^~~~~~~~[m[K
[5.166s] [01m[K/usr/include/c++/8/bits/stl_vector.h:617:7:[m[K [01;36m[Knote: [m[K  no known conversion for argument 1 from ‘[01m[Kstd::vector<cv::Vec<double, 4> >[m[K’ to ‘[01m[Kstd::initializer_list<cv::Vec<int, 4> >[m[K’
[5.166s] [01m[K/home/puzzlebot/Desktop/PUXXY_NODE/TE3002B/lane_processing_ws/src/lane_processing/src/lib/lane_funcs.cpp:90:12:[m[K [01;31m[Kerror: [m[Kcould not convert ‘[01m[Kgrouped_lines[m[K’ from ‘[01m[Kvector<Vec<[01;32m[Kdouble[m[K,[...]>>[m[K’ to ‘[01m[Kvector<Vec<[01;32m[Kint[m[K,[...]>>[m[K’
[5.167s]      return [01;31m[Kgrouped_lines[m[K;
[5.167s]             [01;31m[K^~~~~~~~~~~~~[m[K
[5.168s] [01m[K/home/puzzlebot/Desktop/PUXXY_NODE/TE3002B/lane_processing_ws/src/lane_processing/src/lib/lane_funcs.cpp:[m[K In function ‘[01m[Kcv::Vec<double, 4> select_relevant_line(std::vector<cv::Vec<double, 4> >&, cv::Vec<double, 4>&)[m[K’:
[5.169s] [01m[K/home/puzzlebot/Desktop/PUXXY_NODE/TE3002B/lane_processing_ws/src/lane_processing/src/lib/lane_funcs.cpp:100:23:[m[K [01;31m[Kerror: [m[Kno match for ‘[01m[Koperator==[m[K’ (operand types are ‘[01m[Kcv::Vec<double, 4>[m[K’ and ‘[01m[Kcv::Vec4i[m[K’ {aka ‘[01m[Kcv::Vec<int, 4>[m[K’})
[5.169s]      if ([01;31m[Kprevious_line == cv::Vec4i(0, 0, 0, 0)[m[K) {
[5.170s]          [01;31m[K~~~~~~~~~~~~~~^~~~~~~~~~~~~~~~~~~~~~~~[m[K
[5.170s] In file included from [01m[K/usr/include/opencv4/opencv2/core/types.hpp:58[m[K,
[5.171s]                  from [01m[K/home/puzzlebot/Desktop/PUXXY_NODE/TE3002B/lane_processing_ws/src/lane_processing/include/lane_processing/lane_funcs.h:10[m[K,
[5.171s]                  from [01m[K/home/puzzlebot/Desktop/PUXXY_NODE/TE3002B/lane_processing_ws/src/lane_processing/src/lib/lane_funcs.cpp:1[m[K:
[5.172s] [01m[K/usr/include/opencv4/opencv2/core/matx.hpp:1292:6:[m[K [01;36m[Knote: [m[Kcandidate: ‘[01m[Ktemplate<class _Tp, int m, int n> bool cv::operator==(const cv::Matx<_Tp, m, n>&, const cv::Matx<_Tp, m, n>&)[m[K’
[5.172s]  bool [01;36m[Koperator[m[K == (const Matx<_Tp, m, n>& a, const Matx<_Tp, m, n>& b)
[5.173s]       [01;36m[K^~~~~~~~[m[K
[5.173s] [01m[K/usr/include/opencv4/opencv2/core/matx.hpp:1292:6:[m[K [01;36m[Knote: [m[K  template argument deduction/substitution failed:
[5.173s] [01m[K/home/puzzlebot/Desktop/PUXXY_NODE/TE3002B/lane_processing_ws/src/lane_processing/src/lib/lane_funcs.cpp:100:46:[m[K [01;36m[Knote: [m[K  deduced conflicting types for parameter ‘[01m[K_Tp[m[K’ (‘[01m[Kdouble[m[K’ and ‘[01m[Kint[m[K’)
[5.174s]      if (previous_line == cv::Vec4i(0, 0, 0, 0[01;36m[K)[m[K) {
[5.175s]                                               [01;36m[K^[m[K
[5.175s] In file included from [01m[K/home/puzzlebot/Desktop/PUXXY_NODE/TE3002B/lane_processing_ws/src/lane_processing/include/lane_processing/lane_funcs.h:10[m[K,
[5.176s]                  from [01m[K/home/puzzlebot/Desktop/PUXXY_NODE/TE3002B/lane_processing_ws/src/lane_processing/src/lib/lane_funcs.cpp:1[m[K:
[5.176s] [01m[K/usr/include/opencv4/opencv2/core/types.hpp:1013:6:[m[K [01;36m[Knote: [m[Kcandidate: ‘[01m[Ktemplate<class _Tp> bool cv::operator==(const cv::Complex<_Tp>&, const cv::Complex<_Tp>&)[m[K’
[5.177s]  bool [01;36m[Koperator[m[K == (const Complex<_Tp>& a, const Complex<_Tp>& b)
[5.177s]       [01;36m[K^~~~~~~~[m[K
[5.178s] [01m[K/usr/include/opencv4/opencv2/core/types.hpp:1013:6:[m[K [01;36m[Knote: [m[K  template argument deduction/substitution failed:
[5.178s] [01m[K/home/puzzlebot/Desktop/PUXXY_NODE/TE3002B/lane_processing_ws/src/lane_processing/src/lib/lane_funcs.cpp:100:46:[m[K [01;36m[Knote: [m[K  ‘[01m[Kcv::Vec<double, 4>[m[K’ is not derived from ‘[01m[Kconst cv::Complex<_Tp>[m[K’
[5.179s]      if (previous_line == cv::Vec4i(0, 0, 0, 0[01;36m[K)[m[K) {
[5.179s]                                               [01;36m[K^[m[K
[5.180s] In file included from [01m[K/home/puzzlebot/Desktop/PUXXY_NODE/TE3002B/lane_processing_ws/src/lane_processing/include/lane_processing/lane_funcs.h:10[m[K,
[5.181s]                  from [01m[K/home/puzzlebot/Desktop/PUXXY_NODE/TE3002B/lane_processing_ws/src/lane_processing/src/lib/lane_funcs.cpp:1[m[K:
[5.181s] [01m[K/usr/include/opencv4/opencv2/core/types.hpp:1305:6:[m[K [01;36m[Knote: [m[Kcandidate: ‘[01m[Ktemplate<class _Tp> bool cv::operator==(const cv::Point_<_Tp>&, const cv::Point_<_Tp>&)[m[K’
[5.182s]  bool [01;36m[Koperator[m[K == (const Point_<_Tp>& a, const Point_<_Tp>& b)
[5.183s]       [01;36m[K^~~~~~~~[m[K
[5.184s] [01m[K/usr/include/opencv4/opencv2/core/types.hpp:1305:6:[m[K [01;36m[Knote: [m[K  template argument deduction/substitution failed:
[5.184s] [01m[K/home/puzzlebot/Desktop/PUXXY_NODE/TE3002B/lane_processing_ws/src/lane_processing/src/lib/lane_funcs.cpp:100:46:[m[K [01;36m[Knote: [m[K  ‘[01m[Kcv::Vec<double, 4>[m[K’ is not derived from ‘[01m[Kconst cv::Point_<_Tp>[m[K’
[5.185s]      if (previous_line == cv::Vec4i(0, 0, 0, 0[01;36m[K)[m[K) {
[5.185s]                                               [01;36m[K^[m[K
[5.186s] In file included from [01m[K/home/puzzlebot/Desktop/PUXXY_NODE/TE3002B/lane_processing_ws/src/lane_processing/include/lane_processing/lane_funcs.h:10[m[K,
[5.186s]                  from [01m[K/home/puzzlebot/Desktop/PUXXY_NODE/TE3002B/lane_processing_ws/src/lane_processing/src/lib/lane_funcs.cpp:1[m[K:
[5.187s] [01m[K/usr/include/opencv4/opencv2/core/types.hpp:1574:6:[m[K [01;36m[Knote: [m[Kcandidate: ‘[01m[Ktemplate<class _Tp> bool cv::operator==(const cv::Point3_<_Tp>&, const cv::Point3_<_Tp>&)[m[K’
[5.187s]  bool [01;36m[Koperator[m[K == (const Point3_<_Tp>& a, const Point3_<_Tp>& b)
[5.188s]       [01;36m[K^~~~~~~~[m[K
[5.188s] [01m[K/usr/include/opencv4/opencv2/core/types.hpp:1574:6:[m[K [01;36m[Knote: [m[K  template argument deduction/substitution failed:
[5.189s] [01m[K/home/puzzlebot/Desktop/PUXXY_NODE/TE3002B/lane_processing_ws/src/lane_processing/src/lib/lane_funcs.cpp:100:46:[m[K [01;36m[Knote: [m[K  ‘[01m[Kcv::Vec<double, 4>[m[K’ is not derived from ‘[01m[Kconst cv::Point3_<_Tp>[m[K’
[5.189s]      if (previous_line == cv::Vec4i(0, 0, 0, 0[01;36m[K)[m[K) {
[5.190s]                                               [01;36m[K^[m[K
[5.190s] In file included from [01m[K/home/puzzlebot/Desktop/PUXXY_NODE/TE3002B/lane_processing_ws/src/lane_processing/include/lane_processing/lane_funcs.h:10[m[K,
[5.191s]                  from [01m[K/home/puzzlebot/Desktop/PUXXY_NODE/TE3002B/lane_processing_ws/src/lane_processing/src/lib/lane_funcs.cpp:1[m[K:
[5.191s] [01m[K/usr/include/opencv4/opencv2/core/types.hpp:1807:6:[m[K [01;36m[Knote: [m[Kcandidate: ‘[01m[Ktemplate<class _Tp> bool cv::operator==(const cv::Size_<_Tp>&, const cv::Size_<_Tp>&)[m[K’
[5.192s]  bool [01;36m[Koperator[m[K == (const Size_<_Tp>& a, const Size_<_Tp>& b)
[5.192s]       [01;36m[K^~~~~~~~[m[K
[5.193s] [01m[K/usr/include/opencv4/opencv2/core/types.hpp:1807:6:[m[K [01;36m[Knote: [m[K  template argument deduction/substitution failed:
[5.193s] [01m[K/home/puzzlebot/Desktop/PUXXY_NODE/TE3002B/lane_processing_ws/src/lane_processing/src/lib/lane_funcs.cpp:100:46:[m[K [01;36m[Knote: [m[K  ‘[01m[Kcv::Vec<double, 4>[m[K’ is not derived from ‘[01m[Kconst cv::Size_<_Tp>[m[K’
[5.194s]      if (previous_line == cv::Vec4i(0, 0, 0, 0[01;36m[K)[m[K) {
[5.195s]                                               [01;36m[K^[m[K
[5.195s] In file included from [01m[K/home/puzzlebot/Desktop/PUXXY_NODE/TE3002B/lane_processing_ws/src/lane_processing/include/lane_processing/lane_funcs.h:10[m[K,
[5.196s]                  from [01m[K/home/puzzlebot/Desktop/PUXXY_NODE/TE3002B/lane_processing_ws/src/lane_processing/src/lib/lane_funcs.cpp:1[m[K:
[5.196s] [01m[K/usr/include/opencv4/opencv2/core/types.hpp:1984:6:[m[K [01;36m[Knote: [m[Kcandidate: ‘[01m[Ktemplate<class _Tp> bool cv::operator==(const cv::Rect_<_Tp>&, const cv::Rect_<_Tp>&)[m[K’
[5.196s]  bool [01;36m[Koperator[m[K == (const Rect_<_Tp>& a, const Rect_<_Tp>& b)
[5.197s]       [01;36m[K^~~~~~~~[m[K
[5.197s] [01m[K/usr/include/opencv4/opencv2/core/types.hpp:1984:6:[m[K [01;36m[Knote: [m[K  template argument deduction/substitution failed:
[5.198s] [01m[K/home/puzzlebot/Desktop/PUXXY_NODE/TE3002B/lane_processing_ws/src/lane_processing/src/lib/lane_funcs.cpp:100:46:[m[K [01;36m[Knote: [m[K  ‘[01m[Kcv::Vec<double, 4>[m[K’ is not derived from ‘[01m[Kconst cv::Rect_<_Tp>[m[K’
[5.199s]      if (previous_line == cv::Vec4i(0, 0, 0, 0[01;36m[K)[m[K) {
[5.199s]                                               [01;36m[K^[m[K
[5.199s] In file included from [01m[K/home/puzzlebot/Desktop/PUXXY_NODE/TE3002B/lane_processing_ws/src/lane_processing/include/lane_processing/lane_funcs.h:10[m[K,
[5.200s]                  from [01m[K/home/puzzlebot/Desktop/PUXXY_NODE/TE3002B/lane_processing_ws/src/lane_processing/src/lib/lane_funcs.cpp:1[m[K:
[5.200s] [01m[K/usr/include/opencv4/opencv2/core/types.hpp:2097:6:[m[K [01;36m[Knote: [m[Kcandidate: ‘[01m[Kbool cv::operator==(const cv::Range&, const cv::Range&)[m[K’
[5.201s]  bool [01;36m[Koperator[m[K == (const Range& r1, const Range& r2)
[5.201s]       [01;36m[K^~~~~~~~[m[K
[5.201s] [01m[K/usr/include/opencv4/opencv2/core/types.hpp:2097:6:[m[K [01;36m[Knote: [m[K  no known conversion for argument 1 from ‘[01m[Kcv::Vec<double, 4>[m[K’ to ‘[01m[Kconst cv::Range&[m[K’
[5.202s] [01m[K/usr/include/opencv4/opencv2/core/types.hpp:2286:6:[m[K [01;36m[Knote: [m[Kcandidate: ‘[01m[Ktemplate<class _Tp> bool cv::operator==(const cv::Scalar_<_Tp>&, const cv::Scalar_<_Tp>&)[m[K’
[5.202s]  bool [01;36m[Koperator[m[K == ( const Scalar_<_Tp>& a, const Scalar_<_Tp>& b )
[5.202s]       [01;36m[K^~~~~~~~[m[K
[5.203s] [01m[K/usr/include/opencv4/opencv2/core/types.hpp:2286:6:[m[K [01;36m[Knote: [m[K  template argument deduction/substitution failed:
[5.203s] [01m[K/home/puzzlebot/Desktop/PUXXY_NODE/TE3002B/lane_processing_ws/src/lane_processing/src/lib/lane_funcs.cpp:100:46:[m[K [01;36m[Knote: [m[K  ‘[01m[Kcv::Vec<double, 4>[m[K’ is not derived from ‘[01m[Kconst cv::Scalar_<_Tp>[m[K’
[5.204s]      if (previous_line == cv::Vec4i(0, 0, 0, 0[01;36m[K)[m[K) {
[5.204s]                                               [01;36m[K^[m[K
[5.204s] In file included from [01m[K/usr/include/opencv4/opencv2/core/types.hpp:56[m[K,
[5.205s]                  from [01m[K/home/puzzlebot/Desktop/PUXXY_NODE/TE3002B/lane_processing_ws/src/lane_processing/include/lane_processing/lane_funcs.h:10[m[K,
[5.205s]                  from [01m[K/home/puzzlebot/Desktop/PUXXY_NODE/TE3002B/lane_processing_ws/src/lane_processing/src/lib/lane_funcs.cpp:1[m[K:
[5.205s] [01m[K/usr/include/opencv4/opencv2/core/mat.hpp:66:1:[m[K [01;36m[Knote: [m[Kcandidate: ‘[01m[Kbool cv::operator==(const cv::AccessFlag&, const int&)[m[K’
[5.206s]  [01;36m[KCV_ENUM_FLAGS[m[K(AccessFlag)
[5.206s]  [01;36m[K^~~~~~~~~~~~~[m[K
[5.207s] [01m[K/usr/include/opencv4/opencv2/core/mat.hpp:66:1:[m[K [01;36m[Knote: [m[K  no known conversion for argument 1 from ‘[01m[Kcv::Vec<double, 4>[m[K’ to ‘[01m[Kconst cv::AccessFlag&[m[K’
[5.207s] [01m[K/usr/include/opencv4/opencv2/core/mat.hpp:262:1:[m[K [01;36m[Knote: [m[Kcandidate: ‘[01m[Kbool cv::operator==(const cv::_InputArray::KindFlag&, const int&)[m[K’
[5.207s]  [01;36m[KCV_ENUM_FLAGS[m[K(_InputArray::KindFlag)
[5.208s]  [01;36m[K^~~~~~~~~~~~~[m[K
[5.208s] [01m[K/usr/include/opencv4/opencv2/core/mat.hpp:262:1:[m[K [01;36m[Knote: [m[K  no known conversion for argument 1 from ‘[01m[Kcv::Vec<double, 4>[m[K’ to ‘[01m[Kconst cv::_InputArray::KindFlag&[m[K’
[5.208s] [01m[K/usr/include/opencv4/opencv2/core/mat.hpp:569:1:[m[K [01;36m[Knote: [m[Kcandidate: ‘[01m[Kbool cv::operator==(const cv::UMatData::MemoryFlag&, const int&)[m[K’
[5.209s]  [01;36m[KCV_ENUM_FLAGS[m[K(UMatData::MemoryFlag)
[5.209s]  [01;36m[K^~~~~~~~~~~~~[m[K
[5.210s] [01m[K/usr/include/opencv4/opencv2/core/mat.hpp:569:1:[m[K [01;36m[Knote: [m[K  no known conversion for argument 1 from ‘[01m[Kcv::Vec<double, 4>[m[K’ to ‘[01m[Kconst cv::UMatData::MemoryFlag&[m[K’
[5.210s] In file included from [01m[K/usr/include/opencv4/opencv2/core.hpp:59[m[K,
[5.210s]                  from [01m[K/usr/include/opencv4/opencv2/imgproc.hpp:46[m[K,
[5.211s]                  from [01m[K/home/puzzlebot/Desktop/PUXXY_NODE/TE3002B/lane_processing_ws/src/lane_processing/include/lane_processing/lane_funcs.h:11[m[K,
[5.211s]                  from [01m[K/home/puzzlebot/Desktop/PUXXY_NODE/TE3002B/lane_processing_ws/src/lane_processing/src/lib/lane_funcs.cpp:1[m[K:
[5.211s] [01m[K/usr/include/opencv4/opencv2/core/mat.hpp:3628:20:[m[K [01;36m[Knote: [m[Kcandidate: ‘[01m[Kcv::MatExpr cv::operator==(const cv::Mat&, const cv::Mat&)[m[K’
[5.212s]  CV_EXPORTS MatExpr [01;36m[Koperator[m[K == (const Mat& a, const Mat& b);
[5.212s]                     [01;36m[K^~~~~~~~[m[K
[5.212s] [01m[K/usr/include/opencv4/opencv2/core/mat.hpp:3628:20:[m[K [01;36m[Knote: [m[K  no known conversion for argument 1 from ‘[01m[Kcv::Vec<double, 4>[m[K’ to ‘[01m[Kconst cv::Mat&[m[K’
[5.213s] [01m[K/usr/include/opencv4/opencv2/core/mat.hpp:3629:20:[m[K [01;36m[Knote: [m[Kcandidate: ‘[01m[Kcv::MatExpr cv::operator==(const cv::Mat&, double)[m[K’
[5.213s]  CV_EXPORTS MatExpr [01;36m[Koperator[m[K == (const Mat& a, double s);
[5.214s]                     [01;36m[K^~~~~~~~[m[K
[5.214s] [01m[K/usr/include/opencv4/opencv2/core/mat.hpp:3629:20:[m[K [01;36m[Knote: [m[K  no known conversion for argument 1 from ‘[01m[Kcv::Vec<double, 4>[m[K’ to ‘[01m[Kconst cv::Mat&[m[K’
[5.215s] [01m[K/usr/include/opencv4/opencv2/core/mat.hpp:3630:20:[m[K [01;36m[Knote: [m[Kcandidate: ‘[01m[Kcv::MatExpr cv::operator==(double, const cv::Mat&)[m[K’
[5.216s]  CV_EXPORTS MatExpr [01;36m[Koperator[m[K == (double s, const Mat& a);
[5.216s]                     [01;36m[K^~~~~~~~[m[K
[5.217s] [01m[K/usr/include/opencv4/opencv2/core/mat.hpp:3630:20:[m[K [01;36m[Knote: [m[K  no known conversion for argument 1 from ‘[01m[Kcv::Vec<double, 4>[m[K’ to ‘[01m[Kdouble[m[K’
[5.217s] [01m[K/usr/include/opencv4/opencv2/core/mat.hpp:3632:9:[m[K [01;36m[Knote: [m[Kcandidate: ‘[01m[Ktemplate<class _Tp, int m, int n> cv::MatExpr cv::operator==(const cv::Mat&, const cv::Matx<_Tp, m, n>&)[m[K’
[5.218s]  MatExpr [01;36m[Koperator[m[K == (const Mat& a, const Matx<_Tp, m, n>& b) { return a == Mat(b); }
[5.218s]          [01;36m[K^~~~~~~~[m[K
[5.218s] [01m[K/usr/include/opencv4/opencv2/core/mat.hpp:3632:9:[m[K [01;36m[Knote: [m[K  template argument deduction/substitution failed:
[5.219s] [01m[K/home/puzzlebot/Desktop/PUXXY_NODE/TE3002B/lane_processing_ws/src/lane_processing/src/lib/lane_funcs.cpp:100:9:[m[K [01;36m[Knote: [m[K  cannot convert ‘[01m[Kprevious_line[m[K’ (type ‘[01m[Kcv::Vec<double, 4>[m[K’) to type ‘[01m[Kconst cv::Mat&[m[K’
[5.219s]      if ([01;36m[Kprevious_line[m[K == cv::Vec4i(0, 0, 0, 0)) {
[5.219s]          [01;36m[K^~~~~~~~~~~~~[m[K
[5.220s] In file included from [01m[K/usr/include/opencv4/opencv2/core.hpp:59[m[K,
[5.220s]                  from [01m[K/usr/include/opencv4/opencv2/imgproc.hpp:46[m[K,
[5.220s]                  from [01m[K/home/puzzlebot/Desktop/PUXXY_NODE/TE3002B/lane_processing_ws/src/lane_processing/include/lane_processing/lane_funcs.h:11[m[K,
[5.221s]                  from [01m[K/home/puzzlebot/Desktop/PUXXY_NODE/TE3002B/lane_processing_ws/src/lane_processing/src/lib/lane_funcs.cpp:1[m[K:
[5.221s] [01m[K/usr/include/opencv4/opencv2/core/mat.hpp:3634:9:[m[K [01;36m[Knote: [m[Kcandidate: ‘[01m[Ktemplate<class _Tp, int m, int n> cv::MatExpr cv::operator==(const cv::Matx<_Tp, m, n>&, const cv::Mat&)[m[K’
[5.222s]  MatExpr [01;36m[Koperator[m[K == (const Matx<_Tp, m, n>& a, const Mat& b) { return Mat(a) == b; }
[5.222s]          [01;36m[K^~~~~~~~[m[K
[5.222s] [01m[K/usr/include/opencv4/opencv2/core/mat.hpp:3634:9:[m[K [01;36m[Knote: [m[K  template argument deduction/substitution failed:
[5.223s] [01m[K/home/puzzlebot/Desktop/PUXXY_NODE/TE3002B/lane_processing_ws/src/lane_processing/src/lib/lane_funcs.cpp:100:30:[m[K [01;36m[Knote: [m[K  cannot convert ‘[01m[Kcv::Vec<int, 4>(0, 0, 0, 0)[m[K’ (type ‘[01m[Kcv::Vec4i[m[K’ {aka ‘[01m[Kcv::Vec<int, 4>[m[K’}) to type ‘[01m[Kconst cv::Mat&[m[K’
[5.223s]      if (previous_line == cv::[01;36m[KVec4i(0, 0, 0, 0)[m[K) {
[5.224s]                               [01;36m[K^~~~~~~~~~~~~~~~~[m[K
[5.224s] In file included from [01m[K/usr/include/opencv4/opencv2/core/mat.hpp:3724[m[K,
[5.224s]                  from [01m[K/usr/include/opencv4/opencv2/core.hpp:59[m[K,
[5.225s]                  from [01m[K/usr/include/opencv4/opencv2/imgproc.hpp:46[m[K,
[5.225s]                  from [01m[K/home/puzzlebot/Desktop/PUXXY_NODE/TE3002B/lane_processing_ws/src/lane_processing/include/lane_processing/lane_funcs.h:11[m[K,
[5.226s]                  from [01m[K/home/puzzlebot/Desktop/PUXXY_NODE/TE3002B/lane_processing_ws/src/lane_processing/src/lib/lane_funcs.cpp:1[m[K:
[5.226s] [01m[K/usr/include/opencv4/opencv2/core/mat.inl.hpp:2740:6:[m[K [01;36m[Knote: [m[Kcandidate: ‘[01m[Kbool cv::operator==(const cv::MatConstIterator&, const cv::MatConstIterator&)[m[K’
[5.227s]  bool [01;36m[Koperator[m[K == (const MatConstIterator& a, const MatConstIterator& b)
[5.227s]       [01;36m[K^~~~~~~~[m[K
[5.228s] [01m[K/usr/include/opencv4/opencv2/core/mat.inl.hpp:2740:6:[m[K [01;36m[Knote: [m[K  no known conversion for argument 1 from ‘[01m[Kcv::Vec<double, 4>[m[K’ to ‘[01m[Kconst cv::MatConstIterator&[m[K’
[5.228s] [01m[K/usr/include/opencv4/opencv2/core/mat.inl.hpp:2923:6:[m[K [01;36m[Knote: [m[Kcandidate: ‘[01m[Ktemplate<class _Tp> bool cv::operator==(const cv::MatConstIterator_<_Tp>&, const cv::MatConstIterator_<_Tp>&)[m[K’
[5.228s]  bool [01;36m[Koperator[m[K == (const MatConstIterator_<_Tp>& a, const MatConstIterator_<_Tp>& b)
[5.229s]       [01;36m[K^~~~~~~~[m[K
[5.229s] [01m[K/usr/include/opencv4/opencv2/core/mat.inl.hpp:2923:6:[m[K [01;36m[Knote: [m[K  template argument deduction/substitution failed:
[5.229s] [01m[K/home/puzzlebot/Desktop/PUXXY_NODE/TE3002B/lane_processing_ws/src/lane_processing/src/lib/lane_funcs.cpp:100:46:[m[K [01;36m[Knote: [m[K  ‘[01m[Kcv::Vec<double, 4>[m[K’ is not derived from ‘[01m[Kconst cv::MatConstIterator_<_Tp>[m[K’
[5.230s]      if (previous_line == cv::Vec4i(0, 0, 0, 0[01;36m[K)[m[K) {
[5.230s]                                               [01;36m[K^[m[K
[5.231s] In file included from [01m[K/usr/include/opencv4/opencv2/core/mat.hpp:3724[m[K,
[5.231s]                  from [01m[K/usr/include/opencv4/opencv2/core.hpp:59[m[K,
[5.231s]                  from [01m[K/usr/include/opencv4/opencv2/imgproc.hpp:46[m[K,
[5.232s]                  from [01m[K/home/puzzlebot/Desktop/PUXXY_NODE/TE3002B/lane_processing_ws/src/lane_processing/include/lane_processing/lane_funcs.h:11[m[K,
[5.232s]                  from [01m[K/home/puzzlebot/Desktop/PUXXY_NODE/TE3002B/lane_processing_ws/src/lane_processing/src/lib/lane_funcs.cpp:1[m[K:
[5.232s] [01m[K/usr/include/opencv4/opencv2/core/mat.inl.hpp:3060:6:[m[K [01;36m[Knote: [m[Kcandidate: ‘[01m[Ktemplate<class _Tp> bool cv::operator==(const cv::MatIterator_<_Tp>&, const cv::MatIterator_<_Tp>&)[m[K’
[5.233s]  bool [01;36m[Koperator[m[K == (const MatIterator_<_Tp>& a, const MatIterator_<_Tp>& b)
[5.233s]       [01;36m[K^~~~~~~~[m[K
[5.234s] [01m[K/usr/include/opencv4/opencv2/core/mat.inl.hpp:3060:6:[m[K [01;36m[Knote: [m[K  template argument deduction/substitution failed:
[5.234s] [01m[K/home/puzzlebot/Desktop/PUXXY_NODE/TE3002B/lane_processing_ws/src/lane_processing/src/lib/lane_funcs.cpp:100:46:[m[K [01;36m[Knote: [m[K  ‘[01m[Kcv::Vec<double, 4>[m[K’ is not derived from ‘[01m[Kconst cv::MatIterator_<_Tp>[m[K’
[5.234s]      if (previous_line == cv::Vec4i(0, 0, 0, 0[01;36m[K)[m[K) {
[5.235s]                                               [01;36m[K^[m[K
[5.235s] In file included from [01m[K/usr/include/opencv4/opencv2/core/mat.hpp:3724[m[K,
[5.236s]                  from [01m[K/usr/include/opencv4/opencv2/core.hpp:59[m[K,
[5.236s]                  from [01m[K/usr/include/opencv4/opencv2/imgproc.hpp:46[m[K,
[5.237s]                  from [01m[K/home/puzzlebot/Desktop/PUXXY_NODE/TE3002B/lane_processing_ws/src/lane_processing/include/lane_processing/lane_funcs.h:11[m[K,
[5.238s]                  from [01m[K/home/puzzlebot/Desktop/PUXXY_NODE/TE3002B/lane_processing_ws/src/lane_processing/src/lib/lane_funcs.cpp:1[m[K:
[5.238s] [01m[K/usr/include/opencv4/opencv2/core/mat.inl.hpp:3149:6:[m[K [01;36m[Knote: [m[Kcandidate: ‘[01m[Kbool cv::operator==(const cv::SparseMatConstIterator&, const cv::SparseMatConstIterator&)[m[K’
[5.239s]  bool [01;36m[Koperator[m[K == (const SparseMatConstIterator& it1, const SparseMatConstIterator& it2)
[5.239s]       [01;36m[K^~~~~~~~[m[K
[5.239s] [01m[K/usr/include/opencv4/opencv2/core/mat.inl.hpp:3149:6:[m[K [01;36m[Knote: [m[K  no known conversion for argument 1 from ‘[01m[Kcv::Vec<double, 4>[m[K’ to ‘[01m[Kconst cv::SparseMatConstIterator&[m[K’
[5.240s] In file included from [01m[K/usr/include/opencv4/opencv2/core.hpp:60[m[K,
[5.240s]                  from [01m[K/usr/include/opencv4/opencv2/imgproc.hpp:46[m[K,
[5.240s]                  from [01m[K/home/puzzlebot/Desktop/PUXXY_NODE/TE3002B/lane_processing_ws/src/lane_processing/include/lane_processing/lane_funcs.h:11[m[K,
[5.241s]                  from [01m[K/home/puzzlebot/Desktop/PUXXY_NODE/TE3002B/lane_processing_ws/src/lane_processing/src/lib/lane_funcs.cpp:1[m[K:
[5.241s] [01m[K/usr/include/opencv4/opencv2/core/persistence.hpp:1318:17:[m[K [01;36m[Knote: [m[Kcandidate: ‘[01m[Kbool cv::operator==(const cv::FileNodeIterator&, const cv::FileNodeIterator&)[m[K’
[5.241s]  CV_EXPORTS bool [01;36m[Koperator[m[K == (const FileNodeIterator& it1, const FileNodeIterator& it2);
[5.242s]                  [01;36m[K^~~~~~~~[m[K
[5.242s] [01m[K/usr/include/opencv4/opencv2/core/persistence.hpp:1318:17:[m[K [01;36m[Knote: [m[K  no known conversion for argument 1 from ‘[01m[Kcv::Vec<double, 4>[m[K’ to ‘[01m[Kconst cv::FileNodeIterator&[m[K’
[5.243s] [01m[K/home/puzzlebot/Desktop/PUXXY_NODE/TE3002B/lane_processing_ws/src/lane_processing/src/lib/lane_funcs.cpp:116:46:[m[K [01;31m[Kerror: [m[K‘[01m[Kprev_mid_x[m[K’ was not declared in this scope
[5.243s]          double distance = std::sqrt(std::pow([01;31m[Kprev_mid_x[m[K - mid_x, 2) + std::pow(prev_mid_y - mid_y, 2));
[5.243s]                                               [01;31m[K^~~~~~~~~~[m[K
[5.244s] [01m[K/home/puzzlebot/Desktop/PUXXY_NODE/TE3002B/lane_processing_ws/src/lane_processing/src/lib/lane_funcs.cpp:116:46:[m[K [01;36m[Knote: [m[Ksuggested alternative: ‘[01m[Kpre_mid_x[m[K’
[5.244s]          double distance = std::sqrt(std::pow([01;36m[Kprev_mid_x[m[K - mid_x, 2) + std::pow(prev_mid_y - mid_y, 2));
[5.244s]                                               [01;36m[K^~~~~~~~~~[m[K
[5.245s]                                               [32m[Kpre_mid_x[m[K
[5.245s] [01m[K/home/puzzlebot/Desktop/PUXXY_NODE/TE3002B/lane_processing_ws/src/lane_processing/src/lib/lane_funcs.cpp:116:80:[m[K [01;31m[Kerror: [m[K‘[01m[Kprev_mid_y[m[K’ was not declared in this scope
[5.245s]          double distance = std::sqrt(std::pow(prev_mid_x - mid_x, 2) + std::pow([01;31m[Kprev_mid_y[m[K - mid_y, 2));
[5.246s]                                                                                 [01;31m[K^~~~~~~~~~[m[K
[5.246s] [01m[K/home/puzzlebot/Desktop/PUXXY_NODE/TE3002B/lane_processing_ws/src/lane_processing/src/lib/lane_funcs.cpp:116:80:[m[K [01;36m[Knote: [m[Ksuggested alternative: ‘[01m[Kpre_mid_y[m[K’
[5.247s]          double distance = std::sqrt(std::pow(prev_mid_x - mid_x, 2) + std::pow([01;36m[Kprev_mid_y[m[K - mid_y, 2));
[5.247s]                                                                                 [01;36m[K^~~~~~~~~~[m[K
[5.247s]                                                                                 [32m[Kpre_mid_y[m[K
[5.248s] [01m[K/home/puzzlebot/Desktop/PUXXY_NODE/TE3002B/lane_processing_ws/src/lane_processing/src/lib/lane_funcs.cpp:117:38:[m[K [01;31m[Kerror: [m[K‘[01m[Kprev_angle[m[K’ was not declared in this scope
[5.248s]          double angle_diff = std::abs([01;31m[Kprev_angle[m[K - angle);
[5.248s]                                       [01;31m[K^~~~~~~~~~[m[K
[5.249s] [01m[K/home/puzzlebot/Desktop/PUXXY_NODE/TE3002B/lane_processing_ws/src/lane_processing/src/lib/lane_funcs.cpp:117:38:[m[K [01;36m[Knote: [m[Ksuggested alternative: ‘[01m[Kpre_mid_angle[m[K’
[5.249s]          double angle_diff = std::abs([01;36m[Kprev_angle[m[K - angle);
[5.249s]                                       [01;36m[K^~~~~~~~~~[m[K
[5.250s]                                       [32m[Kpre_mid_angle[m[K
[5.250s] [01m[K/home/puzzlebot/Desktop/PUXXY_NODE/TE3002B/lane_processing_ws/src/lane_processing/src/lib/lane_funcs.cpp:104:12:[m[K [01;35m[Kwarning: [m[Kunused variable ‘[01m[Kpre_mid_x[m[K’ [[01;35m[K-Wunused-variable[m[K]
[5.250s]      double [01;35m[Kpre_mid_x[m[K = (previous_line[0] + previous_line[2])/2;
[5.251s]             [01;35m[K^~~~~~~~~[m[K
[5.251s] [01m[K/home/puzzlebot/Desktop/PUXXY_NODE/TE3002B/lane_processing_ws/src/lane_processing/src/lib/lane_funcs.cpp:105:12:[m[K [01;35m[Kwarning: [m[Kunused variable ‘[01m[Kpre_mid_y[m[K’ [[01;35m[K-Wunused-variable[m[K]
[5.251s]      double [01;35m[Kpre_mid_y[m[K = (previous_line[1] + previous_line[3])/2;
[5.252s]             [01;35m[K^~~~~~~~~[m[K
[5.252s] [01m[K/home/puzzlebot/Desktop/PUXXY_NODE/TE3002B/lane_processing_ws/src/lane_processing/src/lib/lane_funcs.cpp:106:12:[m[K [01;35m[Kwarning: [m[Kunused variable ‘[01m[Kpre_mid_angle[m[K’ [[01;35m[K-Wunused-variable[m[K]
[5.253s]      double [01;35m[Kpre_mid_angle[m[K = std::atan2(previous_line[3] - previous_line[1], previous_line[2] - previous_line[0]);
[5.253s]             [01;35m[K^~~~~~~~~~~~~[m[K
[5.254s] [01m[K/home/puzzlebot/Desktop/PUXXY_NODE/TE3002B/lane_processing_ws/src/lane_processing/src/lib/lane_funcs.cpp:[m[K In function ‘[01m[Kdouble calculate_angle_error(cv::Vec<double, 4>&, int, int)[m[K’:
[5.254s] [01m[K/home/puzzlebot/Desktop/PUXXY_NODE/TE3002B/lane_processing_ws/src/lane_processing/src/lib/lane_funcs.cpp:135:5:[m[K [01;31m[Kerror: [m[K‘[01m[Kdx[m[K’ was not declared in this scope
[5.255s]      [01;31m[Kdx[m[K = mid_x - bottom_center_x;
[5.255s]      [01;31m[K^~[m[K
[5.255s] [01m[K/home/puzzlebot/Desktop/PUXXY_NODE/TE3002B/lane_processing_ws/src/lane_processing/src/lib/lane_funcs.cpp:136:5:[m[K [01;31m[Kerror: [m[K‘[01m[Kdy[m[K’ was not declared in this scope
[5.256s]      [01;31m[Kdy[m[K = bottom_center_y - mid_y;
[5.256s]      [01;31m[K^~[m[K
[5.257s] [01m[K/home/puzzlebot/Desktop/PUXXY_NODE/TE3002B/lane_processing_ws/src/lane_processing/src/lib/lane_funcs.cpp:[m[K At global scope:
[5.257s] [01m[K/home/puzzlebot/Desktop/PUXXY_NODE/TE3002B/lane_processing_ws/src/lane_processing/src/lib/lane_funcs.cpp:153:42:[m[K [01;31m[Kerror: [m[K‘[01m[KVec[m[K’ is not a member of ‘[01m[Kstd[m[K’
[5.257s]      cv::Mat& frame_src, std::vector<std::[01;31m[KVec[m[K<double, 4>>& lines,
[5.258s]                                           [01;31m[K^~~[m[K
[5.258s] [01m[K/home/puzzlebot/Desktop/PUXXY_NODE/TE3002B/lane_processing_ws/src/lane_processing/src/lib/lane_funcs.cpp:153:42:[m[K [01;36m[Knote: [m[Ksuggested alternative: ‘[01m[Kdec[m[K’
[5.258s]      cv::Mat& frame_src, std::vector<std::[01;36m[KVec[m[K<double, 4>>& lines,
[5.259s]                                           [01;36m[K^~~[m[K
[5.259s]                                           [32m[Kdec[m[K
[5.259s] [01m[K/home/puzzlebot/Desktop/PUXXY_NODE/TE3002B/lane_processing_ws/src/lane_processing/src/lib/lane_funcs.cpp:153:55:[m[K [01;31m[Kerror: [m[Ktemplate argument 1 is invalid
[5.260s]      cv::Mat& frame_src, std::vector<std::Vec<double, 4[01;31m[K>>[m[K& lines,
[5.260s]                                                        [01;31m[K^~[m[K
[5.261s] [01m[K/home/puzzlebot/Desktop/PUXXY_NODE/TE3002B/lane_processing_ws/src/lane_processing/src/lib/lane_funcs.cpp:153:55:[m[K [01;31m[Kerror: [m[Ktemplate argument 2 is invalid
[5.261s] [01m[K/home/puzzlebot/Desktop/PUXXY_NODE/TE3002B/lane_processing_ws/src/lane_processing/src/lib/lane_funcs.cpp:153:42:[m[K [01;31m[Kerror: [m[K‘[01m[KVec[m[K’ is not a member of ‘[01m[Kstd[m[K’
[5.261s]      cv::Mat& frame_src, std::vector<std::[01;31m[KVec[m[K<double, 4>>& lines,
[5.262s]                                           [01;31m[K^~~[m[K
[5.262s] [01m[K/home/puzzlebot/Desktop/PUXXY_NODE/TE3002B/lane_processing_ws/src/lane_processing/src/lib/lane_funcs.cpp:153:42:[m[K [01;36m[Knote: [m[Ksuggested alternative: ‘[01m[Kdec[m[K’
[5.262s]      cv::Mat& frame_src, std::vector<std::[01;36m[KVec[m[K<double, 4>>& lines,
[5.263s]                                           [01;36m[K^~~[m[K
[5.263s]                                           [32m[Kdec[m[K
[5.264s] [01m[K/home/puzzlebot/Desktop/PUXXY_NODE/TE3002B/lane_processing_ws/src/lane_processing/src/lib/lane_funcs.cpp:153:55:[m[K [01;31m[Kerror: [m[Ktemplate argument 1 is invalid
[5.265s]      cv::Mat& frame_src, std::vector<std::Vec<double, 4[01;31m[K>>[m[K& lines,
[5.265s]                                                        [01;31m[K^~[m[K
[5.265s] [01m[K/home/puzzlebot/Desktop/PUXXY_NODE/TE3002B/lane_processing_ws/src/lane_processing/src/lib/lane_funcs.cpp:153:55:[m[K [01;31m[Kerror: [m[Ktemplate argument 2 is invalid
[5.266s] [01m[K/home/puzzlebot/Desktop/PUXXY_NODE/TE3002B/lane_processing_ws/src/lane_processing/src/lib/lane_funcs.cpp:153:42:[m[K [01;31m[Kerror: [m[K‘[01m[KVec[m[K’ is not a member of ‘[01m[Kstd[m[K’
[5.266s]      cv::Mat& frame_src, std::vector<std::[01;31m[KVec[m[K<double, 4>>& lines,
[5.267s]                                           [01;31m[K^~~[m[K
[5.267s] [01m[K/home/puzzlebot/Desktop/PUXXY_NODE/TE3002B/lane_processing_ws/src/lane_processing/src/lib/lane_funcs.cpp:153:42:[m[K [01;36m[Knote: [m[Ksuggested alternative: ‘[01m[Kdec[m[K’
[5.267s]      cv::Mat& frame_src, std::vector<std::[01;36m[KVec[m[K<double, 4>>& lines,
[5.268s]                                           [01;36m[K^~~[m[K
[5.268s]                                           [32m[Kdec[m[K
[5.268s] [01m[K/home/puzzlebot/Desktop/PUXXY_NODE/TE3002B/lane_processing_ws/src/lane_processing/src/lib/lane_funcs.cpp:153:55:[m[K [01;31m[Kerror: [m[Ktemplate argument 1 is invalid
[5.269s]      cv::Mat& frame_src, std::vector<std::Vec<double, 4[01;31m[K>>[m[K& lines,
[5.269s]                                                        [01;31m[K^~[m[K
[5.270s] [01m[K/home/puzzlebot/Desktop/PUXXY_NODE/TE3002B/lane_processing_ws/src/lane_processing/src/lib/lane_funcs.cpp:153:55:[m[K [01;31m[Kerror: [m[Ktemplate argument 2 is invalid
[5.270s] [01m[K/home/puzzlebot/Desktop/PUXXY_NODE/TE3002B/lane_processing_ws/src/lane_processing/src/lib/lane_funcs.cpp:153:42:[m[K [01;31m[Kerror: [m[K‘[01m[KVec[m[K’ is not a member of ‘[01m[Kstd[m[K’
[5.270s]      cv::Mat& frame_src, std::vector<std::[01;31m[KVec[m[K<double, 4>>& lines,
[5.271s]                                           [01;31m[K^~~[m[K
[5.271s] [01m[K/home/puzzlebot/Desktop/PUXXY_NODE/TE3002B/lane_processing_ws/src/lane_processing/src/lib/lane_funcs.cpp:153:42:[m[K [01;36m[Knote: [m[Ksuggested alternative: ‘[01m[Kdec[m[K’
[5.272s]      cv::Mat& frame_src, std::vector<std::[01;36m[KVec[m[K<double, 4>>& lines,
[5.272s]                                           [01;36m[K^~~[m[K
[5.272s]                                           [32m[Kdec[m[K
[5.273s] [01m[K/home/puzzlebot/Desktop/PUXXY_NODE/TE3002B/lane_processing_ws/src/lane_processing/src/lib/lane_funcs.cpp:153:55:[m[K [01;31m[Kerror: [m[Ktemplate argument 1 is invalid
[5.273s]      cv::Mat& frame_src, std::vector<std::Vec<double, 4[01;31m[K>>[m[K& lines,
[5.273s]                                                        [01;31m[K^~[m[K
[5.274s] [01m[K/home/puzzlebot/Desktop/PUXXY_NODE/TE3002B/lane_processing_ws/src/lane_processing/src/lib/lane_funcs.cpp:153:55:[m[K [01;31m[Kerror: [m[Ktemplate argument 2 is invalid
[5.274s] [01m[K/home/puzzlebot/Desktop/PUXXY_NODE/TE3002B/lane_processing_ws/src/lane_processing/src/lib/lane_funcs.cpp:153:25:[m[K [01;31m[Kerror: [m[Kinvalid template-id
[5.275s]      cv::Mat& frame_src, [01;31m[Kstd[m[K::vector<std::Vec<double, 4>>& lines,
[5.275s]                          [01;31m[K^~~[m[K
[5.275s] [01m[K/home/puzzlebot/Desktop/PUXXY_NODE/TE3002B/lane_processing_ws/src/lane_processing/src/lib/lane_funcs.cpp:153:42:[m[K [01;31m[Kerror: [m[K‘[01m[KVec[m[K’ is not a member of ‘[01m[Kstd[m[K’
[5.276s]      cv::Mat& frame_src, std::vector<std::[01;31m[KVec[m[K<double, 4>>& lines,
[5.276s]                                           [01;31m[K^~~[m[K
[5.277s] [01m[K/home/puzzlebot/Desktop/PUXXY_NODE/TE3002B/lane_processing_ws/src/lane_processing/src/lib/lane_funcs.cpp:153:42:[m[K [01;36m[Knote: [m[Ksuggested alternative: ‘[01m[Kdec[m[K’
[5.277s]      cv::Mat& frame_src, std::vector<std::[01;36m[KVec[m[K<double, 4>>& lines,
[5.277s]                                           [01;36m[K^~~[m[K
[5.278s]                                           [32m[Kdec[m[K
[5.278s] [01m[K/home/puzzlebot/Desktop/PUXXY_NODE/TE3002B/lane_processing_ws/src/lane_processing/src/lib/lane_funcs.cpp:153:46:[m[K [01;31m[Kerror: [m[Kexpected primary-expression before ‘[01m[Kdouble[m[K’
[5.279s]      cv::Mat& frame_src, std::vector<std::Vec<[01;31m[Kdouble[m[K, 4>>& lines,
[5.279s]                                               [01;31m[K^~~~~~[m[K
[5.279s] [01m[K/home/puzzlebot/Desktop/PUXXY_NODE/TE3002B/lane_processing_ws/src/lane_processing/src/lib/lane_funcs.cpp:153:46:[m[K [01;31m[Kerror: [m[Kexpected ‘[01m[K>[m[K’ before ‘[01m[Kdouble[m[K’
[5.280s] [01m[K/home/puzzlebot/Desktop/PUXXY_NODE/TE3002B/lane_processing_ws/src/lane_processing/src/lib/lane_funcs.cpp:153:25:[m[K [01;31m[Kerror: [m[Ktemplate placeholder type ‘[01m[Kvector[m[K’ must be followed by a simple declarator-id
[5.280s]      cv::Mat& frame_src, [01;31m[Kstd[m[K::vector<std::Vec<double, 4>>& lines,
[5.281s]                          [01;31m[K^~~[m[K
[5.281s] In file included from [01m[K/usr/include/c++/8/vector:64[m[K,
[5.281s]                  from [01m[K/home/puzzlebot/Desktop/PUXXY_NODE/TE3002B/lane_processing_ws/src/lane_processing/include/lane_processing/lane_funcs.h:8[m[K,
[5.282s]                  from [01m[K/home/puzzlebot/Desktop/PUXXY_NODE/TE3002B/lane_processing_ws/src/lane_processing/src/lib/lane_funcs.cpp:1[m[K:
[5.282s] [01m[K/usr/include/c++/8/bits/stl_vector.h:339:11:[m[K [01;36m[Knote: [m[K‘[01m[Ktemplate<class _Tp, class _Alloc> class std::vector[m[K’ declared here
[5.282s]      class [01;36m[Kvector[m[K : protected _Vector_base<_Tp, _Alloc>
[5.283s]            [01;36m[K^~~~~~[m[K
[5.283s] [01m[K/home/puzzlebot/Desktop/PUXXY_NODE/TE3002B/lane_processing_ws/src/lane_processing/src/lib/lane_funcs.cpp:153:59:[m[K [01;31m[Kerror: [m[K‘[01m[Kauto[m[K’ parameter not permitted in this context
[5.284s]      cv::Mat& frame_src, std::vector<std::Vec<double, 4>>& [01;31m[Klines[m[K,
[5.284s]                                                            [01;31m[K^~~~~[m[K
[5.284s] [01m[K/home/puzzlebot/Desktop/PUXXY_NODE/TE3002B/lane_processing_ws/src/lane_processing/src/lib/lane_funcs.cpp:154:47:[m[K [01;31m[Kerror: [m[Kcannot bind non-const lvalue reference of type ‘[01m[Kcv::Scalar&[m[K’ {aka ‘[01m[Kcv::Scalar_<double>&[m[K’} to an rvalue of type ‘[01m[Kcv::Scalar[m[K’ {aka ‘[01m[Kcv::Scalar_<double>[m[K’}
[5.285s]      cv::Scalar& color = 255, int thickness = 2[01;31m[K)[m[K
[5.285s]                                                [01;31m[K^[m[K
[5.286s] In file included from [01m[K/home/puzzlebot/Desktop/PUXXY_NODE/TE3002B/lane_processing_ws/src/lane_processing/include/lane_processing/lane_funcs.h:10[m[K,
[5.286s]                  from [01m[K/home/puzzlebot/Desktop/PUXXY_NODE/TE3002B/lane_processing_ws/src/lane_processing/src/lib/lane_funcs.cpp:1[m[K:
[5.286s] [01m[K/usr/include/opencv4/opencv2/core/types.hpp:2207:1:[m[K [01;36m[Knote: [m[K  after user-defined conversion: ‘[01m[Kcv::Scalar_<_Tp>::Scalar_(_Tp) [with _Tp = double][m[K’
[5.287s]  [01;36m[KScalar_<_Tp>[m[K::Scalar_(_Tp v0)
[5.287s]  [01;36m[K^~~~~~~~~~~~[m[K
[5.288s] [01m[K/home/puzzlebot/Desktop/PUXXY_NODE/TE3002B/lane_processing_ws/src/lane_processing/src/lib/lane_funcs.cpp:[m[K In function ‘[01m[Kcv::Mat draw_hough_lines(cv::Mat&, cv::Scalar&, int)[m[K’:
[5.288s] [01m[K/home/puzzlebot/Desktop/PUXXY_NODE/TE3002B/lane_processing_ws/src/lane_processing/src/lib/lane_funcs.cpp:156:9:[m[K [01;31m[Kerror: [m[K‘[01m[Klines[m[K’ was not declared in this scope
[5.288s]      if ([01;31m[Klines[m[K.empty()) {
[5.289s]          [01;31m[K^~~~~[m[K
[5.289s] [01m[K/home/puzzlebot/Desktop/PUXXY_NODE/TE3002B/lane_processing_ws/src/lane_processing/src/lib/lane_funcs.cpp:156:9:[m[K [01;36m[Knote: [m[Ksuggested alternative: ‘[01m[Klinux[m[K’
[5.290s]      if ([01;36m[Klines[m[K.empty()) {
[5.290s]          [01;36m[K^~~~~[m[K
[5.290s]          [32m[Klinux[m[K
[5.291s] [01m[K/home/puzzlebot/Desktop/PUXXY_NODE/TE3002B/lane_processing_ws/src/lane_processing/src/lib/lane_funcs.cpp:160:37:[m[K [01;31m[Kerror: [m[K‘[01m[Klines[m[K’ was not declared in this scope
[5.291s]      for (cv::Vec<double, 4>& line : [01;31m[Klines[m[K) {
[5.291s]                                      [01;31m[K^~~~~[m[K
[5.292s] [01m[K/home/puzzlebot/Desktop/PUXXY_NODE/TE3002B/lane_processing_ws/src/lane_processing/src/lib/lane_funcs.cpp:160:37:[m[K [01;36m[Knote: [m[Ksuggested alternative: ‘[01m[Kline[m[K’
[5.292s]      for (cv::Vec<double, 4>& line : [01;36m[Klines[m[K) {
[5.293s]                                      [01;36m[K^~~~~[m[K
[5.293s]                                      [32m[Kline[m[K
[5.293s] [01m[K/home/puzzlebot/Desktop/PUXXY_NODE/TE3002B/lane_processing_ws/src/lane_processing/src/lib/lane_funcs.cpp:166:12:[m[K [01;31m[Kerror: [m[K‘[01m[Kframe[m[K’ was not declared in this scope
[5.294s]      return [01;31m[Kframe[m[K;
[5.294s]             [01;31m[K^~~~~[m[K
[5.295s] [01m[K/home/puzzlebot/Desktop/PUXXY_NODE/TE3002B/lane_processing_ws/src/lane_processing/src/lib/lane_funcs.cpp:166:12:[m[K [01;36m[Knote: [m[Ksuggested alternative: ‘[01m[Kfree[m[K’
[5.295s]      return [01;36m[Kframe[m[K;
[5.295s]             [01;36m[K^~~~~[m[K
[5.296s]             [32m[Kfree[m[K
[5.296s] [01m[K/home/puzzlebot/Desktop/PUXXY_NODE/TE3002B/lane_processing_ws/src/lane_processing/src/lib/lane_funcs.cpp:[m[K In function ‘[01m[Kdouble detect_lane_center(cv::Mat&)[m[K’:
[5.297s] [01m[K/home/puzzlebot/Desktop/PUXXY_NODE/TE3002B/lane_processing_ws/src/lane_processing/src/lib/lane_funcs.cpp:174:17:[m[K [01;31m[Kerror: [m[K‘[01m[KVec4i[m[K’ was not declared in this scope
[5.297s]      std::vector<[01;31m[KVec4i[m[K> lines = detect_lines_hough(cropped_frame);
[5.297s]                  [01;31m[K^~~~~[m[K
[5.298s] [01m[K/home/puzzlebot/Desktop/PUXXY_NODE/TE3002B/lane_processing_ws/src/lane_processing/src/lib/lane_funcs.cpp:174:17:[m[K [01;36m[Knote: [m[Ksuggested alternative:
[5.298s] In file included from [01m[K/usr/include/opencv4/opencv2/core/types.hpp:58[m[K,
[5.298s]                  from [01m[K/home/puzzlebot/Desktop/PUXXY_NODE/TE3002B/lane_processing_ws/src/lane_processing/include/lane_processing/lane_funcs.h:10[m[K,
[5.299s]                  from [01m[K/home/puzzlebot/Desktop/PUXXY_NODE/TE3002B/lane_processing_ws/src/lane_processing/src/lib/lane_funcs.cpp:1[m[K:
[5.299s] [01m[K/usr/include/opencv4/opencv2/core/matx.hpp:414:21:[m[K [01;36m[Knote: [m[K  ‘[01m[Kcv::Vec4i[m[K’
[5.300s]  typedef Vec<int, 4> [01;36m[KVec4i[m[K;
[5.300s]                      [01;36m[K^~~~~[m[K
[5.300s] [01m[K/home/puzzlebot/Desktop/PUXXY_NODE/TE3002B/lane_processing_ws/src/lane_processing/src/lib/lane_funcs.cpp:174:22:[m[K [01;31m[Kerror: [m[Ktemplate argument 1 is invalid
[5.301s]      std::vector<Vec4i[01;31m[K>[m[K lines = detect_lines_hough(cropped_frame);
[5.301s]                       [01;31m[K^[m[K
[5.301s] [01m[K/home/puzzlebot/Desktop/PUXXY_NODE/TE3002B/lane_processing_ws/src/lane_processing/src/lib/lane_funcs.cpp:174:22:[m[K [01;31m[Kerror: [m[Ktemplate argument 2 is invalid
[5.302s] [01m[K/home/puzzlebot/Desktop/PUXXY_NODE/TE3002B/lane_processing_ws/src/lane_processing/src/lib/lane_funcs.cpp:174:64:[m[K [01;31m[Kerror: [m[Kcannot convert ‘[01m[Kstd::vector<cv::Vec<int, 4> >[m[K’ to ‘[01m[Kint[m[K’ in initialization
[5.302s]      std::vector<Vec4i> lines = detect_lines_hough(cropped_frame[01;31m[K)[m[K;
[5.303s]                                                                 [01;31m[K^[m[K
[5.303s] [01m[K/home/puzzlebot/Desktop/PUXXY_NODE/TE3002B/lane_processing_ws/src/lane_processing/src/lib/lane_funcs.cpp:175:33:[m[K [01;31m[Kerror: [m[Kinvalid initialization of reference of type ‘[01m[Kstd::vector<cv::Vec<int, 4> >&[m[K’ from expression of type ‘[01m[Kint[m[K’
[5.303s]      lines = group_similar_lines([01;31m[Klines[m[K);
[5.304s]                                  [01;31m[K^~~~~[m[K
[5.304s] [01m[K/home/puzzlebot/Desktop/PUXXY_NODE/TE3002B/lane_processing_ws/src/lane_processing/src/lib/lane_funcs.cpp:16:24:[m[K [01;36m[Knote: [m[Kin passing argument 1 of ‘[01m[Kstd::vector<cv::Vec<int, 4> > group_similar_lines(std::vector<cv::Vec<int, 4> >&, int, double, int, bool)[m[K’
[5.305s]  std::vector<cv::Vec4i> [01;36m[Kgroup_similar_lines[m[K(
[5.305s]                         [01;36m[K^~~~~~~~~~~~~~~~~~~[m[K
[5.305s] [01m[K/home/puzzlebot/Desktop/PUXXY_NODE/TE3002B/lane_processing_ws/src/lane_processing/src/lib/lane_funcs.cpp:176:5:[m[K [01;31m[Kerror: [m[K‘[01m[Kprevious_line[m[K’ was not declared in this scope
[5.306s]      [01;31m[Kprevious_line[m[K = lane_history;
[5.306s]      [01;31m[K^~~~~~~~~~~~~[m[K
[5.306s] [01m[K/home/puzzlebot/Desktop/PUXXY_NODE/TE3002B/lane_processing_ws/src/lane_processing/src/lib/lane_funcs.cpp:176:5:[m[K [01;36m[Knote: [m[Ksuggested alternative: ‘[01m[Kdraw_hough_lines[m[K’
[5.307s]      [01;36m[Kprevious_line[m[K = lane_history;
[5.307s]      [01;36m[K^~~~~~~~~~~~~[m[K
[5.308s]      [32m[Kdraw_hough_lines[m[K
[5.308s] [01m[K/home/puzzlebot/Desktop/PUXXY_NODE/TE3002B/lane_processing_ws/src/lane_processing/src/lib/lane_funcs.cpp:177:5:[m[K [01;31m[Kerror: [m[K‘[01m[Kselected_line[m[K’ was not declared in this scope
[5.308s]      [01;31m[Kselected_line[m[K = select_relevant_line(lines, previous_line);
[5.309s]      [01;31m[K^~~~~~~~~~~~~[m[K
[5.309s] [01m[K/home/puzzlebot/Desktop/PUXXY_NODE/TE3002B/lane_processing_ws/src/lane_processing/src/lib/lane_funcs.cpp:178:26:[m[K [01;31m[Kerror: [m[Kexpected primary-expression before ‘[01m[K{[m[K’ token
[5.309s]      if (selected_line != [01;31m[K{[m[K0, 0, 0, 0}) {
[5.310s]                           [01;31m[K^[m[K
[5.310s] [01m[K/home/puzzlebot/Desktop/PUXXY_NODE/TE3002B/lane_processing_ws/src/lane_processing/src/lib/lane_funcs.cpp:178:25:[m[K [01;31m[Kerror: [m[Kexpected ‘[01m[K)[m[K’ before ‘[01m[K{[m[K’ token
[5.311s]      if [34m[K([m[Kselected_line !=[01;31m[K [m[K[32m[K{[m[K0, 0, 0, 0}) {
[5.311s]         [34m[K~[m[K                [01;31m[K^[m[K[32m[K~[m[K
[5.311s]                          [32m[K)[m[K
[5.312s] [01m[K/home/puzzlebot/Desktop/PUXXY_NODE/TE3002B/lane_processing_ws/src/lane_processing/src/lib/lane_funcs.cpp:185:14:[m[K [01;31m[Kerror: [m[K‘[01m[Kcerr[m[K’ is not a member of ‘[01m[Kstd[m[K’
[5.312s]          std::[01;31m[Kcerr[m[K << "No valid line detected, using previous line if available.\n";
[5.312s]               [01;31m[K^~~~[m[K
[5.313s] [01m[K/home/puzzlebot/Desktop/PUXXY_NODE/TE3002B/lane_processing_ws/src/lane_processing/src/lib/lane_funcs.cpp:185:14:[m[K [01;36m[Knote: [m[K‘[01m[Kstd::cerr[m[K’ is defined in header ‘[01m[K<iostream>[m[K’; did you forget to ‘[01m[K#include <iostream>[m[K’?
[5.313s] [01m[K/home/puzzlebot/Desktop/PUXXY_NODE/TE3002B/lane_processing_ws/src/lane_processing/src/lib/lane_funcs.cpp:2:1:[m[K
[5.314s] +[32m[K#include <iostream>[m[K
[5.314s]  
[5.314s] [01m[K/home/puzzlebot/Desktop/PUXXY_NODE/TE3002B/lane_processing_ws/src/lane_processing/src/lib/lane_funcs.cpp:185:14:[m[K
[5.315s]          std::[01;36m[Kcerr[m[K << "No valid line detected, using previous line if available.\n";
[5.315s]               [01;36m[K^~~~[m[K
[5.816s] [01m[K/home/puzzlebot/Desktop/PUXXY_NODE/TE3002B/lane_processing_ws/src/lane_processing/src/lib/lane_funcs.cpp:188:1:[m[K [01;35m[Kwarning: [m[Kcontrol reaches end of non-void function [[01;35m[K-Wreturn-type[m[K]
[5.816s]  [01;35m[K}[m[K
[5.817s]  [01;35m[K^[m[K
[5.879s] make[2]: *** [CMakeFiles/lane_processing.dir/build.make:102: CMakeFiles/lane_processing.dir/src/lib/lane_funcs.cpp.o] Error 1
[5.880s] make[1]: *** [CMakeFiles/Makefile2:78: CMakeFiles/lane_processing.dir/all] Error 2
[5.880s] make: *** [Makefile:141: all] Error 2
[5.886s] Invoked command in '/home/puzzlebot/Desktop/PUXXY_NODE/TE3002B/lane_processing_ws/build/lane_processing' returned '2': CMAKE_PREFIX_PATH=/home/puzzlebot/Desktop/PUXXY_NODE/TE3002B/lane_processing_ws/install/lane_processing:/home/puzzlebot/ros2_ws/install/puzzlebot_ros:/opt/ros/humble:/home/puzzlebot/ros2_packages_ws/install/ros_deep_learning:/home/puzzlebot/ros2_packages_ws/install/micro_ros_setup:/home/puzzlebot/ros2_packages_ws/install/micro_ros_agent:/home/puzzlebot/ros2_packages_ws/install/micro_ros_msgs:/home/puzzlebot/ros2_packages_ws/install/camera_info_publisher /usr/bin/cmake --build /home/puzzlebot/Desktop/PUXXY_NODE/TE3002B/lane_processing_ws/build/lane_processing -- -j4 -l4
