[1.467s] Invoking command in '/home/puzzlebot/Desktop/PUXXY_NODE/TE3002B/lane_processing_ws/build/lane_processing': CMAKE_PREFIX_PATH=/home/puzzlebot/Desktop/PUXXY_NODE/TE3002B/lane_processing_ws/install/lane_processing:/home/puzzlebot/ros2_ws/install/puzzlebot_ros:/opt/ros/humble:/home/puzzlebot/ros2_packages_ws/install/ros_deep_learning:/home/puzzlebot/ros2_packages_ws/install/micro_ros_setup:/home/puzzlebot/ros2_packages_ws/install/micro_ros_agent:/home/puzzlebot/ros2_packages_ws/install/micro_ros_msgs:/home/puzzlebot/ros2_packages_ws/install/camera_info_publisher /usr/bin/cmake --build /home/puzzlebot/Desktop/PUXXY_NODE/TE3002B/lane_processing_ws/build/lane_processing -- -j4 -l4
[1.732s] [35m[1mScanning dependencies of target lane_processing[0m
[2.217s] [ 20%] [32mBuilding CXX object CMakeFiles/lane_processing.dir/src/lib/lane_funcs.cpp.o[0m
[2.245s] [ 40%] [32mBuilding CXX object CMakeFiles/lane_processing.dir/src/lane_detection.cpp.o[0m
[5.999s] In file included from [01m[K/home/puzzlebot/Desktop/PUXXY_NODE/TE3002B/lane_processing_ws/src/lane_processing/src/lib/lane_funcs.cpp:1[m[K:
[5.999s] [01m[K/home/puzzlebot/Desktop/PUXXY_NODE/TE3002B/lane_processing_ws/src/lane_processing/include/lane_processing/lane_funcs.h:17:69:[m[K [01;31m[Kerror: [m[Ktemplate argument 1 is invalid
[6.000s]  extern std::deque<std::pair<cv::Vec<double, 2>, cv::Vec<double, 2>> [01;31m[Klane_history[m[K;
[6.000s]                                                                      [01;31m[K^~~~~~~~~~~~[m[K
[6.001s] [01m[K/home/puzzlebot/Desktop/PUXXY_NODE/TE3002B/lane_processing_ws/src/lane_processing/include/lane_processing/lane_funcs.h:17:69:[m[K [01;31m[Kerror: [m[Ktemplate argument 2 is invalid
[6.001s] [01m[K/home/puzzlebot/Desktop/PUXXY_NODE/TE3002B/lane_processing_ws/src/lane_processing/include/lane_processing/lane_funcs.h:17:1:[m[K [01;31m[Kerror: [m[Ka storage class can only be specified for objects and functions
[6.002s]  [01;31m[Kextern[m[K std::deque<std::pair<cv::Vec<double, 2>, cv::Vec<double, 2>> lane_history;
[6.002s]  [01;31m[K^~~~~~[m[K
[6.023s] [01m[K/home/puzzlebot/Desktop/PUXXY_NODE/TE3002B/lane_processing_ws/src/lane_processing/src/lib/lane_funcs.cpp:[m[K In function ‘[01m[Kstd::vector<cv::Vec<double, 2> > group_similar_lines(const std::vector<cv::Vec<double, 4> >&, double, int)[m[K’:
[6.024s] [01m[K/home/puzzlebot/Desktop/PUXXY_NODE/TE3002B/lane_processing_ws/src/lane_processing/src/lib/lane_funcs.cpp:21:23:[m[K [01;35m[Kwarning: [m[Kcomparison of integer expressions of different signedness: ‘[01m[Kint[m[K’ and ‘[01m[Kstd::vector<cv::Point_<double> >::size_type[m[K’ {aka ‘[01m[Klong unsigned int[m[K’} [[01;35m[K-Wsign-compare[m[K]
[6.025s]      for (int i = 0; [01;35m[Ki < midpoints.size()[m[K; ++i) {
[6.025s]                      [01;35m[K~~^~~~~~~~~~~~~~~~~~[m[K
[6.025s] [01m[K/home/puzzlebot/Desktop/PUXXY_NODE/TE3002B/lane_processing_ws/src/lane_processing/src/lib/lane_funcs.cpp:25:27:[m[K [01;35m[Kwarning: [m[Kcomparison of integer expressions of different signedness: ‘[01m[Kint[m[K’ and ‘[01m[Kstd::vector<cv::Point_<double> >::size_type[m[K’ {aka ‘[01m[Klong unsigned int[m[K’} [[01;35m[K-Wsign-compare[m[K]
[6.026s]          for (int j = 0; [01;35m[Kj < midpoints.size()[m[K; ++j) {
[6.026s]                          [01;35m[K~~^~~~~~~~~~~~~~~~~~[m[K
[6.027s] [01m[K/home/puzzlebot/Desktop/PUXXY_NODE/TE3002B/lane_processing_ws/src/lane_processing/src/lib/lane_funcs.cpp:31:30:[m[K [01;35m[Kwarning: [m[Kcomparison of integer expressions of different signedness: ‘[01m[Kstd::vector<int>::size_type[m[K’ {aka ‘[01m[Klong unsigned int[m[K’} and ‘[01m[Kint[m[K’ [[01;35m[K-Wsign-compare[m[K]
[6.027s]          if ([01;35m[Kneighbors.size() < minPts[m[K) {
[6.028s]              [01;35m[K~~~~~~~~~~~~~~~~~^~~~~~~~[m[K
[6.028s] [01m[K/home/puzzlebot/Desktop/PUXXY_NODE/TE3002B/lane_processing_ws/src/lane_processing/src/lib/lane_funcs.cpp:39:22:[m[K [01;35m[Kwarning: [m[Kcomparison of integer expressions of different signedness: ‘[01m[Kint[m[K’ and ‘[01m[Kstd::vector<int>::size_type[m[K’ {aka ‘[01m[Klong unsigned int[m[K’} [[01;35m[K-Wsign-compare[m[K]
[6.029s]          while ([01;35m[Kindex < seeds.size()[m[K) {
[6.030s]                 [01;35m[K~~~~~~^~~~~~~~~~~~~~[m[K
[6.030s] [01m[K/home/puzzlebot/Desktop/PUXXY_NODE/TE3002B/lane_processing_ws/src/lane_processing/src/lib/lane_funcs.cpp:46:31:[m[K [01;35m[Kwarning: [m[Kcomparison of integer expressions of different signedness: ‘[01m[Kint[m[K’ and ‘[01m[Kstd::vector<cv::Point_<double> >::size_type[m[K’ {aka ‘[01m[Klong unsigned int[m[K’} [[01;35m[K-Wsign-compare[m[K]
[6.031s]              for (int j = 0; [01;35m[Kj < midpoints.size()[m[K; ++j) {
[6.031s]                              [01;35m[K~~^~~~~~~~~~~~~~~~~~[m[K
[6.032s] [01m[K/home/puzzlebot/Desktop/PUXXY_NODE/TE3002B/lane_processing_ws/src/lane_processing/src/lib/lane_funcs.cpp:52:34:[m[K [01;35m[Kwarning: [m[Kcomparison of integer expressions of different signedness: ‘[01m[Kstd::vector<int>::size_type[m[K’ {aka ‘[01m[Klong unsigned int[m[K’} and ‘[01m[Kint[m[K’ [[01;35m[K-Wsign-compare[m[K]
[6.032s]              if ([01;35m[Kneighbors.size() >= minPts[m[K) {
[6.033s]                  [01;35m[K~~~~~~~~~~~~~~~~~^~~~~~~~~[m[K
[6.033s] [01m[K/home/puzzlebot/Desktop/PUXXY_NODE/TE3002B/lane_processing_ws/src/lane_processing/src/lib/lane_funcs.cpp:62:23:[m[K [01;35m[Kwarning: [m[Kcomparison of integer expressions of different signedness: ‘[01m[Kint[m[K’ and ‘[01m[Kstd::vector<cv::Point_<double> >::size_type[m[K’ {aka ‘[01m[Klong unsigned int[m[K’} [[01;35m[K-Wsign-compare[m[K]
[6.034s]      for (int i = 0; [01;35m[Ki < midpoints.size()[m[K; ++i) {
[6.034s]                      [01;35m[K~~^~~~~~~~~~~~~~~~~~[m[K
[6.035s] [01m[K/home/puzzlebot/Desktop/PUXXY_NODE/TE3002B/lane_processing_ws/src/lane_processing/src/lib/lane_funcs.cpp:70:23:[m[K [01;35m[Kwarning: [m[Kcomparison of integer expressions of different signedness: ‘[01m[Kint[m[K’ and ‘[01m[Kstd::vector<cv::Vec<double, 2> >::size_type[m[K’ {aka ‘[01m[Klong unsigned int[m[K’} [[01;35m[K-Wsign-compare[m[K]
[6.035s]      for (int i = 0; [01;35m[Ki < cluster_centers.size()[m[K; ++i) {
[6.035s]                      [01;35m[K~~^~~~~~~~~~~~~~~~~~~~~~~~[m[K
[6.645s] make[2]: *** [CMakeFiles/lane_processing.dir/build.make:102: CMakeFiles/lane_processing.dir/src/lib/lane_funcs.cpp.o] Error 1
[6.647s] make[2]: *** Waiting for unfinished jobs....
[15.655s] In file included from [01m[K/home/puzzlebot/Desktop/PUXXY_NODE/TE3002B/lane_processing_ws/src/lane_processing/src/lane_detection.cpp:12[m[K:
[15.656s] [01m[K/home/puzzlebot/Desktop/PUXXY_NODE/TE3002B/lane_processing_ws/src/lane_processing/include/lane_processing/lane_funcs.h:17:69:[m[K [01;31m[Kerror: [m[Ktemplate argument 1 is invalid
[15.656s]  extern std::deque<std::pair<cv::Vec<double, 2>, cv::Vec<double, 2>> [01;31m[Klane_history[m[K;
[15.657s]                                                                      [01;31m[K^~~~~~~~~~~~[m[K
[15.657s] [01m[K/home/puzzlebot/Desktop/PUXXY_NODE/TE3002B/lane_processing_ws/src/lane_processing/include/lane_processing/lane_funcs.h:17:69:[m[K [01;31m[Kerror: [m[Ktemplate argument 2 is invalid
[15.658s] [01m[K/home/puzzlebot/Desktop/PUXXY_NODE/TE3002B/lane_processing_ws/src/lane_processing/include/lane_processing/lane_funcs.h:17:1:[m[K [01;31m[Kerror: [m[Ka storage class can only be specified for objects and functions
[15.658s]  [01;31m[Kextern[m[K std::deque<std::pair<cv::Vec<double, 2>, cv::Vec<double, 2>> lane_history;
[15.658s]  [01;31m[K^~~~~~[m[K
[27.436s] make[2]: *** [CMakeFiles/lane_processing.dir/build.make:63: CMakeFiles/lane_processing.dir/src/lane_detection.cpp.o] Error 1
[27.437s] make[1]: *** [CMakeFiles/Makefile2:78: CMakeFiles/lane_processing.dir/all] Error 2
[27.438s] make: *** [Makefile:141: all] Error 2
[27.444s] Invoked command in '/home/puzzlebot/Desktop/PUXXY_NODE/TE3002B/lane_processing_ws/build/lane_processing' returned '2': CMAKE_PREFIX_PATH=/home/puzzlebot/Desktop/PUXXY_NODE/TE3002B/lane_processing_ws/install/lane_processing:/home/puzzlebot/ros2_ws/install/puzzlebot_ros:/opt/ros/humble:/home/puzzlebot/ros2_packages_ws/install/ros_deep_learning:/home/puzzlebot/ros2_packages_ws/install/micro_ros_setup:/home/puzzlebot/ros2_packages_ws/install/micro_ros_agent:/home/puzzlebot/ros2_packages_ws/install/micro_ros_msgs:/home/puzzlebot/ros2_packages_ws/install/camera_info_publisher /usr/bin/cmake --build /home/puzzlebot/Desktop/PUXXY_NODE/TE3002B/lane_processing_ws/build/lane_processing -- -j4 -l4
