[1.072s] Invoking command in '/home/puzzlebot/Desktop/PUXXY_NODE/TE3002B/lane_processing_ws/build/lane_processing': CMAKE_PREFIX_PATH=/home/puzzlebot/ros2_ws/install/puzzlebot_ros:/opt/ros/humble:${CMAKE_PREFIX_PATH} /usr/bin/cmake /home/puzzlebot/Desktop/PUXXY_NODE/TE3002B/lane_processing_ws/src/lane_processing -DCMAKE_INSTALL_PREFIX=/home/puzzlebot/Desktop/PUXXY_NODE/TE3002B/lane_processing_ws/install/lane_processing
[1.131s] -- Found ament_cmake: 1.3.6 (/opt/ros/humble/share/ament_cmake/cmake)
[1.913s] -- Found rclcpp: 16.0.7 (/opt/ros/humble/share/rclcpp/cmake)
[2.063s] -- Found rosidl_generator_c: 3.1.5 (/opt/ros/humble/share/rosidl_generator_c/cmake)
[2.077s] -- Found rosidl_adapter: 3.1.5 (/opt/ros/humble/share/rosidl_adapter/cmake)
[2.108s] -- Found rosidl_generator_cpp: 3.1.5 (/opt/ros/humble/share/rosidl_generator_cpp/cmake)
[2.170s] -- Using all available rosidl_typesupport_c: rosidl_typesupport_fastrtps_c;rosidl_typesupport_introspection_c
[2.261s] -- Using all available rosidl_typesupport_cpp: rosidl_typesupport_fastrtps_cpp;rosidl_typesupport_introspection_cpp
[2.596s] -- Found rmw_implementation_cmake: 6.1.1 (/opt/ros/humble/share/rmw_implementation_cmake/cmake)
[2.603s] -- Found rmw_fastrtps_cpp: 6.2.5 (/opt/ros/humble/share/rmw_fastrtps_cpp/cmake)
[3.210s] -- Using RMW implementation 'rmw_fastrtps_cpp' as default
[4.138s] -- Found cv_bridge: 3.2.1 (/opt/ros/humble/share/cv_bridge/cmake)
[4.961s] -- Found image_transport: 3.1.7 (/opt/ros/humble/share/image_transport/cmake)
[5.164s] -- Found rosidl_default_generators: 1.2.0 (/opt/ros/humble/share/rosidl_default_generators/cmake)
[6.717s] -- Found ament_cmake_ros: 0.10.0 (/opt/ros/humble/share/ament_cmake_ros/cmake)
[9.342s] -- Using all available rosidl_typesupport_c: rosidl_typesupport_fastrtps_c;rosidl_typesupport_introspection_c
[10.385s] -- Using all available rosidl_typesupport_cpp: rosidl_typesupport_fastrtps_cpp;rosidl_typesupport_introspection_cpp
[10.501s] -- Found PythonInterp: /usr/bin/python3 (found suitable version "3.8.10", minimum required is "3.6") 
[10.512s] -- Found python_cmake_module: 0.10.0 (/opt/ros/humble/share/python_cmake_module/cmake)
[10.648s] -- Found PythonLibs: /usr/lib/aarch64-linux-gnu/libpython3.8.so (found suitable version "3.8.10", minimum required is "3.5") 
[10.648s] -- Using PYTHON_EXECUTABLE: /usr/bin/python3
[10.649s] -- Using PYTHON_INCLUDE_DIRS: /usr/include/python3.8
[10.649s] -- Using PYTHON_LIBRARIES: /usr/lib/aarch64-linux-gnu/libpython3.8.so
[10.754s] -- Found PythonExtra: .so  
[11.040s] CMake Error at CMakeLists.txt:30 (add_executable):
[11.040s]   add_executable cannot create target "lane_processing" because another
[11.041s]   target with the same name already exists.  The existing target is a custom
[11.041s]   target created in source directory
[11.041s]   "/home/puzzlebot/Desktop/PUXXY_NODE/TE3002B/lane_processing_ws/src/lane_processing".
[11.042s]   See documentation for policy CMP0002 for more details.
[11.042s] 
[11.043s] 
[11.043s] CMake Error at CMakeLists.txt:38 (target_include_directories):
[11.043s]   target_include_directories called with non-compilable target type
[11.044s] 
[11.044s] 
[11.044s] CMake Error at CMakeLists.txt:42 (target_compile_features):
[11.045s]   target_compile_features called with non-compilable target type
[11.045s] 
[11.045s] 
[11.046s] CMake Error at CMakeLists.txt:48 (target_link_libraries):
[11.046s]   Utility target "lane_processing" must not be used as the target of a
[11.046s]   target_link_libraries call.
[11.047s] 
[11.048s] 
[11.049s] CMake Error at /opt/ros/humble/share/ament_cmake_target_dependencies/cmake/ament_target_dependencies.cmake:128 (target_compile_definitions):
[11.049s]   target_compile_definitions called with non-compilable target type
[11.049s] Call Stack (most recent call first):
[11.050s]   CMakeLists.txt:52 (ament_target_dependencies)
[11.050s] 
[11.050s] 
[11.051s] CMake Error at /opt/ros/humble/share/ament_cmake_target_dependencies/cmake/ament_target_dependencies.cmake:141 (target_include_directories):
[11.051s]   target_include_directories called with non-compilable target type
[11.051s] Call Stack (most recent call first):
[11.052s]   CMakeLists.txt:52 (ament_target_dependencies)
[11.052s] 
[11.053s] 
[11.053s] CMake Error at /opt/ros/humble/share/ament_cmake_target_dependencies/cmake/ament_target_dependencies.cmake:145 (target_link_libraries):
[11.053s]   Utility target "lane_processing" must not be used as the target of a
[11.054s]   target_link_libraries call.
[11.054s] Call Stack (most recent call first):
[11.054s]   CMakeLists.txt:52 (ament_target_dependencies)
[11.055s] 
[11.055s] 
[11.055s] CMake Error at /opt/ros/humble/share/ament_cmake_target_dependencies/cmake/ament_target_dependencies.cmake:147 (target_include_directories):
[11.056s]   target_include_directories called with non-compilable target type
[11.056s] Call Stack (most recent call first):
[11.056s]   CMakeLists.txt:52 (ament_target_dependencies)
[11.057s] 
[11.057s] 
[11.057s] CMake Error at /opt/ros/humble/share/ament_cmake_target_dependencies/cmake/ament_target_dependencies.cmake:151 (target_link_libraries):
[11.058s]   Utility target "lane_processing" must not be used as the target of a
[11.058s]   target_link_libraries call.
[11.058s] Call Stack (most recent call first):
[11.059s]   CMakeLists.txt:52 (ament_target_dependencies)
[11.059s] 
[11.059s] 
[11.060s] CMake Error at CMakeLists.txt:59 (install):
[11.060s]   install TARGETS given target "lane_processing" which is not an executable,
[11.060s]   library, or module.
[11.061s] 
[11.061s] 
[11.061s] -- Found ament_lint_auto: 0.12.9 (/opt/ros/humble/share/ament_lint_auto/cmake)
[11.091s] -- Added test 'cppcheck' to perform static code analysis on C / C++ code
[11.117s] -- Configured cppcheck include dirs: /home/puzzlebot/Desktop/PUXXY_NODE/TE3002B/lane_processing_ws/src/lane_processing/include
[11.117s] -- Configured cppcheck exclude dirs and/or files: 
[11.121s] -- Added test 'lint_cmake' to check CMake code style
[11.127s] -- Added test 'uncrustify' to check C / C++ code style
[11.128s] -- Configured uncrustify additional arguments: 
[11.130s] -- Added test 'xmllint' to check XML markup files
[11.154s] -- Configuring incomplete, errors occurred!
[11.155s] See also "/home/puzzlebot/Desktop/PUXXY_NODE/TE3002B/lane_processing_ws/build/lane_processing/CMakeFiles/CMakeOutput.log".
[11.155s] See also "/home/puzzlebot/Desktop/PUXXY_NODE/TE3002B/lane_processing_ws/build/lane_processing/CMakeFiles/CMakeError.log".
[11.189s] Invoked command in '/home/puzzlebot/Desktop/PUXXY_NODE/TE3002B/lane_processing_ws/build/lane_processing' returned '1': CMAKE_PREFIX_PATH=/home/puzzlebot/ros2_ws/install/puzzlebot_ros:/opt/ros/humble:${CMAKE_PREFIX_PATH} /usr/bin/cmake /home/puzzlebot/Desktop/PUXXY_NODE/TE3002B/lane_processing_ws/src/lane_processing -DCMAKE_INSTALL_PREFIX=/home/puzzlebot/Desktop/PUXXY_NODE/TE3002B/lane_processing_ws/install/lane_processing
