[11.716s] DEBUG:colcon:Command line arguments: ['/usr/bin/colcon', 'build']
[11.717s] DEBUG:colcon:Parsed command line arguments: Namespace(allow_overriding=[], ament_cmake_args=None, base_paths=['.'], build_base='build', catkin_cmake_args=None, catkin_skip_building_tests=False, cmake_args=None, cmake_clean_cache=False, cmake_clean_first=False, cmake_force_configure=False, cmake_target=None, cmake_target_skip_unavailable=False, continue_on_error=False, event_handlers=None, executor='parallel', ignore_user_meta=False, install_base='install', log_base=None, log_level=None, main=<bound method BuildVerb.main of <colcon_core.verb.build.BuildVerb object at 0x7f9cee0c40>>, merge_install=False, metas=['./colcon.meta'], packages_above=None, packages_above_and_dependencies=None, packages_above_depth=None, packages_end=None, packages_ignore=None, packages_ignore_regex=None, packages_select=None, packages_select_build_failed=False, packages_select_by_dep=None, packages_select_regex=None, packages_select_test_failures=False, packages_skip=None, packages_skip_build_finished=False, packages_skip_by_dep=None, packages_skip_regex=None, packages_skip_test_passed=False, packages_skip_up_to=None, packages_start=None, packages_up_to=None, packages_up_to_regex=None, parallel_workers=4, paths=None, symlink_install=False, test_result_base=None, verb_extension=<colcon_core.verb.build.BuildVerb object at 0x7f9cee0c40>, verb_name='build', verb_parser=<colcon_defaults.argument_parser.defaults.DefaultArgumentsDecorator object at 0x7f9caeb3d0>)
[12.283s] Level 1:colcon.colcon_core.package_discovery:discover_packages(colcon_meta) check parameters
[12.283s] Level 1:colcon.colcon_core.package_discovery:discover_packages(recursive) check parameters
[12.283s] Level 1:colcon.colcon_core.package_discovery:discover_packages(ignore) check parameters
[12.283s] Level 1:colcon.colcon_core.package_discovery:discover_packages(path) check parameters
[12.284s] Level 1:colcon.colcon_core.package_discovery:discover_packages(colcon_meta) discover
[12.284s] Level 1:colcon.colcon_core.package_discovery:discover_packages(recursive) discover
[12.284s] INFO:colcon.colcon_core.package_discovery:Crawling recursively for packages in '/home/puzzlebot/Desktop/PUXXY_NODE/TE3002B/differential_wheeled_robot_ws'
[12.284s] Level 1:colcon.colcon_core.package_identification:_identify(.) by extensions ['ignore', 'ignore_ament_install']
[12.285s] Level 1:colcon.colcon_core.package_identification:_identify(.) by extension 'ignore'
[12.285s] Level 1:colcon.colcon_core.package_identification:_identify(.) by extension 'ignore_ament_install'
[12.285s] Level 1:colcon.colcon_core.package_identification:_identify(.) by extensions ['colcon_pkg']
[12.286s] Level 1:colcon.colcon_core.package_identification:_identify(.) by extension 'colcon_pkg'
[12.286s] Level 1:colcon.colcon_core.package_identification:_identify(.) by extensions ['colcon_meta']
[12.286s] Level 1:colcon.colcon_core.package_identification:_identify(.) by extension 'colcon_meta'
[12.286s] Level 1:colcon.colcon_core.package_identification:_identify(.) by extensions ['ros']
[12.286s] Level 1:colcon.colcon_core.package_identification:_identify(.) by extension 'ros'
[12.346s] Level 1:colcon.colcon_core.package_identification:_identify(.) by extensions ['cmake', 'python']
[12.346s] Level 1:colcon.colcon_core.package_identification:_identify(.) by extension 'cmake'
[12.347s] Level 1:colcon.colcon_core.package_identification:_identify(.) by extension 'python'
[12.347s] Level 1:colcon.colcon_core.package_identification:_identify(.) by extensions ['python_setup_py']
[12.347s] Level 1:colcon.colcon_core.package_identification:_identify(.) by extension 'python_setup_py'
[12.348s] Level 1:colcon.colcon_core.package_identification:_identify(build) by extensions ['ignore', 'ignore_ament_install']
[12.348s] Level 1:colcon.colcon_core.package_identification:_identify(build) by extension 'ignore'
[12.348s] Level 1:colcon.colcon_core.package_identification:_identify(build) ignored
[12.349s] Level 1:colcon.colcon_core.package_identification:_identify(install) by extensions ['ignore', 'ignore_ament_install']
[12.349s] Level 1:colcon.colcon_core.package_identification:_identify(install) by extension 'ignore'
[12.349s] Level 1:colcon.colcon_core.package_identification:_identify(install) ignored
[12.350s] Level 1:colcon.colcon_core.package_identification:_identify(log) by extensions ['ignore', 'ignore_ament_install']
[12.350s] Level 1:colcon.colcon_core.package_identification:_identify(log) by extension 'ignore'
[12.350s] Level 1:colcon.colcon_core.package_identification:_identify(log) ignored
[12.351s] Level 1:colcon.colcon_core.package_identification:_identify(src) by extensions ['ignore', 'ignore_ament_install']
[12.351s] Level 1:colcon.colcon_core.package_identification:_identify(src) by extension 'ignore'
[12.351s] Level 1:colcon.colcon_core.package_identification:_identify(src) by extension 'ignore_ament_install'
[12.351s] Level 1:colcon.colcon_core.package_identification:_identify(src) by extensions ['colcon_pkg']
[12.352s] Level 1:colcon.colcon_core.package_identification:_identify(src) by extension 'colcon_pkg'
[12.352s] Level 1:colcon.colcon_core.package_identification:_identify(src) by extensions ['colcon_meta']
[12.352s] Level 1:colcon.colcon_core.package_identification:_identify(src) by extension 'colcon_meta'
[12.352s] Level 1:colcon.colcon_core.package_identification:_identify(src) by extensions ['ros']
[12.352s] Level 1:colcon.colcon_core.package_identification:_identify(src) by extension 'ros'
[12.353s] Level 1:colcon.colcon_core.package_identification:_identify(src) by extensions ['cmake', 'python']
[12.353s] Level 1:colcon.colcon_core.package_identification:_identify(src) by extension 'cmake'
[12.353s] Level 1:colcon.colcon_core.package_identification:_identify(src) by extension 'python'
[12.353s] Level 1:colcon.colcon_core.package_identification:_identify(src) by extensions ['python_setup_py']
[12.353s] Level 1:colcon.colcon_core.package_identification:_identify(src) by extension 'python_setup_py'
[12.354s] Level 1:colcon.colcon_core.package_identification:_identify(src/differential_wheeled_robot) by extensions ['ignore', 'ignore_ament_install']
[12.354s] Level 1:colcon.colcon_core.package_identification:_identify(src/differential_wheeled_robot) by extension 'ignore'
[12.354s] Level 1:colcon.colcon_core.package_identification:_identify(src/differential_wheeled_robot) by extension 'ignore_ament_install'
[12.355s] Level 1:colcon.colcon_core.package_identification:_identify(src/differential_wheeled_robot) by extensions ['colcon_pkg']
[12.355s] Level 1:colcon.colcon_core.package_identification:_identify(src/differential_wheeled_robot) by extension 'colcon_pkg'
[12.355s] Level 1:colcon.colcon_core.package_identification:_identify(src/differential_wheeled_robot) by extensions ['colcon_meta']
[12.355s] Level 1:colcon.colcon_core.package_identification:_identify(src/differential_wheeled_robot) by extension 'colcon_meta'
[12.355s] Level 1:colcon.colcon_core.package_identification:_identify(src/differential_wheeled_robot) by extensions ['ros']
[12.356s] Level 1:colcon.colcon_core.package_identification:_identify(src/differential_wheeled_robot) by extension 'ros'
[12.370s] DEBUG:colcon.colcon_core.package_identification:Package 'src/differential_wheeled_robot' with type 'ros.ament_cmake' and name 'differential_wheeled_robot'
[12.371s] Level 1:colcon.colcon_core.package_discovery:discover_packages(recursive) using defaults
[12.371s] Level 1:colcon.colcon_core.package_discovery:discover_packages(ignore) discover
[12.371s] Level 1:colcon.colcon_core.package_discovery:discover_packages(ignore) using defaults
[12.371s] Level 1:colcon.colcon_core.package_discovery:discover_packages(path) discover
[12.371s] Level 1:colcon.colcon_core.package_discovery:discover_packages(path) using defaults
[13.459s] Level 1:colcon.colcon_core.package_discovery:discover_packages(prefix_path) check parameters
[13.459s] Level 1:colcon.colcon_core.package_discovery:discover_packages(prefix_path) discover
[13.867s] DEBUG:colcon.colcon_installed_package_information.package_discovery:Found 1 installed packages in /home/puzzlebot/Desktop/PUXXY_NODE/TE3002B/differential_wheeled_robot_ws/install
[14.067s] DEBUG:colcon.colcon_installed_package_information.package_discovery:Found 1 installed packages in /home/puzzlebot/ros2_ws/install
[14.270s] DEBUG:colcon.colcon_installed_package_information.package_discovery:Found 5 installed packages in /home/puzzlebot/ros2_packages_ws/install
[14.513s] DEBUG:colcon.colcon_installed_package_information.package_discovery:Found 281 installed packages in /opt/ros/humble
[14.521s] Level 1:colcon.colcon_core.package_discovery:discover_packages(prefix_path) using defaults
[15.380s] Level 5:colcon.colcon_core.verb:set package 'differential_wheeled_robot' build argument 'cmake_args' from command line to 'None'
[15.380s] Level 5:colcon.colcon_core.verb:set package 'differential_wheeled_robot' build argument 'cmake_target' from command line to 'None'
[15.381s] Level 5:colcon.colcon_core.verb:set package 'differential_wheeled_robot' build argument 'cmake_target_skip_unavailable' from command line to 'False'
[15.381s] Level 5:colcon.colcon_core.verb:set package 'differential_wheeled_robot' build argument 'cmake_clean_cache' from command line to 'False'
[15.381s] Level 5:colcon.colcon_core.verb:set package 'differential_wheeled_robot' build argument 'cmake_clean_first' from command line to 'False'
[15.381s] Level 5:colcon.colcon_core.verb:set package 'differential_wheeled_robot' build argument 'cmake_force_configure' from command line to 'False'
[15.381s] Level 5:colcon.colcon_core.verb:set package 'differential_wheeled_robot' build argument 'ament_cmake_args' from command line to 'None'
[15.381s] Level 5:colcon.colcon_core.verb:set package 'differential_wheeled_robot' build argument 'catkin_cmake_args' from command line to 'None'
[15.381s] Level 5:colcon.colcon_core.verb:set package 'differential_wheeled_robot' build argument 'catkin_skip_building_tests' from command line to 'False'
[15.382s] DEBUG:colcon.colcon_core.verb:Building package 'differential_wheeled_robot' with the following arguments: {'ament_cmake_args': None, 'build_base': '/home/puzzlebot/Desktop/PUXXY_NODE/TE3002B/differential_wheeled_robot_ws/build/differential_wheeled_robot', 'catkin_cmake_args': None, 'catkin_skip_building_tests': False, 'cmake_args': None, 'cmake_clean_cache': False, 'cmake_clean_first': False, 'cmake_force_configure': False, 'cmake_target': None, 'cmake_target_skip_unavailable': False, 'install_base': '/home/puzzlebot/Desktop/PUXXY_NODE/TE3002B/differential_wheeled_robot_ws/install/differential_wheeled_robot', 'merge_install': False, 'path': '/home/puzzlebot/Desktop/PUXXY_NODE/TE3002B/differential_wheeled_robot_ws/src/differential_wheeled_robot', 'symlink_install': False, 'test_result_base': None}
[15.582s] INFO:colcon.colcon_core.executor:Executing jobs using 'parallel' executor
[15.785s] DEBUG:colcon.colcon_parallel_executor.executor.parallel:run_until_complete
[15.786s] INFO:colcon.colcon_ros.task.ament_cmake.build:Building ROS package in '/home/puzzlebot/Desktop/PUXXY_NODE/TE3002B/differential_wheeled_robot_ws/src/differential_wheeled_robot' with build type 'ament_cmake'
[15.786s] INFO:colcon.colcon_cmake.task.cmake.build:Building CMake package in '/home/puzzlebot/Desktop/PUXXY_NODE/TE3002B/differential_wheeled_robot_ws/src/differential_wheeled_robot'
[16.005s] INFO:colcon.colcon_core.plugin_system:Skipping extension 'colcon_core.shell.bat': Not used on non-Windows systems
[16.006s] INFO:colcon.colcon_core.shell:Skip shell extension 'powershell' for command environment: Not usable outside of PowerShell
[16.006s] DEBUG:colcon.colcon_core.shell:Skip shell extension 'dsv' for command environment
[17.150s] DEBUG:colcon.colcon_core.event_handler.log_command:Invoking command in '/home/puzzlebot/Desktop/PUXXY_NODE/TE3002B/differential_wheeled_robot_ws/build/differential_wheeled_robot': CMAKE_PREFIX_PATH=/home/puzzlebot/Desktop/PUXXY_NODE/TE3002B/differential_wheeled_robot_ws/install/differential_wheeled_robot:/home/puzzlebot/ros2_ws/install/puzzlebot_ros:/opt/ros/humble:/home/puzzlebot/ros2_packages_ws/install/ros_deep_learning:/home/puzzlebot/ros2_packages_ws/install/micro_ros_setup:/home/puzzlebot/ros2_packages_ws/install/micro_ros_agent:/home/puzzlebot/ros2_packages_ws/install/micro_ros_msgs:/home/puzzlebot/ros2_packages_ws/install/camera_info_publisher /usr/bin/cmake --build /home/puzzlebot/Desktop/PUXXY_NODE/TE3002B/differential_wheeled_robot_ws/build/differential_wheeled_robot -- -j4 -l4
[19.081s] DEBUG:colcon.colcon_core.event_handler.log_command:Invoked command in '/home/puzzlebot/Desktop/PUXXY_NODE/TE3002B/differential_wheeled_robot_ws/build/differential_wheeled_robot' returned '0': CMAKE_PREFIX_PATH=/home/puzzlebot/Desktop/PUXXY_NODE/TE3002B/differential_wheeled_robot_ws/install/differential_wheeled_robot:/home/puzzlebot/ros2_ws/install/puzzlebot_ros:/opt/ros/humble:/home/puzzlebot/ros2_packages_ws/install/ros_deep_learning:/home/puzzlebot/ros2_packages_ws/install/micro_ros_setup:/home/puzzlebot/ros2_packages_ws/install/micro_ros_agent:/home/puzzlebot/ros2_packages_ws/install/micro_ros_msgs:/home/puzzlebot/ros2_packages_ws/install/camera_info_publisher /usr/bin/cmake --build /home/puzzlebot/Desktop/PUXXY_NODE/TE3002B/differential_wheeled_robot_ws/build/differential_wheeled_robot -- -j4 -l4
[19.327s] DEBUG:colcon.colcon_core.event_handler.log_command:Invoking command in '/home/puzzlebot/Desktop/PUXXY_NODE/TE3002B/differential_wheeled_robot_ws/build/differential_wheeled_robot': CMAKE_PREFIX_PATH=/home/puzzlebot/Desktop/PUXXY_NODE/TE3002B/differential_wheeled_robot_ws/install/differential_wheeled_robot:/home/puzzlebot/ros2_ws/install/puzzlebot_ros:/opt/ros/humble:/home/puzzlebot/ros2_packages_ws/install/ros_deep_learning:/home/puzzlebot/ros2_packages_ws/install/micro_ros_setup:/home/puzzlebot/ros2_packages_ws/install/micro_ros_agent:/home/puzzlebot/ros2_packages_ws/install/micro_ros_msgs:/home/puzzlebot/ros2_packages_ws/install/camera_info_publisher /usr/bin/cmake --install /home/puzzlebot/Desktop/PUXXY_NODE/TE3002B/differential_wheeled_robot_ws/build/differential_wheeled_robot
[19.602s] Level 1:colcon.colcon_core.environment:create_environment_scripts_only(differential_wheeled_robot)
[19.604s] DEBUG:colcon.colcon_core.event_handler.log_command:Invoked command in '/home/puzzlebot/Desktop/PUXXY_NODE/TE3002B/differential_wheeled_robot_ws/build/differential_wheeled_robot' returned '0': CMAKE_PREFIX_PATH=/home/puzzlebot/Desktop/PUXXY_NODE/TE3002B/differential_wheeled_robot_ws/install/differential_wheeled_robot:/home/puzzlebot/ros2_ws/install/puzzlebot_ros:/opt/ros/humble:/home/puzzlebot/ros2_packages_ws/install/ros_deep_learning:/home/puzzlebot/ros2_packages_ws/install/micro_ros_setup:/home/puzzlebot/ros2_packages_ws/install/micro_ros_agent:/home/puzzlebot/ros2_packages_ws/install/micro_ros_msgs:/home/puzzlebot/ros2_packages_ws/install/camera_info_publisher /usr/bin/cmake --install /home/puzzlebot/Desktop/PUXXY_NODE/TE3002B/differential_wheeled_robot_ws/build/differential_wheeled_robot
[19.830s] Level 1:colcon.colcon_core.environment:checking '/home/puzzlebot/Desktop/PUXXY_NODE/TE3002B/differential_wheeled_robot_ws/install/differential_wheeled_robot' for CMake module files
[19.834s] Level 1:colcon.colcon_core.environment:checking '/home/puzzlebot/Desktop/PUXXY_NODE/TE3002B/differential_wheeled_robot_ws/install/differential_wheeled_robot' for CMake config files
[19.837s] Level 1:colcon.colcon_core.shell:create_environment_hook('differential_wheeled_robot', 'cmake_prefix_path')
[20.051s] INFO:colcon.colcon_core.shell:Creating environment hook '/home/puzzlebot/Desktop/PUXXY_NODE/TE3002B/differential_wheeled_robot_ws/install/differential_wheeled_robot/share/differential_wheeled_robot/hook/cmake_prefix_path.ps1'
[20.053s] INFO:colcon.colcon_core.shell:Creating environment descriptor '/home/puzzlebot/Desktop/PUXXY_NODE/TE3002B/differential_wheeled_robot_ws/install/differential_wheeled_robot/share/differential_wheeled_robot/hook/cmake_prefix_path.dsv'
[20.055s] INFO:colcon.colcon_core.shell:Creating environment hook '/home/puzzlebot/Desktop/PUXXY_NODE/TE3002B/differential_wheeled_robot_ws/install/differential_wheeled_robot/share/differential_wheeled_robot/hook/cmake_prefix_path.sh'
[20.058s] Level 1:colcon.colcon_core.environment:checking '/home/puzzlebot/Desktop/PUXXY_NODE/TE3002B/differential_wheeled_robot_ws/install/differential_wheeled_robot/lib'
[20.059s] Level 1:colcon.colcon_core.shell:create_environment_hook('differential_wheeled_robot', 'ld_library_path_lib')
[20.276s] INFO:colcon.colcon_core.shell:Creating environment hook '/home/puzzlebot/Desktop/PUXXY_NODE/TE3002B/differential_wheeled_robot_ws/install/differential_wheeled_robot/share/differential_wheeled_robot/hook/ld_library_path_lib.ps1'
[20.277s] INFO:colcon.colcon_core.shell:Creating environment descriptor '/home/puzzlebot/Desktop/PUXXY_NODE/TE3002B/differential_wheeled_robot_ws/install/differential_wheeled_robot/share/differential_wheeled_robot/hook/ld_library_path_lib.dsv'
[20.279s] INFO:colcon.colcon_core.shell:Creating environment hook '/home/puzzlebot/Desktop/PUXXY_NODE/TE3002B/differential_wheeled_robot_ws/install/differential_wheeled_robot/share/differential_wheeled_robot/hook/ld_library_path_lib.sh'
[20.280s] Level 1:colcon.colcon_core.environment:checking '/home/puzzlebot/Desktop/PUXXY_NODE/TE3002B/differential_wheeled_robot_ws/install/differential_wheeled_robot/bin'
[20.280s] Level 1:colcon.colcon_core.environment:checking '/home/puzzlebot/Desktop/PUXXY_NODE/TE3002B/differential_wheeled_robot_ws/install/differential_wheeled_robot/lib/pkgconfig/differential_wheeled_robot.pc'
[20.281s] Level 1:colcon.colcon_core.environment:checking '/home/puzzlebot/Desktop/PUXXY_NODE/TE3002B/differential_wheeled_robot_ws/install/differential_wheeled_robot/lib/python3.8/site-packages'
[20.282s] Level 1:colcon.colcon_core.shell:create_environment_hook('differential_wheeled_robot', 'pythonpath')
[20.494s] INFO:colcon.colcon_core.shell:Creating environment hook '/home/puzzlebot/Desktop/PUXXY_NODE/TE3002B/differential_wheeled_robot_ws/install/differential_wheeled_robot/share/differential_wheeled_robot/hook/pythonpath.ps1'
[20.495s] INFO:colcon.colcon_core.shell:Creating environment descriptor '/home/puzzlebot/Desktop/PUXXY_NODE/TE3002B/differential_wheeled_robot_ws/install/differential_wheeled_robot/share/differential_wheeled_robot/hook/pythonpath.dsv'
[20.497s] INFO:colcon.colcon_core.shell:Creating environment hook '/home/puzzlebot/Desktop/PUXXY_NODE/TE3002B/differential_wheeled_robot_ws/install/differential_wheeled_robot/share/differential_wheeled_robot/hook/pythonpath.sh'
[20.499s] Level 1:colcon.colcon_core.environment:checking '/home/puzzlebot/Desktop/PUXXY_NODE/TE3002B/differential_wheeled_robot_ws/install/differential_wheeled_robot/bin'
[20.714s] INFO:colcon.colcon_core.shell:Creating package script '/home/puzzlebot/Desktop/PUXXY_NODE/TE3002B/differential_wheeled_robot_ws/install/differential_wheeled_robot/share/differential_wheeled_robot/package.ps1'
[20.718s] INFO:colcon.colcon_core.shell:Creating package descriptor '/home/puzzlebot/Desktop/PUXXY_NODE/TE3002B/differential_wheeled_robot_ws/install/differential_wheeled_robot/share/differential_wheeled_robot/package.dsv'
[20.721s] INFO:colcon.colcon_core.shell:Creating package script '/home/puzzlebot/Desktop/PUXXY_NODE/TE3002B/differential_wheeled_robot_ws/install/differential_wheeled_robot/share/differential_wheeled_robot/package.sh'
[20.724s] INFO:colcon.colcon_core.shell:Creating package script '/home/puzzlebot/Desktop/PUXXY_NODE/TE3002B/differential_wheeled_robot_ws/install/differential_wheeled_robot/share/differential_wheeled_robot/package.bash'
[20.727s] INFO:colcon.colcon_core.shell:Creating package script '/home/puzzlebot/Desktop/PUXXY_NODE/TE3002B/differential_wheeled_robot_ws/install/differential_wheeled_robot/share/differential_wheeled_robot/package.zsh'
[20.729s] Level 1:colcon.colcon_core.environment:create_file_with_runtime_dependencies(/home/puzzlebot/Desktop/PUXXY_NODE/TE3002B/differential_wheeled_robot_ws/install/differential_wheeled_robot/share/colcon-core/packages/differential_wheeled_robot)
[21.133s] Level 1:colcon.colcon_core.environment:create_environment_scripts_only(differential_wheeled_robot)
[21.344s] Level 1:colcon.colcon_core.environment:checking '/home/puzzlebot/Desktop/PUXXY_NODE/TE3002B/differential_wheeled_robot_ws/install/differential_wheeled_robot' for CMake module files
[21.348s] Level 1:colcon.colcon_core.environment:checking '/home/puzzlebot/Desktop/PUXXY_NODE/TE3002B/differential_wheeled_robot_ws/install/differential_wheeled_robot' for CMake config files
[21.351s] Level 1:colcon.colcon_core.shell:create_environment_hook('differential_wheeled_robot', 'cmake_prefix_path')
[21.558s] INFO:colcon.colcon_core.shell:Creating environment hook '/home/puzzlebot/Desktop/PUXXY_NODE/TE3002B/differential_wheeled_robot_ws/install/differential_wheeled_robot/share/differential_wheeled_robot/hook/cmake_prefix_path.ps1'
[21.561s] INFO:colcon.colcon_core.shell:Creating environment descriptor '/home/puzzlebot/Desktop/PUXXY_NODE/TE3002B/differential_wheeled_robot_ws/install/differential_wheeled_robot/share/differential_wheeled_robot/hook/cmake_prefix_path.dsv'
[21.562s] INFO:colcon.colcon_core.shell:Creating environment hook '/home/puzzlebot/Desktop/PUXXY_NODE/TE3002B/differential_wheeled_robot_ws/install/differential_wheeled_robot/share/differential_wheeled_robot/hook/cmake_prefix_path.sh'
[21.564s] Level 1:colcon.colcon_core.environment:checking '/home/puzzlebot/Desktop/PUXXY_NODE/TE3002B/differential_wheeled_robot_ws/install/differential_wheeled_robot/lib'
[21.564s] Level 1:colcon.colcon_core.shell:create_environment_hook('differential_wheeled_robot', 'ld_library_path_lib')
[21.776s] INFO:colcon.colcon_core.shell:Creating environment hook '/home/puzzlebot/Desktop/PUXXY_NODE/TE3002B/differential_wheeled_robot_ws/install/differential_wheeled_robot/share/differential_wheeled_robot/hook/ld_library_path_lib.ps1'
[21.779s] INFO:colcon.colcon_core.shell:Creating environment descriptor '/home/puzzlebot/Desktop/PUXXY_NODE/TE3002B/differential_wheeled_robot_ws/install/differential_wheeled_robot/share/differential_wheeled_robot/hook/ld_library_path_lib.dsv'
[21.780s] INFO:colcon.colcon_core.shell:Creating environment hook '/home/puzzlebot/Desktop/PUXXY_NODE/TE3002B/differential_wheeled_robot_ws/install/differential_wheeled_robot/share/differential_wheeled_robot/hook/ld_library_path_lib.sh'
[21.781s] Level 1:colcon.colcon_core.environment:checking '/home/puzzlebot/Desktop/PUXXY_NODE/TE3002B/differential_wheeled_robot_ws/install/differential_wheeled_robot/bin'
[21.782s] Level 1:colcon.colcon_core.environment:checking '/home/puzzlebot/Desktop/PUXXY_NODE/TE3002B/differential_wheeled_robot_ws/install/differential_wheeled_robot/lib/pkgconfig/differential_wheeled_robot.pc'
[21.783s] Level 1:colcon.colcon_core.environment:checking '/home/puzzlebot/Desktop/PUXXY_NODE/TE3002B/differential_wheeled_robot_ws/install/differential_wheeled_robot/lib/python3.8/site-packages'
[21.783s] Level 1:colcon.colcon_core.shell:create_environment_hook('differential_wheeled_robot', 'pythonpath')
[21.990s] INFO:colcon.colcon_core.shell:Creating environment hook '/home/puzzlebot/Desktop/PUXXY_NODE/TE3002B/differential_wheeled_robot_ws/install/differential_wheeled_robot/share/differential_wheeled_robot/hook/pythonpath.ps1'
[21.993s] INFO:colcon.colcon_core.shell:Creating environment descriptor '/home/puzzlebot/Desktop/PUXXY_NODE/TE3002B/differential_wheeled_robot_ws/install/differential_wheeled_robot/share/differential_wheeled_robot/hook/pythonpath.dsv'
[21.994s] INFO:colcon.colcon_core.shell:Creating environment hook '/home/puzzlebot/Desktop/PUXXY_NODE/TE3002B/differential_wheeled_robot_ws/install/differential_wheeled_robot/share/differential_wheeled_robot/hook/pythonpath.sh'
[21.996s] Level 1:colcon.colcon_core.environment:checking '/home/puzzlebot/Desktop/PUXXY_NODE/TE3002B/differential_wheeled_robot_ws/install/differential_wheeled_robot/bin'
[22.214s] INFO:colcon.colcon_core.shell:Creating package script '/home/puzzlebot/Desktop/PUXXY_NODE/TE3002B/differential_wheeled_robot_ws/install/differential_wheeled_robot/share/differential_wheeled_robot/package.ps1'
[22.217s] INFO:colcon.colcon_core.shell:Creating package descriptor '/home/puzzlebot/Desktop/PUXXY_NODE/TE3002B/differential_wheeled_robot_ws/install/differential_wheeled_robot/share/differential_wheeled_robot/package.dsv'
[22.220s] INFO:colcon.colcon_core.shell:Creating package script '/home/puzzlebot/Desktop/PUXXY_NODE/TE3002B/differential_wheeled_robot_ws/install/differential_wheeled_robot/share/differential_wheeled_robot/package.sh'
[22.222s] INFO:colcon.colcon_core.shell:Creating package script '/home/puzzlebot/Desktop/PUXXY_NODE/TE3002B/differential_wheeled_robot_ws/install/differential_wheeled_robot/share/differential_wheeled_robot/package.bash'
[22.223s] INFO:colcon.colcon_core.shell:Creating package script '/home/puzzlebot/Desktop/PUXXY_NODE/TE3002B/differential_wheeled_robot_ws/install/differential_wheeled_robot/share/differential_wheeled_robot/package.zsh'
[22.225s] Level 1:colcon.colcon_core.environment:create_file_with_runtime_dependencies(/home/puzzlebot/Desktop/PUXXY_NODE/TE3002B/differential_wheeled_robot_ws/install/differential_wheeled_robot/share/colcon-core/packages/differential_wheeled_robot)
[22.226s] DEBUG:colcon.colcon_parallel_executor.executor.parallel:closing loop
[22.227s] DEBUG:colcon.colcon_parallel_executor.executor.parallel:loop closed
[22.227s] DEBUG:colcon.colcon_parallel_executor.executor.parallel:run_until_complete finished with '0'
[22.228s] DEBUG:colcon.colcon_core.event_reactor:joining thread
[22.453s] INFO:colcon.colcon_core.plugin_system:Skipping extension 'colcon_notification.desktop_notification.terminal_notifier': Not used on non-Darwin systems
[22.454s] INFO:colcon.colcon_core.plugin_system:Skipping extension 'colcon_notification.desktop_notification.win32': Not used on non-Windows systems
[22.454s] INFO:colcon.colcon_notification.desktop_notification:Sending desktop notification using 'notify2'
[22.503s] DEBUG:colcon.colcon_core.event_reactor:joined thread
[22.738s] INFO:colcon.colcon_core.shell:Creating prefix script '/home/puzzlebot/Desktop/PUXXY_NODE/TE3002B/differential_wheeled_robot_ws/install/local_setup.ps1'
[22.743s] INFO:colcon.colcon_core.shell:Creating prefix util module '/home/puzzlebot/Desktop/PUXXY_NODE/TE3002B/differential_wheeled_robot_ws/install/_local_setup_util_ps1.py'
[22.748s] INFO:colcon.colcon_core.shell:Creating prefix chain script '/home/puzzlebot/Desktop/PUXXY_NODE/TE3002B/differential_wheeled_robot_ws/install/setup.ps1'
[22.960s] INFO:colcon.colcon_core.shell:Creating prefix script '/home/puzzlebot/Desktop/PUXXY_NODE/TE3002B/differential_wheeled_robot_ws/install/local_setup.sh'
[22.962s] INFO:colcon.colcon_core.shell:Creating prefix util module '/home/puzzlebot/Desktop/PUXXY_NODE/TE3002B/differential_wheeled_robot_ws/install/_local_setup_util_sh.py'
[22.964s] INFO:colcon.colcon_core.shell:Creating prefix chain script '/home/puzzlebot/Desktop/PUXXY_NODE/TE3002B/differential_wheeled_robot_ws/install/setup.sh'
[23.178s] INFO:colcon.colcon_core.shell:Creating prefix script '/home/puzzlebot/Desktop/PUXXY_NODE/TE3002B/differential_wheeled_robot_ws/install/local_setup.bash'
[23.180s] INFO:colcon.colcon_core.shell:Creating prefix chain script '/home/puzzlebot/Desktop/PUXXY_NODE/TE3002B/differential_wheeled_robot_ws/install/setup.bash'
[23.397s] INFO:colcon.colcon_core.shell:Creating prefix script '/home/puzzlebot/Desktop/PUXXY_NODE/TE3002B/differential_wheeled_robot_ws/install/local_setup.zsh'
[23.399s] INFO:colcon.colcon_core.shell:Creating prefix chain script '/home/puzzlebot/Desktop/PUXXY_NODE/TE3002B/differential_wheeled_robot_ws/install/setup.zsh'
