[12.335s] DEBUG:colcon:Command line arguments: ['/usr/bin/colcon', 'build']
[12.335s] DEBUG:colcon:Parsed command line arguments: Namespace(allow_overriding=[], ament_cmake_args=None, base_paths=['.'], build_base='build', catkin_cmake_args=None, catkin_skip_building_tests=False, cmake_args=None, cmake_clean_cache=False, cmake_clean_first=False, cmake_force_configure=False, cmake_target=None, cmake_target_skip_unavailable=False, continue_on_error=False, event_handlers=None, executor='parallel', ignore_user_meta=False, install_base='install', log_base=None, log_level=None, main=<bound method BuildVerb.main of <colcon_core.verb.build.BuildVerb object at 0x7fa4adc520>>, merge_install=False, metas=['./colcon.meta'], packages_above=None, packages_above_and_dependencies=None, packages_above_depth=None, packages_end=None, packages_ignore=None, packages_ignore_regex=None, packages_select=None, packages_select_build_failed=False, packages_select_by_dep=None, packages_select_regex=None, packages_select_test_failures=False, packages_skip=None, packages_skip_build_finished=False, packages_skip_by_dep=None, packages_skip_regex=None, packages_skip_test_passed=False, packages_skip_up_to=None, packages_start=None, packages_up_to=None, packages_up_to_regex=None, parallel_workers=4, paths=None, symlink_install=False, test_result_base=None, verb_extension=<colcon_core.verb.build.BuildVerb object at 0x7fa4adc520>, verb_name='build', verb_parser=<colcon_defaults.argument_parser.defaults.DefaultArgumentsDecorator object at 0x7fa4a74c10>)
[12.914s] Level 1:colcon.colcon_core.package_discovery:discover_packages(colcon_meta) check parameters
[12.915s] Level 1:colcon.colcon_core.package_discovery:discover_packages(recursive) check parameters
[12.915s] Level 1:colcon.colcon_core.package_discovery:discover_packages(ignore) check parameters
[12.915s] Level 1:colcon.colcon_core.package_discovery:discover_packages(path) check parameters
[12.915s] Level 1:colcon.colcon_core.package_discovery:discover_packages(colcon_meta) discover
[12.916s] Level 1:colcon.colcon_core.package_discovery:discover_packages(recursive) discover
[12.916s] INFO:colcon.colcon_core.package_discovery:Crawling recursively for packages in '/home/puzzlebot/Desktop/PUXXY_NODE/TE3002B/puzzle_ws'
[12.916s] Level 1:colcon.colcon_core.package_identification:_identify(.) by extensions ['ignore', 'ignore_ament_install']
[12.917s] Level 1:colcon.colcon_core.package_identification:_identify(.) by extension 'ignore'
[12.917s] Level 1:colcon.colcon_core.package_identification:_identify(.) by extension 'ignore_ament_install'
[12.917s] Level 1:colcon.colcon_core.package_identification:_identify(.) by extensions ['colcon_pkg']
[12.917s] Level 1:colcon.colcon_core.package_identification:_identify(.) by extension 'colcon_pkg'
[12.918s] Level 1:colcon.colcon_core.package_identification:_identify(.) by extensions ['colcon_meta']
[12.918s] Level 1:colcon.colcon_core.package_identification:_identify(.) by extension 'colcon_meta'
[12.918s] Level 1:colcon.colcon_core.package_identification:_identify(.) by extensions ['ros']
[12.918s] Level 1:colcon.colcon_core.package_identification:_identify(.) by extension 'ros'
[12.989s] Level 1:colcon.colcon_core.package_identification:_identify(.) by extensions ['cmake', 'python']
[12.989s] Level 1:colcon.colcon_core.package_identification:_identify(.) by extension 'cmake'
[12.990s] Level 1:colcon.colcon_core.package_identification:_identify(.) by extension 'python'
[12.990s] Level 1:colcon.colcon_core.package_identification:_identify(.) by extensions ['python_setup_py']
[12.990s] Level 1:colcon.colcon_core.package_identification:_identify(.) by extension 'python_setup_py'
[12.990s] Level 1:colcon.colcon_core.package_identification:_identify(build) by extensions ['ignore', 'ignore_ament_install']
[12.991s] Level 1:colcon.colcon_core.package_identification:_identify(build) by extension 'ignore'
[12.991s] Level 1:colcon.colcon_core.package_identification:_identify(build) ignored
[12.992s] Level 1:colcon.colcon_core.package_identification:_identify(install) by extensions ['ignore', 'ignore_ament_install']
[12.993s] Level 1:colcon.colcon_core.package_identification:_identify(install) by extension 'ignore'
[12.993s] Level 1:colcon.colcon_core.package_identification:_identify(install) ignored
[12.993s] Level 1:colcon.colcon_core.package_identification:_identify(log) by extensions ['ignore', 'ignore_ament_install']
[12.994s] Level 1:colcon.colcon_core.package_identification:_identify(log) by extension 'ignore'
[12.994s] Level 1:colcon.colcon_core.package_identification:_identify(log) ignored
[12.994s] Level 1:colcon.colcon_core.package_identification:_identify(src) by extensions ['ignore', 'ignore_ament_install']
[12.995s] Level 1:colcon.colcon_core.package_identification:_identify(src) by extension 'ignore'
[12.995s] Level 1:colcon.colcon_core.package_identification:_identify(src) by extension 'ignore_ament_install'
[12.995s] Level 1:colcon.colcon_core.package_identification:_identify(src) by extensions ['colcon_pkg']
[12.996s] Level 1:colcon.colcon_core.package_identification:_identify(src) by extension 'colcon_pkg'
[12.996s] Level 1:colcon.colcon_core.package_identification:_identify(src) by extensions ['colcon_meta']
[12.996s] Level 1:colcon.colcon_core.package_identification:_identify(src) by extension 'colcon_meta'
[12.996s] Level 1:colcon.colcon_core.package_identification:_identify(src) by extensions ['ros']
[12.996s] Level 1:colcon.colcon_core.package_identification:_identify(src) by extension 'ros'
[12.997s] Level 1:colcon.colcon_core.package_identification:_identify(src) by extensions ['cmake', 'python']
[12.997s] Level 1:colcon.colcon_core.package_identification:_identify(src) by extension 'cmake'
[12.997s] Level 1:colcon.colcon_core.package_identification:_identify(src) by extension 'python'
[12.998s] Level 1:colcon.colcon_core.package_identification:_identify(src) by extensions ['python_setup_py']
[12.998s] Level 1:colcon.colcon_core.package_identification:_identify(src) by extension 'python_setup_py'
[12.998s] Level 1:colcon.colcon_core.package_identification:_identify(src/puzzle_pkg) by extensions ['ignore', 'ignore_ament_install']
[12.999s] Level 1:colcon.colcon_core.package_identification:_identify(src/puzzle_pkg) by extension 'ignore'
[12.999s] Level 1:colcon.colcon_core.package_identification:_identify(src/puzzle_pkg) by extension 'ignore_ament_install'
[13.000s] Level 1:colcon.colcon_core.package_identification:_identify(src/puzzle_pkg) by extensions ['colcon_pkg']
[13.000s] Level 1:colcon.colcon_core.package_identification:_identify(src/puzzle_pkg) by extension 'colcon_pkg'
[13.000s] Level 1:colcon.colcon_core.package_identification:_identify(src/puzzle_pkg) by extensions ['colcon_meta']
[13.000s] Level 1:colcon.colcon_core.package_identification:_identify(src/puzzle_pkg) by extension 'colcon_meta'
[13.001s] Level 1:colcon.colcon_core.package_identification:_identify(src/puzzle_pkg) by extensions ['ros']
[13.001s] Level 1:colcon.colcon_core.package_identification:_identify(src/puzzle_pkg) by extension 'ros'
[13.018s] DEBUG:colcon.colcon_core.package_identification:Package 'src/puzzle_pkg' with type 'ros.ament_cmake' and name 'puzzle_pkg'
[13.018s] Level 1:colcon.colcon_core.package_discovery:discover_packages(recursive) using defaults
[13.019s] Level 1:colcon.colcon_core.package_discovery:discover_packages(ignore) discover
[13.019s] Level 1:colcon.colcon_core.package_discovery:discover_packages(ignore) using defaults
[13.019s] Level 1:colcon.colcon_core.package_discovery:discover_packages(path) discover
[13.019s] Level 1:colcon.colcon_core.package_discovery:discover_packages(path) using defaults
[14.120s] Level 1:colcon.colcon_core.package_discovery:discover_packages(prefix_path) check parameters
[14.120s] Level 1:colcon.colcon_core.package_discovery:discover_packages(prefix_path) discover
[14.592s] DEBUG:colcon.colcon_installed_package_information.package_discovery:Found 1 installed packages in /home/puzzlebot/Desktop/PUXXY_NODE/TE3002B/puzzle_ws/install
[14.816s] DEBUG:colcon.colcon_installed_package_information.package_discovery:Found 1 installed packages in /home/puzzlebot/ros2_ws/install
[15.029s] DEBUG:colcon.colcon_installed_package_information.package_discovery:Found 5 installed packages in /home/puzzlebot/ros2_packages_ws/install
[15.285s] DEBUG:colcon.colcon_installed_package_information.package_discovery:Found 281 installed packages in /opt/ros/humble
[15.294s] Level 1:colcon.colcon_core.package_discovery:discover_packages(prefix_path) using defaults
[16.242s] Level 5:colcon.colcon_core.verb:set package 'puzzle_pkg' build argument 'cmake_args' from command line to 'None'
[16.243s] Level 5:colcon.colcon_core.verb:set package 'puzzle_pkg' build argument 'cmake_target' from command line to 'None'
[16.243s] Level 5:colcon.colcon_core.verb:set package 'puzzle_pkg' build argument 'cmake_target_skip_unavailable' from command line to 'False'
[16.243s] Level 5:colcon.colcon_core.verb:set package 'puzzle_pkg' build argument 'cmake_clean_cache' from command line to 'False'
[16.243s] Level 5:colcon.colcon_core.verb:set package 'puzzle_pkg' build argument 'cmake_clean_first' from command line to 'False'
[16.243s] Level 5:colcon.colcon_core.verb:set package 'puzzle_pkg' build argument 'cmake_force_configure' from command line to 'False'
[16.243s] Level 5:colcon.colcon_core.verb:set package 'puzzle_pkg' build argument 'ament_cmake_args' from command line to 'None'
[16.244s] Level 5:colcon.colcon_core.verb:set package 'puzzle_pkg' build argument 'catkin_cmake_args' from command line to 'None'
[16.244s] Level 5:colcon.colcon_core.verb:set package 'puzzle_pkg' build argument 'catkin_skip_building_tests' from command line to 'False'
[16.244s] DEBUG:colcon.colcon_core.verb:Building package 'puzzle_pkg' with the following arguments: {'ament_cmake_args': None, 'build_base': '/home/puzzlebot/Desktop/PUXXY_NODE/TE3002B/puzzle_ws/build/puzzle_pkg', 'catkin_cmake_args': None, 'catkin_skip_building_tests': False, 'cmake_args': None, 'cmake_clean_cache': False, 'cmake_clean_first': False, 'cmake_force_configure': False, 'cmake_target': None, 'cmake_target_skip_unavailable': False, 'install_base': '/home/puzzlebot/Desktop/PUXXY_NODE/TE3002B/puzzle_ws/install/puzzle_pkg', 'merge_install': False, 'path': '/home/puzzlebot/Desktop/PUXXY_NODE/TE3002B/puzzle_ws/src/puzzle_pkg', 'symlink_install': False, 'test_result_base': None}
[16.444s] INFO:colcon.colcon_core.executor:Executing jobs using 'parallel' executor
[16.648s] DEBUG:colcon.colcon_parallel_executor.executor.parallel:run_until_complete
[16.649s] INFO:colcon.colcon_ros.task.ament_cmake.build:Building ROS package in '/home/puzzlebot/Desktop/PUXXY_NODE/TE3002B/puzzle_ws/src/puzzle_pkg' with build type 'ament_cmake'
[16.649s] INFO:colcon.colcon_cmake.task.cmake.build:Building CMake package in '/home/puzzlebot/Desktop/PUXXY_NODE/TE3002B/puzzle_ws/src/puzzle_pkg'
[16.890s] INFO:colcon.colcon_core.plugin_system:Skipping extension 'colcon_core.shell.bat': Not used on non-Windows systems
[16.891s] INFO:colcon.colcon_core.shell:Skip shell extension 'powershell' for command environment: Not usable outside of PowerShell
[16.892s] DEBUG:colcon.colcon_core.shell:Skip shell extension 'dsv' for command environment
[18.057s] DEBUG:colcon.colcon_core.event_handler.log_command:Invoking command in '/home/puzzlebot/Desktop/PUXXY_NODE/TE3002B/puzzle_ws/build/puzzle_pkg': CMAKE_PREFIX_PATH=/home/puzzlebot/Desktop/PUXXY_NODE/TE3002B/puzzle_ws/install/puzzle_pkg:/home/puzzlebot/ros2_ws/install/puzzlebot_ros:/opt/ros/humble:/home/puzzlebot/ros2_packages_ws/install/ros_deep_learning:/home/puzzlebot/ros2_packages_ws/install/micro_ros_setup:/home/puzzlebot/ros2_packages_ws/install/micro_ros_agent:/home/puzzlebot/ros2_packages_ws/install/micro_ros_msgs:/home/puzzlebot/ros2_packages_ws/install/camera_info_publisher /usr/bin/cmake --build /home/puzzlebot/Desktop/PUXXY_NODE/TE3002B/puzzle_ws/build/puzzle_pkg -- -j4 -l4
[71.081s] DEBUG:colcon.colcon_core.event_handler.log_command:Invoked command in '/home/puzzlebot/Desktop/PUXXY_NODE/TE3002B/puzzle_ws/build/puzzle_pkg' returned '0': CMAKE_PREFIX_PATH=/home/puzzlebot/Desktop/PUXXY_NODE/TE3002B/puzzle_ws/install/puzzle_pkg:/home/puzzlebot/ros2_ws/install/puzzlebot_ros:/opt/ros/humble:/home/puzzlebot/ros2_packages_ws/install/ros_deep_learning:/home/puzzlebot/ros2_packages_ws/install/micro_ros_setup:/home/puzzlebot/ros2_packages_ws/install/micro_ros_agent:/home/puzzlebot/ros2_packages_ws/install/micro_ros_msgs:/home/puzzlebot/ros2_packages_ws/install/camera_info_publisher /usr/bin/cmake --build /home/puzzlebot/Desktop/PUXXY_NODE/TE3002B/puzzle_ws/build/puzzle_pkg -- -j4 -l4
[71.513s] DEBUG:colcon.colcon_core.event_handler.log_command:Invoking command in '/home/puzzlebot/Desktop/PUXXY_NODE/TE3002B/puzzle_ws/build/puzzle_pkg': CMAKE_PREFIX_PATH=/home/puzzlebot/Desktop/PUXXY_NODE/TE3002B/puzzle_ws/install/puzzle_pkg:/home/puzzlebot/ros2_ws/install/puzzlebot_ros:/opt/ros/humble:/home/puzzlebot/ros2_packages_ws/install/ros_deep_learning:/home/puzzlebot/ros2_packages_ws/install/micro_ros_setup:/home/puzzlebot/ros2_packages_ws/install/micro_ros_agent:/home/puzzlebot/ros2_packages_ws/install/micro_ros_msgs:/home/puzzlebot/ros2_packages_ws/install/camera_info_publisher /usr/bin/cmake --install /home/puzzlebot/Desktop/PUXXY_NODE/TE3002B/puzzle_ws/build/puzzle_pkg
[72.033s] Level 1:colcon.colcon_core.environment:create_environment_scripts_only(puzzle_pkg)
[72.041s] DEBUG:colcon.colcon_core.event_handler.log_command:Invoked command in '/home/puzzlebot/Desktop/PUXXY_NODE/TE3002B/puzzle_ws/build/puzzle_pkg' returned '0': CMAKE_PREFIX_PATH=/home/puzzlebot/Desktop/PUXXY_NODE/TE3002B/puzzle_ws/install/puzzle_pkg:/home/puzzlebot/ros2_ws/install/puzzlebot_ros:/opt/ros/humble:/home/puzzlebot/ros2_packages_ws/install/ros_deep_learning:/home/puzzlebot/ros2_packages_ws/install/micro_ros_setup:/home/puzzlebot/ros2_packages_ws/install/micro_ros_agent:/home/puzzlebot/ros2_packages_ws/install/micro_ros_msgs:/home/puzzlebot/ros2_packages_ws/install/camera_info_publisher /usr/bin/cmake --install /home/puzzlebot/Desktop/PUXXY_NODE/TE3002B/puzzle_ws/build/puzzle_pkg
[72.926s] Level 1:colcon.colcon_core.environment:checking '/home/puzzlebot/Desktop/PUXXY_NODE/TE3002B/puzzle_ws/install/puzzle_pkg' for CMake module files
[72.933s] Level 1:colcon.colcon_core.environment:checking '/home/puzzlebot/Desktop/PUXXY_NODE/TE3002B/puzzle_ws/install/puzzle_pkg' for CMake config files
[72.938s] Level 1:colcon.colcon_core.shell:create_environment_hook('puzzle_pkg', 'cmake_prefix_path')
[73.199s] INFO:colcon.colcon_core.shell:Creating environment hook '/home/puzzlebot/Desktop/PUXXY_NODE/TE3002B/puzzle_ws/install/puzzle_pkg/share/puzzle_pkg/hook/cmake_prefix_path.ps1'
[73.232s] INFO:colcon.colcon_core.shell:Creating environment descriptor '/home/puzzlebot/Desktop/PUXXY_NODE/TE3002B/puzzle_ws/install/puzzle_pkg/share/puzzle_pkg/hook/cmake_prefix_path.dsv'
[73.235s] INFO:colcon.colcon_core.shell:Creating environment hook '/home/puzzlebot/Desktop/PUXXY_NODE/TE3002B/puzzle_ws/install/puzzle_pkg/share/puzzle_pkg/hook/cmake_prefix_path.sh'
[73.255s] Level 1:colcon.colcon_core.environment:checking '/home/puzzlebot/Desktop/PUXXY_NODE/TE3002B/puzzle_ws/install/puzzle_pkg/lib'
[73.256s] Level 1:colcon.colcon_core.shell:create_environment_hook('puzzle_pkg', 'ld_library_path_lib')
[73.497s] INFO:colcon.colcon_core.shell:Creating environment hook '/home/puzzlebot/Desktop/PUXXY_NODE/TE3002B/puzzle_ws/install/puzzle_pkg/share/puzzle_pkg/hook/ld_library_path_lib.ps1'
[73.499s] INFO:colcon.colcon_core.shell:Creating environment descriptor '/home/puzzlebot/Desktop/PUXXY_NODE/TE3002B/puzzle_ws/install/puzzle_pkg/share/puzzle_pkg/hook/ld_library_path_lib.dsv'
[73.501s] INFO:colcon.colcon_core.shell:Creating environment hook '/home/puzzlebot/Desktop/PUXXY_NODE/TE3002B/puzzle_ws/install/puzzle_pkg/share/puzzle_pkg/hook/ld_library_path_lib.sh'
[73.503s] Level 1:colcon.colcon_core.environment:checking '/home/puzzlebot/Desktop/PUXXY_NODE/TE3002B/puzzle_ws/install/puzzle_pkg/bin'
[73.503s] Level 1:colcon.colcon_core.environment:checking '/home/puzzlebot/Desktop/PUXXY_NODE/TE3002B/puzzle_ws/install/puzzle_pkg/lib/pkgconfig/puzzle_pkg.pc'
[73.542s] Level 1:colcon.colcon_core.environment:checking '/home/puzzlebot/Desktop/PUXXY_NODE/TE3002B/puzzle_ws/install/puzzle_pkg/lib/python3.8/site-packages'
[73.543s] Level 1:colcon.colcon_core.shell:create_environment_hook('puzzle_pkg', 'pythonpath')
[73.788s] INFO:colcon.colcon_core.shell:Creating environment hook '/home/puzzlebot/Desktop/PUXXY_NODE/TE3002B/puzzle_ws/install/puzzle_pkg/share/puzzle_pkg/hook/pythonpath.ps1'
[73.789s] INFO:colcon.colcon_core.shell:Creating environment descriptor '/home/puzzlebot/Desktop/PUXXY_NODE/TE3002B/puzzle_ws/install/puzzle_pkg/share/puzzle_pkg/hook/pythonpath.dsv'
[73.791s] INFO:colcon.colcon_core.shell:Creating environment hook '/home/puzzlebot/Desktop/PUXXY_NODE/TE3002B/puzzle_ws/install/puzzle_pkg/share/puzzle_pkg/hook/pythonpath.sh'
[73.793s] Level 1:colcon.colcon_core.environment:checking '/home/puzzlebot/Desktop/PUXXY_NODE/TE3002B/puzzle_ws/install/puzzle_pkg/bin'
[74.080s] INFO:colcon.colcon_core.shell:Creating package script '/home/puzzlebot/Desktop/PUXXY_NODE/TE3002B/puzzle_ws/install/puzzle_pkg/share/puzzle_pkg/package.ps1'
[74.089s] INFO:colcon.colcon_core.shell:Creating package descriptor '/home/puzzlebot/Desktop/PUXXY_NODE/TE3002B/puzzle_ws/install/puzzle_pkg/share/puzzle_pkg/package.dsv'
[74.095s] INFO:colcon.colcon_core.shell:Creating package script '/home/puzzlebot/Desktop/PUXXY_NODE/TE3002B/puzzle_ws/install/puzzle_pkg/share/puzzle_pkg/package.sh'
[74.105s] INFO:colcon.colcon_core.shell:Creating package script '/home/puzzlebot/Desktop/PUXXY_NODE/TE3002B/puzzle_ws/install/puzzle_pkg/share/puzzle_pkg/package.bash'
[74.112s] INFO:colcon.colcon_core.shell:Creating package script '/home/puzzlebot/Desktop/PUXXY_NODE/TE3002B/puzzle_ws/install/puzzle_pkg/share/puzzle_pkg/package.zsh'
[74.132s] Level 1:colcon.colcon_core.environment:create_file_with_runtime_dependencies(/home/puzzlebot/Desktop/PUXXY_NODE/TE3002B/puzzle_ws/install/puzzle_pkg/share/colcon-core/packages/puzzle_pkg)
[74.836s] Level 1:colcon.colcon_core.environment:create_environment_scripts_only(puzzle_pkg)
[75.112s] Level 1:colcon.colcon_core.environment:checking '/home/puzzlebot/Desktop/PUXXY_NODE/TE3002B/puzzle_ws/install/puzzle_pkg' for CMake module files
[75.116s] Level 1:colcon.colcon_core.environment:checking '/home/puzzlebot/Desktop/PUXXY_NODE/TE3002B/puzzle_ws/install/puzzle_pkg' for CMake config files
[75.119s] Level 1:colcon.colcon_core.shell:create_environment_hook('puzzle_pkg', 'cmake_prefix_path')
[75.392s] INFO:colcon.colcon_core.shell:Creating environment hook '/home/puzzlebot/Desktop/PUXXY_NODE/TE3002B/puzzle_ws/install/puzzle_pkg/share/puzzle_pkg/hook/cmake_prefix_path.ps1'
[75.394s] INFO:colcon.colcon_core.shell:Creating environment descriptor '/home/puzzlebot/Desktop/PUXXY_NODE/TE3002B/puzzle_ws/install/puzzle_pkg/share/puzzle_pkg/hook/cmake_prefix_path.dsv'
[75.397s] INFO:colcon.colcon_core.shell:Creating environment hook '/home/puzzlebot/Desktop/PUXXY_NODE/TE3002B/puzzle_ws/install/puzzle_pkg/share/puzzle_pkg/hook/cmake_prefix_path.sh'
[75.404s] Level 1:colcon.colcon_core.environment:checking '/home/puzzlebot/Desktop/PUXXY_NODE/TE3002B/puzzle_ws/install/puzzle_pkg/lib'
[75.405s] Level 1:colcon.colcon_core.shell:create_environment_hook('puzzle_pkg', 'ld_library_path_lib')
[75.702s] INFO:colcon.colcon_core.shell:Creating environment hook '/home/puzzlebot/Desktop/PUXXY_NODE/TE3002B/puzzle_ws/install/puzzle_pkg/share/puzzle_pkg/hook/ld_library_path_lib.ps1'
[75.704s] INFO:colcon.colcon_core.shell:Creating environment descriptor '/home/puzzlebot/Desktop/PUXXY_NODE/TE3002B/puzzle_ws/install/puzzle_pkg/share/puzzle_pkg/hook/ld_library_path_lib.dsv'
[75.705s] INFO:colcon.colcon_core.shell:Creating environment hook '/home/puzzlebot/Desktop/PUXXY_NODE/TE3002B/puzzle_ws/install/puzzle_pkg/share/puzzle_pkg/hook/ld_library_path_lib.sh'
[75.707s] Level 1:colcon.colcon_core.environment:checking '/home/puzzlebot/Desktop/PUXXY_NODE/TE3002B/puzzle_ws/install/puzzle_pkg/bin'
[75.707s] Level 1:colcon.colcon_core.environment:checking '/home/puzzlebot/Desktop/PUXXY_NODE/TE3002B/puzzle_ws/install/puzzle_pkg/lib/pkgconfig/puzzle_pkg.pc'
[75.709s] Level 1:colcon.colcon_core.environment:checking '/home/puzzlebot/Desktop/PUXXY_NODE/TE3002B/puzzle_ws/install/puzzle_pkg/lib/python3.8/site-packages'
[75.709s] Level 1:colcon.colcon_core.shell:create_environment_hook('puzzle_pkg', 'pythonpath')
[75.987s] INFO:colcon.colcon_core.shell:Creating environment hook '/home/puzzlebot/Desktop/PUXXY_NODE/TE3002B/puzzle_ws/install/puzzle_pkg/share/puzzle_pkg/hook/pythonpath.ps1'
[75.989s] INFO:colcon.colcon_core.shell:Creating environment descriptor '/home/puzzlebot/Desktop/PUXXY_NODE/TE3002B/puzzle_ws/install/puzzle_pkg/share/puzzle_pkg/hook/pythonpath.dsv'
[75.990s] INFO:colcon.colcon_core.shell:Creating environment hook '/home/puzzlebot/Desktop/PUXXY_NODE/TE3002B/puzzle_ws/install/puzzle_pkg/share/puzzle_pkg/hook/pythonpath.sh'
[75.993s] Level 1:colcon.colcon_core.environment:checking '/home/puzzlebot/Desktop/PUXXY_NODE/TE3002B/puzzle_ws/install/puzzle_pkg/bin'
[76.274s] INFO:colcon.colcon_core.shell:Creating package script '/home/puzzlebot/Desktop/PUXXY_NODE/TE3002B/puzzle_ws/install/puzzle_pkg/share/puzzle_pkg/package.ps1'
[76.279s] INFO:colcon.colcon_core.shell:Creating package descriptor '/home/puzzlebot/Desktop/PUXXY_NODE/TE3002B/puzzle_ws/install/puzzle_pkg/share/puzzle_pkg/package.dsv'
[76.282s] INFO:colcon.colcon_core.shell:Creating package script '/home/puzzlebot/Desktop/PUXXY_NODE/TE3002B/puzzle_ws/install/puzzle_pkg/share/puzzle_pkg/package.sh'
[76.284s] INFO:colcon.colcon_core.shell:Creating package script '/home/puzzlebot/Desktop/PUXXY_NODE/TE3002B/puzzle_ws/install/puzzle_pkg/share/puzzle_pkg/package.bash'
[76.286s] INFO:colcon.colcon_core.shell:Creating package script '/home/puzzlebot/Desktop/PUXXY_NODE/TE3002B/puzzle_ws/install/puzzle_pkg/share/puzzle_pkg/package.zsh'
[76.288s] Level 1:colcon.colcon_core.environment:create_file_with_runtime_dependencies(/home/puzzlebot/Desktop/PUXXY_NODE/TE3002B/puzzle_ws/install/puzzle_pkg/share/colcon-core/packages/puzzle_pkg)
[76.307s] DEBUG:colcon.colcon_parallel_executor.executor.parallel:closing loop
[76.310s] DEBUG:colcon.colcon_parallel_executor.executor.parallel:loop closed
[76.313s] DEBUG:colcon.colcon_parallel_executor.executor.parallel:run_until_complete finished with '0'
[76.314s] DEBUG:colcon.colcon_core.event_reactor:joining thread
[76.977s] INFO:colcon.colcon_core.plugin_system:Skipping extension 'colcon_notification.desktop_notification.terminal_notifier': Not used on non-Darwin systems
[76.978s] INFO:colcon.colcon_core.plugin_system:Skipping extension 'colcon_notification.desktop_notification.win32': Not used on non-Windows systems
[76.978s] INFO:colcon.colcon_notification.desktop_notification:Sending desktop notification using 'notify2'
[77.257s] DEBUG:colcon.colcon_core.event_reactor:joined thread
[77.812s] INFO:colcon.colcon_core.shell:Creating prefix script '/home/puzzlebot/Desktop/PUXXY_NODE/TE3002B/puzzle_ws/install/local_setup.ps1'
[77.819s] INFO:colcon.colcon_core.shell:Creating prefix util module '/home/puzzlebot/Desktop/PUXXY_NODE/TE3002B/puzzle_ws/install/_local_setup_util_ps1.py'
[77.832s] INFO:colcon.colcon_core.shell:Creating prefix chain script '/home/puzzlebot/Desktop/PUXXY_NODE/TE3002B/puzzle_ws/install/setup.ps1'
[78.123s] INFO:colcon.colcon_core.shell:Creating prefix script '/home/puzzlebot/Desktop/PUXXY_NODE/TE3002B/puzzle_ws/install/local_setup.sh'
[78.130s] INFO:colcon.colcon_core.shell:Creating prefix util module '/home/puzzlebot/Desktop/PUXXY_NODE/TE3002B/puzzle_ws/install/_local_setup_util_sh.py'
[78.132s] INFO:colcon.colcon_core.shell:Creating prefix chain script '/home/puzzlebot/Desktop/PUXXY_NODE/TE3002B/puzzle_ws/install/setup.sh'
[78.404s] INFO:colcon.colcon_core.shell:Creating prefix script '/home/puzzlebot/Desktop/PUXXY_NODE/TE3002B/puzzle_ws/install/local_setup.bash'
[78.411s] INFO:colcon.colcon_core.shell:Creating prefix chain script '/home/puzzlebot/Desktop/PUXXY_NODE/TE3002B/puzzle_ws/install/setup.bash'
[78.681s] INFO:colcon.colcon_core.shell:Creating prefix script '/home/puzzlebot/Desktop/PUXXY_NODE/TE3002B/puzzle_ws/install/local_setup.zsh'
[78.687s] INFO:colcon.colcon_core.shell:Creating prefix chain script '/home/puzzlebot/Desktop/PUXXY_NODE/TE3002B/puzzle_ws/install/setup.zsh'
