[1.052s] Invoking command in '/home/puzzlebot/Desktop/PUXXY_NODE/TE3002B/lane_processing_ws/build/lane_processing': CMAKE_PREFIX_PATH=/home/puzzlebot/ros2_ws/install/puzzlebot_ros:/opt/ros/humble:${CMAKE_PREFIX_PATH} /usr/bin/cmake /home/puzzlebot/Desktop/PUXXY_NODE/TE3002B/lane_processing_ws/src/lane_processing -DCMAKE_INSTALL_PREFIX=/home/puzzlebot/Desktop/PUXXY_NODE/TE3002B/lane_processing_ws/install/lane_processing
[1.627s] -- The C compiler identification is GNU 8.4.0
[1.892s] -- The CXX compiler identification is GNU 8.4.0
[1.919s] -- Check for working C compiler: /usr/bin/cc
[2.213s] -- Check for working C compiler: /usr/bin/cc -- works
[2.220s] -- Detecting C compiler ABI info
[2.536s] -- Detecting C compiler ABI info - done
[2.745s] -- Detecting C compile features
[2.825s] -- Detecting C compile features - done
[3.203s] -- Check for working CXX compiler: /usr/bin/c++
[3.584s] -- Check for working CXX compiler: /usr/bin/c++ -- works
[3.588s] -- Detecting CXX compiler ABI info
[3.852s] -- Detecting CXX compiler ABI info - done
[3.900s] -- Detecting CXX compile features
[3.902s] -- Detecting CXX compile features - done
[3.919s] -- Found ament_cmake: 1.3.6 (/opt/ros/humble/share/ament_cmake/cmake)
[4.574s] -- Found Python3: /usr/bin/python3.8 (found version "3.8.10") found components: Interpreter 
[4.997s] -- Found rclcpp: 16.0.7 (/opt/ros/humble/share/rclcpp/cmake)
[5.273s] -- Found rosidl_generator_c: 3.1.5 (/opt/ros/humble/share/rosidl_generator_c/cmake)
[5.308s] -- Found rosidl_adapter: 3.1.5 (/opt/ros/humble/share/rosidl_adapter/cmake)
[5.363s] -- Found rosidl_generator_cpp: 3.1.5 (/opt/ros/humble/share/rosidl_generator_cpp/cmake)
[5.457s] -- Using all available rosidl_typesupport_c: rosidl_typesupport_fastrtps_c;rosidl_typesupport_introspection_c
[5.589s] -- Using all available rosidl_typesupport_cpp: rosidl_typesupport_fastrtps_cpp;rosidl_typesupport_introspection_cpp
[6.041s] -- Found rmw_implementation_cmake: 6.1.1 (/opt/ros/humble/share/rmw_implementation_cmake/cmake)
[6.061s] -- Found rmw_fastrtps_cpp: 6.2.5 (/opt/ros/humble/share/rmw_fastrtps_cpp/cmake)
[6.711s] -- Found OpenSSL: /usr/lib/aarch64-linux-gnu/libcrypto.so (found version "1.1.1f")  
[6.829s] -- Found FastRTPS: /opt/ros/humble/include  
[7.073s] -- Using RMW implementation 'rmw_fastrtps_cpp' as default
[7.134s] -- Looking for pthread.h
[7.401s] -- Looking for pthread.h - found
[7.401s] -- Performing Test CMAKE_HAVE_LIBC_PTHREAD
[7.665s] -- Performing Test CMAKE_HAVE_LIBC_PTHREAD - Failed
[7.666s] -- Looking for pthread_create in pthreads
[7.884s] -- Looking for pthread_create in pthreads - not found
[7.885s] -- Looking for pthread_create in pthread
[8.121s] -- Looking for pthread_create in pthread - found
[8.124s] -- Found Threads: TRUE  
[9.104s] -- Found cv_bridge: 3.2.1 (/opt/ros/humble/share/cv_bridge/cmake)
[9.997s] -- Found image_transport: 3.1.7 (/opt/ros/humble/share/image_transport/cmake)
[10.251s] CMake Error at /opt/ros/humble/share/ament_cmake_target_dependencies/cmake/ament_target_dependencies.cmake:42 (message):
[10.251s]   ament_target_dependencies() the first argument must be a valid target name
[10.252s] Call Stack (most recent call first):
[10.252s]   CMakeLists.txt:37 (ament_target_dependencies)
[10.252s] 
[10.253s] 
[10.262s] -- Configuring incomplete, errors occurred!
[10.262s] See also "/home/puzzlebot/Desktop/PUXXY_NODE/TE3002B/lane_processing_ws/build/lane_processing/CMakeFiles/CMakeOutput.log".
[10.263s] See also "/home/puzzlebot/Desktop/PUXXY_NODE/TE3002B/lane_processing_ws/build/lane_processing/CMakeFiles/CMakeError.log".
[10.299s] Invoked command in '/home/puzzlebot/Desktop/PUXXY_NODE/TE3002B/lane_processing_ws/build/lane_processing' returned '1': CMAKE_PREFIX_PATH=/home/puzzlebot/ros2_ws/install/puzzlebot_ros:/opt/ros/humble:${CMAKE_PREFIX_PATH} /usr/bin/cmake /home/puzzlebot/Desktop/PUXXY_NODE/TE3002B/lane_processing_ws/src/lane_processing -DCMAKE_INSTALL_PREFIX=/home/puzzlebot/Desktop/PUXXY_NODE/TE3002B/lane_processing_ws/install/lane_processing
