[01m[K/home/puzzlebot/Documents/PUXXY_NODE/TE3002B/puzzle_ws/src/puzzle_pkg/src/vision/lib/cv_wrapper.cpp:[m[K In function ‘[01m[Kcv::Mat apply_closing(cv::Mat&, cv::Size, int)[m[K’:
[01m[K/home/puzzlebot/Documents/PUXXY_NODE/TE3002B/puzzle_ws/src/puzzle_pkg/src/vision/lib/cv_wrapper.cpp:47:14:[m[K [01;31m[Kerror: [m[K‘[01m[Kcout[m[K’ is not a member of ‘[01m[Kstd[m[K’
         std::[01;31m[Kcout[m[K << "Empty!";
              [01;31m[K^~~~[m[K
[01m[K/home/puzzlebot/Documents/PUXXY_NODE/TE3002B/puzzle_ws/src/puzzle_pkg/src/vision/lib/cv_wrapper.cpp:47:14:[m[K [01;36m[Knote: [m[K‘[01m[Kstd::cout[m[K’ is defined in header ‘[01m[K<iostream>[m[K’; did you forget to ‘[01m[K#include <iostream>[m[K’?
[01m[K/home/puzzlebot/Documents/PUXXY_NODE/TE3002B/puzzle_ws/src/puzzle_pkg/src/vision/lib/cv_wrapper.cpp:2:1:[m[K
+[32m[K#include <iostream>[m[K
 
[01m[K/home/puzzlebot/Documents/PUXXY_NODE/TE3002B/puzzle_ws/src/puzzle_pkg/src/vision/lib/cv_wrapper.cpp:47:14:[m[K
         std::[01;36m[Kcout[m[K << "Empty!";
              [01;36m[K^~~~[m[K
[01m[K/home/puzzlebot/Documents/PUXXY_NODE/TE3002B/puzzle_ws/src/puzzle_pkg/src/vision/lib/cv_wrapper.cpp:51:14:[m[K [01;31m[Kerror: [m[K‘[01m[Kcout[m[K’ is not a member of ‘[01m[Kstd[m[K’
         std::[01;31m[Kcout[m[K << "Wrong Kernel!";
              [01;31m[K^~~~[m[K
[01m[K/home/puzzlebot/Documents/PUXXY_NODE/TE3002B/puzzle_ws/src/puzzle_pkg/src/vision/lib/cv_wrapper.cpp:51:14:[m[K [01;36m[Knote: [m[K‘[01m[Kstd::cout[m[K’ is defined in header ‘[01m[K<iostream>[m[K’; did you forget to ‘[01m[K#include <iostream>[m[K’?
[01m[K/home/puzzlebot/Documents/PUXXY_NODE/TE3002B/puzzle_ws/src/puzzle_pkg/src/vision/lib/cv_wrapper.cpp:55:14:[m[K [01;31m[Kerror: [m[K‘[01m[Kcout[m[K’ is not a member of ‘[01m[Kstd[m[K’
         std::[01;31m[Kcout[m[K << "Bro wtf!";
              [01;31m[K^~~~[m[K
[01m[K/home/puzzlebot/Documents/PUXXY_NODE/TE3002B/puzzle_ws/src/puzzle_pkg/src/vision/lib/cv_wrapper.cpp:55:14:[m[K [01;36m[Knote: [m[K‘[01m[Kstd::cout[m[K’ is defined in header ‘[01m[K<iostream>[m[K’; did you forget to ‘[01m[K#include <iostream>[m[K’?
[01m[K/home/puzzlebot/Documents/PUXXY_NODE/TE3002B/puzzle_ws/src/puzzle_pkg/src/vision/lib/cv_wrapper.cpp:64:14:[m[K [01;31m[Kerror: [m[K‘[01m[Kcout[m[K’ is not a member of ‘[01m[Kstd[m[K’
         std::[01;31m[Kcout[m[K << "Error closing";
              [01;31m[K^~~~[m[K
[01m[K/home/puzzlebot/Documents/PUXXY_NODE/TE3002B/puzzle_ws/src/puzzle_pkg/src/vision/lib/cv_wrapper.cpp:64:14:[m[K [01;36m[Knote: [m[K‘[01m[Kstd::cout[m[K’ is defined in header ‘[01m[K<iostream>[m[K’; did you forget to ‘[01m[K#include <iostream>[m[K’?
make[2]: *** [CMakeFiles/lane_detection.dir/build.make:76: CMakeFiles/lane_detection.dir/src/vision/lib/cv_wrapper.cpp.o] Error 1
make[1]: *** [CMakeFiles/Makefile2:160: CMakeFiles/lane_detection.dir/all] Error 2
make: *** [Makefile:141: all] Error 2
