[1.068s] Invoking command in '/home/puzzlebot/Desktop/PUXXY_NODE/TE3002B/lane_processing_ws/build/lane_processing': CMAKE_PREFIX_PATH=/home/puzzlebot/ros2_ws/install/puzzlebot_ros:/opt/ros/humble:${CMAKE_PREFIX_PATH} /usr/bin/cmake /home/puzzlebot/Desktop/PUXXY_NODE/TE3002B/lane_processing_ws/src/lane_processing -DCMAKE_INSTALL_PREFIX=/home/puzzlebot/Desktop/PUXXY_NODE/TE3002B/lane_processing_ws/install/lane_processing
[1.128s] -- Found ament_cmake: 1.3.6 (/opt/ros/humble/share/ament_cmake/cmake)
[1.910s] -- Found rclcpp: 16.0.7 (/opt/ros/humble/share/rclcpp/cmake)
[2.060s] -- Found rosidl_generator_c: 3.1.5 (/opt/ros/humble/share/rosidl_generator_c/cmake)
[2.074s] -- Found rosidl_adapter: 3.1.5 (/opt/ros/humble/share/rosidl_adapter/cmake)
[2.105s] -- Found rosidl_generator_cpp: 3.1.5 (/opt/ros/humble/share/rosidl_generator_cpp/cmake)
[2.168s] -- Using all available rosidl_typesupport_c: rosidl_typesupport_fastrtps_c;rosidl_typesupport_introspection_c
[2.258s] -- Using all available rosidl_typesupport_cpp: rosidl_typesupport_fastrtps_cpp;rosidl_typesupport_introspection_cpp
[2.595s] -- Found rmw_implementation_cmake: 6.1.1 (/opt/ros/humble/share/rmw_implementation_cmake/cmake)
[2.602s] -- Found rmw_fastrtps_cpp: 6.2.5 (/opt/ros/humble/share/rmw_fastrtps_cpp/cmake)
[3.211s] -- Using RMW implementation 'rmw_fastrtps_cpp' as default
[4.145s] -- Found cv_bridge: 3.2.1 (/opt/ros/humble/share/cv_bridge/cmake)
[4.979s] -- Found image_transport: 3.1.7 (/opt/ros/humble/share/image_transport/cmake)
[5.175s] -- Found rosidl_default_generators: 1.2.0 (/opt/ros/humble/share/rosidl_default_generators/cmake)
[6.724s] -- Found ament_cmake_ros: 0.10.0 (/opt/ros/humble/share/ament_cmake_ros/cmake)
[9.338s] -- Using all available rosidl_typesupport_c: rosidl_typesupport_fastrtps_c;rosidl_typesupport_introspection_c
[10.389s] -- Using all available rosidl_typesupport_cpp: rosidl_typesupport_fastrtps_cpp;rosidl_typesupport_introspection_cpp
[10.499s] -- Found python_cmake_module: 0.10.0 (/opt/ros/humble/share/python_cmake_module/cmake)
[10.611s] -- Using PYTHON_EXECUTABLE: /usr/bin/python3
[10.611s] -- Using PYTHON_INCLUDE_DIRS: /usr/include/python3.8
[10.612s] -- Using PYTHON_LIBRARIES: /usr/lib/aarch64-linux-gnu/libpython3.8.so
[10.781s] CMake Error at CMakeLists.txt:29 (add_executable):
[10.781s]   add_executable cannot create target "lane_processing" because another
[10.782s]   target with the same name already exists.  The existing target is a custom
[10.782s]   target created in source directory
[10.782s]   "/home/puzzlebot/Desktop/PUXXY_NODE/TE3002B/lane_processing_ws/src/lane_processing".
[10.783s]   See documentation for policy CMP0002 for more details.
[10.783s] 
[10.784s] 
[10.784s] CMake Error at CMakeLists.txt:37 (target_include_directories):
[10.784s]   target_include_directories called with non-compilable target type
[10.785s] 
[10.785s] 
[10.785s] CMake Error at CMakeLists.txt:41 (target_compile_features):
[10.786s]   target_compile_features called with non-compilable target type
[10.786s] 
[10.787s] 
[10.787s] CMake Error at /opt/ros/humble/share/ament_cmake_target_dependencies/cmake/ament_target_dependencies.cmake:128 (target_compile_definitions):
[10.787s]   target_compile_definitions called with non-compilable target type
[10.788s] Call Stack (most recent call first):
[10.788s]   CMakeLists.txt:44 (ament_target_dependencies)
[10.789s] 
[10.790s] 
[10.790s] CMake Error at /opt/ros/humble/share/ament_cmake_target_dependencies/cmake/ament_target_dependencies.cmake:141 (target_include_directories):
[10.790s]   target_include_directories called with non-compilable target type
[10.791s] Call Stack (most recent call first):
[10.791s]   CMakeLists.txt:44 (ament_target_dependencies)
[10.791s] 
[10.792s] 
[10.792s] CMake Error at /opt/ros/humble/share/ament_cmake_target_dependencies/cmake/ament_target_dependencies.cmake:145 (target_link_libraries):
[10.793s]   Utility target "lane_processing" must not be used as the target of a
[10.793s]   target_link_libraries call.
[10.793s] Call Stack (most recent call first):
[10.793s]   CMakeLists.txt:44 (ament_target_dependencies)
[10.794s] 
[10.794s] 
[10.795s] CMake Error at /opt/ros/humble/share/ament_cmake_target_dependencies/cmake/ament_target_dependencies.cmake:147 (target_include_directories):
[10.795s]   target_include_directories called with non-compilable target type
[10.795s] Call Stack (most recent call first):
[10.796s]   CMakeLists.txt:44 (ament_target_dependencies)
[10.796s] 
[10.796s] 
[10.797s] CMake Error at /opt/ros/humble/share/ament_cmake_target_dependencies/cmake/ament_target_dependencies.cmake:151 (target_link_libraries):
[10.797s]   Utility target "lane_processing" must not be used as the target of a
[10.797s]   target_link_libraries call.
[10.798s] Call Stack (most recent call first):
[10.798s]   CMakeLists.txt:44 (ament_target_dependencies)
[10.798s] 
[10.799s] 
[10.799s] CMake Error at CMakeLists.txt:51 (install):
[10.799s]   install TARGETS given target "lane_processing" which is not an executable,
[10.800s]   library, or module.
[10.800s] 
[10.800s] 
[10.801s] -- Found ament_lint_auto: 0.12.9 (/opt/ros/humble/share/ament_lint_auto/cmake)
[10.831s] -- Added test 'cppcheck' to perform static code analysis on C / C++ code
[10.857s] -- Configured cppcheck include dirs: /home/puzzlebot/Desktop/PUXXY_NODE/TE3002B/lane_processing_ws/src/lane_processing/include
[10.857s] -- Configured cppcheck exclude dirs and/or files: 
[10.861s] -- Added test 'lint_cmake' to check CMake code style
[10.868s] -- Added test 'uncrustify' to check C / C++ code style
[10.868s] -- Configured uncrustify additional arguments: 
[10.869s] -- Added test 'xmllint' to check XML markup files
[10.893s] -- Configuring incomplete, errors occurred!
[10.894s] See also "/home/puzzlebot/Desktop/PUXXY_NODE/TE3002B/lane_processing_ws/build/lane_processing/CMakeFiles/CMakeOutput.log".
[10.894s] See also "/home/puzzlebot/Desktop/PUXXY_NODE/TE3002B/lane_processing_ws/build/lane_processing/CMakeFiles/CMakeError.log".
[10.929s] Invoked command in '/home/puzzlebot/Desktop/PUXXY_NODE/TE3002B/lane_processing_ws/build/lane_processing' returned '1': CMAKE_PREFIX_PATH=/home/puzzlebot/ros2_ws/install/puzzlebot_ros:/opt/ros/humble:${CMAKE_PREFIX_PATH} /usr/bin/cmake /home/puzzlebot/Desktop/PUXXY_NODE/TE3002B/lane_processing_ws/src/lane_processing -DCMAKE_INSTALL_PREFIX=/home/puzzlebot/Desktop/PUXXY_NODE/TE3002B/lane_processing_ws/install/lane_processing
