[  2%] Built target puzzle_pkg__cpp
[  2%] Built target ament_cmake_python_copy_puzzle_pkg
[  9%] Built target puzzle_pkg__rosidl_generator_c
[35m[1mScanning dependencies of target signal_handle[0m
[ 13%] Built target odometry
[ 18%] Built target cam_source
[ 27%] [32mBuilding CXX object CMakeFiles/signal_handle.dir/src/vision/signal_handle.cpp.o[0m
[ 27%] Built target puzzle_pkg__rosidl_typesupport_c
[ 34%] Built target puzzle_pkg__rosidl_typesupport_cpp
[ 40%] Built target puzzle_pkg__rosidl_typesupport_introspection_cpp
[ 47%] Built target puzzle_pkg__rosidl_typesupport_introspection_c
[ 54%] Built target puzzle_pkg__rosidl_typesupport_fastrtps_cpp
[ 61%] Built target puzzle_pkg__rosidl_typesupport_fastrtps_c
[35m[1mScanning dependencies of target controller[0m
[ 72%] Built target lane_detection
[ 75%] [32mBuilding CXX object CMakeFiles/controller.dir/src/control/controller.cpp.o[0m
[ 75%] Built target puzzle_pkg
[ 77%] Built target puzzle_pkg__py
[ 81%] Built target puzzle_pkg__rosidl_generator_py
running egg_info
writing puzzle_pkg.egg-info/PKG-INFO
writing dependency_links to puzzle_pkg.egg-info/dependency_links.txt
writing top-level names to puzzle_pkg.egg-info/top_level.txt
[ 86%] Built target puzzle_pkg__rosidl_typesupport_fastrtps_c__pyext
reading manifest file 'puzzle_pkg.egg-info/SOURCES.txt'
writing manifest file 'puzzle_pkg.egg-info/SOURCES.txt'
[ 86%] Built target ament_cmake_python_build_puzzle_pkg_egg
[ 90%] Built target puzzle_pkg__rosidl_typesupport_introspection_c__pyext
[ 95%] Built target puzzle_pkg__rosidl_typesupport_c__pyext
[ 97%] [32m[1mLinking CXX executable signal_handle[0m
[ 97%] Built target signal_handle
