[2.530s] Invoking command in '/home/puzzlebot/Documents/PUXXY_NODE/TE3002B/puzzle_ws/build/puzzle_pkg': AMENT_PREFIX_PATH=/home/puzzlebot/Documents/PUXXY_NODE/TE3002B/puzzle_ws/install/cv_bridge:${AMENT_PREFIX_PATH} CMAKE_PREFIX_PATH=/home/puzzlebot/Documents/PUXXY_NODE/TE3002B/puzzle_ws/install/cv_bridge:/home/puzzlebot/ros2_ws/install/puzzlebot_ros:/opt/ros/humble:${CMAKE_PREFIX_PATH} LD_LIBRARY_PATH=/home/puzzlebot/Documents/PUXXY_NODE/TE3002B/puzzle_ws/install/cv_bridge/lib:/usr/local/cuda/lib64:/home/puzzlebot/ros2_packages_ws/install/micro_ros_agent/lib:/home/puzzlebot/ros2_packages_ws/install/micro_ros_msgs/lib:/opt/ros/humble/opt/rviz_ogre_vendor/lib:/opt/ros/humble/lib/aarch64-linux-gnu:/opt/ros/humble/lib:/usr/local/cuda/lib64 PYTHONPATH=/home/puzzlebot/Documents/PUXXY_NODE/TE3002B/puzzle_ws/install/cv_bridge/lib/python3.8/site-packages:${PYTHONPATH} /usr/bin/cmake /home/puzzlebot/Documents/PUXXY_NODE/TE3002B/puzzle_ws/src/puzzle_pkg -DCMAKE_INSTALL_PREFIX=/home/puzzlebot/Documents/PUXXY_NODE/TE3002B/puzzle_ws/install/puzzle_pkg
[3.091s] -- The C compiler identification is GNU 8.4.0
[3.351s] -- The CXX compiler identification is GNU 8.4.0
[3.388s] -- Check for working C compiler: /usr/bin/cc
[3.756s] -- Check for working C compiler: /usr/bin/cc -- works
[3.760s] -- Detecting C compiler ABI info
[4.124s] -- Detecting C compiler ABI info - done
[4.179s] -- Detecting C compile features
[4.180s] -- Detecting C compile features - done
[4.191s] -- Check for working CXX compiler: /usr/bin/c++
[4.539s] -- Check for working CXX compiler: /usr/bin/c++ -- works
[4.552s] -- Detecting CXX compiler ABI info
[4.921s] -- Detecting CXX compiler ABI info - done
[4.974s] -- Detecting CXX compile features
[4.977s] -- Detecting CXX compile features - done
[5.030s] -- Found ament_cmake: 1.3.6 (/opt/ros/humble/share/ament_cmake/cmake)
[5.871s] -- Found Python3: /usr/bin/python3.8 (found version "3.8.10") found components: Interpreter 
[6.380s] -- Found cv_bridge: 3.2.1 (/home/puzzlebot/Documents/PUXXY_NODE/TE3002B/puzzle_ws/install/cv_bridge/share/cv_bridge/cmake)
[6.479s] -- Looking for pthread.h
[6.857s] -- Looking for pthread.h - found
[6.857s] -- Performing Test CMAKE_HAVE_LIBC_PTHREAD
[7.202s] -- Performing Test CMAKE_HAVE_LIBC_PTHREAD - Failed
[7.204s] -- Looking for pthread_create in pthreads
[7.455s] -- Looking for pthread_create in pthreads - not found
[7.455s] -- Looking for pthread_create in pthread
[7.729s] -- Looking for pthread_create in pthread - found
[7.733s] -- Found Threads: TRUE  
[7.827s] -- Found CUDA: /usr/local/cuda (found suitable exact version "10.2") 
[8.229s] -- Found rosidl_generator_c: 3.1.5 (/opt/ros/humble/share/rosidl_generator_c/cmake)
[8.273s] -- Found rosidl_adapter: 3.1.5 (/opt/ros/humble/share/rosidl_adapter/cmake)
[8.346s] -- Found rosidl_generator_cpp: 3.1.5 (/opt/ros/humble/share/rosidl_generator_cpp/cmake)
[8.485s] -- Using all available rosidl_typesupport_c: rosidl_typesupport_fastrtps_c;rosidl_typesupport_introspection_c
[8.643s] -- Using all available rosidl_typesupport_cpp: rosidl_typesupport_fastrtps_cpp;rosidl_typesupport_introspection_cpp
[10.171s] -- Found rclcpp: 16.0.7 (/opt/ros/humble/share/rclcpp/cmake)
[10.707s] -- Found rmw_implementation_cmake: 6.1.1 (/opt/ros/humble/share/rmw_implementation_cmake/cmake)
[10.734s] -- Found rmw_fastrtps_cpp: 6.2.5 (/opt/ros/humble/share/rmw_fastrtps_cpp/cmake)
[11.556s] -- Found OpenSSL: /usr/lib/aarch64-linux-gnu/libcrypto.so (found version "1.1.1f")  
[11.684s] -- Found FastRTPS: /opt/ros/humble/include  
[11.940s] -- Using RMW implementation 'rmw_fastrtps_cpp' as default
[12.861s] -- Found image_transport: 3.1.7 (/opt/ros/humble/share/image_transport/cmake)
[13.164s] -- Found rosidl_default_generators: 1.2.0 (/opt/ros/humble/share/rosidl_default_generators/cmake)
[13.263s] -- Found OpenCV: /usr (found version "4.5.5") 
[13.295s] -- Found CUDA: /usr/local/cuda (found version "10.2") 
[15.015s] -- Found ament_cmake_ros: 0.10.0 (/opt/ros/humble/share/ament_cmake_ros/cmake)
[17.949s] -- Using all available rosidl_typesupport_c: rosidl_typesupport_fastrtps_c;rosidl_typesupport_introspection_c
[19.105s] -- Using all available rosidl_typesupport_cpp: rosidl_typesupport_fastrtps_cpp;rosidl_typesupport_introspection_cpp
[19.225s] -- Found PythonInterp: /usr/bin/python3 (found suitable version "3.8.10", minimum required is "3.6") 
[19.239s] -- Found python_cmake_module: 0.10.0 (/opt/ros/humble/share/python_cmake_module/cmake)
[19.379s] -- Found PythonLibs: /usr/lib/aarch64-linux-gnu/libpython3.8.so (found suitable version "3.8.10", minimum required is "3.5") 
[19.379s] -- Using PYTHON_EXECUTABLE: /usr/bin/python3
[19.380s] -- Using PYTHON_INCLUDE_DIRS: /usr/include/python3.8
[19.380s] -- Using PYTHON_LIBRARIES: /usr/lib/aarch64-linux-gnu/libpython3.8.so
[19.492s] -- Found PythonExtra: .so  
[19.968s] -- Found ament_lint_auto: 0.12.9 (/opt/ros/humble/share/ament_lint_auto/cmake)
[20.102s] -- Added test 'cppcheck' to perform static code analysis on C / C++ code
[20.137s] -- Configured cppcheck include dirs: /home/puzzlebot/Documents/PUXXY_NODE/TE3002B/puzzle_ws/src/puzzle_pkg/include;$<BUILD_INTERFACE:/home/puzzlebot/Documents/PUXXY_NODE/TE3002B/puzzle_ws/src/puzzle_pkg/include>
[20.138s] -- Configured cppcheck exclude dirs and/or files: 
[20.143s] -- Added test 'flake8' to check Python code syntax and style conventions
[20.148s] -- Added test 'lint_cmake' to check CMake code style
[20.152s] -- Added test 'pep257' to check Python code against some of the docstring style conventions in PEP 257
[20.163s] -- Added test 'uncrustify' to check C / C++ code style
[20.163s] -- Configured uncrustify additional arguments: 
[20.167s] -- Added test 'xmllint' to check XML markup files
[20.196s] -- Configuring done
[20.754s] -- Generating done
[20.771s] -- Build files have been written to: /home/puzzlebot/Documents/PUXXY_NODE/TE3002B/puzzle_ws/build/puzzle_pkg
[20.826s] Invoked command in '/home/puzzlebot/Documents/PUXXY_NODE/TE3002B/puzzle_ws/build/puzzle_pkg' returned '0': AMENT_PREFIX_PATH=/home/puzzlebot/Documents/PUXXY_NODE/TE3002B/puzzle_ws/install/cv_bridge:${AMENT_PREFIX_PATH} CMAKE_PREFIX_PATH=/home/puzzlebot/Documents/PUXXY_NODE/TE3002B/puzzle_ws/install/cv_bridge:/home/puzzlebot/ros2_ws/install/puzzlebot_ros:/opt/ros/humble:${CMAKE_PREFIX_PATH} LD_LIBRARY_PATH=/home/puzzlebot/Documents/PUXXY_NODE/TE3002B/puzzle_ws/install/cv_bridge/lib:/usr/local/cuda/lib64:/home/puzzlebot/ros2_packages_ws/install/micro_ros_agent/lib:/home/puzzlebot/ros2_packages_ws/install/micro_ros_msgs/lib:/opt/ros/humble/opt/rviz_ogre_vendor/lib:/opt/ros/humble/lib/aarch64-linux-gnu:/opt/ros/humble/lib:/usr/local/cuda/lib64 PYTHONPATH=/home/puzzlebot/Documents/PUXXY_NODE/TE3002B/puzzle_ws/install/cv_bridge/lib/python3.8/site-packages:${PYTHONPATH} /usr/bin/cmake /home/puzzlebot/Documents/PUXXY_NODE/TE3002B/puzzle_ws/src/puzzle_pkg -DCMAKE_INSTALL_PREFIX=/home/puzzlebot/Documents/PUXXY_NODE/TE3002B/puzzle_ws/install/puzzle_pkg
[20.835s] Invoking command in '/home/puzzlebot/Documents/PUXXY_NODE/TE3002B/puzzle_ws/build/puzzle_pkg': AMENT_PREFIX_PATH=/home/puzzlebot/Documents/PUXXY_NODE/TE3002B/puzzle_ws/install/cv_bridge:${AMENT_PREFIX_PATH} CMAKE_PREFIX_PATH=/home/puzzlebot/Documents/PUXXY_NODE/TE3002B/puzzle_ws/install/cv_bridge:/home/puzzlebot/ros2_ws/install/puzzlebot_ros:/opt/ros/humble:${CMAKE_PREFIX_PATH} LD_LIBRARY_PATH=/home/puzzlebot/Documents/PUXXY_NODE/TE3002B/puzzle_ws/install/cv_bridge/lib:/usr/local/cuda/lib64:/home/puzzlebot/ros2_packages_ws/install/micro_ros_agent/lib:/home/puzzlebot/ros2_packages_ws/install/micro_ros_msgs/lib:/opt/ros/humble/opt/rviz_ogre_vendor/lib:/opt/ros/humble/lib/aarch64-linux-gnu:/opt/ros/humble/lib:/usr/local/cuda/lib64 PYTHONPATH=/home/puzzlebot/Documents/PUXXY_NODE/TE3002B/puzzle_ws/install/cv_bridge/lib/python3.8/site-packages:${PYTHONPATH} /usr/bin/cmake --build /home/puzzlebot/Documents/PUXXY_NODE/TE3002B/puzzle_ws/build/puzzle_pkg -- -j4 -l4
[21.006s] [  2%] [34m[1mGenerating C code for ROS interfaces[0m
[22.264s] [35m[1mScanning dependencies of target puzzle_pkg__rosidl_generator_c[0m
[22.329s] [  4%] [32mBuilding C object CMakeFiles/puzzle_pkg__rosidl_generator_c.dir/rosidl_generator_c/puzzle_pkg/msg/detail/diff_error__functions.c.o[0m
[22.530s] [  6%] [32m[1mLinking C shared library libpuzzle_pkg__rosidl_generator_c.so[0m
[22.665s] [  6%] Built target puzzle_pkg__rosidl_generator_c
[22.706s] [35m[1mScanning dependencies of target ament_cmake_python_copy_puzzle_pkg[0m
[22.780s] [  6%] Built target ament_cmake_python_copy_puzzle_pkg
[22.821s] [35m[1mScanning dependencies of target cam_source[0m
[23.488s] [  9%] [32mBuilding CXX object CMakeFiles/cam_source.dir/src/vision/cam_source.cpp.o[0m
[49.279s] [ 11%] [32m[1mLinking CXX executable cam_source[0m
[52.125s] [ 11%] Built target cam_source
[52.165s] [35m[1mScanning dependencies of target odometry[0m
[52.166s] [35m[1mScanning dependencies of target signal_handle[0m
[52.449s] [ 13%] [32mBuilding CXX object CMakeFiles/signal_handle.dir/src/vision/signal_handle.cpp.o[0m
[52.450s] [ 15%] [32mBuilding CXX object CMakeFiles/odometry.dir/src/control/odometry.cpp.o[0m
[53.404s] [ 18%] [34m[1mGenerating C type support dispatch for ROS interfaces[0m
[54.475s] [35m[1mScanning dependencies of target puzzle_pkg__cpp[0m
[54.526s] [35m[1mScanning dependencies of target puzzle_pkg__rosidl_typesupport_c[0m
[54.579s] [ 20%] [34m[1mGenerating C++ code for ROS interfaces[0m
[54.651s] [ 22%] [32mBuilding CXX object CMakeFiles/puzzle_pkg__rosidl_typesupport_c.dir/rosidl_typesupport_c/puzzle_pkg/msg/diff_error__type_support.cpp.o[0m
[54.836s] [ 25%] [32m[1mLinking CXX shared library libpuzzle_pkg__rosidl_typesupport_c.so[0m
[55.132s] [ 25%] Built target puzzle_pkg__rosidl_typesupport_c
[55.238s] [ 27%] [34m[1mGenerating C introspection for ROS interfaces[0m
[56.615s] [ 27%] Built target puzzle_pkg__cpp
[56.723s] [ 29%] [34m[1mGenerating C type support for eProsima Fast-RTPS[0m
[56.793s] [35m[1mScanning dependencies of target puzzle_pkg__rosidl_typesupport_introspection_c[0m
[57.052s] [ 31%] [32mBuilding C object CMakeFiles/puzzle_pkg__rosidl_typesupport_introspection_c.dir/rosidl_typesupport_introspection_c/puzzle_pkg/msg/detail/diff_error__type_support.c.o[0m
[57.400s] [ 34%] [32m[1mLinking C shared library libpuzzle_pkg__rosidl_typesupport_introspection_c.so[0m
[57.550s] [ 34%] Built target puzzle_pkg__rosidl_typesupport_introspection_c
[57.595s] [35m[1mScanning dependencies of target ament_cmake_python_build_puzzle_pkg_egg[0m
[58.457s] [35m[1mScanning dependencies of target puzzle_pkg__rosidl_typesupport_fastrtps_c[0m
[58.569s] [ 36%] [32mBuilding CXX object CMakeFiles/puzzle_pkg__rosidl_typesupport_fastrtps_c.dir/rosidl_typesupport_fastrtps_c/puzzle_pkg/msg/detail/diff_error__type_support_c.cpp.o[0m
[59.433s] running egg_info
[59.435s] creating puzzle_pkg.egg-info
[59.437s] writing puzzle_pkg.egg-info/PKG-INFO
[59.438s] writing dependency_links to puzzle_pkg.egg-info/dependency_links.txt
[59.438s] writing top-level names to puzzle_pkg.egg-info/top_level.txt
[59.440s] writing manifest file 'puzzle_pkg.egg-info/SOURCES.txt'
[59.632s] reading manifest file 'puzzle_pkg.egg-info/SOURCES.txt'
[59.635s] writing manifest file 'puzzle_pkg.egg-info/SOURCES.txt'
[59.806s] [ 36%] Built target ament_cmake_python_build_puzzle_pkg_egg
[59.855s] [ 38%] [34m[1mGenerating C++ type support dispatch for ROS interfaces[0m
[60.306s] [ 40%] [32m[1mLinking CXX shared library libpuzzle_pkg__rosidl_typesupport_fastrtps_c.so[0m
[60.722s] [ 40%] Built target puzzle_pkg__rosidl_typesupport_fastrtps_c
[60.772s] [ 43%] [34m[1mGenerating C++ introspection for ROS interfaces[0m
[61.168s] [35m[1mScanning dependencies of target puzzle_pkg__rosidl_typesupport_cpp[0m
[61.296s] [ 45%] [32mBuilding CXX object CMakeFiles/puzzle_pkg__rosidl_typesupport_cpp.dir/rosidl_typesupport_cpp/puzzle_pkg/msg/diff_error__type_support.cpp.o[0m
[62.420s] [35m[1mScanning dependencies of target puzzle_pkg__rosidl_typesupport_introspection_cpp[0m
[62.539s] [ 47%] [32mBuilding CXX object CMakeFiles/puzzle_pkg__rosidl_typesupport_introspection_cpp.dir/rosidl_typesupport_introspection_cpp/puzzle_pkg/msg/detail/diff_error__type_support.cpp.o[0m
[63.169s] [ 50%] [32m[1mLinking CXX shared library libpuzzle_pkg__rosidl_typesupport_cpp.so[0m
[63.449s] [ 50%] Built target puzzle_pkg__rosidl_typesupport_cpp
[63.554s] [ 52%] [34m[1mGenerating C++ type support for eProsima Fast-RTPS[0m
[64.104s] [ 54%] [32m[1mLinking CXX shared library libpuzzle_pkg__rosidl_typesupport_introspection_cpp.so[0m
[64.308s] [ 54%] Built target puzzle_pkg__rosidl_typesupport_introspection_cpp
[64.388s] [35m[1mScanning dependencies of target lane_detection[0m
[65.015s] [ 56%] [32mBuilding CXX object CMakeFiles/lane_detection.dir/src/vision/lane_detection.cpp.o[0m
[65.123s] [35m[1mScanning dependencies of target puzzle_pkg__rosidl_typesupport_fastrtps_cpp[0m
[65.220s] [ 59%] [32mBuilding CXX object CMakeFiles/puzzle_pkg__rosidl_typesupport_fastrtps_cpp.dir/rosidl_typesupport_fastrtps_cpp/puzzle_pkg/msg/detail/dds_fastrtps/diff_error__type_support.cpp.o[0m
[65.452s] [01m[K/home/puzzlebot/Documents/PUXXY_NODE/TE3002B/puzzle_ws/src/puzzle_pkg/src/vision/signal_handle.cpp:[m[K In member function ‘[01m[Kvoid SignalHandlerNode::update_history(const std::vector<int>&)[m[K’:
[65.454s] [01m[K/home/puzzlebot/Documents/PUXXY_NODE/TE3002B/puzzle_ws/src/puzzle_pkg/src/vision/signal_handle.cpp:92:35:[m[K [01;35m[Kwarning: [m[Kcomparison of integer expressions of different signedness: ‘[01m[Kstd::deque<std::vector<int> >::size_type[m[K’ {aka ‘[01m[Klong unsigned int[m[K’} and ‘[01m[Kint[m[K’ [[01;35m[K-Wsign-compare[m[K]
[65.455s]          if ([01;35m[Ksignal_history.size() >= history_size[m[K) {
[65.455s]              [01;35m[K~~~~~~~~~~~~~~~~~~~~~~^~~~~~~~~~~~~~~[m[K
[65.461s] [01m[K/home/puzzlebot/Documents/PUXXY_NODE/TE3002B/puzzle_ws/src/puzzle_pkg/src/vision/signal_handle.cpp:[m[K In member function ‘[01m[Kvoid SignalHandlerNode::execute_state_action(int)[m[K’:
[65.462s] [01m[K/home/puzzlebot/Documents/PUXXY_NODE/TE3002B/puzzle_ws/src/puzzle_pkg/src/vision/signal_handle.cpp:192:35:[m[K [01;35m[Kwarning: [m[Kunused parameter ‘[01m[Kstate_code[m[K’ [[01;35m[K-Wunused-parameter[m[K]
[65.463s]      void execute_state_action([01;35m[Kint state_code[m[K) {
[65.464s]                                [01;35m[K~~~~^~~~~~~~~~[m[K
[67.313s] [ 61%] [32m[1mLinking CXX shared library libpuzzle_pkg__rosidl_typesupport_fastrtps_cpp.so[0m
[68.040s] [ 61%] Built target puzzle_pkg__rosidl_typesupport_fastrtps_cpp
[303.374s] [ 63%] [32m[1mLinking CXX executable odometry[0m
[306.609s] [ 63%] Built target odometry
[307.088s] [ 65%] [32m[1mLinking CXX executable signal_handle[0m
[311.134s] [ 65%] Built target signal_handle
[326.583s] [ 68%] [32mBuilding CXX object CMakeFiles/lane_detection.dir/src/vision/lib/perspective.cpp.o[0m
[334.658s] [ 70%] [32mBuilding CXX object CMakeFiles/lane_detection.dir/src/vision/lib/cv_wrapper.cpp.o[0m
[339.244s] [ 72%] [32mBuilding CXX object CMakeFiles/lane_detection.dir/src/vision/lib/lane_funcs.cpp.o[0m
[344.796s] [ 75%] [32m[1mLinking CXX executable lane_detection[0m
[347.895s] [ 75%] Built target lane_detection
[347.939s] [35m[1mScanning dependencies of target puzzle_pkg[0m
[347.984s] [ 75%] Built target puzzle_pkg
[348.033s] [35m[1mScanning dependencies of target controller[0m
[348.583s] [ 77%] [32mBuilding CXX object CMakeFiles/controller.dir/src/control/controller.cpp.o[0m
[358.548s] [01m[K/home/puzzlebot/Documents/PUXXY_NODE/TE3002B/puzzle_ws/src/puzzle_pkg/src/control/controller.cpp:[m[K In constructor ‘[01m[KController::Controller()[m[K’:
[358.550s] [01m[K/home/puzzlebot/Documents/PUXXY_NODE/TE3002B/puzzle_ws/src/puzzle_pkg/src/control/controller.cpp:444:27:[m[K [01;35m[Kwarning: [m[K‘[01m[KController::odom_[m[K’ will be initialized after [[01;35m[K-Wreorder[m[K]
[358.550s]      std::array<double, 3> [01;35m[Kodom_[m[K;
[358.551s]                            [01;35m[K^~~~~[m[K
[358.551s] [01m[K/home/puzzlebot/Documents/PUXXY_NODE/TE3002B/puzzle_ws/src/puzzle_pkg/src/control/controller.cpp:443:32:[m[K [01;35m[Kwarning: [m[K  ‘[01m[Kpuzzle_pkg::msg::DiffError Controller::errors_[m[K’ [[01;35m[K-Wreorder[m[K]
[358.552s]      puzzle_pkg::msg::DiffError [01;35m[Kerrors_[m[K;
[358.552s]                                 [01;35m[K^~~~~~~[m[K
[358.552s] [01m[K/home/puzzlebot/Documents/PUXXY_NODE/TE3002B/puzzle_ws/src/puzzle_pkg/src/control/controller.cpp:64:5:[m[K [01;35m[Kwarning: [m[K  when initialized here [[01;35m[K-Wreorder[m[K]
[358.553s]      [01;35m[KController[m[K() :
[358.553s]      [01;35m[K^~~~~~~~~~[m[K
[358.553s] [01m[K/home/puzzlebot/Documents/PUXXY_NODE/TE3002B/puzzle_ws/src/puzzle_pkg/src/control/controller.cpp:469:17:[m[K [01;35m[Kwarning: [m[K‘[01m[KController::control_type_[m[K’ will be initialized after [[01;35m[K-Wreorder[m[K]
[358.554s]      ControlType [01;35m[Kcontrol_type_[m[K;
[358.554s]                  [01;35m[K^~~~~~~~~~~~~[m[K
[358.555s] [01m[K/home/puzzlebot/Documents/PUXXY_NODE/TE3002B/puzzle_ws/src/puzzle_pkg/src/control/controller.cpp:464:9:[m[K [01;35m[Kwarning: [m[K  ‘[01m[Kint Controller::counter_[m[K’ [[01;35m[K-Wreorder[m[K]
[358.555s]      int [01;35m[Kcounter_[m[K;
[358.556s]          [01;35m[K^~~~~~~~[m[K
[358.556s] [01m[K/home/puzzlebot/Documents/PUXXY_NODE/TE3002B/puzzle_ws/src/puzzle_pkg/src/control/controller.cpp:64:5:[m[K [01;35m[Kwarning: [m[K  when initialized here [[01;35m[K-Wreorder[m[K]
[358.556s]      [01;35m[KController[m[K() :
[358.557s]      [01;35m[K^~~~~~~~~~[m[K
[358.557s] [01m[K/home/puzzlebot/Documents/PUXXY_NODE/TE3002B/puzzle_ws/src/puzzle_pkg/src/control/controller.cpp:83:49:[m[K [01;35m[Kwarning: [m[Klist-initializer for non-class type must not be parenthesized
[358.558s]          vel_message_(geometry_msgs::msg::Twist()[01;35m[K)[m[K
[358.558s]                                                  [01;35m[K^[m[K
[400.568s] [ 79%] [32m[1mLinking CXX executable controller[0m
[404.253s] [ 79%] Built target controller
[404.295s] [35m[1mScanning dependencies of target puzzle_pkg__py[0m
[404.353s] [ 81%] [34m[1mGenerating Python code for ROS interfaces[0m
[405.994s] [ 81%] Built target puzzle_pkg__py
[406.036s] [35m[1mScanning dependencies of target puzzle_pkg__rosidl_generator_py[0m
[406.212s] [ 84%] [32mBuilding C object CMakeFiles/puzzle_pkg__rosidl_generator_py.dir/rosidl_generator_py/puzzle_pkg/msg/_diff_error_s.c.o[0m
[406.879s] [ 86%] [32m[1mLinking C shared library rosidl_generator_py/puzzle_pkg/libpuzzle_pkg__rosidl_generator_py.so[0m
[407.034s] [ 86%] Built target puzzle_pkg__rosidl_generator_py
[407.083s] [35m[1mScanning dependencies of target puzzle_pkg__rosidl_typesupport_c__pyext[0m
[407.087s] [35m[1mScanning dependencies of target puzzle_pkg__rosidl_typesupport_introspection_c__pyext[0m
[407.093s] [35m[1mScanning dependencies of target puzzle_pkg__rosidl_typesupport_fastrtps_c__pyext[0m
[407.194s] [ 88%] [32mBuilding C object CMakeFiles/puzzle_pkg__rosidl_typesupport_fastrtps_c__pyext.dir/rosidl_generator_py/puzzle_pkg/_puzzle_pkg_s.ep.rosidl_typesupport_fastrtps_c.c.o[0m
[407.203s] [ 90%] [32mBuilding C object CMakeFiles/puzzle_pkg__rosidl_typesupport_introspection_c__pyext.dir/rosidl_generator_py/puzzle_pkg/_puzzle_pkg_s.ep.rosidl_typesupport_introspection_c.c.o[0m
[407.205s] [ 93%] [32mBuilding C object CMakeFiles/puzzle_pkg__rosidl_typesupport_c__pyext.dir/rosidl_generator_py/puzzle_pkg/_puzzle_pkg_s.ep.rosidl_typesupport_c.c.o[0m
[407.573s] [ 95%] [32m[1mLinking C shared library rosidl_generator_py/puzzle_pkg/puzzle_pkg_s__rosidl_typesupport_c.cpython-38-aarch64-linux-gnu.so[0m
[407.579s] [ 97%] [32m[1mLinking C shared library rosidl_generator_py/puzzle_pkg/puzzle_pkg_s__rosidl_typesupport_fastrtps_c.cpython-38-aarch64-linux-gnu.so[0m
[407.587s] [100%] [32m[1mLinking C shared library rosidl_generator_py/puzzle_pkg/puzzle_pkg_s__rosidl_typesupport_introspection_c.cpython-38-aarch64-linux-gnu.so[0m
[407.762s] [100%] Built target puzzle_pkg__rosidl_typesupport_fastrtps_c__pyext
[407.768s] [100%] Built target puzzle_pkg__rosidl_typesupport_introspection_c__pyext
[407.784s] [100%] Built target puzzle_pkg__rosidl_typesupport_c__pyext
[407.849s] Invoked command in '/home/puzzlebot/Documents/PUXXY_NODE/TE3002B/puzzle_ws/build/puzzle_pkg' returned '0': AMENT_PREFIX_PATH=/home/puzzlebot/Documents/PUXXY_NODE/TE3002B/puzzle_ws/install/cv_bridge:${AMENT_PREFIX_PATH} CMAKE_PREFIX_PATH=/home/puzzlebot/Documents/PUXXY_NODE/TE3002B/puzzle_ws/install/cv_bridge:/home/puzzlebot/ros2_ws/install/puzzlebot_ros:/opt/ros/humble:${CMAKE_PREFIX_PATH} LD_LIBRARY_PATH=/home/puzzlebot/Documents/PUXXY_NODE/TE3002B/puzzle_ws/install/cv_bridge/lib:/usr/local/cuda/lib64:/home/puzzlebot/ros2_packages_ws/install/micro_ros_agent/lib:/home/puzzlebot/ros2_packages_ws/install/micro_ros_msgs/lib:/opt/ros/humble/opt/rviz_ogre_vendor/lib:/opt/ros/humble/lib/aarch64-linux-gnu:/opt/ros/humble/lib:/usr/local/cuda/lib64 PYTHONPATH=/home/puzzlebot/Documents/PUXXY_NODE/TE3002B/puzzle_ws/install/cv_bridge/lib/python3.8/site-packages:${PYTHONPATH} /usr/bin/cmake --build /home/puzzlebot/Documents/PUXXY_NODE/TE3002B/puzzle_ws/build/puzzle_pkg -- -j4 -l4
[408.132s] Invoking command in '/home/puzzlebot/Documents/PUXXY_NODE/TE3002B/puzzle_ws/build/puzzle_pkg': AMENT_PREFIX_PATH=/home/puzzlebot/Documents/PUXXY_NODE/TE3002B/puzzle_ws/install/cv_bridge:${AMENT_PREFIX_PATH} CMAKE_PREFIX_PATH=/home/puzzlebot/Documents/PUXXY_NODE/TE3002B/puzzle_ws/install/cv_bridge:/home/puzzlebot/ros2_ws/install/puzzlebot_ros:/opt/ros/humble:${CMAKE_PREFIX_PATH} LD_LIBRARY_PATH=/home/puzzlebot/Documents/PUXXY_NODE/TE3002B/puzzle_ws/install/cv_bridge/lib:/usr/local/cuda/lib64:/home/puzzlebot/ros2_packages_ws/install/micro_ros_agent/lib:/home/puzzlebot/ros2_packages_ws/install/micro_ros_msgs/lib:/opt/ros/humble/opt/rviz_ogre_vendor/lib:/opt/ros/humble/lib/aarch64-linux-gnu:/opt/ros/humble/lib:/usr/local/cuda/lib64 PYTHONPATH=/home/puzzlebot/Documents/PUXXY_NODE/TE3002B/puzzle_ws/install/cv_bridge/lib/python3.8/site-packages:${PYTHONPATH} /usr/bin/cmake --install /home/puzzlebot/Documents/PUXXY_NODE/TE3002B/puzzle_ws/build/puzzle_pkg
[408.168s] -- Install configuration: ""
[408.171s] -- Installing: /home/puzzlebot/Documents/PUXXY_NODE/TE3002B/puzzle_ws/install/puzzle_pkg/share/ament_index/resource_index/rosidl_interfaces/puzzle_pkg
[408.172s] -- Installing: /home/puzzlebot/Documents/PUXXY_NODE/TE3002B/puzzle_ws/install/puzzle_pkg/include/puzzle_pkg/puzzle_pkg
[408.172s] -- Installing: /home/puzzlebot/Documents/PUXXY_NODE/TE3002B/puzzle_ws/install/puzzle_pkg/include/puzzle_pkg/puzzle_pkg/msg
[408.173s] -- Installing: /home/puzzlebot/Documents/PUXXY_NODE/TE3002B/puzzle_ws/install/puzzle_pkg/include/puzzle_pkg/puzzle_pkg/msg/rosidl_generator_c__visibility_control.h
[408.173s] -- Installing: /home/puzzlebot/Documents/PUXXY_NODE/TE3002B/puzzle_ws/install/puzzle_pkg/include/puzzle_pkg/puzzle_pkg/msg/detail
[408.174s] -- Installing: /home/puzzlebot/Documents/PUXXY_NODE/TE3002B/puzzle_ws/install/puzzle_pkg/include/puzzle_pkg/puzzle_pkg/msg/detail/diff_error__functions.c
[408.174s] -- Installing: /home/puzzlebot/Documents/PUXXY_NODE/TE3002B/puzzle_ws/install/puzzle_pkg/include/puzzle_pkg/puzzle_pkg/msg/detail/diff_error__type_support.h
[408.175s] -- Installing: /home/puzzlebot/Documents/PUXXY_NODE/TE3002B/puzzle_ws/install/puzzle_pkg/include/puzzle_pkg/puzzle_pkg/msg/detail/diff_error__struct.h
[408.175s] -- Installing: /home/puzzlebot/Documents/PUXXY_NODE/TE3002B/puzzle_ws/install/puzzle_pkg/include/puzzle_pkg/puzzle_pkg/msg/detail/diff_error__functions.h
[408.176s] -- Installing: /home/puzzlebot/Documents/PUXXY_NODE/TE3002B/puzzle_ws/install/puzzle_pkg/include/puzzle_pkg/puzzle_pkg/msg/diff_error.h
[408.179s] -- Installing: /home/puzzlebot/Documents/PUXXY_NODE/TE3002B/puzzle_ws/install/puzzle_pkg/share/puzzle_pkg/environment/library_path.sh
[408.180s] -- Installing: /home/puzzlebot/Documents/PUXXY_NODE/TE3002B/puzzle_ws/install/puzzle_pkg/share/puzzle_pkg/environment/library_path.dsv
[408.181s] -- Installing: /home/puzzlebot/Documents/PUXXY_NODE/TE3002B/puzzle_ws/install/puzzle_pkg/lib/libpuzzle_pkg__rosidl_generator_c.so
[408.183s] -- Set runtime path of "/home/puzzlebot/Documents/PUXXY_NODE/TE3002B/puzzle_ws/install/puzzle_pkg/lib/libpuzzle_pkg__rosidl_generator_c.so" to ""
[408.183s] -- Up-to-date: /home/puzzlebot/Documents/PUXXY_NODE/TE3002B/puzzle_ws/install/puzzle_pkg/include/puzzle_pkg/puzzle_pkg
[408.184s] -- Up-to-date: /home/puzzlebot/Documents/PUXXY_NODE/TE3002B/puzzle_ws/install/puzzle_pkg/include/puzzle_pkg/puzzle_pkg/msg
[408.184s] -- Installing: /home/puzzlebot/Documents/PUXXY_NODE/TE3002B/puzzle_ws/install/puzzle_pkg/include/puzzle_pkg/puzzle_pkg/msg/rosidl_typesupport_fastrtps_c__visibility_control.h
[408.185s] -- Up-to-date: /home/puzzlebot/Documents/PUXXY_NODE/TE3002B/puzzle_ws/install/puzzle_pkg/include/puzzle_pkg/puzzle_pkg/msg/detail
[408.185s] -- Installing: /home/puzzlebot/Documents/PUXXY_NODE/TE3002B/puzzle_ws/install/puzzle_pkg/include/puzzle_pkg/puzzle_pkg/msg/detail/diff_error__rosidl_typesupport_fastrtps_c.h
[408.185s] -- Installing: /home/puzzlebot/Documents/PUXXY_NODE/TE3002B/puzzle_ws/install/puzzle_pkg/lib/libpuzzle_pkg__rosidl_typesupport_fastrtps_c.so
[408.187s] -- Set runtime path of "/home/puzzlebot/Documents/PUXXY_NODE/TE3002B/puzzle_ws/install/puzzle_pkg/lib/libpuzzle_pkg__rosidl_typesupport_fastrtps_c.so" to ""
[408.187s] -- Up-to-date: /home/puzzlebot/Documents/PUXXY_NODE/TE3002B/puzzle_ws/install/puzzle_pkg/include/puzzle_pkg/puzzle_pkg
[408.188s] -- Up-to-date: /home/puzzlebot/Documents/PUXXY_NODE/TE3002B/puzzle_ws/install/puzzle_pkg/include/puzzle_pkg/puzzle_pkg/msg
[408.188s] -- Installing: /home/puzzlebot/Documents/PUXXY_NODE/TE3002B/puzzle_ws/install/puzzle_pkg/include/puzzle_pkg/puzzle_pkg/msg/diff_error.hpp
[408.188s] -- Up-to-date: /home/puzzlebot/Documents/PUXXY_NODE/TE3002B/puzzle_ws/install/puzzle_pkg/include/puzzle_pkg/puzzle_pkg/msg/detail
[408.189s] -- Installing: /home/puzzlebot/Documents/PUXXY_NODE/TE3002B/puzzle_ws/install/puzzle_pkg/include/puzzle_pkg/puzzle_pkg/msg/detail/diff_error__traits.hpp
[408.189s] -- Installing: /home/puzzlebot/Documents/PUXXY_NODE/TE3002B/puzzle_ws/install/puzzle_pkg/include/puzzle_pkg/puzzle_pkg/msg/detail/diff_error__struct.hpp
[408.190s] -- Installing: /home/puzzlebot/Documents/PUXXY_NODE/TE3002B/puzzle_ws/install/puzzle_pkg/include/puzzle_pkg/puzzle_pkg/msg/detail/diff_error__builder.hpp
[408.190s] -- Up-to-date: /home/puzzlebot/Documents/PUXXY_NODE/TE3002B/puzzle_ws/install/puzzle_pkg/include/puzzle_pkg/puzzle_pkg
[408.191s] -- Up-to-date: /home/puzzlebot/Documents/PUXXY_NODE/TE3002B/puzzle_ws/install/puzzle_pkg/include/puzzle_pkg/puzzle_pkg/msg
[408.191s] -- Installing: /home/puzzlebot/Documents/PUXXY_NODE/TE3002B/puzzle_ws/install/puzzle_pkg/include/puzzle_pkg/puzzle_pkg/msg/rosidl_typesupport_fastrtps_cpp__visibility_control.h
[408.191s] -- Up-to-date: /home/puzzlebot/Documents/PUXXY_NODE/TE3002B/puzzle_ws/install/puzzle_pkg/include/puzzle_pkg/puzzle_pkg/msg/detail
[408.194s] -- Installing: /home/puzzlebot/Documents/PUXXY_NODE/TE3002B/puzzle_ws/install/puzzle_pkg/include/puzzle_pkg/puzzle_pkg/msg/detail/dds_fastrtps
[408.195s] -- Installing: /home/puzzlebot/Documents/PUXXY_NODE/TE3002B/puzzle_ws/install/puzzle_pkg/include/puzzle_pkg/puzzle_pkg/msg/detail/diff_error__rosidl_typesupport_fastrtps_cpp.hpp
[408.195s] -- Installing: /home/puzzlebot/Documents/PUXXY_NODE/TE3002B/puzzle_ws/install/puzzle_pkg/lib/libpuzzle_pkg__rosidl_typesupport_fastrtps_cpp.so
[408.196s] -- Set runtime path of "/home/puzzlebot/Documents/PUXXY_NODE/TE3002B/puzzle_ws/install/puzzle_pkg/lib/libpuzzle_pkg__rosidl_typesupport_fastrtps_cpp.so" to ""
[408.196s] -- Up-to-date: /home/puzzlebot/Documents/PUXXY_NODE/TE3002B/puzzle_ws/install/puzzle_pkg/include/puzzle_pkg/puzzle_pkg
[408.197s] -- Up-to-date: /home/puzzlebot/Documents/PUXXY_NODE/TE3002B/puzzle_ws/install/puzzle_pkg/include/puzzle_pkg/puzzle_pkg/msg
[408.197s] -- Installing: /home/puzzlebot/Documents/PUXXY_NODE/TE3002B/puzzle_ws/install/puzzle_pkg/include/puzzle_pkg/puzzle_pkg/msg/rosidl_typesupport_introspection_c__visibility_control.h
[408.197s] -- Up-to-date: /home/puzzlebot/Documents/PUXXY_NODE/TE3002B/puzzle_ws/install/puzzle_pkg/include/puzzle_pkg/puzzle_pkg/msg/detail
[408.198s] -- Installing: /home/puzzlebot/Documents/PUXXY_NODE/TE3002B/puzzle_ws/install/puzzle_pkg/include/puzzle_pkg/puzzle_pkg/msg/detail/diff_error__rosidl_typesupport_introspection_c.h
[408.198s] -- Installing: /home/puzzlebot/Documents/PUXXY_NODE/TE3002B/puzzle_ws/install/puzzle_pkg/include/puzzle_pkg/puzzle_pkg/msg/detail/diff_error__type_support.c
[408.199s] -- Installing: /home/puzzlebot/Documents/PUXXY_NODE/TE3002B/puzzle_ws/install/puzzle_pkg/lib/libpuzzle_pkg__rosidl_typesupport_introspection_c.so
[408.199s] -- Set runtime path of "/home/puzzlebot/Documents/PUXXY_NODE/TE3002B/puzzle_ws/install/puzzle_pkg/lib/libpuzzle_pkg__rosidl_typesupport_introspection_c.so" to ""
[408.199s] -- Installing: /home/puzzlebot/Documents/PUXXY_NODE/TE3002B/puzzle_ws/install/puzzle_pkg/lib/libpuzzle_pkg__rosidl_typesupport_c.so
[408.200s] -- Set runtime path of "/home/puzzlebot/Documents/PUXXY_NODE/TE3002B/puzzle_ws/install/puzzle_pkg/lib/libpuzzle_pkg__rosidl_typesupport_c.so" to ""
[408.200s] -- Up-to-date: /home/puzzlebot/Documents/PUXXY_NODE/TE3002B/puzzle_ws/install/puzzle_pkg/include/puzzle_pkg/puzzle_pkg
[408.201s] -- Up-to-date: /home/puzzlebot/Documents/PUXXY_NODE/TE3002B/puzzle_ws/install/puzzle_pkg/include/puzzle_pkg/puzzle_pkg/msg
[408.201s] -- Up-to-date: /home/puzzlebot/Documents/PUXXY_NODE/TE3002B/puzzle_ws/install/puzzle_pkg/include/puzzle_pkg/puzzle_pkg/msg/detail
[408.202s] -- Installing: /home/puzzlebot/Documents/PUXXY_NODE/TE3002B/puzzle_ws/install/puzzle_pkg/include/puzzle_pkg/puzzle_pkg/msg/detail/diff_error__type_support.cpp
[408.202s] -- Installing: /home/puzzlebot/Documents/PUXXY_NODE/TE3002B/puzzle_ws/install/puzzle_pkg/include/puzzle_pkg/puzzle_pkg/msg/detail/diff_error__rosidl_typesupport_introspection_cpp.hpp
[408.203s] -- Installing: /home/puzzlebot/Documents/PUXXY_NODE/TE3002B/puzzle_ws/install/puzzle_pkg/lib/libpuzzle_pkg__rosidl_typesupport_introspection_cpp.so
[408.204s] -- Set runtime path of "/home/puzzlebot/Documents/PUXXY_NODE/TE3002B/puzzle_ws/install/puzzle_pkg/lib/libpuzzle_pkg__rosidl_typesupport_introspection_cpp.so" to ""
[408.204s] -- Installing: /home/puzzlebot/Documents/PUXXY_NODE/TE3002B/puzzle_ws/install/puzzle_pkg/lib/libpuzzle_pkg__rosidl_typesupport_cpp.so
[408.206s] -- Set runtime path of "/home/puzzlebot/Documents/PUXXY_NODE/TE3002B/puzzle_ws/install/puzzle_pkg/lib/libpuzzle_pkg__rosidl_typesupport_cpp.so" to ""
[408.206s] -- Installing: /home/puzzlebot/Documents/PUXXY_NODE/TE3002B/puzzle_ws/install/puzzle_pkg/share/puzzle_pkg/environment/pythonpath.sh
[408.207s] -- Installing: /home/puzzlebot/Documents/PUXXY_NODE/TE3002B/puzzle_ws/install/puzzle_pkg/share/puzzle_pkg/environment/pythonpath.dsv
[408.207s] -- Installing: /home/puzzlebot/Documents/PUXXY_NODE/TE3002B/puzzle_ws/install/puzzle_pkg/lib/python3.8/site-packages/puzzle_pkg-0.0.0-py3.8.egg-info
[408.208s] -- Installing: /home/puzzlebot/Documents/PUXXY_NODE/TE3002B/puzzle_ws/install/puzzle_pkg/lib/python3.8/site-packages/puzzle_pkg-0.0.0-py3.8.egg-info/top_level.txt
[408.208s] -- Installing: /home/puzzlebot/Documents/PUXXY_NODE/TE3002B/puzzle_ws/install/puzzle_pkg/lib/python3.8/site-packages/puzzle_pkg-0.0.0-py3.8.egg-info/PKG-INFO
[408.209s] -- Installing: /home/puzzlebot/Documents/PUXXY_NODE/TE3002B/puzzle_ws/install/puzzle_pkg/lib/python3.8/site-packages/puzzle_pkg-0.0.0-py3.8.egg-info/SOURCES.txt
[408.210s] -- Installing: /home/puzzlebot/Documents/PUXXY_NODE/TE3002B/puzzle_ws/install/puzzle_pkg/lib/python3.8/site-packages/puzzle_pkg-0.0.0-py3.8.egg-info/dependency_links.txt
[408.211s] -- Installing: /home/puzzlebot/Documents/PUXXY_NODE/TE3002B/puzzle_ws/install/puzzle_pkg/lib/python3.8/site-packages/puzzle_pkg
[408.211s] -- Installing: /home/puzzlebot/Documents/PUXXY_NODE/TE3002B/puzzle_ws/install/puzzle_pkg/lib/python3.8/site-packages/puzzle_pkg/puzzle_pkg_s__rosidl_typesupport_c.cpython-38-aarch64-linux-gnu.so
[408.212s] -- Installing: /home/puzzlebot/Documents/PUXXY_NODE/TE3002B/puzzle_ws/install/puzzle_pkg/lib/python3.8/site-packages/puzzle_pkg/__init__.py
[408.212s] -- Installing: /home/puzzlebot/Documents/PUXXY_NODE/TE3002B/puzzle_ws/install/puzzle_pkg/lib/python3.8/site-packages/puzzle_pkg/_puzzle_pkg_s.ep.rosidl_typesupport_fastrtps_c.c
[408.213s] -- Installing: /home/puzzlebot/Documents/PUXXY_NODE/TE3002B/puzzle_ws/install/puzzle_pkg/lib/python3.8/site-packages/puzzle_pkg/msg
[408.213s] -- Installing: /home/puzzlebot/Documents/PUXXY_NODE/TE3002B/puzzle_ws/install/puzzle_pkg/lib/python3.8/site-packages/puzzle_pkg/msg/__init__.py
[408.214s] -- Installing: /home/puzzlebot/Documents/PUXXY_NODE/TE3002B/puzzle_ws/install/puzzle_pkg/lib/python3.8/site-packages/puzzle_pkg/msg/_diff_error_s.c
[408.214s] -- Installing: /home/puzzlebot/Documents/PUXXY_NODE/TE3002B/puzzle_ws/install/puzzle_pkg/lib/python3.8/site-packages/puzzle_pkg/msg/_diff_error.py
[408.215s] -- Installing: /home/puzzlebot/Documents/PUXXY_NODE/TE3002B/puzzle_ws/install/puzzle_pkg/lib/python3.8/site-packages/puzzle_pkg/_puzzle_pkg_s.ep.rosidl_typesupport_c.c
[408.215s] -- Installing: /home/puzzlebot/Documents/PUXXY_NODE/TE3002B/puzzle_ws/install/puzzle_pkg/lib/python3.8/site-packages/puzzle_pkg/puzzle_pkg_s__rosidl_typesupport_introspection_c.cpython-38-aarch64-linux-gnu.so
[408.216s] -- Installing: /home/puzzlebot/Documents/PUXXY_NODE/TE3002B/puzzle_ws/install/puzzle_pkg/lib/python3.8/site-packages/puzzle_pkg/puzzle_pkg_s__rosidl_typesupport_fastrtps_c.cpython-38-aarch64-linux-gnu.so
[408.217s] -- Installing: /home/puzzlebot/Documents/PUXXY_NODE/TE3002B/puzzle_ws/install/puzzle_pkg/lib/python3.8/site-packages/puzzle_pkg/_puzzle_pkg_s.ep.rosidl_typesupport_introspection_c.c
[408.217s] -- Installing: /home/puzzlebot/Documents/PUXXY_NODE/TE3002B/puzzle_ws/install/puzzle_pkg/lib/python3.8/site-packages/puzzle_pkg/libpuzzle_pkg__rosidl_generator_py.so
[408.371s] Listing '/home/puzzlebot/Documents/PUXXY_NODE/TE3002B/puzzle_ws/install/puzzle_pkg/lib/python3.8/site-packages/puzzle_pkg'...
[408.372s] Compiling '/home/puzzlebot/Documents/PUXXY_NODE/TE3002B/puzzle_ws/install/puzzle_pkg/lib/python3.8/site-packages/puzzle_pkg/__init__.py'...
[408.372s] Listing '/home/puzzlebot/Documents/PUXXY_NODE/TE3002B/puzzle_ws/install/puzzle_pkg/lib/python3.8/site-packages/puzzle_pkg/msg'...
[408.373s] Compiling '/home/puzzlebot/Documents/PUXXY_NODE/TE3002B/puzzle_ws/install/puzzle_pkg/lib/python3.8/site-packages/puzzle_pkg/msg/__init__.py'...
[408.373s] Compiling '/home/puzzlebot/Documents/PUXXY_NODE/TE3002B/puzzle_ws/install/puzzle_pkg/lib/python3.8/site-packages/puzzle_pkg/msg/_diff_error.py'...
[408.397s] -- Installing: /home/puzzlebot/Documents/PUXXY_NODE/TE3002B/puzzle_ws/install/puzzle_pkg/lib/python3.8/site-packages/puzzle_pkg/puzzle_pkg_s__rosidl_typesupport_fastrtps_c.cpython-38-aarch64-linux-gnu.so
[408.399s] -- Set runtime path of "/home/puzzlebot/Documents/PUXXY_NODE/TE3002B/puzzle_ws/install/puzzle_pkg/lib/python3.8/site-packages/puzzle_pkg/puzzle_pkg_s__rosidl_typesupport_fastrtps_c.cpython-38-aarch64-linux-gnu.so" to ""
[408.400s] -- Installing: /home/puzzlebot/Documents/PUXXY_NODE/TE3002B/puzzle_ws/install/puzzle_pkg/lib/python3.8/site-packages/puzzle_pkg/puzzle_pkg_s__rosidl_typesupport_introspection_c.cpython-38-aarch64-linux-gnu.so
[408.402s] -- Set runtime path of "/home/puzzlebot/Documents/PUXXY_NODE/TE3002B/puzzle_ws/install/puzzle_pkg/lib/python3.8/site-packages/puzzle_pkg/puzzle_pkg_s__rosidl_typesupport_introspection_c.cpython-38-aarch64-linux-gnu.so" to ""
[408.404s] -- Installing: /home/puzzlebot/Documents/PUXXY_NODE/TE3002B/puzzle_ws/install/puzzle_pkg/lib/python3.8/site-packages/puzzle_pkg/puzzle_pkg_s__rosidl_typesupport_c.cpython-38-aarch64-linux-gnu.so
[408.406s] -- Set runtime path of "/home/puzzlebot/Documents/PUXXY_NODE/TE3002B/puzzle_ws/install/puzzle_pkg/lib/python3.8/site-packages/puzzle_pkg/puzzle_pkg_s__rosidl_typesupport_c.cpython-38-aarch64-linux-gnu.so" to ""
[408.406s] -- Installing: /home/puzzlebot/Documents/PUXXY_NODE/TE3002B/puzzle_ws/install/puzzle_pkg/lib/libpuzzle_pkg__rosidl_generator_py.so
[408.415s] -- Set runtime path of "/home/puzzlebot/Documents/PUXXY_NODE/TE3002B/puzzle_ws/install/puzzle_pkg/lib/libpuzzle_pkg__rosidl_generator_py.so" to ""
[408.415s] -- Installing: /home/puzzlebot/Documents/PUXXY_NODE/TE3002B/puzzle_ws/install/puzzle_pkg/share/puzzle_pkg/msg/DiffError.idl
[408.416s] -- Installing: /home/puzzlebot/Documents/PUXXY_NODE/TE3002B/puzzle_ws/install/puzzle_pkg/share/puzzle_pkg/msg/DiffError.msg
[408.416s] -- Installing: /home/puzzlebot/Documents/PUXXY_NODE/TE3002B/puzzle_ws/install/puzzle_pkg/lib/puzzle_pkg/controller
[408.441s] -- Set runtime path of "/home/puzzlebot/Documents/PUXXY_NODE/TE3002B/puzzle_ws/install/puzzle_pkg/lib/puzzle_pkg/controller" to ""
[408.442s] -- Installing: /home/puzzlebot/Documents/PUXXY_NODE/TE3002B/puzzle_ws/install/puzzle_pkg/lib/puzzle_pkg/odometry
[408.488s] -- Set runtime path of "/home/puzzlebot/Documents/PUXXY_NODE/TE3002B/puzzle_ws/install/puzzle_pkg/lib/puzzle_pkg/odometry" to ""
[408.489s] -- Installing: /home/puzzlebot/Documents/PUXXY_NODE/TE3002B/puzzle_ws/install/puzzle_pkg/lib/puzzle_pkg/lane_detection
[408.544s] -- Set runtime path of "/home/puzzlebot/Documents/PUXXY_NODE/TE3002B/puzzle_ws/install/puzzle_pkg/lib/puzzle_pkg/lane_detection" to ""
[408.545s] -- Installing: /home/puzzlebot/Documents/PUXXY_NODE/TE3002B/puzzle_ws/install/puzzle_pkg/lib/puzzle_pkg/cam_source
[408.563s] -- Set runtime path of "/home/puzzlebot/Documents/PUXXY_NODE/TE3002B/puzzle_ws/install/puzzle_pkg/lib/puzzle_pkg/cam_source" to ""
[408.563s] -- Installing: /home/puzzlebot/Documents/PUXXY_NODE/TE3002B/puzzle_ws/install/puzzle_pkg/lib/puzzle_pkg/signal_handle
[408.616s] -- Set runtime path of "/home/puzzlebot/Documents/PUXXY_NODE/TE3002B/puzzle_ws/install/puzzle_pkg/lib/puzzle_pkg/signal_handle" to ""
[408.616s] -- Installing: /home/puzzlebot/Documents/PUXXY_NODE/TE3002B/puzzle_ws/install/puzzle_pkg/share/puzzle_pkg//launch
[408.617s] -- Installing: /home/puzzlebot/Documents/PUXXY_NODE/TE3002B/puzzle_ws/install/puzzle_pkg/share/puzzle_pkg//launch/__pycache__
[408.617s] -- Installing: /home/puzzlebot/Documents/PUXXY_NODE/TE3002B/puzzle_ws/install/puzzle_pkg/share/puzzle_pkg//launch/__pycache__/launch.cpython-310.pyc
[408.618s] -- Installing: /home/puzzlebot/Documents/PUXXY_NODE/TE3002B/puzzle_ws/install/puzzle_pkg/share/puzzle_pkg//launch/__pycache__/launch.cpython-38.pyc
[408.619s] -- Installing: /home/puzzlebot/Documents/PUXXY_NODE/TE3002B/puzzle_ws/install/puzzle_pkg/share/puzzle_pkg//launch/launch.py
[408.620s] -- Installing: /home/puzzlebot/Documents/PUXXY_NODE/TE3002B/puzzle_ws/install/puzzle_pkg/share/puzzle_pkg//config
[408.620s] -- Installing: /home/puzzlebot/Documents/PUXXY_NODE/TE3002B/puzzle_ws/install/puzzle_pkg/share/puzzle_pkg//config/odometry_params.yaml
[408.621s] -- Installing: /home/puzzlebot/Documents/PUXXY_NODE/TE3002B/puzzle_ws/install/puzzle_pkg/share/puzzle_pkg//config/controller_params.yaml
[408.621s] -- Installing: /home/puzzlebot/Documents/PUXXY_NODE/TE3002B/puzzle_ws/install/puzzle_pkg/share/ament_index/resource_index/package_run_dependencies/puzzle_pkg
[408.622s] -- Installing: /home/puzzlebot/Documents/PUXXY_NODE/TE3002B/puzzle_ws/install/puzzle_pkg/share/ament_index/resource_index/parent_prefix_path/puzzle_pkg
[408.627s] -- Installing: /home/puzzlebot/Documents/PUXXY_NODE/TE3002B/puzzle_ws/install/puzzle_pkg/share/puzzle_pkg/environment/ament_prefix_path.sh
[408.628s] -- Installing: /home/puzzlebot/Documents/PUXXY_NODE/TE3002B/puzzle_ws/install/puzzle_pkg/share/puzzle_pkg/environment/ament_prefix_path.dsv
[408.628s] -- Installing: /home/puzzlebot/Documents/PUXXY_NODE/TE3002B/puzzle_ws/install/puzzle_pkg/share/puzzle_pkg/environment/path.sh
[408.629s] -- Installing: /home/puzzlebot/Documents/PUXXY_NODE/TE3002B/puzzle_ws/install/puzzle_pkg/share/puzzle_pkg/environment/path.dsv
[408.630s] -- Installing: /home/puzzlebot/Documents/PUXXY_NODE/TE3002B/puzzle_ws/install/puzzle_pkg/share/puzzle_pkg/local_setup.bash
[408.631s] -- Installing: /home/puzzlebot/Documents/PUXXY_NODE/TE3002B/puzzle_ws/install/puzzle_pkg/share/puzzle_pkg/local_setup.sh
[408.632s] -- Installing: /home/puzzlebot/Documents/PUXXY_NODE/TE3002B/puzzle_ws/install/puzzle_pkg/share/puzzle_pkg/local_setup.zsh
[408.633s] -- Installing: /home/puzzlebot/Documents/PUXXY_NODE/TE3002B/puzzle_ws/install/puzzle_pkg/share/puzzle_pkg/local_setup.dsv
[408.633s] -- Installing: /home/puzzlebot/Documents/PUXXY_NODE/TE3002B/puzzle_ws/install/puzzle_pkg/share/puzzle_pkg/package.dsv
[408.634s] -- Installing: /home/puzzlebot/Documents/PUXXY_NODE/TE3002B/puzzle_ws/install/puzzle_pkg/share/ament_index/resource_index/packages/puzzle_pkg
[408.636s] -- Installing: /home/puzzlebot/Documents/PUXXY_NODE/TE3002B/puzzle_ws/install/puzzle_pkg/share/puzzle_pkg/cmake/export_puzzle_pkg__rosidl_generator_cExport.cmake
[408.636s] -- Installing: /home/puzzlebot/Documents/PUXXY_NODE/TE3002B/puzzle_ws/install/puzzle_pkg/share/puzzle_pkg/cmake/export_puzzle_pkg__rosidl_generator_cExport-noconfig.cmake
[408.637s] -- Installing: /home/puzzlebot/Documents/PUXXY_NODE/TE3002B/puzzle_ws/install/puzzle_pkg/share/puzzle_pkg/cmake/export_puzzle_pkg__rosidl_typesupport_fastrtps_cExport.cmake
[408.638s] -- Installing: /home/puzzlebot/Documents/PUXXY_NODE/TE3002B/puzzle_ws/install/puzzle_pkg/share/puzzle_pkg/cmake/export_puzzle_pkg__rosidl_typesupport_fastrtps_cExport-noconfig.cmake
[408.639s] -- Installing: /home/puzzlebot/Documents/PUXXY_NODE/TE3002B/puzzle_ws/install/puzzle_pkg/share/puzzle_pkg/cmake/export_puzzle_pkg__rosidl_generator_cppExport.cmake
[408.640s] -- Installing: /home/puzzlebot/Documents/PUXXY_NODE/TE3002B/puzzle_ws/install/puzzle_pkg/share/puzzle_pkg/cmake/export_puzzle_pkg__rosidl_typesupport_fastrtps_cppExport.cmake
[408.641s] -- Installing: /home/puzzlebot/Documents/PUXXY_NODE/TE3002B/puzzle_ws/install/puzzle_pkg/share/puzzle_pkg/cmake/export_puzzle_pkg__rosidl_typesupport_fastrtps_cppExport-noconfig.cmake
[408.642s] -- Installing: /home/puzzlebot/Documents/PUXXY_NODE/TE3002B/puzzle_ws/install/puzzle_pkg/share/puzzle_pkg/cmake/puzzle_pkg__rosidl_typesupport_introspection_cExport.cmake
[408.643s] -- Installing: /home/puzzlebot/Documents/PUXXY_NODE/TE3002B/puzzle_ws/install/puzzle_pkg/share/puzzle_pkg/cmake/puzzle_pkg__rosidl_typesupport_introspection_cExport-noconfig.cmake
[408.643s] -- Installing: /home/puzzlebot/Documents/PUXXY_NODE/TE3002B/puzzle_ws/install/puzzle_pkg/share/puzzle_pkg/cmake/puzzle_pkg__rosidl_typesupport_cExport.cmake
[408.644s] -- Installing: /home/puzzlebot/Documents/PUXXY_NODE/TE3002B/puzzle_ws/install/puzzle_pkg/share/puzzle_pkg/cmake/puzzle_pkg__rosidl_typesupport_cExport-noconfig.cmake
[408.645s] -- Installing: /home/puzzlebot/Documents/PUXXY_NODE/TE3002B/puzzle_ws/install/puzzle_pkg/share/puzzle_pkg/cmake/puzzle_pkg__rosidl_typesupport_introspection_cppExport.cmake
[408.646s] -- Installing: /home/puzzlebot/Documents/PUXXY_NODE/TE3002B/puzzle_ws/install/puzzle_pkg/share/puzzle_pkg/cmake/puzzle_pkg__rosidl_typesupport_introspection_cppExport-noconfig.cmake
[408.647s] -- Installing: /home/puzzlebot/Documents/PUXXY_NODE/TE3002B/puzzle_ws/install/puzzle_pkg/share/puzzle_pkg/cmake/puzzle_pkg__rosidl_typesupport_cppExport.cmake
[408.648s] -- Installing: /home/puzzlebot/Documents/PUXXY_NODE/TE3002B/puzzle_ws/install/puzzle_pkg/share/puzzle_pkg/cmake/puzzle_pkg__rosidl_typesupport_cppExport-noconfig.cmake
[408.648s] -- Installing: /home/puzzlebot/Documents/PUXXY_NODE/TE3002B/puzzle_ws/install/puzzle_pkg/share/puzzle_pkg/cmake/export_puzzle_pkg__rosidl_generator_pyExport.cmake
[408.649s] -- Installing: /home/puzzlebot/Documents/PUXXY_NODE/TE3002B/puzzle_ws/install/puzzle_pkg/share/puzzle_pkg/cmake/export_puzzle_pkg__rosidl_generator_pyExport-noconfig.cmake
[408.650s] -- Installing: /home/puzzlebot/Documents/PUXXY_NODE/TE3002B/puzzle_ws/install/puzzle_pkg/share/puzzle_pkg/cmake/rosidl_cmake-extras.cmake
[408.651s] -- Installing: /home/puzzlebot/Documents/PUXXY_NODE/TE3002B/puzzle_ws/install/puzzle_pkg/share/puzzle_pkg/cmake/ament_cmake_export_dependencies-extras.cmake
[408.651s] -- Installing: /home/puzzlebot/Documents/PUXXY_NODE/TE3002B/puzzle_ws/install/puzzle_pkg/share/puzzle_pkg/cmake/ament_cmake_export_include_directories-extras.cmake
[408.652s] -- Installing: /home/puzzlebot/Documents/PUXXY_NODE/TE3002B/puzzle_ws/install/puzzle_pkg/share/puzzle_pkg/cmake/ament_cmake_export_libraries-extras.cmake
[408.653s] -- Installing: /home/puzzlebot/Documents/PUXXY_NODE/TE3002B/puzzle_ws/install/puzzle_pkg/share/puzzle_pkg/cmake/ament_cmake_export_targets-extras.cmake
[408.654s] -- Installing: /home/puzzlebot/Documents/PUXXY_NODE/TE3002B/puzzle_ws/install/puzzle_pkg/share/puzzle_pkg/cmake/rosidl_cmake_export_typesupport_targets-extras.cmake
[408.655s] -- Installing: /home/puzzlebot/Documents/PUXXY_NODE/TE3002B/puzzle_ws/install/puzzle_pkg/share/puzzle_pkg/cmake/rosidl_cmake_export_typesupport_libraries-extras.cmake
[408.655s] -- Installing: /home/puzzlebot/Documents/PUXXY_NODE/TE3002B/puzzle_ws/install/puzzle_pkg/share/puzzle_pkg/cmake/puzzle_pkgConfig.cmake
[408.656s] -- Installing: /home/puzzlebot/Documents/PUXXY_NODE/TE3002B/puzzle_ws/install/puzzle_pkg/share/puzzle_pkg/cmake/puzzle_pkgConfig-version.cmake
[408.658s] -- Installing: /home/puzzlebot/Documents/PUXXY_NODE/TE3002B/puzzle_ws/install/puzzle_pkg/share/puzzle_pkg/package.xml
[408.675s] Invoked command in '/home/puzzlebot/Documents/PUXXY_NODE/TE3002B/puzzle_ws/build/puzzle_pkg' returned '0': AMENT_PREFIX_PATH=/home/puzzlebot/Documents/PUXXY_NODE/TE3002B/puzzle_ws/install/cv_bridge:${AMENT_PREFIX_PATH} CMAKE_PREFIX_PATH=/home/puzzlebot/Documents/PUXXY_NODE/TE3002B/puzzle_ws/install/cv_bridge:/home/puzzlebot/ros2_ws/install/puzzlebot_ros:/opt/ros/humble:${CMAKE_PREFIX_PATH} LD_LIBRARY_PATH=/home/puzzlebot/Documents/PUXXY_NODE/TE3002B/puzzle_ws/install/cv_bridge/lib:/usr/local/cuda/lib64:/home/puzzlebot/ros2_packages_ws/install/micro_ros_agent/lib:/home/puzzlebot/ros2_packages_ws/install/micro_ros_msgs/lib:/opt/ros/humble/opt/rviz_ogre_vendor/lib:/opt/ros/humble/lib/aarch64-linux-gnu:/opt/ros/humble/lib:/usr/local/cuda/lib64 PYTHONPATH=/home/puzzlebot/Documents/PUXXY_NODE/TE3002B/puzzle_ws/install/cv_bridge/lib/python3.8/site-packages:${PYTHONPATH} /usr/bin/cmake --install /home/puzzlebot/Documents/PUXXY_NODE/TE3002B/puzzle_ws/build/puzzle_pkg
