[1.378s] Invoking command in '/home/puzzlebot/Documents/PUXXY_NODE/TE3002B/puzzle_ws/build/puzzle_pkg': AMENT_PREFIX_PATH=/home/puzzlebot/Documents/PUXXY_NODE/TE3002B/puzzle_ws/install/cv_bridge:${AMENT_PREFIX_PATH} CMAKE_PREFIX_PATH=/home/puzzlebot/Documents/PUXXY_NODE/TE3002B/puzzle_ws/install/cv_bridge:/home/puzzlebot/ros2_ws/install/puzzlebot_ros:/opt/ros/humble:${CMAKE_PREFIX_PATH} LD_LIBRARY_PATH=/home/puzzlebot/Documents/PUXXY_NODE/TE3002B/puzzle_ws/install/cv_bridge/lib:/usr/local/cuda/lib64:/home/puzzlebot/ros2_packages_ws/install/micro_ros_agent/lib:/home/puzzlebot/ros2_packages_ws/install/micro_ros_msgs/lib:/opt/ros/humble/opt/rviz_ogre_vendor/lib:/opt/ros/humble/lib/aarch64-linux-gnu:/opt/ros/humble/lib:/usr/local/cuda/lib64 PYTHONPATH=/home/puzzlebot/Documents/PUXXY_NODE/TE3002B/puzzle_ws/install/cv_bridge/lib/python3.8/site-packages:${PYTHONPATH} /usr/bin/cmake --build /home/puzzlebot/Documents/PUXXY_NODE/TE3002B/puzzle_ws/build/puzzle_pkg -- -j4 -l4
[1.692s] [  2%] Built target puzzle_pkg__cpp
[1.840s] [  9%] Built target puzzle_pkg__rosidl_generator_c
[1.937s] [  9%] Built target ament_cmake_python_copy_puzzle_pkg
[1.991s] [ 13%] Built target odometry
[2.191s] [ 18%] Built target signal_handle
[2.194s] [ 22%] Built target cam_source
[2.219s] [ 29%] Built target puzzle_pkg__rosidl_typesupport_c
[2.241s] [ 36%] Built target puzzle_pkg__rosidl_typesupport_cpp
[2.467s] [ 43%] Built target puzzle_pkg__rosidl_typesupport_fastrtps_c
[2.480s] [ 52%] Built target puzzle_pkg__rosidl_typesupport_fastrtps_cpp
[2.482s] [ 56%] Built target puzzle_pkg__rosidl_typesupport_introspection_cpp
[2.486s] [ 63%] Built target puzzle_pkg__rosidl_typesupport_introspection_c
[2.826s] [ 75%] Built target lane_detection
[2.986s] [35m[1mScanning dependencies of target controller[0m
[3.034s] [ 75%] Built target puzzle_pkg
[3.199s] [ 77%] Built target puzzle_pkg__py
[3.368s] [ 79%] [32mBuilding CXX object CMakeFiles/controller.dir/src/control/controller.cpp.o[0m
[3.488s] [ 84%] Built target puzzle_pkg__rosidl_generator_py
[3.726s] [ 88%] Built target puzzle_pkg__rosidl_typesupport_introspection_c__pyext
[3.746s] [ 93%] Built target puzzle_pkg__rosidl_typesupport_fastrtps_c__pyext
[3.894s] [ 97%] Built target puzzle_pkg__rosidl_typesupport_c__pyext
[3.900s] running egg_info
[3.903s] writing puzzle_pkg.egg-info/PKG-INFO
[3.904s] writing dependency_links to puzzle_pkg.egg-info/dependency_links.txt
[3.909s] writing top-level names to puzzle_pkg.egg-info/top_level.txt
[4.091s] reading manifest file 'puzzle_pkg.egg-info/SOURCES.txt'
[4.095s] writing manifest file 'puzzle_pkg.egg-info/SOURCES.txt'
[4.306s] [ 97%] Built target ament_cmake_python_build_puzzle_pkg_egg
[15.614s] [01m[K/home/puzzlebot/Documents/PUXXY_NODE/TE3002B/puzzle_ws/src/puzzle_pkg/src/control/controller.cpp:[m[K In constructor ‘[01m[KController::Controller()[m[K’:
[15.615s] [01m[K/home/puzzlebot/Documents/PUXXY_NODE/TE3002B/puzzle_ws/src/puzzle_pkg/src/control/controller.cpp:409:27:[m[K [01;35m[Kwarning: [m[K‘[01m[KController::odom_[m[K’ will be initialized after [[01;35m[K-Wreorder[m[K]
[15.615s]      std::array<double, 3> [01;35m[Kodom_[m[K;
[15.617s]                            [01;35m[K^~~~~[m[K
[15.617s] [01m[K/home/puzzlebot/Documents/PUXXY_NODE/TE3002B/puzzle_ws/src/puzzle_pkg/src/control/controller.cpp:408:32:[m[K [01;35m[Kwarning: [m[K  ‘[01m[Kpuzzle_pkg::msg::DiffError Controller::errors_[m[K’ [[01;35m[K-Wreorder[m[K]
[15.618s]      puzzle_pkg::msg::DiffError [01;35m[Kerrors_[m[K;
[15.618s]                                 [01;35m[K^~~~~~~[m[K
[15.619s] [01m[K/home/puzzlebot/Documents/PUXXY_NODE/TE3002B/puzzle_ws/src/puzzle_pkg/src/control/controller.cpp:60:5:[m[K [01;35m[Kwarning: [m[K  when initialized here [[01;35m[K-Wreorder[m[K]
[15.619s]      [01;35m[KController[m[K() :
[15.620s]      [01;35m[K^~~~~~~~~~[m[K
[15.620s] [01m[K/home/puzzlebot/Documents/PUXXY_NODE/TE3002B/puzzle_ws/src/puzzle_pkg/src/control/controller.cpp:77:49:[m[K [01;35m[Kwarning: [m[Klist-initializer for non-class type must not be parenthesized
[15.620s]          vel_message_(geometry_msgs::msg::Twist()[01;35m[K)[m[K
[15.621s]                                                  [01;35m[K^[m[K
[59.702s] [100%] [32m[1mLinking CXX executable controller[0m
[63.116s] [100%] Built target controller
[63.171s] Invoked command in '/home/puzzlebot/Documents/PUXXY_NODE/TE3002B/puzzle_ws/build/puzzle_pkg' returned '0': AMENT_PREFIX_PATH=/home/puzzlebot/Documents/PUXXY_NODE/TE3002B/puzzle_ws/install/cv_bridge:${AMENT_PREFIX_PATH} CMAKE_PREFIX_PATH=/home/puzzlebot/Documents/PUXXY_NODE/TE3002B/puzzle_ws/install/cv_bridge:/home/puzzlebot/ros2_ws/install/puzzlebot_ros:/opt/ros/humble:${CMAKE_PREFIX_PATH} LD_LIBRARY_PATH=/home/puzzlebot/Documents/PUXXY_NODE/TE3002B/puzzle_ws/install/cv_bridge/lib:/usr/local/cuda/lib64:/home/puzzlebot/ros2_packages_ws/install/micro_ros_agent/lib:/home/puzzlebot/ros2_packages_ws/install/micro_ros_msgs/lib:/opt/ros/humble/opt/rviz_ogre_vendor/lib:/opt/ros/humble/lib/aarch64-linux-gnu:/opt/ros/humble/lib:/usr/local/cuda/lib64 PYTHONPATH=/home/puzzlebot/Documents/PUXXY_NODE/TE3002B/puzzle_ws/install/cv_bridge/lib/python3.8/site-packages:${PYTHONPATH} /usr/bin/cmake --build /home/puzzlebot/Documents/PUXXY_NODE/TE3002B/puzzle_ws/build/puzzle_pkg -- -j4 -l4
[63.433s] Invoking command in '/home/puzzlebot/Documents/PUXXY_NODE/TE3002B/puzzle_ws/build/puzzle_pkg': AMENT_PREFIX_PATH=/home/puzzlebot/Documents/PUXXY_NODE/TE3002B/puzzle_ws/install/cv_bridge:${AMENT_PREFIX_PATH} CMAKE_PREFIX_PATH=/home/puzzlebot/Documents/PUXXY_NODE/TE3002B/puzzle_ws/install/cv_bridge:/home/puzzlebot/ros2_ws/install/puzzlebot_ros:/opt/ros/humble:${CMAKE_PREFIX_PATH} LD_LIBRARY_PATH=/home/puzzlebot/Documents/PUXXY_NODE/TE3002B/puzzle_ws/install/cv_bridge/lib:/usr/local/cuda/lib64:/home/puzzlebot/ros2_packages_ws/install/micro_ros_agent/lib:/home/puzzlebot/ros2_packages_ws/install/micro_ros_msgs/lib:/opt/ros/humble/opt/rviz_ogre_vendor/lib:/opt/ros/humble/lib/aarch64-linux-gnu:/opt/ros/humble/lib:/usr/local/cuda/lib64 PYTHONPATH=/home/puzzlebot/Documents/PUXXY_NODE/TE3002B/puzzle_ws/install/cv_bridge/lib/python3.8/site-packages:${PYTHONPATH} /usr/bin/cmake --install /home/puzzlebot/Documents/PUXXY_NODE/TE3002B/puzzle_ws/build/puzzle_pkg
[63.480s] -- Install configuration: ""
[63.482s] -- Up-to-date: /home/puzzlebot/Documents/PUXXY_NODE/TE3002B/puzzle_ws/install/puzzle_pkg/share/ament_index/resource_index/rosidl_interfaces/puzzle_pkg
[63.483s] -- Up-to-date: /home/puzzlebot/Documents/PUXXY_NODE/TE3002B/puzzle_ws/install/puzzle_pkg/include/puzzle_pkg/puzzle_pkg
[63.484s] -- Up-to-date: /home/puzzlebot/Documents/PUXXY_NODE/TE3002B/puzzle_ws/install/puzzle_pkg/include/puzzle_pkg/puzzle_pkg/msg
[63.484s] -- Up-to-date: /home/puzzlebot/Documents/PUXXY_NODE/TE3002B/puzzle_ws/install/puzzle_pkg/include/puzzle_pkg/puzzle_pkg/msg/rosidl_generator_c__visibility_control.h
[63.484s] -- Up-to-date: /home/puzzlebot/Documents/PUXXY_NODE/TE3002B/puzzle_ws/install/puzzle_pkg/include/puzzle_pkg/puzzle_pkg/msg/detail
[63.485s] -- Up-to-date: /home/puzzlebot/Documents/PUXXY_NODE/TE3002B/puzzle_ws/install/puzzle_pkg/include/puzzle_pkg/puzzle_pkg/msg/detail/diff_error__functions.c
[63.485s] -- Up-to-date: /home/puzzlebot/Documents/PUXXY_NODE/TE3002B/puzzle_ws/install/puzzle_pkg/include/puzzle_pkg/puzzle_pkg/msg/detail/diff_error__type_support.h
[63.486s] -- Up-to-date: /home/puzzlebot/Documents/PUXXY_NODE/TE3002B/puzzle_ws/install/puzzle_pkg/include/puzzle_pkg/puzzle_pkg/msg/detail/diff_error__struct.h
[63.486s] -- Up-to-date: /home/puzzlebot/Documents/PUXXY_NODE/TE3002B/puzzle_ws/install/puzzle_pkg/include/puzzle_pkg/puzzle_pkg/msg/detail/diff_error__functions.h
[63.486s] -- Up-to-date: /home/puzzlebot/Documents/PUXXY_NODE/TE3002B/puzzle_ws/install/puzzle_pkg/include/puzzle_pkg/puzzle_pkg/msg/diff_error.h
[63.487s] -- Up-to-date: /home/puzzlebot/Documents/PUXXY_NODE/TE3002B/puzzle_ws/install/puzzle_pkg/share/puzzle_pkg/environment/library_path.sh
[63.487s] -- Up-to-date: /home/puzzlebot/Documents/PUXXY_NODE/TE3002B/puzzle_ws/install/puzzle_pkg/share/puzzle_pkg/environment/library_path.dsv
[63.488s] -- Up-to-date: /home/puzzlebot/Documents/PUXXY_NODE/TE3002B/puzzle_ws/install/puzzle_pkg/lib/libpuzzle_pkg__rosidl_generator_c.so
[63.488s] -- Up-to-date: /home/puzzlebot/Documents/PUXXY_NODE/TE3002B/puzzle_ws/install/puzzle_pkg/include/puzzle_pkg/puzzle_pkg
[63.488s] -- Up-to-date: /home/puzzlebot/Documents/PUXXY_NODE/TE3002B/puzzle_ws/install/puzzle_pkg/include/puzzle_pkg/puzzle_pkg/msg
[63.489s] -- Up-to-date: /home/puzzlebot/Documents/PUXXY_NODE/TE3002B/puzzle_ws/install/puzzle_pkg/include/puzzle_pkg/puzzle_pkg/msg/rosidl_typesupport_fastrtps_c__visibility_control.h
[63.489s] -- Up-to-date: /home/puzzlebot/Documents/PUXXY_NODE/TE3002B/puzzle_ws/install/puzzle_pkg/include/puzzle_pkg/puzzle_pkg/msg/detail
[63.489s] -- Up-to-date: /home/puzzlebot/Documents/PUXXY_NODE/TE3002B/puzzle_ws/install/puzzle_pkg/include/puzzle_pkg/puzzle_pkg/msg/detail/diff_error__rosidl_typesupport_fastrtps_c.h
[63.491s] -- Up-to-date: /home/puzzlebot/Documents/PUXXY_NODE/TE3002B/puzzle_ws/install/puzzle_pkg/lib/libpuzzle_pkg__rosidl_typesupport_fastrtps_c.so
[63.492s] -- Up-to-date: /home/puzzlebot/Documents/PUXXY_NODE/TE3002B/puzzle_ws/install/puzzle_pkg/include/puzzle_pkg/puzzle_pkg
[63.494s] -- Up-to-date: /home/puzzlebot/Documents/PUXXY_NODE/TE3002B/puzzle_ws/install/puzzle_pkg/include/puzzle_pkg/puzzle_pkg/msg
[63.494s] -- Up-to-date: /home/puzzlebot/Documents/PUXXY_NODE/TE3002B/puzzle_ws/install/puzzle_pkg/include/puzzle_pkg/puzzle_pkg/msg/diff_error.hpp
[63.495s] -- Up-to-date: /home/puzzlebot/Documents/PUXXY_NODE/TE3002B/puzzle_ws/install/puzzle_pkg/include/puzzle_pkg/puzzle_pkg/msg/detail
[63.495s] -- Up-to-date: /home/puzzlebot/Documents/PUXXY_NODE/TE3002B/puzzle_ws/install/puzzle_pkg/include/puzzle_pkg/puzzle_pkg/msg/detail/diff_error__traits.hpp
[63.496s] -- Up-to-date: /home/puzzlebot/Documents/PUXXY_NODE/TE3002B/puzzle_ws/install/puzzle_pkg/include/puzzle_pkg/puzzle_pkg/msg/detail/diff_error__struct.hpp
[63.496s] -- Up-to-date: /home/puzzlebot/Documents/PUXXY_NODE/TE3002B/puzzle_ws/install/puzzle_pkg/include/puzzle_pkg/puzzle_pkg/msg/detail/diff_error__builder.hpp
[63.496s] -- Up-to-date: /home/puzzlebot/Documents/PUXXY_NODE/TE3002B/puzzle_ws/install/puzzle_pkg/include/puzzle_pkg/puzzle_pkg
[63.497s] -- Up-to-date: /home/puzzlebot/Documents/PUXXY_NODE/TE3002B/puzzle_ws/install/puzzle_pkg/include/puzzle_pkg/puzzle_pkg/msg
[63.497s] -- Up-to-date: /home/puzzlebot/Documents/PUXXY_NODE/TE3002B/puzzle_ws/install/puzzle_pkg/include/puzzle_pkg/puzzle_pkg/msg/rosidl_typesupport_fastrtps_cpp__visibility_control.h
[63.498s] -- Up-to-date: /home/puzzlebot/Documents/PUXXY_NODE/TE3002B/puzzle_ws/install/puzzle_pkg/include/puzzle_pkg/puzzle_pkg/msg/detail
[63.498s] -- Up-to-date: /home/puzzlebot/Documents/PUXXY_NODE/TE3002B/puzzle_ws/install/puzzle_pkg/include/puzzle_pkg/puzzle_pkg/msg/detail/dds_fastrtps
[63.498s] -- Up-to-date: /home/puzzlebot/Documents/PUXXY_NODE/TE3002B/puzzle_ws/install/puzzle_pkg/include/puzzle_pkg/puzzle_pkg/msg/detail/diff_error__rosidl_typesupport_fastrtps_cpp.hpp
[63.499s] -- Up-to-date: /home/puzzlebot/Documents/PUXXY_NODE/TE3002B/puzzle_ws/install/puzzle_pkg/lib/libpuzzle_pkg__rosidl_typesupport_fastrtps_cpp.so
[63.499s] -- Up-to-date: /home/puzzlebot/Documents/PUXXY_NODE/TE3002B/puzzle_ws/install/puzzle_pkg/include/puzzle_pkg/puzzle_pkg
[63.500s] -- Up-to-date: /home/puzzlebot/Documents/PUXXY_NODE/TE3002B/puzzle_ws/install/puzzle_pkg/include/puzzle_pkg/puzzle_pkg/msg
[63.500s] -- Up-to-date: /home/puzzlebot/Documents/PUXXY_NODE/TE3002B/puzzle_ws/install/puzzle_pkg/include/puzzle_pkg/puzzle_pkg/msg/rosidl_typesupport_introspection_c__visibility_control.h
[63.500s] -- Up-to-date: /home/puzzlebot/Documents/PUXXY_NODE/TE3002B/puzzle_ws/install/puzzle_pkg/include/puzzle_pkg/puzzle_pkg/msg/detail
[63.501s] -- Up-to-date: /home/puzzlebot/Documents/PUXXY_NODE/TE3002B/puzzle_ws/install/puzzle_pkg/include/puzzle_pkg/puzzle_pkg/msg/detail/diff_error__rosidl_typesupport_introspection_c.h
[63.501s] -- Up-to-date: /home/puzzlebot/Documents/PUXXY_NODE/TE3002B/puzzle_ws/install/puzzle_pkg/include/puzzle_pkg/puzzle_pkg/msg/detail/diff_error__type_support.c
[63.502s] -- Up-to-date: /home/puzzlebot/Documents/PUXXY_NODE/TE3002B/puzzle_ws/install/puzzle_pkg/lib/libpuzzle_pkg__rosidl_typesupport_introspection_c.so
[63.502s] -- Up-to-date: /home/puzzlebot/Documents/PUXXY_NODE/TE3002B/puzzle_ws/install/puzzle_pkg/lib/libpuzzle_pkg__rosidl_typesupport_c.so
[63.503s] -- Up-to-date: /home/puzzlebot/Documents/PUXXY_NODE/TE3002B/puzzle_ws/install/puzzle_pkg/include/puzzle_pkg/puzzle_pkg
[63.503s] -- Up-to-date: /home/puzzlebot/Documents/PUXXY_NODE/TE3002B/puzzle_ws/install/puzzle_pkg/include/puzzle_pkg/puzzle_pkg/msg
[63.504s] -- Up-to-date: /home/puzzlebot/Documents/PUXXY_NODE/TE3002B/puzzle_ws/install/puzzle_pkg/include/puzzle_pkg/puzzle_pkg/msg/detail
[63.504s] -- Up-to-date: /home/puzzlebot/Documents/PUXXY_NODE/TE3002B/puzzle_ws/install/puzzle_pkg/include/puzzle_pkg/puzzle_pkg/msg/detail/diff_error__type_support.cpp
[63.505s] -- Up-to-date: /home/puzzlebot/Documents/PUXXY_NODE/TE3002B/puzzle_ws/install/puzzle_pkg/include/puzzle_pkg/puzzle_pkg/msg/detail/diff_error__rosidl_typesupport_introspection_cpp.hpp
[63.508s] -- Up-to-date: /home/puzzlebot/Documents/PUXXY_NODE/TE3002B/puzzle_ws/install/puzzle_pkg/lib/libpuzzle_pkg__rosidl_typesupport_introspection_cpp.so
[63.520s] -- Up-to-date: /home/puzzlebot/Documents/PUXXY_NODE/TE3002B/puzzle_ws/install/puzzle_pkg/lib/libpuzzle_pkg__rosidl_typesupport_cpp.so
[63.520s] -- Up-to-date: /home/puzzlebot/Documents/PUXXY_NODE/TE3002B/puzzle_ws/install/puzzle_pkg/share/puzzle_pkg/environment/pythonpath.sh
[63.521s] -- Up-to-date: /home/puzzlebot/Documents/PUXXY_NODE/TE3002B/puzzle_ws/install/puzzle_pkg/share/puzzle_pkg/environment/pythonpath.dsv
[63.521s] -- Up-to-date: /home/puzzlebot/Documents/PUXXY_NODE/TE3002B/puzzle_ws/install/puzzle_pkg/lib/python3.8/site-packages/puzzle_pkg-0.0.0-py3.8.egg-info
[63.522s] -- Installing: /home/puzzlebot/Documents/PUXXY_NODE/TE3002B/puzzle_ws/install/puzzle_pkg/lib/python3.8/site-packages/puzzle_pkg-0.0.0-py3.8.egg-info/top_level.txt
[63.522s] -- Installing: /home/puzzlebot/Documents/PUXXY_NODE/TE3002B/puzzle_ws/install/puzzle_pkg/lib/python3.8/site-packages/puzzle_pkg-0.0.0-py3.8.egg-info/PKG-INFO
[63.523s] -- Installing: /home/puzzlebot/Documents/PUXXY_NODE/TE3002B/puzzle_ws/install/puzzle_pkg/lib/python3.8/site-packages/puzzle_pkg-0.0.0-py3.8.egg-info/SOURCES.txt
[63.524s] -- Installing: /home/puzzlebot/Documents/PUXXY_NODE/TE3002B/puzzle_ws/install/puzzle_pkg/lib/python3.8/site-packages/puzzle_pkg-0.0.0-py3.8.egg-info/dependency_links.txt
[63.524s] -- Up-to-date: /home/puzzlebot/Documents/PUXXY_NODE/TE3002B/puzzle_ws/install/puzzle_pkg/lib/python3.8/site-packages/puzzle_pkg
[63.525s] -- Up-to-date: /home/puzzlebot/Documents/PUXXY_NODE/TE3002B/puzzle_ws/install/puzzle_pkg/lib/python3.8/site-packages/puzzle_pkg/puzzle_pkg_s__rosidl_typesupport_c.cpython-38-aarch64-linux-gnu.so
[63.525s] -- Up-to-date: /home/puzzlebot/Documents/PUXXY_NODE/TE3002B/puzzle_ws/install/puzzle_pkg/lib/python3.8/site-packages/puzzle_pkg/__init__.py
[63.526s] -- Up-to-date: /home/puzzlebot/Documents/PUXXY_NODE/TE3002B/puzzle_ws/install/puzzle_pkg/lib/python3.8/site-packages/puzzle_pkg/_puzzle_pkg_s.ep.rosidl_typesupport_fastrtps_c.c
[63.526s] -- Up-to-date: /home/puzzlebot/Documents/PUXXY_NODE/TE3002B/puzzle_ws/install/puzzle_pkg/lib/python3.8/site-packages/puzzle_pkg/msg
[63.526s] -- Up-to-date: /home/puzzlebot/Documents/PUXXY_NODE/TE3002B/puzzle_ws/install/puzzle_pkg/lib/python3.8/site-packages/puzzle_pkg/msg/__init__.py
[63.527s] -- Up-to-date: /home/puzzlebot/Documents/PUXXY_NODE/TE3002B/puzzle_ws/install/puzzle_pkg/lib/python3.8/site-packages/puzzle_pkg/msg/_diff_error_s.c
[63.527s] -- Up-to-date: /home/puzzlebot/Documents/PUXXY_NODE/TE3002B/puzzle_ws/install/puzzle_pkg/lib/python3.8/site-packages/puzzle_pkg/msg/_diff_error.py
[63.527s] -- Up-to-date: /home/puzzlebot/Documents/PUXXY_NODE/TE3002B/puzzle_ws/install/puzzle_pkg/lib/python3.8/site-packages/puzzle_pkg/_puzzle_pkg_s.ep.rosidl_typesupport_c.c
[63.528s] -- Up-to-date: /home/puzzlebot/Documents/PUXXY_NODE/TE3002B/puzzle_ws/install/puzzle_pkg/lib/python3.8/site-packages/puzzle_pkg/puzzle_pkg_s__rosidl_typesupport_introspection_c.cpython-38-aarch64-linux-gnu.so
[63.528s] -- Up-to-date: /home/puzzlebot/Documents/PUXXY_NODE/TE3002B/puzzle_ws/install/puzzle_pkg/lib/python3.8/site-packages/puzzle_pkg/puzzle_pkg_s__rosidl_typesupport_fastrtps_c.cpython-38-aarch64-linux-gnu.so
[63.528s] -- Up-to-date: /home/puzzlebot/Documents/PUXXY_NODE/TE3002B/puzzle_ws/install/puzzle_pkg/lib/python3.8/site-packages/puzzle_pkg/_puzzle_pkg_s.ep.rosidl_typesupport_introspection_c.c
[63.529s] -- Up-to-date: /home/puzzlebot/Documents/PUXXY_NODE/TE3002B/puzzle_ws/install/puzzle_pkg/lib/python3.8/site-packages/puzzle_pkg/libpuzzle_pkg__rosidl_generator_py.so
[63.799s] Listing '/home/puzzlebot/Documents/PUXXY_NODE/TE3002B/puzzle_ws/install/puzzle_pkg/lib/python3.8/site-packages/puzzle_pkg'...
[63.800s] Listing '/home/puzzlebot/Documents/PUXXY_NODE/TE3002B/puzzle_ws/install/puzzle_pkg/lib/python3.8/site-packages/puzzle_pkg/msg'...
[63.822s] -- Up-to-date: /home/puzzlebot/Documents/PUXXY_NODE/TE3002B/puzzle_ws/install/puzzle_pkg/lib/python3.8/site-packages/puzzle_pkg/puzzle_pkg_s__rosidl_typesupport_fastrtps_c.cpython-38-aarch64-linux-gnu.so
[63.825s] -- Up-to-date: /home/puzzlebot/Documents/PUXXY_NODE/TE3002B/puzzle_ws/install/puzzle_pkg/lib/python3.8/site-packages/puzzle_pkg/puzzle_pkg_s__rosidl_typesupport_introspection_c.cpython-38-aarch64-linux-gnu.so
[63.828s] -- Up-to-date: /home/puzzlebot/Documents/PUXXY_NODE/TE3002B/puzzle_ws/install/puzzle_pkg/lib/python3.8/site-packages/puzzle_pkg/puzzle_pkg_s__rosidl_typesupport_c.cpython-38-aarch64-linux-gnu.so
[63.830s] -- Up-to-date: /home/puzzlebot/Documents/PUXXY_NODE/TE3002B/puzzle_ws/install/puzzle_pkg/lib/libpuzzle_pkg__rosidl_generator_py.so
[63.831s] -- Up-to-date: /home/puzzlebot/Documents/PUXXY_NODE/TE3002B/puzzle_ws/install/puzzle_pkg/share/puzzle_pkg/msg/DiffError.idl
[63.832s] -- Up-to-date: /home/puzzlebot/Documents/PUXXY_NODE/TE3002B/puzzle_ws/install/puzzle_pkg/share/puzzle_pkg/msg/DiffError.msg
[63.835s] -- Installing: /home/puzzlebot/Documents/PUXXY_NODE/TE3002B/puzzle_ws/install/puzzle_pkg/lib/puzzle_pkg/controller
[63.866s] -- Set runtime path of "/home/puzzlebot/Documents/PUXXY_NODE/TE3002B/puzzle_ws/install/puzzle_pkg/lib/puzzle_pkg/controller" to ""
[63.869s] -- Up-to-date: /home/puzzlebot/Documents/PUXXY_NODE/TE3002B/puzzle_ws/install/puzzle_pkg/lib/puzzle_pkg/odometry
[63.874s] -- Up-to-date: /home/puzzlebot/Documents/PUXXY_NODE/TE3002B/puzzle_ws/install/puzzle_pkg/lib/puzzle_pkg/lane_detection
[63.878s] -- Up-to-date: /home/puzzlebot/Documents/PUXXY_NODE/TE3002B/puzzle_ws/install/puzzle_pkg/lib/puzzle_pkg/cam_source
[63.882s] -- Up-to-date: /home/puzzlebot/Documents/PUXXY_NODE/TE3002B/puzzle_ws/install/puzzle_pkg/lib/puzzle_pkg/signal_handle
[63.884s] -- Up-to-date: /home/puzzlebot/Documents/PUXXY_NODE/TE3002B/puzzle_ws/install/puzzle_pkg/share/puzzle_pkg//launch
[63.884s] -- Up-to-date: /home/puzzlebot/Documents/PUXXY_NODE/TE3002B/puzzle_ws/install/puzzle_pkg/share/puzzle_pkg//launch/__pycache__
[63.885s] -- Up-to-date: /home/puzzlebot/Documents/PUXXY_NODE/TE3002B/puzzle_ws/install/puzzle_pkg/share/puzzle_pkg//launch/__pycache__/launch.cpython-310.pyc
[63.885s] -- Installing: /home/puzzlebot/Documents/PUXXY_NODE/TE3002B/puzzle_ws/install/puzzle_pkg/share/puzzle_pkg//launch/__pycache__/launch.cpython-38.pyc
[63.886s] -- Up-to-date: /home/puzzlebot/Documents/PUXXY_NODE/TE3002B/puzzle_ws/install/puzzle_pkg/share/puzzle_pkg//launch/launch.py
[63.886s] -- Up-to-date: /home/puzzlebot/Documents/PUXXY_NODE/TE3002B/puzzle_ws/install/puzzle_pkg/share/puzzle_pkg//config
[63.887s] -- Up-to-date: /home/puzzlebot/Documents/PUXXY_NODE/TE3002B/puzzle_ws/install/puzzle_pkg/share/puzzle_pkg//config/odometry_params.yaml
[63.888s] -- Installing: /home/puzzlebot/Documents/PUXXY_NODE/TE3002B/puzzle_ws/install/puzzle_pkg/share/puzzle_pkg//config/controller_params.yaml
[63.888s] -- Up-to-date: /home/puzzlebot/Documents/PUXXY_NODE/TE3002B/puzzle_ws/install/puzzle_pkg/share/ament_index/resource_index/package_run_dependencies/puzzle_pkg
[63.888s] -- Up-to-date: /home/puzzlebot/Documents/PUXXY_NODE/TE3002B/puzzle_ws/install/puzzle_pkg/share/ament_index/resource_index/parent_prefix_path/puzzle_pkg
[63.895s] -- Up-to-date: /home/puzzlebot/Documents/PUXXY_NODE/TE3002B/puzzle_ws/install/puzzle_pkg/share/puzzle_pkg/environment/ament_prefix_path.sh
[63.896s] -- Up-to-date: /home/puzzlebot/Documents/PUXXY_NODE/TE3002B/puzzle_ws/install/puzzle_pkg/share/puzzle_pkg/environment/ament_prefix_path.dsv
[63.897s] -- Up-to-date: /home/puzzlebot/Documents/PUXXY_NODE/TE3002B/puzzle_ws/install/puzzle_pkg/share/puzzle_pkg/environment/path.sh
[63.897s] -- Up-to-date: /home/puzzlebot/Documents/PUXXY_NODE/TE3002B/puzzle_ws/install/puzzle_pkg/share/puzzle_pkg/environment/path.dsv
[63.898s] -- Up-to-date: /home/puzzlebot/Documents/PUXXY_NODE/TE3002B/puzzle_ws/install/puzzle_pkg/share/puzzle_pkg/local_setup.bash
[63.898s] -- Up-to-date: /home/puzzlebot/Documents/PUXXY_NODE/TE3002B/puzzle_ws/install/puzzle_pkg/share/puzzle_pkg/local_setup.sh
[63.898s] -- Up-to-date: /home/puzzlebot/Documents/PUXXY_NODE/TE3002B/puzzle_ws/install/puzzle_pkg/share/puzzle_pkg/local_setup.zsh
[63.899s] -- Up-to-date: /home/puzzlebot/Documents/PUXXY_NODE/TE3002B/puzzle_ws/install/puzzle_pkg/share/puzzle_pkg/local_setup.dsv
[63.899s] -- Installing: /home/puzzlebot/Documents/PUXXY_NODE/TE3002B/puzzle_ws/install/puzzle_pkg/share/puzzle_pkg/package.dsv
[63.900s] -- Up-to-date: /home/puzzlebot/Documents/PUXXY_NODE/TE3002B/puzzle_ws/install/puzzle_pkg/share/ament_index/resource_index/packages/puzzle_pkg
[63.901s] -- Up-to-date: /home/puzzlebot/Documents/PUXXY_NODE/TE3002B/puzzle_ws/install/puzzle_pkg/share/puzzle_pkg/cmake/export_puzzle_pkg__rosidl_generator_cExport.cmake
[63.901s] -- Up-to-date: /home/puzzlebot/Documents/PUXXY_NODE/TE3002B/puzzle_ws/install/puzzle_pkg/share/puzzle_pkg/cmake/export_puzzle_pkg__rosidl_generator_cExport-noconfig.cmake
[63.903s] -- Up-to-date: /home/puzzlebot/Documents/PUXXY_NODE/TE3002B/puzzle_ws/install/puzzle_pkg/share/puzzle_pkg/cmake/export_puzzle_pkg__rosidl_typesupport_fastrtps_cExport.cmake
[63.904s] -- Up-to-date: /home/puzzlebot/Documents/PUXXY_NODE/TE3002B/puzzle_ws/install/puzzle_pkg/share/puzzle_pkg/cmake/export_puzzle_pkg__rosidl_typesupport_fastrtps_cExport-noconfig.cmake
[63.905s] -- Up-to-date: /home/puzzlebot/Documents/PUXXY_NODE/TE3002B/puzzle_ws/install/puzzle_pkg/share/puzzle_pkg/cmake/export_puzzle_pkg__rosidl_generator_cppExport.cmake
[63.907s] -- Up-to-date: /home/puzzlebot/Documents/PUXXY_NODE/TE3002B/puzzle_ws/install/puzzle_pkg/share/puzzle_pkg/cmake/export_puzzle_pkg__rosidl_typesupport_fastrtps_cppExport.cmake
[63.907s] -- Up-to-date: /home/puzzlebot/Documents/PUXXY_NODE/TE3002B/puzzle_ws/install/puzzle_pkg/share/puzzle_pkg/cmake/export_puzzle_pkg__rosidl_typesupport_fastrtps_cppExport-noconfig.cmake
[63.909s] -- Up-to-date: /home/puzzlebot/Documents/PUXXY_NODE/TE3002B/puzzle_ws/install/puzzle_pkg/share/puzzle_pkg/cmake/puzzle_pkg__rosidl_typesupport_introspection_cExport.cmake
[63.909s] -- Up-to-date: /home/puzzlebot/Documents/PUXXY_NODE/TE3002B/puzzle_ws/install/puzzle_pkg/share/puzzle_pkg/cmake/puzzle_pkg__rosidl_typesupport_introspection_cExport-noconfig.cmake
[63.911s] -- Up-to-date: /home/puzzlebot/Documents/PUXXY_NODE/TE3002B/puzzle_ws/install/puzzle_pkg/share/puzzle_pkg/cmake/puzzle_pkg__rosidl_typesupport_cExport.cmake
[63.912s] -- Up-to-date: /home/puzzlebot/Documents/PUXXY_NODE/TE3002B/puzzle_ws/install/puzzle_pkg/share/puzzle_pkg/cmake/puzzle_pkg__rosidl_typesupport_cExport-noconfig.cmake
[63.913s] -- Up-to-date: /home/puzzlebot/Documents/PUXXY_NODE/TE3002B/puzzle_ws/install/puzzle_pkg/share/puzzle_pkg/cmake/puzzle_pkg__rosidl_typesupport_introspection_cppExport.cmake
[63.914s] -- Up-to-date: /home/puzzlebot/Documents/PUXXY_NODE/TE3002B/puzzle_ws/install/puzzle_pkg/share/puzzle_pkg/cmake/puzzle_pkg__rosidl_typesupport_introspection_cppExport-noconfig.cmake
[63.916s] -- Up-to-date: /home/puzzlebot/Documents/PUXXY_NODE/TE3002B/puzzle_ws/install/puzzle_pkg/share/puzzle_pkg/cmake/puzzle_pkg__rosidl_typesupport_cppExport.cmake
[63.916s] -- Up-to-date: /home/puzzlebot/Documents/PUXXY_NODE/TE3002B/puzzle_ws/install/puzzle_pkg/share/puzzle_pkg/cmake/puzzle_pkg__rosidl_typesupport_cppExport-noconfig.cmake
[63.918s] -- Up-to-date: /home/puzzlebot/Documents/PUXXY_NODE/TE3002B/puzzle_ws/install/puzzle_pkg/share/puzzle_pkg/cmake/export_puzzle_pkg__rosidl_generator_pyExport.cmake
[63.918s] -- Up-to-date: /home/puzzlebot/Documents/PUXXY_NODE/TE3002B/puzzle_ws/install/puzzle_pkg/share/puzzle_pkg/cmake/export_puzzle_pkg__rosidl_generator_pyExport-noconfig.cmake
[63.919s] -- Up-to-date: /home/puzzlebot/Documents/PUXXY_NODE/TE3002B/puzzle_ws/install/puzzle_pkg/share/puzzle_pkg/cmake/rosidl_cmake-extras.cmake
[63.920s] -- Up-to-date: /home/puzzlebot/Documents/PUXXY_NODE/TE3002B/puzzle_ws/install/puzzle_pkg/share/puzzle_pkg/cmake/ament_cmake_export_dependencies-extras.cmake
[63.921s] -- Up-to-date: /home/puzzlebot/Documents/PUXXY_NODE/TE3002B/puzzle_ws/install/puzzle_pkg/share/puzzle_pkg/cmake/ament_cmake_export_include_directories-extras.cmake
[63.921s] -- Up-to-date: /home/puzzlebot/Documents/PUXXY_NODE/TE3002B/puzzle_ws/install/puzzle_pkg/share/puzzle_pkg/cmake/ament_cmake_export_libraries-extras.cmake
[63.921s] -- Up-to-date: /home/puzzlebot/Documents/PUXXY_NODE/TE3002B/puzzle_ws/install/puzzle_pkg/share/puzzle_pkg/cmake/ament_cmake_export_targets-extras.cmake
[63.922s] -- Up-to-date: /home/puzzlebot/Documents/PUXXY_NODE/TE3002B/puzzle_ws/install/puzzle_pkg/share/puzzle_pkg/cmake/rosidl_cmake_export_typesupport_targets-extras.cmake
[63.922s] -- Up-to-date: /home/puzzlebot/Documents/PUXXY_NODE/TE3002B/puzzle_ws/install/puzzle_pkg/share/puzzle_pkg/cmake/rosidl_cmake_export_typesupport_libraries-extras.cmake
[63.923s] -- Up-to-date: /home/puzzlebot/Documents/PUXXY_NODE/TE3002B/puzzle_ws/install/puzzle_pkg/share/puzzle_pkg/cmake/puzzle_pkgConfig.cmake
[63.923s] -- Up-to-date: /home/puzzlebot/Documents/PUXXY_NODE/TE3002B/puzzle_ws/install/puzzle_pkg/share/puzzle_pkg/cmake/puzzle_pkgConfig-version.cmake
[63.924s] -- Up-to-date: /home/puzzlebot/Documents/PUXXY_NODE/TE3002B/puzzle_ws/install/puzzle_pkg/share/puzzle_pkg/package.xml
[63.932s] Invoked command in '/home/puzzlebot/Documents/PUXXY_NODE/TE3002B/puzzle_ws/build/puzzle_pkg' returned '0': AMENT_PREFIX_PATH=/home/puzzlebot/Documents/PUXXY_NODE/TE3002B/puzzle_ws/install/cv_bridge:${AMENT_PREFIX_PATH} CMAKE_PREFIX_PATH=/home/puzzlebot/Documents/PUXXY_NODE/TE3002B/puzzle_ws/install/cv_bridge:/home/puzzlebot/ros2_ws/install/puzzlebot_ros:/opt/ros/humble:${CMAKE_PREFIX_PATH} LD_LIBRARY_PATH=/home/puzzlebot/Documents/PUXXY_NODE/TE3002B/puzzle_ws/install/cv_bridge/lib:/usr/local/cuda/lib64:/home/puzzlebot/ros2_packages_ws/install/micro_ros_agent/lib:/home/puzzlebot/ros2_packages_ws/install/micro_ros_msgs/lib:/opt/ros/humble/opt/rviz_ogre_vendor/lib:/opt/ros/humble/lib/aarch64-linux-gnu:/opt/ros/humble/lib:/usr/local/cuda/lib64 PYTHONPATH=/home/puzzlebot/Documents/PUXXY_NODE/TE3002B/puzzle_ws/install/cv_bridge/lib/python3.8/site-packages:${PYTHONPATH} /usr/bin/cmake --install /home/puzzlebot/Documents/PUXXY_NODE/TE3002B/puzzle_ws/build/puzzle_pkg
