[0.246s] Invoking command in '/home/puzzlebot/Documents/PUXXY_NODE/TE3002B/puzzle_ws/build/image_geometry': CMAKE_PREFIX_PATH=/home/puzzlebot/ros2_ws/install/puzzlebot_ros:/opt/ros/humble:${CMAKE_PREFIX_PATH} /usr/bin/cmake --build /home/puzzlebot/Documents/PUXXY_NODE/TE3002B/puzzle_ws/build/image_geometry -- -j4 -l4
[1.620s] [  0%] Built target ament_cmake_python_copy_image_geometry
[1.637s] [ 22%] Built target gtest
[1.772s] [ 44%] Built target gtest_main
[2.052s] [ 77%] Built target image_geometry
[2.640s] [100%] Built target image_geometry-utest
[4.701s] running egg_info
[4.708s] writing image_geometry.egg-info/PKG-INFO
[4.712s] writing dependency_links to image_geometry.egg-info/dependency_links.txt
[4.720s] writing top-level names to image_geometry.egg-info/top_level.txt
[5.456s] reading manifest file 'image_geometry.egg-info/SOURCES.txt'
[5.466s] writing manifest file 'image_geometry.egg-info/SOURCES.txt'
[5.777s] [100%] Built target ament_cmake_python_build_image_geometry_egg
[5.904s] Invoked command in '/home/puzzlebot/Documents/PUXXY_NODE/TE3002B/puzzle_ws/build/image_geometry' returned '0': CMAKE_PREFIX_PATH=/home/puzzlebot/ros2_ws/install/puzzlebot_ros:/opt/ros/humble:${CMAKE_PREFIX_PATH} /usr/bin/cmake --build /home/puzzlebot/Documents/PUXXY_NODE/TE3002B/puzzle_ws/build/image_geometry -- -j4 -l4
[6.337s] Invoking command in '/home/puzzlebot/Documents/PUXXY_NODE/TE3002B/puzzle_ws/build/image_geometry': CMAKE_PREFIX_PATH=/home/puzzlebot/ros2_ws/install/puzzlebot_ros:/opt/ros/humble:${CMAKE_PREFIX_PATH} /usr/bin/cmake --install /home/puzzlebot/Documents/PUXXY_NODE/TE3002B/puzzle_ws/build/image_geometry
[6.558s] -- Install configuration: ""
[6.561s] -- Up-to-date: /home/puzzlebot/Documents/PUXXY_NODE/TE3002B/puzzle_ws/install/image_geometry/share/image_geometry/environment/pythonpath.sh
[6.561s] -- Up-to-date: /home/puzzlebot/Documents/PUXXY_NODE/TE3002B/puzzle_ws/install/image_geometry/share/image_geometry/environment/pythonpath.dsv
[6.562s] -- Up-to-date: /home/puzzlebot/Documents/PUXXY_NODE/TE3002B/puzzle_ws/install/image_geometry/lib/python3.8/site-packages/image_geometry-3.2.1-py3.8.egg-info
[6.571s] -- Installing: /home/puzzlebot/Documents/PUXXY_NODE/TE3002B/puzzle_ws/install/image_geometry/lib/python3.8/site-packages/image_geometry-3.2.1-py3.8.egg-info/top_level.txt
[6.572s] -- Installing: /home/puzzlebot/Documents/PUXXY_NODE/TE3002B/puzzle_ws/install/image_geometry/lib/python3.8/site-packages/image_geometry-3.2.1-py3.8.egg-info/PKG-INFO
[6.573s] -- Installing: /home/puzzlebot/Documents/PUXXY_NODE/TE3002B/puzzle_ws/install/image_geometry/lib/python3.8/site-packages/image_geometry-3.2.1-py3.8.egg-info/SOURCES.txt
[6.573s] -- Installing: /home/puzzlebot/Documents/PUXXY_NODE/TE3002B/puzzle_ws/install/image_geometry/lib/python3.8/site-packages/image_geometry-3.2.1-py3.8.egg-info/dependency_links.txt
[6.574s] -- Up-to-date: /home/puzzlebot/Documents/PUXXY_NODE/TE3002B/puzzle_ws/install/image_geometry/lib/python3.8/site-packages/image_geometry
[6.575s] -- Up-to-date: /home/puzzlebot/Documents/PUXXY_NODE/TE3002B/puzzle_ws/install/image_geometry/lib/python3.8/site-packages/image_geometry/cameramodels.py
[6.584s] -- Up-to-date: /home/puzzlebot/Documents/PUXXY_NODE/TE3002B/puzzle_ws/install/image_geometry/lib/python3.8/site-packages/image_geometry/__init__.py
[6.870s] Listing '/home/puzzlebot/Documents/PUXXY_NODE/TE3002B/puzzle_ws/install/image_geometry/lib/python3.8/site-packages/image_geometry'...
[6.898s] -- Up-to-date: /home/puzzlebot/Documents/PUXXY_NODE/TE3002B/puzzle_ws/install/image_geometry/include/image_geometry
[6.898s] -- Up-to-date: /home/puzzlebot/Documents/PUXXY_NODE/TE3002B/puzzle_ws/install/image_geometry/include/image_geometry/image_geometry
[6.899s] -- Up-to-date: /home/puzzlebot/Documents/PUXXY_NODE/TE3002B/puzzle_ws/install/image_geometry/include/image_geometry/image_geometry/pinhole_camera_model.h
[6.900s] -- Up-to-date: /home/puzzlebot/Documents/PUXXY_NODE/TE3002B/puzzle_ws/install/image_geometry/include/image_geometry/image_geometry/visibility_control.hpp
[6.900s] -- Up-to-date: /home/puzzlebot/Documents/PUXXY_NODE/TE3002B/puzzle_ws/install/image_geometry/include/image_geometry/image_geometry/stereo_camera_model.h
[6.905s] -- Up-to-date: /home/puzzlebot/Documents/PUXXY_NODE/TE3002B/puzzle_ws/install/image_geometry/lib/libimage_geometry.so
[6.905s] -- Up-to-date: /home/puzzlebot/Documents/PUXXY_NODE/TE3002B/puzzle_ws/install/image_geometry/share/ament_index/resource_index/package_run_dependencies/image_geometry
[6.908s] -- Up-to-date: /home/puzzlebot/Documents/PUXXY_NODE/TE3002B/puzzle_ws/install/image_geometry/share/ament_index/resource_index/parent_prefix_path/image_geometry
[6.916s] -- Up-to-date: /home/puzzlebot/Documents/PUXXY_NODE/TE3002B/puzzle_ws/install/image_geometry/share/image_geometry/environment/ament_prefix_path.sh
[6.917s] -- Up-to-date: /home/puzzlebot/Documents/PUXXY_NODE/TE3002B/puzzle_ws/install/image_geometry/share/image_geometry/environment/ament_prefix_path.dsv
[6.920s] -- Up-to-date: /home/puzzlebot/Documents/PUXXY_NODE/TE3002B/puzzle_ws/install/image_geometry/share/image_geometry/environment/path.sh
[6.924s] -- Up-to-date: /home/puzzlebot/Documents/PUXXY_NODE/TE3002B/puzzle_ws/install/image_geometry/share/image_geometry/environment/path.dsv
[6.925s] -- Up-to-date: /home/puzzlebot/Documents/PUXXY_NODE/TE3002B/puzzle_ws/install/image_geometry/share/image_geometry/local_setup.bash
[6.926s] -- Up-to-date: /home/puzzlebot/Documents/PUXXY_NODE/TE3002B/puzzle_ws/install/image_geometry/share/image_geometry/local_setup.sh
[6.926s] -- Up-to-date: /home/puzzlebot/Documents/PUXXY_NODE/TE3002B/puzzle_ws/install/image_geometry/share/image_geometry/local_setup.zsh
[6.948s] -- Up-to-date: /home/puzzlebot/Documents/PUXXY_NODE/TE3002B/puzzle_ws/install/image_geometry/share/image_geometry/local_setup.dsv
[6.963s] -- Installing: /home/puzzlebot/Documents/PUXXY_NODE/TE3002B/puzzle_ws/install/image_geometry/share/image_geometry/package.dsv
[6.964s] -- Up-to-date: /home/puzzlebot/Documents/PUXXY_NODE/TE3002B/puzzle_ws/install/image_geometry/share/ament_index/resource_index/packages/image_geometry
[6.967s] -- Up-to-date: /home/puzzlebot/Documents/PUXXY_NODE/TE3002B/puzzle_ws/install/image_geometry/share/image_geometry/cmake/export_image_geometryExport.cmake
[6.975s] -- Up-to-date: /home/puzzlebot/Documents/PUXXY_NODE/TE3002B/puzzle_ws/install/image_geometry/share/image_geometry/cmake/export_image_geometryExport-noconfig.cmake
[6.978s] -- Up-to-date: /home/puzzlebot/Documents/PUXXY_NODE/TE3002B/puzzle_ws/install/image_geometry/share/image_geometry/cmake/ament_cmake_export_targets-extras.cmake
[6.984s] -- Up-to-date: /home/puzzlebot/Documents/PUXXY_NODE/TE3002B/puzzle_ws/install/image_geometry/share/image_geometry/cmake/ament_cmake_export_dependencies-extras.cmake
[6.985s] -- Up-to-date: /home/puzzlebot/Documents/PUXXY_NODE/TE3002B/puzzle_ws/install/image_geometry/share/image_geometry/cmake/image_geometryConfig.cmake
[6.989s] -- Up-to-date: /home/puzzlebot/Documents/PUXXY_NODE/TE3002B/puzzle_ws/install/image_geometry/share/image_geometry/cmake/image_geometryConfig-version.cmake
[6.998s] -- Up-to-date: /home/puzzlebot/Documents/PUXXY_NODE/TE3002B/puzzle_ws/install/image_geometry/share/image_geometry/package.xml
[6.999s] Invoked command in '/home/puzzlebot/Documents/PUXXY_NODE/TE3002B/puzzle_ws/build/image_geometry' returned '0': CMAKE_PREFIX_PATH=/home/puzzlebot/ros2_ws/install/puzzlebot_ros:/opt/ros/humble:${CMAKE_PREFIX_PATH} /usr/bin/cmake --install /home/puzzlebot/Documents/PUXXY_NODE/TE3002B/puzzle_ws/build/image_geometry
