[11.501s] DEBUG:colcon:Command line arguments: ['/usr/bin/colcon', 'build']
[11.501s] DEBUG:colcon:Parsed command line arguments: Namespace(allow_overriding=[], ament_cmake_args=None, base_paths=['.'], build_base='build', catkin_cmake_args=None, catkin_skip_building_tests=False, cmake_args=None, cmake_clean_cache=False, cmake_clean_first=False, cmake_force_configure=False, cmake_target=None, cmake_target_skip_unavailable=False, continue_on_error=False, event_handlers=None, executor='parallel', ignore_user_meta=False, install_base='install', log_base=None, log_level=None, main=<bound method BuildVerb.main of <colcon_core.verb.build.BuildVerb object at 0x7f9a15f5e0>>, merge_install=False, metas=['./colcon.meta'], packages_above=None, packages_above_and_dependencies=None, packages_above_depth=None, packages_end=None, packages_ignore=None, packages_ignore_regex=None, packages_select=None, packages_select_build_failed=False, packages_select_by_dep=None, packages_select_regex=None, packages_select_test_failures=False, packages_skip=None, packages_skip_build_finished=False, packages_skip_by_dep=None, packages_skip_regex=None, packages_skip_test_passed=False, packages_skip_up_to=None, packages_start=None, packages_up_to=None, packages_up_to_regex=None, parallel_workers=4, paths=None, symlink_install=False, test_result_base=None, verb_extension=<colcon_core.verb.build.BuildVerb object at 0x7f9a15f5e0>, verb_name='build', verb_parser=<colcon_defaults.argument_parser.defaults.DefaultArgumentsDecorator object at 0x7f9a06e280>)
[12.009s] Level 1:colcon.colcon_core.package_discovery:discover_packages(colcon_meta) check parameters
[12.010s] Level 1:colcon.colcon_core.package_discovery:discover_packages(recursive) check parameters
[12.010s] Level 1:colcon.colcon_core.package_discovery:discover_packages(ignore) check parameters
[12.010s] Level 1:colcon.colcon_core.package_discovery:discover_packages(path) check parameters
[12.010s] Level 1:colcon.colcon_core.package_discovery:discover_packages(colcon_meta) discover
[12.011s] Level 1:colcon.colcon_core.package_discovery:discover_packages(recursive) discover
[12.011s] INFO:colcon.colcon_core.package_discovery:Crawling recursively for packages in '/home/puzzlebot/Desktop/PUXXY_NODE/TE3002B/lane_processing_ws'
[12.011s] Level 1:colcon.colcon_core.package_identification:_identify(.) by extensions ['ignore', 'ignore_ament_install']
[12.012s] Level 1:colcon.colcon_core.package_identification:_identify(.) by extension 'ignore'
[12.012s] Level 1:colcon.colcon_core.package_identification:_identify(.) by extension 'ignore_ament_install'
[12.012s] Level 1:colcon.colcon_core.package_identification:_identify(.) by extensions ['colcon_pkg']
[12.012s] Level 1:colcon.colcon_core.package_identification:_identify(.) by extension 'colcon_pkg'
[12.012s] Level 1:colcon.colcon_core.package_identification:_identify(.) by extensions ['colcon_meta']
[12.013s] Level 1:colcon.colcon_core.package_identification:_identify(.) by extension 'colcon_meta'
[12.013s] Level 1:colcon.colcon_core.package_identification:_identify(.) by extensions ['ros']
[12.013s] Level 1:colcon.colcon_core.package_identification:_identify(.) by extension 'ros'
[12.059s] Level 1:colcon.colcon_core.package_identification:_identify(.) by extensions ['cmake', 'python']
[12.060s] Level 1:colcon.colcon_core.package_identification:_identify(.) by extension 'cmake'
[12.060s] Level 1:colcon.colcon_core.package_identification:_identify(.) by extension 'python'
[12.060s] Level 1:colcon.colcon_core.package_identification:_identify(.) by extensions ['python_setup_py']
[12.060s] Level 1:colcon.colcon_core.package_identification:_identify(.) by extension 'python_setup_py'
[12.061s] Level 1:colcon.colcon_core.package_identification:_identify(build) by extensions ['ignore', 'ignore_ament_install']
[12.061s] Level 1:colcon.colcon_core.package_identification:_identify(build) by extension 'ignore'
[12.061s] Level 1:colcon.colcon_core.package_identification:_identify(build) ignored
[12.062s] Level 1:colcon.colcon_core.package_identification:_identify(install) by extensions ['ignore', 'ignore_ament_install']
[12.062s] Level 1:colcon.colcon_core.package_identification:_identify(install) by extension 'ignore'
[12.063s] Level 1:colcon.colcon_core.package_identification:_identify(install) ignored
[12.063s] Level 1:colcon.colcon_core.package_identification:_identify(log) by extensions ['ignore', 'ignore_ament_install']
[12.063s] Level 1:colcon.colcon_core.package_identification:_identify(log) by extension 'ignore'
[12.064s] Level 1:colcon.colcon_core.package_identification:_identify(log) ignored
[12.064s] Level 1:colcon.colcon_core.package_identification:_identify(src) by extensions ['ignore', 'ignore_ament_install']
[12.064s] Level 1:colcon.colcon_core.package_identification:_identify(src) by extension 'ignore'
[12.064s] Level 1:colcon.colcon_core.package_identification:_identify(src) by extension 'ignore_ament_install'
[12.065s] Level 1:colcon.colcon_core.package_identification:_identify(src) by extensions ['colcon_pkg']
[12.065s] Level 1:colcon.colcon_core.package_identification:_identify(src) by extension 'colcon_pkg'
[12.065s] Level 1:colcon.colcon_core.package_identification:_identify(src) by extensions ['colcon_meta']
[12.065s] Level 1:colcon.colcon_core.package_identification:_identify(src) by extension 'colcon_meta'
[12.065s] Level 1:colcon.colcon_core.package_identification:_identify(src) by extensions ['ros']
[12.065s] Level 1:colcon.colcon_core.package_identification:_identify(src) by extension 'ros'
[12.066s] Level 1:colcon.colcon_core.package_identification:_identify(src) by extensions ['cmake', 'python']
[12.066s] Level 1:colcon.colcon_core.package_identification:_identify(src) by extension 'cmake'
[12.066s] Level 1:colcon.colcon_core.package_identification:_identify(src) by extension 'python'
[12.066s] Level 1:colcon.colcon_core.package_identification:_identify(src) by extensions ['python_setup_py']
[12.066s] Level 1:colcon.colcon_core.package_identification:_identify(src) by extension 'python_setup_py'
[12.067s] Level 1:colcon.colcon_core.package_identification:_identify(src/lane_processing) by extensions ['ignore', 'ignore_ament_install']
[12.067s] Level 1:colcon.colcon_core.package_identification:_identify(src/lane_processing) by extension 'ignore'
[12.067s] Level 1:colcon.colcon_core.package_identification:_identify(src/lane_processing) by extension 'ignore_ament_install'
[12.068s] Level 1:colcon.colcon_core.package_identification:_identify(src/lane_processing) by extensions ['colcon_pkg']
[12.068s] Level 1:colcon.colcon_core.package_identification:_identify(src/lane_processing) by extension 'colcon_pkg'
[12.068s] Level 1:colcon.colcon_core.package_identification:_identify(src/lane_processing) by extensions ['colcon_meta']
[12.068s] Level 1:colcon.colcon_core.package_identification:_identify(src/lane_processing) by extension 'colcon_meta'
[12.068s] Level 1:colcon.colcon_core.package_identification:_identify(src/lane_processing) by extensions ['ros']
[12.069s] Level 1:colcon.colcon_core.package_identification:_identify(src/lane_processing) by extension 'ros'
[12.078s] DEBUG:colcon.colcon_core.package_identification:Package 'src/lane_processing' with type 'ros.ament_cmake' and name 'lane_processing'
[12.078s] Level 1:colcon.colcon_core.package_discovery:discover_packages(recursive) using defaults
[12.078s] Level 1:colcon.colcon_core.package_discovery:discover_packages(ignore) discover
[12.079s] Level 1:colcon.colcon_core.package_discovery:discover_packages(ignore) using defaults
[12.079s] Level 1:colcon.colcon_core.package_discovery:discover_packages(path) discover
[12.079s] Level 1:colcon.colcon_core.package_discovery:discover_packages(path) using defaults
[13.131s] Level 1:colcon.colcon_core.package_discovery:discover_packages(prefix_path) check parameters
[13.131s] Level 1:colcon.colcon_core.package_discovery:discover_packages(prefix_path) discover
[13.533s] DEBUG:colcon.colcon_installed_package_information.package_discovery:Found 1 installed packages in /home/puzzlebot/Desktop/PUXXY_NODE/TE3002B/lane_processing_ws/install
[13.732s] DEBUG:colcon.colcon_installed_package_information.package_discovery:Found 1 installed packages in /home/puzzlebot/ros2_ws/install
[13.933s] DEBUG:colcon.colcon_installed_package_information.package_discovery:Found 5 installed packages in /home/puzzlebot/ros2_packages_ws/install
[14.179s] DEBUG:colcon.colcon_installed_package_information.package_discovery:Found 281 installed packages in /opt/ros/humble
[14.188s] Level 1:colcon.colcon_core.package_discovery:discover_packages(prefix_path) using defaults
[14.970s] Level 5:colcon.colcon_core.verb:set package 'lane_processing' build argument 'cmake_args' from command line to 'None'
[14.971s] Level 5:colcon.colcon_core.verb:set package 'lane_processing' build argument 'cmake_target' from command line to 'None'
[14.971s] Level 5:colcon.colcon_core.verb:set package 'lane_processing' build argument 'cmake_target_skip_unavailable' from command line to 'False'
[14.971s] Level 5:colcon.colcon_core.verb:set package 'lane_processing' build argument 'cmake_clean_cache' from command line to 'False'
[14.971s] Level 5:colcon.colcon_core.verb:set package 'lane_processing' build argument 'cmake_clean_first' from command line to 'False'
[14.971s] Level 5:colcon.colcon_core.verb:set package 'lane_processing' build argument 'cmake_force_configure' from command line to 'False'
[14.971s] Level 5:colcon.colcon_core.verb:set package 'lane_processing' build argument 'ament_cmake_args' from command line to 'None'
[14.971s] Level 5:colcon.colcon_core.verb:set package 'lane_processing' build argument 'catkin_cmake_args' from command line to 'None'
[14.972s] Level 5:colcon.colcon_core.verb:set package 'lane_processing' build argument 'catkin_skip_building_tests' from command line to 'False'
[14.972s] DEBUG:colcon.colcon_core.verb:Building package 'lane_processing' with the following arguments: {'ament_cmake_args': None, 'build_base': '/home/puzzlebot/Desktop/PUXXY_NODE/TE3002B/lane_processing_ws/build/lane_processing', 'catkin_cmake_args': None, 'catkin_skip_building_tests': False, 'cmake_args': None, 'cmake_clean_cache': False, 'cmake_clean_first': False, 'cmake_force_configure': False, 'cmake_target': None, 'cmake_target_skip_unavailable': False, 'install_base': '/home/puzzlebot/Desktop/PUXXY_NODE/TE3002B/lane_processing_ws/install/lane_processing', 'merge_install': False, 'path': '/home/puzzlebot/Desktop/PUXXY_NODE/TE3002B/lane_processing_ws/src/lane_processing', 'symlink_install': False, 'test_result_base': None}
[15.169s] INFO:colcon.colcon_core.executor:Executing jobs using 'parallel' executor
[15.367s] DEBUG:colcon.colcon_parallel_executor.executor.parallel:run_until_complete
[15.369s] INFO:colcon.colcon_ros.task.ament_cmake.build:Building ROS package in '/home/puzzlebot/Desktop/PUXXY_NODE/TE3002B/lane_processing_ws/src/lane_processing' with build type 'ament_cmake'
[15.369s] INFO:colcon.colcon_cmake.task.cmake.build:Building CMake package in '/home/puzzlebot/Desktop/PUXXY_NODE/TE3002B/lane_processing_ws/src/lane_processing'
[15.580s] INFO:colcon.colcon_core.plugin_system:Skipping extension 'colcon_core.shell.bat': Not used on non-Windows systems
[15.581s] INFO:colcon.colcon_core.shell:Skip shell extension 'powershell' for command environment: Not usable outside of PowerShell
[15.581s] DEBUG:colcon.colcon_core.shell:Skip shell extension 'dsv' for command environment
[16.694s] DEBUG:colcon.colcon_core.event_handler.log_command:Invoking command in '/home/puzzlebot/Desktop/PUXXY_NODE/TE3002B/lane_processing_ws/build/lane_processing': CMAKE_PREFIX_PATH=/home/puzzlebot/ros2_ws/install/puzzlebot_ros:/opt/ros/humble:${CMAKE_PREFIX_PATH} /usr/bin/cmake /home/puzzlebot/Desktop/PUXXY_NODE/TE3002B/lane_processing_ws/src/lane_processing -DCMAKE_INSTALL_PREFIX=/home/puzzlebot/Desktop/PUXXY_NODE/TE3002B/lane_processing_ws/install/lane_processing
[20.863s] DEBUG:colcon.colcon_core.event_handler.log_command:Invoked command in '/home/puzzlebot/Desktop/PUXXY_NODE/TE3002B/lane_processing_ws/build/lane_processing' returned '1': CMAKE_PREFIX_PATH=/home/puzzlebot/ros2_ws/install/puzzlebot_ros:/opt/ros/humble:${CMAKE_PREFIX_PATH} /usr/bin/cmake /home/puzzlebot/Desktop/PUXXY_NODE/TE3002B/lane_processing_ws/src/lane_processing -DCMAKE_INSTALL_PREFIX=/home/puzzlebot/Desktop/PUXXY_NODE/TE3002B/lane_processing_ws/install/lane_processing
[20.912s] Level 1:colcon.colcon_core.environment:create_environment_scripts_only(lane_processing)
[21.130s] Level 1:colcon.colcon_core.environment:checking '/home/puzzlebot/Desktop/PUXXY_NODE/TE3002B/lane_processing_ws/install/lane_processing' for CMake module files
[21.132s] Level 1:colcon.colcon_core.environment:checking '/home/puzzlebot/Desktop/PUXXY_NODE/TE3002B/lane_processing_ws/install/lane_processing' for CMake config files
[21.134s] Level 1:colcon.colcon_core.environment:checking '/home/puzzlebot/Desktop/PUXXY_NODE/TE3002B/lane_processing_ws/install/lane_processing/bin'
[21.134s] Level 1:colcon.colcon_core.environment:checking '/home/puzzlebot/Desktop/PUXXY_NODE/TE3002B/lane_processing_ws/install/lane_processing/lib/pkgconfig/lane_processing.pc'
[21.135s] Level 1:colcon.colcon_core.environment:checking '/home/puzzlebot/Desktop/PUXXY_NODE/TE3002B/lane_processing_ws/install/lane_processing/lib/python3.8/site-packages'
[21.136s] Level 1:colcon.colcon_core.environment:checking '/home/puzzlebot/Desktop/PUXXY_NODE/TE3002B/lane_processing_ws/install/lane_processing/bin'
[21.343s] INFO:colcon.colcon_core.shell:Creating package script '/home/puzzlebot/Desktop/PUXXY_NODE/TE3002B/lane_processing_ws/install/lane_processing/share/lane_processing/package.ps1'
[21.347s] INFO:colcon.colcon_core.shell:Creating package descriptor '/home/puzzlebot/Desktop/PUXXY_NODE/TE3002B/lane_processing_ws/install/lane_processing/share/lane_processing/package.dsv'
[21.349s] INFO:colcon.colcon_core.shell:Creating package script '/home/puzzlebot/Desktop/PUXXY_NODE/TE3002B/lane_processing_ws/install/lane_processing/share/lane_processing/package.sh'
[21.352s] INFO:colcon.colcon_core.shell:Creating package script '/home/puzzlebot/Desktop/PUXXY_NODE/TE3002B/lane_processing_ws/install/lane_processing/share/lane_processing/package.bash'
[21.354s] INFO:colcon.colcon_core.shell:Creating package script '/home/puzzlebot/Desktop/PUXXY_NODE/TE3002B/lane_processing_ws/install/lane_processing/share/lane_processing/package.zsh'
[21.357s] Level 1:colcon.colcon_core.environment:create_file_with_runtime_dependencies(/home/puzzlebot/Desktop/PUXXY_NODE/TE3002B/lane_processing_ws/install/lane_processing/share/colcon-core/packages/lane_processing)
[21.368s] DEBUG:colcon.colcon_parallel_executor.executor.parallel:closing loop
[21.369s] DEBUG:colcon.colcon_parallel_executor.executor.parallel:loop closed
[21.369s] DEBUG:colcon.colcon_parallel_executor.executor.parallel:run_until_complete finished with '1'
[21.369s] DEBUG:colcon.colcon_core.event_reactor:joining thread
[21.587s] INFO:colcon.colcon_core.plugin_system:Skipping extension 'colcon_notification.desktop_notification.terminal_notifier': Not used on non-Darwin systems
[21.588s] INFO:colcon.colcon_core.plugin_system:Skipping extension 'colcon_notification.desktop_notification.win32': Not used on non-Windows systems
[21.588s] INFO:colcon.colcon_notification.desktop_notification:Sending desktop notification using 'notify2'
[21.640s] DEBUG:colcon.colcon_core.event_reactor:joined thread
[21.858s] INFO:colcon.colcon_core.shell:Creating prefix script '/home/puzzlebot/Desktop/PUXXY_NODE/TE3002B/lane_processing_ws/install/local_setup.ps1'
[21.862s] INFO:colcon.colcon_core.shell:Creating prefix util module '/home/puzzlebot/Desktop/PUXXY_NODE/TE3002B/lane_processing_ws/install/_local_setup_util_ps1.py'
[21.867s] INFO:colcon.colcon_core.shell:Creating prefix chain script '/home/puzzlebot/Desktop/PUXXY_NODE/TE3002B/lane_processing_ws/install/setup.ps1'
[22.076s] INFO:colcon.colcon_core.shell:Creating prefix script '/home/puzzlebot/Desktop/PUXXY_NODE/TE3002B/lane_processing_ws/install/local_setup.sh'
[22.078s] INFO:colcon.colcon_core.shell:Creating prefix util module '/home/puzzlebot/Desktop/PUXXY_NODE/TE3002B/lane_processing_ws/install/_local_setup_util_sh.py'
[22.080s] INFO:colcon.colcon_core.shell:Creating prefix chain script '/home/puzzlebot/Desktop/PUXXY_NODE/TE3002B/lane_processing_ws/install/setup.sh'
[22.285s] INFO:colcon.colcon_core.shell:Creating prefix script '/home/puzzlebot/Desktop/PUXXY_NODE/TE3002B/lane_processing_ws/install/local_setup.bash'
[22.287s] INFO:colcon.colcon_core.shell:Creating prefix chain script '/home/puzzlebot/Desktop/PUXXY_NODE/TE3002B/lane_processing_ws/install/setup.bash'
[22.492s] INFO:colcon.colcon_core.shell:Creating prefix script '/home/puzzlebot/Desktop/PUXXY_NODE/TE3002B/lane_processing_ws/install/local_setup.zsh'
[22.494s] INFO:colcon.colcon_core.shell:Creating prefix chain script '/home/puzzlebot/Desktop/PUXXY_NODE/TE3002B/lane_processing_ws/install/setup.zsh'
