[0.083s] Invoking command in '/home/puzzlebot/Documents/PUXXY_NODE/TE3002B/puzzle_ws/build/image_geometry': CMAKE_PREFIX_PATH=/home/puzzlebot/Documents/PUXXY_NODE/TE3002B/puzzle_ws/install/vision_opencv:/home/puzzlebot/Documents/PUXXY_NODE/TE3002B/puzzle_ws/install/puzzle_pkg:/home/puzzlebot/Documents/PUXXY_NODE/TE3002B/puzzle_ws/install/image_geometry:/home/puzzlebot/Documents/PUXXY_NODE/TE3002B/puzzle_ws/install/cv_bridge:/home/puzzlebot/Documents/PUXXY_NODE/TE3002B/puzzle_ws/install/opencv_tests:/home/puzzlebot/ros2_ws/install/puzzlebot_ros:/opt/ros/humble:/home/puzzlebot/ros2_packages_ws/install/ros_deep_learning:/home/puzzlebot/ros2_packages_ws/install/micro_ros_setup:/home/puzzlebot/ros2_packages_ws/install/micro_ros_agent:/home/puzzlebot/ros2_packages_ws/install/micro_ros_msgs:/home/puzzlebot/ros2_packages_ws/install/camera_info_publisher /usr/bin/cmake --build /home/puzzlebot/Documents/PUXXY_NODE/TE3002B/puzzle_ws/build/image_geometry -- -j4 -l4
[0.552s] [  0%] Built target ament_cmake_python_copy_image_geometry
[0.569s] [ 22%] Built target gtest
[0.638s] [ 44%] Built target gtest_main
[0.700s] [ 77%] Built target image_geometry
[1.112s] [100%] Built target image_geometry-utest
[2.229s] running egg_info
[2.233s] writing image_geometry.egg-info/PKG-INFO
[2.239s] writing dependency_links to image_geometry.egg-info/dependency_links.txt
[2.240s] writing top-level names to image_geometry.egg-info/top_level.txt
[2.489s] reading manifest file 'image_geometry.egg-info/SOURCES.txt'
[2.494s] writing manifest file 'image_geometry.egg-info/SOURCES.txt'
[2.699s] [100%] Built target ament_cmake_python_build_image_geometry_egg
[5.217s] Invoked command in '/home/puzzlebot/Documents/PUXXY_NODE/TE3002B/puzzle_ws/build/image_geometry' returned '0': CMAKE_PREFIX_PATH=/home/puzzlebot/Documents/PUXXY_NODE/TE3002B/puzzle_ws/install/vision_opencv:/home/puzzlebot/Documents/PUXXY_NODE/TE3002B/puzzle_ws/install/puzzle_pkg:/home/puzzlebot/Documents/PUXXY_NODE/TE3002B/puzzle_ws/install/image_geometry:/home/puzzlebot/Documents/PUXXY_NODE/TE3002B/puzzle_ws/install/cv_bridge:/home/puzzlebot/Documents/PUXXY_NODE/TE3002B/puzzle_ws/install/opencv_tests:/home/puzzlebot/ros2_ws/install/puzzlebot_ros:/opt/ros/humble:/home/puzzlebot/ros2_packages_ws/install/ros_deep_learning:/home/puzzlebot/ros2_packages_ws/install/micro_ros_setup:/home/puzzlebot/ros2_packages_ws/install/micro_ros_agent:/home/puzzlebot/ros2_packages_ws/install/micro_ros_msgs:/home/puzzlebot/ros2_packages_ws/install/camera_info_publisher /usr/bin/cmake --build /home/puzzlebot/Documents/PUXXY_NODE/TE3002B/puzzle_ws/build/image_geometry -- -j4 -l4
[5.841s] Invoking command in '/home/puzzlebot/Documents/PUXXY_NODE/TE3002B/puzzle_ws/build/image_geometry': CMAKE_PREFIX_PATH=/home/puzzlebot/Documents/PUXXY_NODE/TE3002B/puzzle_ws/install/vision_opencv:/home/puzzlebot/Documents/PUXXY_NODE/TE3002B/puzzle_ws/install/puzzle_pkg:/home/puzzlebot/Documents/PUXXY_NODE/TE3002B/puzzle_ws/install/image_geometry:/home/puzzlebot/Documents/PUXXY_NODE/TE3002B/puzzle_ws/install/cv_bridge:/home/puzzlebot/Documents/PUXXY_NODE/TE3002B/puzzle_ws/install/opencv_tests:/home/puzzlebot/ros2_ws/install/puzzlebot_ros:/opt/ros/humble:/home/puzzlebot/ros2_packages_ws/install/ros_deep_learning:/home/puzzlebot/ros2_packages_ws/install/micro_ros_setup:/home/puzzlebot/ros2_packages_ws/install/micro_ros_agent:/home/puzzlebot/ros2_packages_ws/install/micro_ros_msgs:/home/puzzlebot/ros2_packages_ws/install/camera_info_publisher /usr/bin/cmake --install /home/puzzlebot/Documents/PUXXY_NODE/TE3002B/puzzle_ws/build/image_geometry
[5.895s] -- Install configuration: ""
[5.905s] -- Up-to-date: /home/puzzlebot/Documents/PUXXY_NODE/TE3002B/puzzle_ws/install/image_geometry/share/image_geometry/environment/pythonpath.sh
[5.906s] -- Up-to-date: /home/puzzlebot/Documents/PUXXY_NODE/TE3002B/puzzle_ws/install/image_geometry/share/image_geometry/environment/pythonpath.dsv
[5.906s] -- Up-to-date: /home/puzzlebot/Documents/PUXXY_NODE/TE3002B/puzzle_ws/install/image_geometry/lib/python3.8/site-packages/image_geometry-3.2.1-py3.8.egg-info
[5.907s] -- Installing: /home/puzzlebot/Documents/PUXXY_NODE/TE3002B/puzzle_ws/install/image_geometry/lib/python3.8/site-packages/image_geometry-3.2.1-py3.8.egg-info/top_level.txt
[5.907s] -- Installing: /home/puzzlebot/Documents/PUXXY_NODE/TE3002B/puzzle_ws/install/image_geometry/lib/python3.8/site-packages/image_geometry-3.2.1-py3.8.egg-info/PKG-INFO
[5.908s] -- Installing: /home/puzzlebot/Documents/PUXXY_NODE/TE3002B/puzzle_ws/install/image_geometry/lib/python3.8/site-packages/image_geometry-3.2.1-py3.8.egg-info/SOURCES.txt
[5.908s] -- Installing: /home/puzzlebot/Documents/PUXXY_NODE/TE3002B/puzzle_ws/install/image_geometry/lib/python3.8/site-packages/image_geometry-3.2.1-py3.8.egg-info/dependency_links.txt
[5.909s] -- Up-to-date: /home/puzzlebot/Documents/PUXXY_NODE/TE3002B/puzzle_ws/install/image_geometry/lib/python3.8/site-packages/image_geometry
[5.909s] -- Up-to-date: /home/puzzlebot/Documents/PUXXY_NODE/TE3002B/puzzle_ws/install/image_geometry/lib/python3.8/site-packages/image_geometry/cameramodels.py
[5.909s] -- Up-to-date: /home/puzzlebot/Documents/PUXXY_NODE/TE3002B/puzzle_ws/install/image_geometry/lib/python3.8/site-packages/image_geometry/__init__.py
[6.159s] Listing '/home/puzzlebot/Documents/PUXXY_NODE/TE3002B/puzzle_ws/install/image_geometry/lib/python3.8/site-packages/image_geometry'...
[6.181s] -- Up-to-date: /home/puzzlebot/Documents/PUXXY_NODE/TE3002B/puzzle_ws/install/image_geometry/include/image_geometry
[6.184s] -- Up-to-date: /home/puzzlebot/Documents/PUXXY_NODE/TE3002B/puzzle_ws/install/image_geometry/include/image_geometry/image_geometry
[6.184s] -- Up-to-date: /home/puzzlebot/Documents/PUXXY_NODE/TE3002B/puzzle_ws/install/image_geometry/include/image_geometry/image_geometry/pinhole_camera_model.h
[6.185s] -- Up-to-date: /home/puzzlebot/Documents/PUXXY_NODE/TE3002B/puzzle_ws/install/image_geometry/include/image_geometry/image_geometry/visibility_control.hpp
[6.185s] -- Up-to-date: /home/puzzlebot/Documents/PUXXY_NODE/TE3002B/puzzle_ws/install/image_geometry/include/image_geometry/image_geometry/stereo_camera_model.h
[6.189s] -- Up-to-date: /home/puzzlebot/Documents/PUXXY_NODE/TE3002B/puzzle_ws/install/image_geometry/lib/libimage_geometry.so
[6.190s] -- Up-to-date: /home/puzzlebot/Documents/PUXXY_NODE/TE3002B/puzzle_ws/install/image_geometry/share/ament_index/resource_index/package_run_dependencies/image_geometry
[6.192s] -- Up-to-date: /home/puzzlebot/Documents/PUXXY_NODE/TE3002B/puzzle_ws/install/image_geometry/share/ament_index/resource_index/parent_prefix_path/image_geometry
[6.194s] -- Up-to-date: /home/puzzlebot/Documents/PUXXY_NODE/TE3002B/puzzle_ws/install/image_geometry/share/image_geometry/environment/ament_prefix_path.sh
[6.194s] -- Up-to-date: /home/puzzlebot/Documents/PUXXY_NODE/TE3002B/puzzle_ws/install/image_geometry/share/image_geometry/environment/ament_prefix_path.dsv
[6.195s] -- Up-to-date: /home/puzzlebot/Documents/PUXXY_NODE/TE3002B/puzzle_ws/install/image_geometry/share/image_geometry/environment/path.sh
[6.195s] -- Up-to-date: /home/puzzlebot/Documents/PUXXY_NODE/TE3002B/puzzle_ws/install/image_geometry/share/image_geometry/environment/path.dsv
[6.196s] -- Up-to-date: /home/puzzlebot/Documents/PUXXY_NODE/TE3002B/puzzle_ws/install/image_geometry/share/image_geometry/local_setup.bash
[6.197s] -- Up-to-date: /home/puzzlebot/Documents/PUXXY_NODE/TE3002B/puzzle_ws/install/image_geometry/share/image_geometry/local_setup.sh
[6.197s] -- Up-to-date: /home/puzzlebot/Documents/PUXXY_NODE/TE3002B/puzzle_ws/install/image_geometry/share/image_geometry/local_setup.zsh
[6.197s] -- Up-to-date: /home/puzzlebot/Documents/PUXXY_NODE/TE3002B/puzzle_ws/install/image_geometry/share/image_geometry/local_setup.dsv
[6.198s] -- Installing: /home/puzzlebot/Documents/PUXXY_NODE/TE3002B/puzzle_ws/install/image_geometry/share/image_geometry/package.dsv
[6.198s] -- Up-to-date: /home/puzzlebot/Documents/PUXXY_NODE/TE3002B/puzzle_ws/install/image_geometry/share/ament_index/resource_index/packages/image_geometry
[6.199s] -- Up-to-date: /home/puzzlebot/Documents/PUXXY_NODE/TE3002B/puzzle_ws/install/image_geometry/share/image_geometry/cmake/export_image_geometryExport.cmake
[6.199s] -- Up-to-date: /home/puzzlebot/Documents/PUXXY_NODE/TE3002B/puzzle_ws/install/image_geometry/share/image_geometry/cmake/export_image_geometryExport-noconfig.cmake
[6.200s] -- Up-to-date: /home/puzzlebot/Documents/PUXXY_NODE/TE3002B/puzzle_ws/install/image_geometry/share/image_geometry/cmake/ament_cmake_export_targets-extras.cmake
[6.200s] -- Up-to-date: /home/puzzlebot/Documents/PUXXY_NODE/TE3002B/puzzle_ws/install/image_geometry/share/image_geometry/cmake/ament_cmake_export_dependencies-extras.cmake
[6.201s] -- Up-to-date: /home/puzzlebot/Documents/PUXXY_NODE/TE3002B/puzzle_ws/install/image_geometry/share/image_geometry/cmake/image_geometryConfig.cmake
[6.201s] -- Up-to-date: /home/puzzlebot/Documents/PUXXY_NODE/TE3002B/puzzle_ws/install/image_geometry/share/image_geometry/cmake/image_geometryConfig-version.cmake
[6.209s] -- Up-to-date: /home/puzzlebot/Documents/PUXXY_NODE/TE3002B/puzzle_ws/install/image_geometry/share/image_geometry/package.xml
[6.249s] Invoked command in '/home/puzzlebot/Documents/PUXXY_NODE/TE3002B/puzzle_ws/build/image_geometry' returned '0': CMAKE_PREFIX_PATH=/home/puzzlebot/Documents/PUXXY_NODE/TE3002B/puzzle_ws/install/vision_opencv:/home/puzzlebot/Documents/PUXXY_NODE/TE3002B/puzzle_ws/install/puzzle_pkg:/home/puzzlebot/Documents/PUXXY_NODE/TE3002B/puzzle_ws/install/image_geometry:/home/puzzlebot/Documents/PUXXY_NODE/TE3002B/puzzle_ws/install/cv_bridge:/home/puzzlebot/Documents/PUXXY_NODE/TE3002B/puzzle_ws/install/opencv_tests:/home/puzzlebot/ros2_ws/install/puzzlebot_ros:/opt/ros/humble:/home/puzzlebot/ros2_packages_ws/install/ros_deep_learning:/home/puzzlebot/ros2_packages_ws/install/micro_ros_setup:/home/puzzlebot/ros2_packages_ws/install/micro_ros_agent:/home/puzzlebot/ros2_packages_ws/install/micro_ros_msgs:/home/puzzlebot/ros2_packages_ws/install/camera_info_publisher /usr/bin/cmake --install /home/puzzlebot/Documents/PUXXY_NODE/TE3002B/puzzle_ws/build/image_geometry
