[0.085s] Invoking command in '/home/puzzlebot/Documents/PUXXY_NODE/TE3002B/puzzle_ws/build/image_geometry': CMAKE_PREFIX_PATH=/home/puzzlebot/Documents/PUXXY_NODE/TE3002B/puzzle_ws/install/vision_opencv:/home/puzzlebot/Documents/PUXXY_NODE/TE3002B/puzzle_ws/install/puzzle_pkg:/home/puzzlebot/Documents/PUXXY_NODE/TE3002B/puzzle_ws/install/image_geometry:/home/puzzlebot/Documents/PUXXY_NODE/TE3002B/puzzle_ws/install/cv_bridge:/home/puzzlebot/Documents/PUXXY_NODE/TE3002B/puzzle_ws/install/opencv_tests:/home/puzzlebot/ros2_ws/install/puzzlebot_ros:/opt/ros/humble:/home/puzzlebot/ros2_packages_ws/install/ros_deep_learning:/home/puzzlebot/ros2_packages_ws/install/micro_ros_setup:/home/puzzlebot/ros2_packages_ws/install/micro_ros_agent:/home/puzzlebot/ros2_packages_ws/install/micro_ros_msgs:/home/puzzlebot/ros2_packages_ws/install/camera_info_publisher /usr/bin/cmake --build /home/puzzlebot/Documents/PUXXY_NODE/TE3002B/puzzle_ws/build/image_geometry -- -j4 -l4
[0.448s] [ 22%] Built target gtest_main
[0.490s] [ 44%] Built target gtest
[0.533s] [ 44%] Built target ament_cmake_python_copy_image_geometry
[0.577s] [ 77%] Built target image_geometry
[0.806s] [100%] Built target image_geometry-utest
[1.830s] running egg_info
[1.833s] writing image_geometry.egg-info/PKG-INFO
[1.834s] writing dependency_links to image_geometry.egg-info/dependency_links.txt
[1.834s] writing top-level names to image_geometry.egg-info/top_level.txt
[2.027s] reading manifest file 'image_geometry.egg-info/SOURCES.txt'
[2.032s] writing manifest file 'image_geometry.egg-info/SOURCES.txt'
[2.156s] [100%] Built target ament_cmake_python_build_image_geometry_egg
[2.214s] Invoked command in '/home/puzzlebot/Documents/PUXXY_NODE/TE3002B/puzzle_ws/build/image_geometry' returned '0': CMAKE_PREFIX_PATH=/home/puzzlebot/Documents/PUXXY_NODE/TE3002B/puzzle_ws/install/vision_opencv:/home/puzzlebot/Documents/PUXXY_NODE/TE3002B/puzzle_ws/install/puzzle_pkg:/home/puzzlebot/Documents/PUXXY_NODE/TE3002B/puzzle_ws/install/image_geometry:/home/puzzlebot/Documents/PUXXY_NODE/TE3002B/puzzle_ws/install/cv_bridge:/home/puzzlebot/Documents/PUXXY_NODE/TE3002B/puzzle_ws/install/opencv_tests:/home/puzzlebot/ros2_ws/install/puzzlebot_ros:/opt/ros/humble:/home/puzzlebot/ros2_packages_ws/install/ros_deep_learning:/home/puzzlebot/ros2_packages_ws/install/micro_ros_setup:/home/puzzlebot/ros2_packages_ws/install/micro_ros_agent:/home/puzzlebot/ros2_packages_ws/install/micro_ros_msgs:/home/puzzlebot/ros2_packages_ws/install/camera_info_publisher /usr/bin/cmake --build /home/puzzlebot/Documents/PUXXY_NODE/TE3002B/puzzle_ws/build/image_geometry -- -j4 -l4
[2.370s] Invoking command in '/home/puzzlebot/Documents/PUXXY_NODE/TE3002B/puzzle_ws/build/image_geometry': CMAKE_PREFIX_PATH=/home/puzzlebot/Documents/PUXXY_NODE/TE3002B/puzzle_ws/install/vision_opencv:/home/puzzlebot/Documents/PUXXY_NODE/TE3002B/puzzle_ws/install/puzzle_pkg:/home/puzzlebot/Documents/PUXXY_NODE/TE3002B/puzzle_ws/install/image_geometry:/home/puzzlebot/Documents/PUXXY_NODE/TE3002B/puzzle_ws/install/cv_bridge:/home/puzzlebot/Documents/PUXXY_NODE/TE3002B/puzzle_ws/install/opencv_tests:/home/puzzlebot/ros2_ws/install/puzzlebot_ros:/opt/ros/humble:/home/puzzlebot/ros2_packages_ws/install/ros_deep_learning:/home/puzzlebot/ros2_packages_ws/install/micro_ros_setup:/home/puzzlebot/ros2_packages_ws/install/micro_ros_agent:/home/puzzlebot/ros2_packages_ws/install/micro_ros_msgs:/home/puzzlebot/ros2_packages_ws/install/camera_info_publisher /usr/bin/cmake --install /home/puzzlebot/Documents/PUXXY_NODE/TE3002B/puzzle_ws/build/image_geometry
[2.418s] -- Install configuration: ""
[2.419s] -- Up-to-date: /home/puzzlebot/Documents/PUXXY_NODE/TE3002B/puzzle_ws/install/image_geometry/share/image_geometry/environment/pythonpath.sh
[2.419s] -- Up-to-date: /home/puzzlebot/Documents/PUXXY_NODE/TE3002B/puzzle_ws/install/image_geometry/share/image_geometry/environment/pythonpath.dsv
[2.420s] -- Up-to-date: /home/puzzlebot/Documents/PUXXY_NODE/TE3002B/puzzle_ws/install/image_geometry/lib/python3.8/site-packages/image_geometry-3.2.1-py3.8.egg-info
[2.420s] -- Installing: /home/puzzlebot/Documents/PUXXY_NODE/TE3002B/puzzle_ws/install/image_geometry/lib/python3.8/site-packages/image_geometry-3.2.1-py3.8.egg-info/top_level.txt
[2.420s] -- Installing: /home/puzzlebot/Documents/PUXXY_NODE/TE3002B/puzzle_ws/install/image_geometry/lib/python3.8/site-packages/image_geometry-3.2.1-py3.8.egg-info/PKG-INFO
[2.421s] -- Installing: /home/puzzlebot/Documents/PUXXY_NODE/TE3002B/puzzle_ws/install/image_geometry/lib/python3.8/site-packages/image_geometry-3.2.1-py3.8.egg-info/SOURCES.txt
[2.421s] -- Installing: /home/puzzlebot/Documents/PUXXY_NODE/TE3002B/puzzle_ws/install/image_geometry/lib/python3.8/site-packages/image_geometry-3.2.1-py3.8.egg-info/dependency_links.txt
[2.422s] -- Up-to-date: /home/puzzlebot/Documents/PUXXY_NODE/TE3002B/puzzle_ws/install/image_geometry/lib/python3.8/site-packages/image_geometry
[2.422s] -- Up-to-date: /home/puzzlebot/Documents/PUXXY_NODE/TE3002B/puzzle_ws/install/image_geometry/lib/python3.8/site-packages/image_geometry/cameramodels.py
[2.422s] -- Up-to-date: /home/puzzlebot/Documents/PUXXY_NODE/TE3002B/puzzle_ws/install/image_geometry/lib/python3.8/site-packages/image_geometry/__init__.py
[2.563s] Listing '/home/puzzlebot/Documents/PUXXY_NODE/TE3002B/puzzle_ws/install/image_geometry/lib/python3.8/site-packages/image_geometry'...
[2.592s] -- Up-to-date: /home/puzzlebot/Documents/PUXXY_NODE/TE3002B/puzzle_ws/install/image_geometry/include/image_geometry
[2.593s] -- Up-to-date: /home/puzzlebot/Documents/PUXXY_NODE/TE3002B/puzzle_ws/install/image_geometry/include/image_geometry/image_geometry
[2.593s] -- Up-to-date: /home/puzzlebot/Documents/PUXXY_NODE/TE3002B/puzzle_ws/install/image_geometry/include/image_geometry/image_geometry/pinhole_camera_model.h
[2.594s] -- Up-to-date: /home/puzzlebot/Documents/PUXXY_NODE/TE3002B/puzzle_ws/install/image_geometry/include/image_geometry/image_geometry/visibility_control.hpp
[2.594s] -- Up-to-date: /home/puzzlebot/Documents/PUXXY_NODE/TE3002B/puzzle_ws/install/image_geometry/include/image_geometry/image_geometry/stereo_camera_model.h
[2.595s] -- Up-to-date: /home/puzzlebot/Documents/PUXXY_NODE/TE3002B/puzzle_ws/install/image_geometry/lib/libimage_geometry.so
[2.595s] -- Up-to-date: /home/puzzlebot/Documents/PUXXY_NODE/TE3002B/puzzle_ws/install/image_geometry/share/ament_index/resource_index/package_run_dependencies/image_geometry
[2.596s] -- Up-to-date: /home/puzzlebot/Documents/PUXXY_NODE/TE3002B/puzzle_ws/install/image_geometry/share/ament_index/resource_index/parent_prefix_path/image_geometry
[2.596s] -- Up-to-date: /home/puzzlebot/Documents/PUXXY_NODE/TE3002B/puzzle_ws/install/image_geometry/share/image_geometry/environment/ament_prefix_path.sh
[2.596s] -- Up-to-date: /home/puzzlebot/Documents/PUXXY_NODE/TE3002B/puzzle_ws/install/image_geometry/share/image_geometry/environment/ament_prefix_path.dsv
[2.597s] -- Up-to-date: /home/puzzlebot/Documents/PUXXY_NODE/TE3002B/puzzle_ws/install/image_geometry/share/image_geometry/environment/path.sh
[2.597s] -- Up-to-date: /home/puzzlebot/Documents/PUXXY_NODE/TE3002B/puzzle_ws/install/image_geometry/share/image_geometry/environment/path.dsv
[2.598s] -- Up-to-date: /home/puzzlebot/Documents/PUXXY_NODE/TE3002B/puzzle_ws/install/image_geometry/share/image_geometry/local_setup.bash
[2.598s] -- Up-to-date: /home/puzzlebot/Documents/PUXXY_NODE/TE3002B/puzzle_ws/install/image_geometry/share/image_geometry/local_setup.sh
[2.598s] -- Up-to-date: /home/puzzlebot/Documents/PUXXY_NODE/TE3002B/puzzle_ws/install/image_geometry/share/image_geometry/local_setup.zsh
[2.599s] -- Up-to-date: /home/puzzlebot/Documents/PUXXY_NODE/TE3002B/puzzle_ws/install/image_geometry/share/image_geometry/local_setup.dsv
[2.600s] -- Installing: /home/puzzlebot/Documents/PUXXY_NODE/TE3002B/puzzle_ws/install/image_geometry/share/image_geometry/package.dsv
[2.602s] -- Up-to-date: /home/puzzlebot/Documents/PUXXY_NODE/TE3002B/puzzle_ws/install/image_geometry/share/ament_index/resource_index/packages/image_geometry
[2.606s] -- Up-to-date: /home/puzzlebot/Documents/PUXXY_NODE/TE3002B/puzzle_ws/install/image_geometry/share/image_geometry/cmake/export_image_geometryExport.cmake
[2.607s] -- Up-to-date: /home/puzzlebot/Documents/PUXXY_NODE/TE3002B/puzzle_ws/install/image_geometry/share/image_geometry/cmake/export_image_geometryExport-noconfig.cmake
[2.608s] -- Up-to-date: /home/puzzlebot/Documents/PUXXY_NODE/TE3002B/puzzle_ws/install/image_geometry/share/image_geometry/cmake/ament_cmake_export_targets-extras.cmake
[2.609s] -- Up-to-date: /home/puzzlebot/Documents/PUXXY_NODE/TE3002B/puzzle_ws/install/image_geometry/share/image_geometry/cmake/ament_cmake_export_dependencies-extras.cmake
[2.610s] -- Up-to-date: /home/puzzlebot/Documents/PUXXY_NODE/TE3002B/puzzle_ws/install/image_geometry/share/image_geometry/cmake/image_geometryConfig.cmake
[2.611s] -- Up-to-date: /home/puzzlebot/Documents/PUXXY_NODE/TE3002B/puzzle_ws/install/image_geometry/share/image_geometry/cmake/image_geometryConfig-version.cmake
[2.612s] -- Up-to-date: /home/puzzlebot/Documents/PUXXY_NODE/TE3002B/puzzle_ws/install/image_geometry/share/image_geometry/package.xml
[2.635s] Invoked command in '/home/puzzlebot/Documents/PUXXY_NODE/TE3002B/puzzle_ws/build/image_geometry' returned '0': CMAKE_PREFIX_PATH=/home/puzzlebot/Documents/PUXXY_NODE/TE3002B/puzzle_ws/install/vision_opencv:/home/puzzlebot/Documents/PUXXY_NODE/TE3002B/puzzle_ws/install/puzzle_pkg:/home/puzzlebot/Documents/PUXXY_NODE/TE3002B/puzzle_ws/install/image_geometry:/home/puzzlebot/Documents/PUXXY_NODE/TE3002B/puzzle_ws/install/cv_bridge:/home/puzzlebot/Documents/PUXXY_NODE/TE3002B/puzzle_ws/install/opencv_tests:/home/puzzlebot/ros2_ws/install/puzzlebot_ros:/opt/ros/humble:/home/puzzlebot/ros2_packages_ws/install/ros_deep_learning:/home/puzzlebot/ros2_packages_ws/install/micro_ros_setup:/home/puzzlebot/ros2_packages_ws/install/micro_ros_agent:/home/puzzlebot/ros2_packages_ws/install/micro_ros_msgs:/home/puzzlebot/ros2_packages_ws/install/camera_info_publisher /usr/bin/cmake --install /home/puzzlebot/Documents/PUXXY_NODE/TE3002B/puzzle_ws/build/image_geometry
