[1.353s] Invoking command in '/home/puzzlebot/Desktop/PUXXY_NODE/TE3002B/lane_processing_ws/build/lane_processing': CMAKE_PREFIX_PATH=/home/puzzlebot/Desktop/PUXXY_NODE/TE3002B/lane_processing_ws/install/lane_processing:/home/puzzlebot/ros2_ws/install/puzzlebot_ros:/opt/ros/humble:/home/puzzlebot/ros2_packages_ws/install/ros_deep_learning:/home/puzzlebot/ros2_packages_ws/install/micro_ros_setup:/home/puzzlebot/ros2_packages_ws/install/micro_ros_agent:/home/puzzlebot/ros2_packages_ws/install/micro_ros_msgs:/home/puzzlebot/ros2_packages_ws/install/camera_info_publisher /usr/bin/cmake --build /home/puzzlebot/Desktop/PUXXY_NODE/TE3002B/lane_processing_ws/build/lane_processing -- -j4 -l4
[1.674s] [  2%] Built target lane_processing__cpp
[1.694s] [ 11%] Built target lane_processing__rosidl_generator_c
[1.733s] [ 11%] Built target ament_cmake_python_copy_lane_processing
[1.780s] [ 27%] Built target lane_processing__rosidl_typesupport_introspection_cpp
[1.781s] [ 27%] Built target lane_processing__rosidl_typesupport_fastrtps_cpp
[1.817s] [ 36%] Built target lane_processing__rosidl_typesupport_cpp
[1.845s] [ 44%] Built target lane_processing__rosidl_typesupport_fastrtps_c
[1.891s] [ 52%] Built target lane_processing__rosidl_typesupport_c
[1.898s] [ 61%] Built target lane_processing__rosidl_typesupport_introspection_c
[1.943s] [35m[1mScanning dependencies of target lane_detection[0m
[1.984s] [ 61%] Built target lane_processing
[2.074s] [ 63%] Built target lane_processing__py
[2.214s] [ 69%] Built target lane_processing__rosidl_generator_py
[2.264s] [ 72%] [32mBuilding CXX object CMakeFiles/lane_detection.dir/src/lane_detection.cpp.o[0m
[2.374s] [ 77%] Built target lane_processing__rosidl_typesupport_c__pyext
[2.414s] [ 83%] Built target lane_processing__rosidl_typesupport_fastrtps_c__pyext
[2.526s] [ 88%] Built target lane_processing__rosidl_typesupport_introspection_c__pyext
[3.032s] running egg_info
[3.038s] writing lane_processing.egg-info/PKG-INFO
[3.039s] writing dependency_links to lane_processing.egg-info/dependency_links.txt
[3.039s] writing top-level names to lane_processing.egg-info/top_level.txt
[3.227s] reading manifest file 'lane_processing.egg-info/SOURCES.txt'
[3.230s] writing manifest file 'lane_processing.egg-info/SOURCES.txt'
[3.353s] [ 88%] Built target ament_cmake_python_build_lane_processing_egg
[16.995s] [01m[K/home/puzzlebot/Desktop/PUXXY_NODE/TE3002B/lane_processing_ws/src/lane_processing/src/lane_detection.cpp:[m[K In member function ‘[01m[Kvoid LaneProcessingNode::publish_errors()[m[K’:
[16.997s] [01m[K/home/puzzlebot/Desktop/PUXXY_NODE/TE3002B/lane_processing_ws/src/lane_processing/src/lane_detection.cpp:99:42:[m[K [01;31m[Kerror: [m[Kno matching function for call to ‘[01m[Krclcpp::Publisher<std_msgs::msg::Float32_<std::allocator<void> > >::publish(lane_processing::msg::DiffError&)[m[K’
[16.998s]          angle_publisher_->publish(errors_[01;31m[K)[m[K;
[16.998s]                                           [01;31m[K^[m[K
[16.998s] In file included from [01m[K/opt/ros/humble/include/rclcpp/rclcpp/topic_statistics/subscription_topic_statistics.hpp:31[m[K,
[16.999s]                  from [01m[K/opt/ros/humble/include/rclcpp/rclcpp/subscription.hpp:50[m[K,
[16.999s]                  from [01m[K/opt/ros/humble/include/rclcpp/rclcpp/any_executable.hpp:25[m[K,
[17.000s]                  from [01m[K/opt/ros/humble/include/rclcpp/rclcpp/memory_strategy.hpp:25[m[K,
[17.000s]                  from [01m[K/opt/ros/humble/include/rclcpp/rclcpp/memory_strategies.hpp:18[m[K,
[17.000s]                  from [01m[K/opt/ros/humble/include/rclcpp/rclcpp/executor_options.hpp:20[m[K,
[17.001s]                  from [01m[K/opt/ros/humble/include/rclcpp/rclcpp/executor.hpp:37[m[K,
[17.001s]                  from [01m[K/opt/ros/humble/include/rclcpp/rclcpp/executors/multi_threaded_executor.hpp:25[m[K,
[17.002s]                  from [01m[K/opt/ros/humble/include/rclcpp/rclcpp/executors.hpp:21[m[K,
[17.002s]                  from [01m[K/opt/ros/humble/include/rclcpp/rclcpp/rclcpp.hpp:155[m[K,
[17.002s]                  from [01m[K/home/puzzlebot/Desktop/PUXXY_NODE/TE3002B/lane_processing_ws/src/lane_processing/src/lane_detection.cpp:5[m[K:
[17.003s] [01m[K/opt/ros/humble/include/rclcpp/rclcpp/publisher.hpp:251:3:[m[K [01;36m[Knote: [m[Kcandidate: ‘[01m[Ktemplate<class T> std::enable_if_t<(rosidl_generator_traits::is_message<T>::value && std::is_same<T, typename rclcpp::TypeAdapter<MessageT>::ros_message_type>::value)> rclcpp::Publisher<MessageT, AllocatorT>::publish(std::unique_ptr<T, typename std::conditional<std::is_same<typename std::allocator_traits<typename std::allocator_traits<_Alloc>::rebind_traits<typename rclcpp::TypeAdapter<MessageT, void, void>::ros_message_type>::allocator_type>::rebind_alloc<typename rclcpp::TypeAdapter<MessageT, void, void>::ros_message_type>, std::allocator<typename rclcpp::TypeAdapter<MessageT>::ros_message_type> >::value, std::default_delete<typename rclcpp::TypeAdapter<MessageT>::ros_message_type>, rclcpp::allocator::AllocatorDeleter<typename std::allocator_traits<_Alloc>::rebind_traits<typename rclcpp::TypeAdapter<MessageT, void, void>::ros_message_type>::allocator_type> >::type>) [with T = T; MessageT = std_msgs::msg::Float32_<std::allocator<void> >; AllocatorT = std::allocator<void>][m[K’
[17.003s]    [01;36m[Kpublish[m[K(std::unique_ptr<T, ROSMessageTypeDeleter> msg)
[17.003s]    [01;36m[K^~~~~~~[m[K
[17.004s] [01m[K/opt/ros/humble/include/rclcpp/rclcpp/publisher.hpp:251:3:[m[K [01;36m[Knote: [m[K  template argument deduction/substitution failed:
[17.004s] [01m[K/home/puzzlebot/Desktop/PUXXY_NODE/TE3002B/lane_processing_ws/src/lane_processing/src/lane_detection.cpp:99:42:[m[K [01;36m[Knote: [m[K  ‘[01m[Klane_processing::msg::DiffError_<std::allocator<void> >[m[K’ is not derived from ‘[01m[Kstd::unique_ptr<T, std::default_delete<std_msgs::msg::Float32_<std::allocator<void> > > >[m[K’
[17.005s]          angle_publisher_->publish(errors_[01;36m[K)[m[K;
[17.005s]                                           [01;36m[K^[m[K
[17.006s] In file included from [01m[K/opt/ros/humble/include/rclcpp/rclcpp/topic_statistics/subscription_topic_statistics.hpp:31[m[K,
[17.006s]                  from [01m[K/opt/ros/humble/include/rclcpp/rclcpp/subscription.hpp:50[m[K,
[17.006s]                  from [01m[K/opt/ros/humble/include/rclcpp/rclcpp/any_executable.hpp:25[m[K,
[17.007s]                  from [01m[K/opt/ros/humble/include/rclcpp/rclcpp/memory_strategy.hpp:25[m[K,
[17.007s]                  from [01m[K/opt/ros/humble/include/rclcpp/rclcpp/memory_strategies.hpp:18[m[K,
[17.008s]                  from [01m[K/opt/ros/humble/include/rclcpp/rclcpp/executor_options.hpp:20[m[K,
[17.008s]                  from [01m[K/opt/ros/humble/include/rclcpp/rclcpp/executor.hpp:37[m[K,
[17.008s]                  from [01m[K/opt/ros/humble/include/rclcpp/rclcpp/executors/multi_threaded_executor.hpp:25[m[K,
[17.009s]                  from [01m[K/opt/ros/humble/include/rclcpp/rclcpp/executors.hpp:21[m[K,
[17.009s]                  from [01m[K/opt/ros/humble/include/rclcpp/rclcpp/rclcpp.hpp:155[m[K,
[17.010s]                  from [01m[K/home/puzzlebot/Desktop/PUXXY_NODE/TE3002B/lane_processing_ws/src/lane_processing/src/lane_detection.cpp:5[m[K:
[17.010s] [01m[K/opt/ros/humble/include/rclcpp/rclcpp/publisher.hpp:292:3:[m[K [01;36m[Knote: [m[Kcandidate: ‘[01m[Ktemplate<class T> std::enable_if_t<(rosidl_generator_traits::is_message<T>::value && std::is_same<T, typename rclcpp::TypeAdapter<MessageT>::ros_message_type>::value)> rclcpp::Publisher<MessageT, AllocatorT>::publish(const T&) [with T = T; MessageT = std_msgs::msg::Float32_<std::allocator<void> >; AllocatorT = std::allocator<void>][m[K’
[17.010s]    [01;36m[Kpublish[m[K(const T & msg)
[17.011s]    [01;36m[K^~~~~~~[m[K
[17.011s] [01m[K/opt/ros/humble/include/rclcpp/rclcpp/publisher.hpp:292:3:[m[K [01;36m[Knote: [m[K  template argument deduction/substitution failed:
[17.012s] [01m[K/opt/ros/humble/include/rclcpp/rclcpp/publisher.hpp:322:3:[m[K [01;36m[Knote: [m[Kcandidate: ‘[01m[Ktemplate<class T> std::enable_if_t<(typename rclcpp::TypeAdapter<MessageT>::is_specialized::value && std::is_same<T, typename rclcpp::TypeAdapter<MessageT>::custom_type>::value)> rclcpp::Publisher<MessageT, AllocatorT>::publish(std::unique_ptr<T, typename std::conditional<std::is_same<typename std::allocator_traits<typename std::allocator_traits<_Alloc>::rebind_traits<typename rclcpp::TypeAdapter<MessageT, void, void>::custom_type>::allocator_type>::rebind_alloc<typename rclcpp::TypeAdapter<MessageT, void, void>::custom_type>, std::allocator<typename rclcpp::TypeAdapter<MessageT>::custom_type> >::value, std::default_delete<typename rclcpp::TypeAdapter<MessageT>::custom_type>, rclcpp::allocator::AllocatorDeleter<typename std::allocator_traits<_Alloc>::rebind_traits<typename rclcpp::TypeAdapter<MessageT, void, void>::custom_type>::allocator_type> >::type>) [with T = T; MessageT = std_msgs::msg::Float32_<std::allocator<void> >; AllocatorT = std::allocator<void>][m[K’
[17.012s]    [01;36m[Kpublish[m[K(std::unique_ptr<T, PublishedTypeDeleter> msg)
[17.012s]    [01;36m[K^~~~~~~[m[K
[17.013s] [01m[K/opt/ros/humble/include/rclcpp/rclcpp/publisher.hpp:322:3:[m[K [01;36m[Knote: [m[K  template argument deduction/substitution failed:
[17.013s] [01m[K/home/puzzlebot/Desktop/PUXXY_NODE/TE3002B/lane_processing_ws/src/lane_processing/src/lane_detection.cpp:99:42:[m[K [01;36m[Knote: [m[K  ‘[01m[Klane_processing::msg::DiffError_<std::allocator<void> >[m[K’ is not derived from ‘[01m[Kstd::unique_ptr<T, std::default_delete<std_msgs::msg::Float32_<std::allocator<void> > > >[m[K’
[17.014s]          angle_publisher_->publish(errors_[01;36m[K)[m[K;
[17.014s]                                           [01;36m[K^[m[K
[17.014s] In file included from [01m[K/opt/ros/humble/include/rclcpp/rclcpp/topic_statistics/subscription_topic_statistics.hpp:31[m[K,
[17.015s]                  from [01m[K/opt/ros/humble/include/rclcpp/rclcpp/subscription.hpp:50[m[K,
[17.015s]                  from [01m[K/opt/ros/humble/include/rclcpp/rclcpp/any_executable.hpp:25[m[K,
[17.016s]                  from [01m[K/opt/ros/humble/include/rclcpp/rclcpp/memory_strategy.hpp:25[m[K,
[17.016s]                  from [01m[K/opt/ros/humble/include/rclcpp/rclcpp/memory_strategies.hpp:18[m[K,
[17.016s]                  from [01m[K/opt/ros/humble/include/rclcpp/rclcpp/executor_options.hpp:20[m[K,
[17.017s]                  from [01m[K/opt/ros/humble/include/rclcpp/rclcpp/executor.hpp:37[m[K,
[17.017s]                  from [01m[K/opt/ros/humble/include/rclcpp/rclcpp/executors/multi_threaded_executor.hpp:25[m[K,
[17.018s]                  from [01m[K/opt/ros/humble/include/rclcpp/rclcpp/executors.hpp:21[m[K,
[17.018s]                  from [01m[K/opt/ros/humble/include/rclcpp/rclcpp/rclcpp.hpp:155[m[K,
[17.018s]                  from [01m[K/home/puzzlebot/Desktop/PUXXY_NODE/TE3002B/lane_processing_ws/src/lane_processing/src/lane_detection.cpp:5[m[K:
[17.019s] [01m[K/opt/ros/humble/include/rclcpp/rclcpp/publisher.hpp:364:3:[m[K [01;36m[Knote: [m[Kcandidate: ‘[01m[Ktemplate<class T> std::enable_if_t<(typename rclcpp::TypeAdapter<MessageT>::is_specialized::value && std::is_same<T, typename rclcpp::TypeAdapter<MessageT>::custom_type>::value)> rclcpp::Publisher<MessageT, AllocatorT>::publish(const T&) [with T = T; MessageT = std_msgs::msg::Float32_<std::allocator<void> >; AllocatorT = std::allocator<void>][m[K’
[17.019s]    [01;36m[Kpublish[m[K(const T & msg)
[17.019s]    [01;36m[K^~~~~~~[m[K
[17.020s] [01m[K/opt/ros/humble/include/rclcpp/rclcpp/publisher.hpp:364:3:[m[K [01;36m[Knote: [m[K  template argument deduction/substitution failed:
[17.020s] [01m[K/opt/ros/humble/include/rclcpp/rclcpp/publisher.hpp:383:3:[m[K [01;36m[Knote: [m[Kcandidate: ‘[01m[Kvoid rclcpp::Publisher<MessageT, AllocatorT>::publish(const rcl_serialized_message_t&) [with MessageT = std_msgs::msg::Float32_<std::allocator<void> >; AllocatorT = std::allocator<void>; rcl_serialized_message_t = rcutils_uint8_array_s][m[K’
[17.021s]    [01;36m[Kpublish[m[K(const rcl_serialized_message_t & serialized_msg)
[17.021s]    [01;36m[K^~~~~~~[m[K
[17.022s] [01m[K/opt/ros/humble/include/rclcpp/rclcpp/publisher.hpp:383:3:[m[K [01;36m[Knote: [m[K  no known conversion for argument 1 from ‘[01m[Klane_processing::msg::DiffError[m[K’ {aka ‘[01m[Klane_processing::msg::DiffError_<std::allocator<void> >[m[K’} to ‘[01m[Kconst rcl_serialized_message_t&[m[K’ {aka ‘[01m[Kconst rcutils_uint8_array_s&[m[K’}
[17.022s] [01m[K/opt/ros/humble/include/rclcpp/rclcpp/publisher.hpp:389:3:[m[K [01;36m[Knote: [m[Kcandidate: ‘[01m[Kvoid rclcpp::Publisher<MessageT, AllocatorT>::publish(const rclcpp::SerializedMessage&) [with MessageT = std_msgs::msg::Float32_<std::allocator<void> >; AllocatorT = std::allocator<void>][m[K’
[17.022s]    [01;36m[Kpublish[m[K(const SerializedMessage & serialized_msg)
[17.023s]    [01;36m[K^~~~~~~[m[K
[17.023s] [01m[K/opt/ros/humble/include/rclcpp/rclcpp/publisher.hpp:389:3:[m[K [01;36m[Knote: [m[K  no known conversion for argument 1 from ‘[01m[Klane_processing::msg::DiffError[m[K’ {aka ‘[01m[Klane_processing::msg::DiffError_<std::allocator<void> >[m[K’} to ‘[01m[Kconst rclcpp::SerializedMessage&[m[K’
[17.023s] [01m[K/opt/ros/humble/include/rclcpp/rclcpp/publisher.hpp:403:3:[m[K [01;36m[Knote: [m[Kcandidate: ‘[01m[Kvoid rclcpp::Publisher<MessageT, AllocatorT>::publish(rclcpp::LoanedMessage<typename rclcpp::TypeAdapter<MessageT>::ros_message_type, AllocatorT>&&) [with MessageT = std_msgs::msg::Float32_<std::allocator<void> >; AllocatorT = std::allocator<void>; typename rclcpp::TypeAdapter<MessageT>::ros_message_type = std_msgs::msg::Float32_<std::allocator<void> >][m[K’
[17.024s]    [01;36m[Kpublish[m[K(rclcpp::LoanedMessage<ROSMessageType, AllocatorT> && loaned_msg)
[17.024s]    [01;36m[K^~~~~~~[m[K
[17.025s] [01m[K/opt/ros/humble/include/rclcpp/rclcpp/publisher.hpp:403:3:[m[K [01;36m[Knote: [m[K  no known conversion for argument 1 from ‘[01m[Klane_processing::msg::DiffError[m[K’ {aka ‘[01m[Klane_processing::msg::DiffError_<std::allocator<void> >[m[K’} to ‘[01m[Krclcpp::LoanedMessage<std_msgs::msg::Float32_<std::allocator<void> >, std::allocator<void> >&&[m[K’
[28.940s] make[2]: *** [CMakeFiles/lane_detection.dir/build.make:63: CMakeFiles/lane_detection.dir/src/lane_detection.cpp.o] Error 1
[28.942s] make[1]: *** [CMakeFiles/Makefile2:352: CMakeFiles/lane_detection.dir/all] Error 2
[28.942s] make: *** [Makefile:141: all] Error 2
[28.960s] Invoked command in '/home/puzzlebot/Desktop/PUXXY_NODE/TE3002B/lane_processing_ws/build/lane_processing' returned '2': CMAKE_PREFIX_PATH=/home/puzzlebot/Desktop/PUXXY_NODE/TE3002B/lane_processing_ws/install/lane_processing:/home/puzzlebot/ros2_ws/install/puzzlebot_ros:/opt/ros/humble:/home/puzzlebot/ros2_packages_ws/install/ros_deep_learning:/home/puzzlebot/ros2_packages_ws/install/micro_ros_setup:/home/puzzlebot/ros2_packages_ws/install/micro_ros_agent:/home/puzzlebot/ros2_packages_ws/install/micro_ros_msgs:/home/puzzlebot/ros2_packages_ws/install/camera_info_publisher /usr/bin/cmake --build /home/puzzlebot/Desktop/PUXXY_NODE/TE3002B/lane_processing_ws/build/lane_processing -- -j4 -l4
