[0.126s] Invoking command in '/home/puzzlebot/Documents/PUXXY_NODE/TE3002B/puzzle_ws/build/cv_bridge': CMAKE_PREFIX_PATH=/home/puzzlebot/Documents/PUXXY_NODE/TE3002B/puzzle_ws/install/vision_opencv:/home/puzzlebot/Documents/PUXXY_NODE/TE3002B/puzzle_ws/install/puzzle_pkg:/home/puzzlebot/Documents/PUXXY_NODE/TE3002B/puzzle_ws/install/image_geometry:/home/puzzlebot/Documents/PUXXY_NODE/TE3002B/puzzle_ws/install/cv_bridge:/home/puzzlebot/Documents/PUXXY_NODE/TE3002B/puzzle_ws/install/opencv_tests:/home/puzzlebot/ros2_ws/install/puzzlebot_ros:/opt/ros/humble:/home/puzzlebot/ros2_packages_ws/install/ros_deep_learning:/home/puzzlebot/ros2_packages_ws/install/micro_ros_setup:/home/puzzlebot/ros2_packages_ws/install/micro_ros_agent:/home/puzzlebot/ros2_packages_ws/install/micro_ros_msgs:/home/puzzlebot/ros2_packages_ws/install/camera_info_publisher /usr/bin/cmake --build /home/puzzlebot/Documents/PUXXY_NODE/TE3002B/puzzle_ws/build/cv_bridge -- -j4 -l4
[3.226s] [  0%] Built target ament_cmake_python_copy_cv_bridge
[3.275s] [ 18%] Built target cv_bridge
[3.403s] [ 31%] Built target gtest_main
[3.765s] [ 50%] Built target cv_bridge_boost
[4.003s] [ 62%] Built target gtest
[4.272s] [100%] Built target cv_bridge-utest
[8.405s] running egg_info
[8.406s] writing cv_bridge.egg-info/PKG-INFO
[8.407s] writing dependency_links to cv_bridge.egg-info/dependency_links.txt
[8.415s] writing top-level names to cv_bridge.egg-info/top_level.txt
[9.131s] reading manifest file 'cv_bridge.egg-info/SOURCES.txt'
[9.219s] writing manifest file 'cv_bridge.egg-info/SOURCES.txt'
[9.660s] [100%] Built target ament_cmake_python_build_cv_bridge_egg
[9.791s] Invoked command in '/home/puzzlebot/Documents/PUXXY_NODE/TE3002B/puzzle_ws/build/cv_bridge' returned '0': CMAKE_PREFIX_PATH=/home/puzzlebot/Documents/PUXXY_NODE/TE3002B/puzzle_ws/install/vision_opencv:/home/puzzlebot/Documents/PUXXY_NODE/TE3002B/puzzle_ws/install/puzzle_pkg:/home/puzzlebot/Documents/PUXXY_NODE/TE3002B/puzzle_ws/install/image_geometry:/home/puzzlebot/Documents/PUXXY_NODE/TE3002B/puzzle_ws/install/cv_bridge:/home/puzzlebot/Documents/PUXXY_NODE/TE3002B/puzzle_ws/install/opencv_tests:/home/puzzlebot/ros2_ws/install/puzzlebot_ros:/opt/ros/humble:/home/puzzlebot/ros2_packages_ws/install/ros_deep_learning:/home/puzzlebot/ros2_packages_ws/install/micro_ros_setup:/home/puzzlebot/ros2_packages_ws/install/micro_ros_agent:/home/puzzlebot/ros2_packages_ws/install/micro_ros_msgs:/home/puzzlebot/ros2_packages_ws/install/camera_info_publisher /usr/bin/cmake --build /home/puzzlebot/Documents/PUXXY_NODE/TE3002B/puzzle_ws/build/cv_bridge -- -j4 -l4
[10.022s] Invoking command in '/home/puzzlebot/Documents/PUXXY_NODE/TE3002B/puzzle_ws/build/cv_bridge': CMAKE_PREFIX_PATH=/home/puzzlebot/Documents/PUXXY_NODE/TE3002B/puzzle_ws/install/vision_opencv:/home/puzzlebot/Documents/PUXXY_NODE/TE3002B/puzzle_ws/install/puzzle_pkg:/home/puzzlebot/Documents/PUXXY_NODE/TE3002B/puzzle_ws/install/image_geometry:/home/puzzlebot/Documents/PUXXY_NODE/TE3002B/puzzle_ws/install/cv_bridge:/home/puzzlebot/Documents/PUXXY_NODE/TE3002B/puzzle_ws/install/opencv_tests:/home/puzzlebot/ros2_ws/install/puzzlebot_ros:/opt/ros/humble:/home/puzzlebot/ros2_packages_ws/install/ros_deep_learning:/home/puzzlebot/ros2_packages_ws/install/micro_ros_setup:/home/puzzlebot/ros2_packages_ws/install/micro_ros_agent:/home/puzzlebot/ros2_packages_ws/install/micro_ros_msgs:/home/puzzlebot/ros2_packages_ws/install/camera_info_publisher /usr/bin/cmake --install /home/puzzlebot/Documents/PUXXY_NODE/TE3002B/puzzle_ws/build/cv_bridge
[10.093s] -- Install configuration: ""
[10.094s] -- Up-to-date: /home/puzzlebot/Documents/PUXXY_NODE/TE3002B/puzzle_ws/install/cv_bridge/share/cv_bridge/environment/pythonpath.sh
[10.094s] -- Up-to-date: /home/puzzlebot/Documents/PUXXY_NODE/TE3002B/puzzle_ws/install/cv_bridge/share/cv_bridge/environment/pythonpath.dsv
[10.095s] -- Up-to-date: /home/puzzlebot/Documents/PUXXY_NODE/TE3002B/puzzle_ws/install/cv_bridge/lib/python3.8/site-packages/cv_bridge-3.2.1-py3.8.egg-info
[10.095s] -- Installing: /home/puzzlebot/Documents/PUXXY_NODE/TE3002B/puzzle_ws/install/cv_bridge/lib/python3.8/site-packages/cv_bridge-3.2.1-py3.8.egg-info/top_level.txt
[10.096s] -- Installing: /home/puzzlebot/Documents/PUXXY_NODE/TE3002B/puzzle_ws/install/cv_bridge/lib/python3.8/site-packages/cv_bridge-3.2.1-py3.8.egg-info/PKG-INFO
[10.096s] -- Installing: /home/puzzlebot/Documents/PUXXY_NODE/TE3002B/puzzle_ws/install/cv_bridge/lib/python3.8/site-packages/cv_bridge-3.2.1-py3.8.egg-info/SOURCES.txt
[10.120s] -- Installing: /home/puzzlebot/Documents/PUXXY_NODE/TE3002B/puzzle_ws/install/cv_bridge/lib/python3.8/site-packages/cv_bridge-3.2.1-py3.8.egg-info/dependency_links.txt
[10.126s] -- Up-to-date: /home/puzzlebot/Documents/PUXXY_NODE/TE3002B/puzzle_ws/install/cv_bridge/lib/python3.8/site-packages/cv_bridge
[10.126s] -- Up-to-date: /home/puzzlebot/Documents/PUXXY_NODE/TE3002B/puzzle_ws/install/cv_bridge/lib/python3.8/site-packages/cv_bridge/__init__.py
[10.127s] -- Up-to-date: /home/puzzlebot/Documents/PUXXY_NODE/TE3002B/puzzle_ws/install/cv_bridge/lib/python3.8/site-packages/cv_bridge/core.py
[10.409s] Listing '/home/puzzlebot/Documents/PUXXY_NODE/TE3002B/puzzle_ws/install/cv_bridge/lib/python3.8/site-packages/cv_bridge'...
[10.414s] Listing '/home/puzzlebot/Documents/PUXXY_NODE/TE3002B/puzzle_ws/install/cv_bridge/lib/python3.8/site-packages/cv_bridge/boost'...
[10.535s] -- Up-to-date: /home/puzzlebot/Documents/PUXXY_NODE/TE3002B/puzzle_ws/install/cv_bridge/lib/libcv_bridge.so
[10.537s] -- Up-to-date: /home/puzzlebot/Documents/PUXXY_NODE/TE3002B/puzzle_ws/install/cv_bridge/include/cv_bridge/cv_bridge/cv_bridge_export.h
[10.602s] -- Up-to-date: /home/puzzlebot/Documents/PUXXY_NODE/TE3002B/puzzle_ws/install/cv_bridge/lib/python3.8/site-packages/cv_bridge/boost/cv_bridge_boost.so
[10.660s] -- Up-to-date: /home/puzzlebot/Documents/PUXXY_NODE/TE3002B/puzzle_ws/install/cv_bridge/include/cv_bridge
[10.661s] -- Up-to-date: /home/puzzlebot/Documents/PUXXY_NODE/TE3002B/puzzle_ws/install/cv_bridge/include/cv_bridge/cv_bridge
[10.662s] -- Up-to-date: /home/puzzlebot/Documents/PUXXY_NODE/TE3002B/puzzle_ws/install/cv_bridge/include/cv_bridge/cv_bridge/cv_bridge.h
[10.662s] -- Up-to-date: /home/puzzlebot/Documents/PUXXY_NODE/TE3002B/puzzle_ws/install/cv_bridge/include/cv_bridge/cv_bridge/rgb_colors.h
[10.663s] -- Up-to-date: /home/puzzlebot/Documents/PUXXY_NODE/TE3002B/puzzle_ws/install/cv_bridge/lib/libcv_bridge.so
[10.663s] -- Up-to-date: /home/puzzlebot/Documents/PUXXY_NODE/TE3002B/puzzle_ws/install/cv_bridge/share/ament_index/resource_index/package_run_dependencies/cv_bridge
[10.663s] -- Up-to-date: /home/puzzlebot/Documents/PUXXY_NODE/TE3002B/puzzle_ws/install/cv_bridge/share/ament_index/resource_index/parent_prefix_path/cv_bridge
[10.665s] -- Up-to-date: /home/puzzlebot/Documents/PUXXY_NODE/TE3002B/puzzle_ws/install/cv_bridge/share/cv_bridge/environment/ament_prefix_path.sh
[10.673s] -- Up-to-date: /home/puzzlebot/Documents/PUXXY_NODE/TE3002B/puzzle_ws/install/cv_bridge/share/cv_bridge/environment/ament_prefix_path.dsv
[10.673s] -- Up-to-date: /home/puzzlebot/Documents/PUXXY_NODE/TE3002B/puzzle_ws/install/cv_bridge/share/cv_bridge/environment/path.sh
[10.674s] -- Up-to-date: /home/puzzlebot/Documents/PUXXY_NODE/TE3002B/puzzle_ws/install/cv_bridge/share/cv_bridge/environment/path.dsv
[10.675s] -- Up-to-date: /home/puzzlebot/Documents/PUXXY_NODE/TE3002B/puzzle_ws/install/cv_bridge/share/cv_bridge/local_setup.bash
[10.675s] -- Up-to-date: /home/puzzlebot/Documents/PUXXY_NODE/TE3002B/puzzle_ws/install/cv_bridge/share/cv_bridge/local_setup.sh
[10.676s] -- Up-to-date: /home/puzzlebot/Documents/PUXXY_NODE/TE3002B/puzzle_ws/install/cv_bridge/share/cv_bridge/local_setup.zsh
[10.677s] -- Up-to-date: /home/puzzlebot/Documents/PUXXY_NODE/TE3002B/puzzle_ws/install/cv_bridge/share/cv_bridge/local_setup.dsv
[10.691s] -- Installing: /home/puzzlebot/Documents/PUXXY_NODE/TE3002B/puzzle_ws/install/cv_bridge/share/cv_bridge/package.dsv
[10.724s] -- Up-to-date: /home/puzzlebot/Documents/PUXXY_NODE/TE3002B/puzzle_ws/install/cv_bridge/share/ament_index/resource_index/packages/cv_bridge
[10.819s] -- Up-to-date: /home/puzzlebot/Documents/PUXXY_NODE/TE3002B/puzzle_ws/install/cv_bridge/share/cv_bridge/cmake/export_cv_bridgeExport.cmake
[10.821s] -- Up-to-date: /home/puzzlebot/Documents/PUXXY_NODE/TE3002B/puzzle_ws/install/cv_bridge/share/cv_bridge/cmake/export_cv_bridgeExport-noconfig.cmake
[10.821s] -- Up-to-date: /home/puzzlebot/Documents/PUXXY_NODE/TE3002B/puzzle_ws/install/cv_bridge/share/cv_bridge/cmake/cv_bridge-extras.cmake
[10.822s] -- Up-to-date: /home/puzzlebot/Documents/PUXXY_NODE/TE3002B/puzzle_ws/install/cv_bridge/share/cv_bridge/cmake/ament_cmake_export_dependencies-extras.cmake
[10.822s] -- Up-to-date: /home/puzzlebot/Documents/PUXXY_NODE/TE3002B/puzzle_ws/install/cv_bridge/share/cv_bridge/cmake/ament_cmake_export_targets-extras.cmake
[10.823s] -- Up-to-date: /home/puzzlebot/Documents/PUXXY_NODE/TE3002B/puzzle_ws/install/cv_bridge/share/cv_bridge/cmake/cv_bridgeConfig.cmake
[10.823s] -- Up-to-date: /home/puzzlebot/Documents/PUXXY_NODE/TE3002B/puzzle_ws/install/cv_bridge/share/cv_bridge/cmake/cv_bridgeConfig-version.cmake
[10.831s] -- Up-to-date: /home/puzzlebot/Documents/PUXXY_NODE/TE3002B/puzzle_ws/install/cv_bridge/share/cv_bridge/package.xml
[11.455s] Invoked command in '/home/puzzlebot/Documents/PUXXY_NODE/TE3002B/puzzle_ws/build/cv_bridge' returned '0': CMAKE_PREFIX_PATH=/home/puzzlebot/Documents/PUXXY_NODE/TE3002B/puzzle_ws/install/vision_opencv:/home/puzzlebot/Documents/PUXXY_NODE/TE3002B/puzzle_ws/install/puzzle_pkg:/home/puzzlebot/Documents/PUXXY_NODE/TE3002B/puzzle_ws/install/image_geometry:/home/puzzlebot/Documents/PUXXY_NODE/TE3002B/puzzle_ws/install/cv_bridge:/home/puzzlebot/Documents/PUXXY_NODE/TE3002B/puzzle_ws/install/opencv_tests:/home/puzzlebot/ros2_ws/install/puzzlebot_ros:/opt/ros/humble:/home/puzzlebot/ros2_packages_ws/install/ros_deep_learning:/home/puzzlebot/ros2_packages_ws/install/micro_ros_setup:/home/puzzlebot/ros2_packages_ws/install/micro_ros_agent:/home/puzzlebot/ros2_packages_ws/install/micro_ros_msgs:/home/puzzlebot/ros2_packages_ws/install/camera_info_publisher /usr/bin/cmake --install /home/puzzlebot/Documents/PUXXY_NODE/TE3002B/puzzle_ws/build/cv_bridge
