[1.397s] Invoking command in '/home/puzzlebot/Documents/PUXXY_NODE/TE3002B/puzzle_ws/build/puzzle_pkg': CMAKE_PREFIX_PATH=/home/puzzlebot/Documents/PUXXY_NODE/TE3002B/puzzle_ws/install/cv_bridge:/home/puzzlebot/Documents/PUXXY_NODE/TE3002B/puzzle_ws/install/vision_opencv:/home/puzzlebot/Documents/PUXXY_NODE/TE3002B/puzzle_ws/install/puzzle_pkg:/home/puzzlebot/Documents/PUXXY_NODE/TE3002B/puzzle_ws/install/image_geometry:/home/puzzlebot/Documents/PUXXY_NODE/TE3002B/puzzle_ws/install/opencv_tests:/home/puzzlebot/ros2_ws/install/puzzlebot_ros:/opt/ros/humble:/home/puzzlebot/ros2_packages_ws/install/ros_deep_learning:/home/puzzlebot/ros2_packages_ws/install/micro_ros_setup:/home/puzzlebot/ros2_packages_ws/install/micro_ros_agent:/home/puzzlebot/ros2_packages_ws/install/micro_ros_msgs:/home/puzzlebot/ros2_packages_ws/install/camera_info_publisher LD_LIBRARY_PATH=/home/puzzlebot/Documents/PUXXY_NODE/TE3002B/puzzle_ws/install/cv_bridge/lib:/home/puzzlebot/Documents/PUXXY_NODE/TE3002B/puzzle_ws/install/puzzle_pkg/lib:/home/puzzlebot/Documents/PUXXY_NODE/TE3002B/puzzle_ws/install/image_geometry/lib:/home/puzzlebot/ros2_packages_ws/install/micro_ros_agent/lib:/home/puzzlebot/ros2_packages_ws/install/micro_ros_msgs/lib:/opt/ros/humble/opt/rviz_ogre_vendor/lib:/opt/ros/humble/lib/aarch64-linux-gnu:/opt/ros/humble/lib:/usr/local/cuda/lib64 PYTHONPATH=/home/puzzlebot/Documents/PUXXY_NODE/TE3002B/puzzle_ws/install/cv_bridge/lib/python3.8/site-packages:/home/puzzlebot/Documents/PUXXY_NODE/TE3002B/puzzle_ws/install/puzzle_pkg/lib/python3.8/site-packages:/home/puzzlebot/Documents/PUXXY_NODE/TE3002B/puzzle_ws/install/opencv_tests/lib/python3.8/site-packages:/home/puzzlebot/Documents/PUXXY_NODE/TE3002B/puzzle_ws/install/image_geometry/lib/python3.8/site-packages:/home/puzzlebot/ros2_ws/build/puzzlebot_ros:/home/puzzlebot/ros2_ws/install/puzzlebot_ros/lib/python3.8/site-packages:/home/puzzlebot/ros2_packages_ws/install/micro_ros_msgs/lib/python3.8/site-packages:/opt/ros/humble/lib/python3.8/site-packages /usr/bin/cmake --build /home/puzzlebot/Documents/PUXXY_NODE/TE3002B/puzzle_ws/build/puzzle_pkg -- -j4 -l4
[2.272s] [  2%] Built target puzzle_pkg__cpp
[2.355s] [  9%] Built target puzzle_pkg__rosidl_generator_c
[2.405s] [  9%] Built target ament_cmake_python_copy_puzzle_pkg
[2.425s] [ 13%] Built target odometry
[2.591s] [ 18%] Built target cam_source
[2.597s] [ 25%] Built target puzzle_pkg__rosidl_typesupport_cpp
[2.609s] [ 31%] Built target puzzle_pkg__rosidl_typesupport_c
[2.628s] [ 36%] Built target signal_handle
[2.785s] [ 43%] Built target puzzle_pkg__rosidl_typesupport_fastrtps_cpp
[2.833s] [ 50%] Built target puzzle_pkg__rosidl_typesupport_introspection_cpp
[2.837s] [ 56%] Built target puzzle_pkg__rosidl_typesupport_fastrtps_c
[2.848s] [ 63%] Built target puzzle_pkg__rosidl_typesupport_introspection_c
[2.954s] [35m[1mScanning dependencies of target lane_detection[0m
[3.024s] [ 63%] Built target puzzle_pkg
[3.101s] [ 68%] Built target controller
[3.236s] [ 70%] Built target puzzle_pkg__py
[3.397s] [ 72%] [32mBuilding CXX object CMakeFiles/lane_detection.dir/src/vision/lane_detection.cpp.o[0m
[3.543s] [ 77%] Built target puzzle_pkg__rosidl_generator_py
[3.922s] [ 81%] Built target puzzle_pkg__rosidl_typesupport_fastrtps_c__pyext
[3.947s] [ 86%] Built target puzzle_pkg__rosidl_typesupport_introspection_c__pyext
[4.088s] [ 90%] Built target puzzle_pkg__rosidl_typesupport_c__pyext
[4.199s] running egg_info
[4.202s] writing puzzle_pkg.egg-info/PKG-INFO
[4.202s] writing dependency_links to puzzle_pkg.egg-info/dependency_links.txt
[4.203s] writing top-level names to puzzle_pkg.egg-info/top_level.txt
[4.377s] reading manifest file 'puzzle_pkg.egg-info/SOURCES.txt'
[4.380s] writing manifest file 'puzzle_pkg.egg-info/SOURCES.txt'
[4.507s] [ 90%] Built target ament_cmake_python_build_puzzle_pkg_egg
[47.770s] [ 93%] [32m[1mLinking CXX executable lane_detection[0m
[53.505s] [100%] Built target lane_detection
[53.587s] Invoked command in '/home/puzzlebot/Documents/PUXXY_NODE/TE3002B/puzzle_ws/build/puzzle_pkg' returned '0': CMAKE_PREFIX_PATH=/home/puzzlebot/Documents/PUXXY_NODE/TE3002B/puzzle_ws/install/cv_bridge:/home/puzzlebot/Documents/PUXXY_NODE/TE3002B/puzzle_ws/install/vision_opencv:/home/puzzlebot/Documents/PUXXY_NODE/TE3002B/puzzle_ws/install/puzzle_pkg:/home/puzzlebot/Documents/PUXXY_NODE/TE3002B/puzzle_ws/install/image_geometry:/home/puzzlebot/Documents/PUXXY_NODE/TE3002B/puzzle_ws/install/opencv_tests:/home/puzzlebot/ros2_ws/install/puzzlebot_ros:/opt/ros/humble:/home/puzzlebot/ros2_packages_ws/install/ros_deep_learning:/home/puzzlebot/ros2_packages_ws/install/micro_ros_setup:/home/puzzlebot/ros2_packages_ws/install/micro_ros_agent:/home/puzzlebot/ros2_packages_ws/install/micro_ros_msgs:/home/puzzlebot/ros2_packages_ws/install/camera_info_publisher LD_LIBRARY_PATH=/home/puzzlebot/Documents/PUXXY_NODE/TE3002B/puzzle_ws/install/cv_bridge/lib:/home/puzzlebot/Documents/PUXXY_NODE/TE3002B/puzzle_ws/install/puzzle_pkg/lib:/home/puzzlebot/Documents/PUXXY_NODE/TE3002B/puzzle_ws/install/image_geometry/lib:/home/puzzlebot/ros2_packages_ws/install/micro_ros_agent/lib:/home/puzzlebot/ros2_packages_ws/install/micro_ros_msgs/lib:/opt/ros/humble/opt/rviz_ogre_vendor/lib:/opt/ros/humble/lib/aarch64-linux-gnu:/opt/ros/humble/lib:/usr/local/cuda/lib64 PYTHONPATH=/home/puzzlebot/Documents/PUXXY_NODE/TE3002B/puzzle_ws/install/cv_bridge/lib/python3.8/site-packages:/home/puzzlebot/Documents/PUXXY_NODE/TE3002B/puzzle_ws/install/puzzle_pkg/lib/python3.8/site-packages:/home/puzzlebot/Documents/PUXXY_NODE/TE3002B/puzzle_ws/install/opencv_tests/lib/python3.8/site-packages:/home/puzzlebot/Documents/PUXXY_NODE/TE3002B/puzzle_ws/install/image_geometry/lib/python3.8/site-packages:/home/puzzlebot/ros2_ws/build/puzzlebot_ros:/home/puzzlebot/ros2_ws/install/puzzlebot_ros/lib/python3.8/site-packages:/home/puzzlebot/ros2_packages_ws/install/micro_ros_msgs/lib/python3.8/site-packages:/opt/ros/humble/lib/python3.8/site-packages /usr/bin/cmake --build /home/puzzlebot/Documents/PUXXY_NODE/TE3002B/puzzle_ws/build/puzzle_pkg -- -j4 -l4
[53.903s] Invoking command in '/home/puzzlebot/Documents/PUXXY_NODE/TE3002B/puzzle_ws/build/puzzle_pkg': CMAKE_PREFIX_PATH=/home/puzzlebot/Documents/PUXXY_NODE/TE3002B/puzzle_ws/install/cv_bridge:/home/puzzlebot/Documents/PUXXY_NODE/TE3002B/puzzle_ws/install/vision_opencv:/home/puzzlebot/Documents/PUXXY_NODE/TE3002B/puzzle_ws/install/puzzle_pkg:/home/puzzlebot/Documents/PUXXY_NODE/TE3002B/puzzle_ws/install/image_geometry:/home/puzzlebot/Documents/PUXXY_NODE/TE3002B/puzzle_ws/install/opencv_tests:/home/puzzlebot/ros2_ws/install/puzzlebot_ros:/opt/ros/humble:/home/puzzlebot/ros2_packages_ws/install/ros_deep_learning:/home/puzzlebot/ros2_packages_ws/install/micro_ros_setup:/home/puzzlebot/ros2_packages_ws/install/micro_ros_agent:/home/puzzlebot/ros2_packages_ws/install/micro_ros_msgs:/home/puzzlebot/ros2_packages_ws/install/camera_info_publisher LD_LIBRARY_PATH=/home/puzzlebot/Documents/PUXXY_NODE/TE3002B/puzzle_ws/install/cv_bridge/lib:/home/puzzlebot/Documents/PUXXY_NODE/TE3002B/puzzle_ws/install/puzzle_pkg/lib:/home/puzzlebot/Documents/PUXXY_NODE/TE3002B/puzzle_ws/install/image_geometry/lib:/home/puzzlebot/ros2_packages_ws/install/micro_ros_agent/lib:/home/puzzlebot/ros2_packages_ws/install/micro_ros_msgs/lib:/opt/ros/humble/opt/rviz_ogre_vendor/lib:/opt/ros/humble/lib/aarch64-linux-gnu:/opt/ros/humble/lib:/usr/local/cuda/lib64 PYTHONPATH=/home/puzzlebot/Documents/PUXXY_NODE/TE3002B/puzzle_ws/install/cv_bridge/lib/python3.8/site-packages:/home/puzzlebot/Documents/PUXXY_NODE/TE3002B/puzzle_ws/install/puzzle_pkg/lib/python3.8/site-packages:/home/puzzlebot/Documents/PUXXY_NODE/TE3002B/puzzle_ws/install/opencv_tests/lib/python3.8/site-packages:/home/puzzlebot/Documents/PUXXY_NODE/TE3002B/puzzle_ws/install/image_geometry/lib/python3.8/site-packages:/home/puzzlebot/ros2_ws/build/puzzlebot_ros:/home/puzzlebot/ros2_ws/install/puzzlebot_ros/lib/python3.8/site-packages:/home/puzzlebot/ros2_packages_ws/install/micro_ros_msgs/lib/python3.8/site-packages:/opt/ros/humble/lib/python3.8/site-packages /usr/bin/cmake --install /home/puzzlebot/Documents/PUXXY_NODE/TE3002B/puzzle_ws/build/puzzle_pkg
[53.940s] -- Install configuration: ""
[53.941s] -- Up-to-date: /home/puzzlebot/Documents/PUXXY_NODE/TE3002B/puzzle_ws/install/puzzle_pkg/share/ament_index/resource_index/rosidl_interfaces/puzzle_pkg
[53.942s] -- Up-to-date: /home/puzzlebot/Documents/PUXXY_NODE/TE3002B/puzzle_ws/install/puzzle_pkg/include/puzzle_pkg/puzzle_pkg
[53.942s] -- Up-to-date: /home/puzzlebot/Documents/PUXXY_NODE/TE3002B/puzzle_ws/install/puzzle_pkg/include/puzzle_pkg/puzzle_pkg/msg
[53.943s] -- Up-to-date: /home/puzzlebot/Documents/PUXXY_NODE/TE3002B/puzzle_ws/install/puzzle_pkg/include/puzzle_pkg/puzzle_pkg/msg/rosidl_generator_c__visibility_control.h
[53.943s] -- Up-to-date: /home/puzzlebot/Documents/PUXXY_NODE/TE3002B/puzzle_ws/install/puzzle_pkg/include/puzzle_pkg/puzzle_pkg/msg/detail
[53.943s] -- Up-to-date: /home/puzzlebot/Documents/PUXXY_NODE/TE3002B/puzzle_ws/install/puzzle_pkg/include/puzzle_pkg/puzzle_pkg/msg/detail/diff_error__functions.c
[53.944s] -- Up-to-date: /home/puzzlebot/Documents/PUXXY_NODE/TE3002B/puzzle_ws/install/puzzle_pkg/include/puzzle_pkg/puzzle_pkg/msg/detail/diff_error__type_support.h
[53.944s] -- Up-to-date: /home/puzzlebot/Documents/PUXXY_NODE/TE3002B/puzzle_ws/install/puzzle_pkg/include/puzzle_pkg/puzzle_pkg/msg/detail/diff_error__struct.h
[53.945s] -- Up-to-date: /home/puzzlebot/Documents/PUXXY_NODE/TE3002B/puzzle_ws/install/puzzle_pkg/include/puzzle_pkg/puzzle_pkg/msg/detail/diff_error__functions.h
[53.945s] -- Up-to-date: /home/puzzlebot/Documents/PUXXY_NODE/TE3002B/puzzle_ws/install/puzzle_pkg/include/puzzle_pkg/puzzle_pkg/msg/diff_error.h
[53.948s] -- Up-to-date: /home/puzzlebot/Documents/PUXXY_NODE/TE3002B/puzzle_ws/install/puzzle_pkg/share/puzzle_pkg/environment/library_path.sh
[53.949s] -- Up-to-date: /home/puzzlebot/Documents/PUXXY_NODE/TE3002B/puzzle_ws/install/puzzle_pkg/share/puzzle_pkg/environment/library_path.dsv
[53.951s] -- Up-to-date: /home/puzzlebot/Documents/PUXXY_NODE/TE3002B/puzzle_ws/install/puzzle_pkg/lib/libpuzzle_pkg__rosidl_generator_c.so
[53.952s] -- Up-to-date: /home/puzzlebot/Documents/PUXXY_NODE/TE3002B/puzzle_ws/install/puzzle_pkg/include/puzzle_pkg/puzzle_pkg
[53.953s] -- Up-to-date: /home/puzzlebot/Documents/PUXXY_NODE/TE3002B/puzzle_ws/install/puzzle_pkg/include/puzzle_pkg/puzzle_pkg/msg
[53.953s] -- Up-to-date: /home/puzzlebot/Documents/PUXXY_NODE/TE3002B/puzzle_ws/install/puzzle_pkg/include/puzzle_pkg/puzzle_pkg/msg/rosidl_typesupport_fastrtps_c__visibility_control.h
[53.953s] -- Up-to-date: /home/puzzlebot/Documents/PUXXY_NODE/TE3002B/puzzle_ws/install/puzzle_pkg/include/puzzle_pkg/puzzle_pkg/msg/detail
[53.954s] -- Up-to-date: /home/puzzlebot/Documents/PUXXY_NODE/TE3002B/puzzle_ws/install/puzzle_pkg/include/puzzle_pkg/puzzle_pkg/msg/detail/diff_error__rosidl_typesupport_fastrtps_c.h
[53.954s] -- Up-to-date: /home/puzzlebot/Documents/PUXXY_NODE/TE3002B/puzzle_ws/install/puzzle_pkg/lib/libpuzzle_pkg__rosidl_typesupport_fastrtps_c.so
[53.955s] -- Up-to-date: /home/puzzlebot/Documents/PUXXY_NODE/TE3002B/puzzle_ws/install/puzzle_pkg/include/puzzle_pkg/puzzle_pkg
[53.955s] -- Up-to-date: /home/puzzlebot/Documents/PUXXY_NODE/TE3002B/puzzle_ws/install/puzzle_pkg/include/puzzle_pkg/puzzle_pkg/msg
[53.956s] -- Up-to-date: /home/puzzlebot/Documents/PUXXY_NODE/TE3002B/puzzle_ws/install/puzzle_pkg/include/puzzle_pkg/puzzle_pkg/msg/diff_error.hpp
[53.956s] -- Up-to-date: /home/puzzlebot/Documents/PUXXY_NODE/TE3002B/puzzle_ws/install/puzzle_pkg/include/puzzle_pkg/puzzle_pkg/msg/detail
[53.957s] -- Up-to-date: /home/puzzlebot/Documents/PUXXY_NODE/TE3002B/puzzle_ws/install/puzzle_pkg/include/puzzle_pkg/puzzle_pkg/msg/detail/diff_error__traits.hpp
[53.957s] -- Up-to-date: /home/puzzlebot/Documents/PUXXY_NODE/TE3002B/puzzle_ws/install/puzzle_pkg/include/puzzle_pkg/puzzle_pkg/msg/detail/diff_error__struct.hpp
[53.958s] -- Up-to-date: /home/puzzlebot/Documents/PUXXY_NODE/TE3002B/puzzle_ws/install/puzzle_pkg/include/puzzle_pkg/puzzle_pkg/msg/detail/diff_error__builder.hpp
[53.958s] -- Up-to-date: /home/puzzlebot/Documents/PUXXY_NODE/TE3002B/puzzle_ws/install/puzzle_pkg/include/puzzle_pkg/puzzle_pkg
[53.958s] -- Up-to-date: /home/puzzlebot/Documents/PUXXY_NODE/TE3002B/puzzle_ws/install/puzzle_pkg/include/puzzle_pkg/puzzle_pkg/msg
[53.959s] -- Up-to-date: /home/puzzlebot/Documents/PUXXY_NODE/TE3002B/puzzle_ws/install/puzzle_pkg/include/puzzle_pkg/puzzle_pkg/msg/rosidl_typesupport_fastrtps_cpp__visibility_control.h
[53.959s] -- Up-to-date: /home/puzzlebot/Documents/PUXXY_NODE/TE3002B/puzzle_ws/install/puzzle_pkg/include/puzzle_pkg/puzzle_pkg/msg/detail
[53.960s] -- Up-to-date: /home/puzzlebot/Documents/PUXXY_NODE/TE3002B/puzzle_ws/install/puzzle_pkg/include/puzzle_pkg/puzzle_pkg/msg/detail/dds_fastrtps
[53.960s] -- Up-to-date: /home/puzzlebot/Documents/PUXXY_NODE/TE3002B/puzzle_ws/install/puzzle_pkg/include/puzzle_pkg/puzzle_pkg/msg/detail/diff_error__rosidl_typesupport_fastrtps_cpp.hpp
[53.960s] -- Up-to-date: /home/puzzlebot/Documents/PUXXY_NODE/TE3002B/puzzle_ws/install/puzzle_pkg/lib/libpuzzle_pkg__rosidl_typesupport_fastrtps_cpp.so
[53.961s] -- Up-to-date: /home/puzzlebot/Documents/PUXXY_NODE/TE3002B/puzzle_ws/install/puzzle_pkg/include/puzzle_pkg/puzzle_pkg
[53.961s] -- Up-to-date: /home/puzzlebot/Documents/PUXXY_NODE/TE3002B/puzzle_ws/install/puzzle_pkg/include/puzzle_pkg/puzzle_pkg/msg
[53.962s] -- Up-to-date: /home/puzzlebot/Documents/PUXXY_NODE/TE3002B/puzzle_ws/install/puzzle_pkg/include/puzzle_pkg/puzzle_pkg/msg/rosidl_typesupport_introspection_c__visibility_control.h
[53.962s] -- Up-to-date: /home/puzzlebot/Documents/PUXXY_NODE/TE3002B/puzzle_ws/install/puzzle_pkg/include/puzzle_pkg/puzzle_pkg/msg/detail
[53.962s] -- Up-to-date: /home/puzzlebot/Documents/PUXXY_NODE/TE3002B/puzzle_ws/install/puzzle_pkg/include/puzzle_pkg/puzzle_pkg/msg/detail/diff_error__rosidl_typesupport_introspection_c.h
[53.963s] -- Up-to-date: /home/puzzlebot/Documents/PUXXY_NODE/TE3002B/puzzle_ws/install/puzzle_pkg/include/puzzle_pkg/puzzle_pkg/msg/detail/diff_error__type_support.c
[53.963s] -- Up-to-date: /home/puzzlebot/Documents/PUXXY_NODE/TE3002B/puzzle_ws/install/puzzle_pkg/lib/libpuzzle_pkg__rosidl_typesupport_introspection_c.so
[53.964s] -- Up-to-date: /home/puzzlebot/Documents/PUXXY_NODE/TE3002B/puzzle_ws/install/puzzle_pkg/lib/libpuzzle_pkg__rosidl_typesupport_c.so
[53.965s] -- Up-to-date: /home/puzzlebot/Documents/PUXXY_NODE/TE3002B/puzzle_ws/install/puzzle_pkg/include/puzzle_pkg/puzzle_pkg
[53.965s] -- Up-to-date: /home/puzzlebot/Documents/PUXXY_NODE/TE3002B/puzzle_ws/install/puzzle_pkg/include/puzzle_pkg/puzzle_pkg/msg
[53.966s] -- Up-to-date: /home/puzzlebot/Documents/PUXXY_NODE/TE3002B/puzzle_ws/install/puzzle_pkg/include/puzzle_pkg/puzzle_pkg/msg/detail
[53.966s] -- Up-to-date: /home/puzzlebot/Documents/PUXXY_NODE/TE3002B/puzzle_ws/install/puzzle_pkg/include/puzzle_pkg/puzzle_pkg/msg/detail/diff_error__type_support.cpp
[53.966s] -- Up-to-date: /home/puzzlebot/Documents/PUXXY_NODE/TE3002B/puzzle_ws/install/puzzle_pkg/include/puzzle_pkg/puzzle_pkg/msg/detail/diff_error__rosidl_typesupport_introspection_cpp.hpp
[53.967s] -- Up-to-date: /home/puzzlebot/Documents/PUXXY_NODE/TE3002B/puzzle_ws/install/puzzle_pkg/lib/libpuzzle_pkg__rosidl_typesupport_introspection_cpp.so
[53.969s] -- Up-to-date: /home/puzzlebot/Documents/PUXXY_NODE/TE3002B/puzzle_ws/install/puzzle_pkg/lib/libpuzzle_pkg__rosidl_typesupport_cpp.so
[53.973s] -- Up-to-date: /home/puzzlebot/Documents/PUXXY_NODE/TE3002B/puzzle_ws/install/puzzle_pkg/share/puzzle_pkg/environment/pythonpath.sh
[53.974s] -- Up-to-date: /home/puzzlebot/Documents/PUXXY_NODE/TE3002B/puzzle_ws/install/puzzle_pkg/share/puzzle_pkg/environment/pythonpath.dsv
[53.974s] -- Up-to-date: /home/puzzlebot/Documents/PUXXY_NODE/TE3002B/puzzle_ws/install/puzzle_pkg/lib/python3.8/site-packages/puzzle_pkg-0.0.0-py3.8.egg-info
[53.975s] -- Installing: /home/puzzlebot/Documents/PUXXY_NODE/TE3002B/puzzle_ws/install/puzzle_pkg/lib/python3.8/site-packages/puzzle_pkg-0.0.0-py3.8.egg-info/top_level.txt
[53.975s] -- Installing: /home/puzzlebot/Documents/PUXXY_NODE/TE3002B/puzzle_ws/install/puzzle_pkg/lib/python3.8/site-packages/puzzle_pkg-0.0.0-py3.8.egg-info/PKG-INFO
[53.976s] -- Installing: /home/puzzlebot/Documents/PUXXY_NODE/TE3002B/puzzle_ws/install/puzzle_pkg/lib/python3.8/site-packages/puzzle_pkg-0.0.0-py3.8.egg-info/SOURCES.txt
[53.976s] -- Installing: /home/puzzlebot/Documents/PUXXY_NODE/TE3002B/puzzle_ws/install/puzzle_pkg/lib/python3.8/site-packages/puzzle_pkg-0.0.0-py3.8.egg-info/dependency_links.txt
[53.977s] -- Up-to-date: /home/puzzlebot/Documents/PUXXY_NODE/TE3002B/puzzle_ws/install/puzzle_pkg/lib/python3.8/site-packages/puzzle_pkg
[53.977s] -- Up-to-date: /home/puzzlebot/Documents/PUXXY_NODE/TE3002B/puzzle_ws/install/puzzle_pkg/lib/python3.8/site-packages/puzzle_pkg/puzzle_pkg_s__rosidl_typesupport_c.cpython-38-aarch64-linux-gnu.so
[53.978s] -- Up-to-date: /home/puzzlebot/Documents/PUXXY_NODE/TE3002B/puzzle_ws/install/puzzle_pkg/lib/python3.8/site-packages/puzzle_pkg/__init__.py
[53.978s] -- Up-to-date: /home/puzzlebot/Documents/PUXXY_NODE/TE3002B/puzzle_ws/install/puzzle_pkg/lib/python3.8/site-packages/puzzle_pkg/_puzzle_pkg_s.ep.rosidl_typesupport_fastrtps_c.c
[53.979s] -- Up-to-date: /home/puzzlebot/Documents/PUXXY_NODE/TE3002B/puzzle_ws/install/puzzle_pkg/lib/python3.8/site-packages/puzzle_pkg/msg
[53.979s] -- Up-to-date: /home/puzzlebot/Documents/PUXXY_NODE/TE3002B/puzzle_ws/install/puzzle_pkg/lib/python3.8/site-packages/puzzle_pkg/msg/__init__.py
[53.979s] -- Up-to-date: /home/puzzlebot/Documents/PUXXY_NODE/TE3002B/puzzle_ws/install/puzzle_pkg/lib/python3.8/site-packages/puzzle_pkg/msg/_diff_error_s.c
[53.980s] -- Up-to-date: /home/puzzlebot/Documents/PUXXY_NODE/TE3002B/puzzle_ws/install/puzzle_pkg/lib/python3.8/site-packages/puzzle_pkg/msg/_diff_error.py
[53.980s] -- Up-to-date: /home/puzzlebot/Documents/PUXXY_NODE/TE3002B/puzzle_ws/install/puzzle_pkg/lib/python3.8/site-packages/puzzle_pkg/_puzzle_pkg_s.ep.rosidl_typesupport_c.c
[53.981s] -- Up-to-date: /home/puzzlebot/Documents/PUXXY_NODE/TE3002B/puzzle_ws/install/puzzle_pkg/lib/python3.8/site-packages/puzzle_pkg/puzzle_pkg_s__rosidl_typesupport_introspection_c.cpython-38-aarch64-linux-gnu.so
[53.981s] -- Up-to-date: /home/puzzlebot/Documents/PUXXY_NODE/TE3002B/puzzle_ws/install/puzzle_pkg/lib/python3.8/site-packages/puzzle_pkg/puzzle_pkg_s__rosidl_typesupport_fastrtps_c.cpython-38-aarch64-linux-gnu.so
[53.981s] -- Up-to-date: /home/puzzlebot/Documents/PUXXY_NODE/TE3002B/puzzle_ws/install/puzzle_pkg/lib/python3.8/site-packages/puzzle_pkg/_puzzle_pkg_s.ep.rosidl_typesupport_introspection_c.c
[53.982s] -- Up-to-date: /home/puzzlebot/Documents/PUXXY_NODE/TE3002B/puzzle_ws/install/puzzle_pkg/lib/python3.8/site-packages/puzzle_pkg/libpuzzle_pkg__rosidl_generator_py.so
[54.300s] Listing '/home/puzzlebot/Documents/PUXXY_NODE/TE3002B/puzzle_ws/install/puzzle_pkg/lib/python3.8/site-packages/puzzle_pkg'...
[54.301s] Listing '/home/puzzlebot/Documents/PUXXY_NODE/TE3002B/puzzle_ws/install/puzzle_pkg/lib/python3.8/site-packages/puzzle_pkg/msg'...
[54.324s] -- Up-to-date: /home/puzzlebot/Documents/PUXXY_NODE/TE3002B/puzzle_ws/install/puzzle_pkg/lib/python3.8/site-packages/puzzle_pkg/puzzle_pkg_s__rosidl_typesupport_fastrtps_c.cpython-38-aarch64-linux-gnu.so
[54.329s] -- Up-to-date: /home/puzzlebot/Documents/PUXXY_NODE/TE3002B/puzzle_ws/install/puzzle_pkg/lib/python3.8/site-packages/puzzle_pkg/puzzle_pkg_s__rosidl_typesupport_introspection_c.cpython-38-aarch64-linux-gnu.so
[54.332s] -- Up-to-date: /home/puzzlebot/Documents/PUXXY_NODE/TE3002B/puzzle_ws/install/puzzle_pkg/lib/python3.8/site-packages/puzzle_pkg/puzzle_pkg_s__rosidl_typesupport_c.cpython-38-aarch64-linux-gnu.so
[54.335s] -- Up-to-date: /home/puzzlebot/Documents/PUXXY_NODE/TE3002B/puzzle_ws/install/puzzle_pkg/lib/libpuzzle_pkg__rosidl_generator_py.so
[54.336s] -- Up-to-date: /home/puzzlebot/Documents/PUXXY_NODE/TE3002B/puzzle_ws/install/puzzle_pkg/share/puzzle_pkg/msg/DiffError.idl
[54.336s] -- Up-to-date: /home/puzzlebot/Documents/PUXXY_NODE/TE3002B/puzzle_ws/install/puzzle_pkg/share/puzzle_pkg/msg/DiffError.msg
[54.340s] -- Up-to-date: /home/puzzlebot/Documents/PUXXY_NODE/TE3002B/puzzle_ws/install/puzzle_pkg/lib/puzzle_pkg/controller
[54.344s] -- Up-to-date: /home/puzzlebot/Documents/PUXXY_NODE/TE3002B/puzzle_ws/install/puzzle_pkg/lib/puzzle_pkg/odometry
[54.349s] -- Installing: /home/puzzlebot/Documents/PUXXY_NODE/TE3002B/puzzle_ws/install/puzzle_pkg/lib/puzzle_pkg/lane_detection
[54.369s] -- Set runtime path of "/home/puzzlebot/Documents/PUXXY_NODE/TE3002B/puzzle_ws/install/puzzle_pkg/lib/puzzle_pkg/lane_detection" to ""
[54.374s] -- Up-to-date: /home/puzzlebot/Documents/PUXXY_NODE/TE3002B/puzzle_ws/install/puzzle_pkg/lib/puzzle_pkg/cam_source
[54.378s] -- Up-to-date: /home/puzzlebot/Documents/PUXXY_NODE/TE3002B/puzzle_ws/install/puzzle_pkg/lib/puzzle_pkg/signal_handle
[54.379s] -- Up-to-date: /home/puzzlebot/Documents/PUXXY_NODE/TE3002B/puzzle_ws/install/puzzle_pkg/share/puzzle_pkg//launch
[54.379s] -- Up-to-date: /home/puzzlebot/Documents/PUXXY_NODE/TE3002B/puzzle_ws/install/puzzle_pkg/share/puzzle_pkg//launch/__pycache__
[54.379s] -- Up-to-date: /home/puzzlebot/Documents/PUXXY_NODE/TE3002B/puzzle_ws/install/puzzle_pkg/share/puzzle_pkg//launch/__pycache__/launch.cpython-310.pyc
[54.380s] -- Installing: /home/puzzlebot/Documents/PUXXY_NODE/TE3002B/puzzle_ws/install/puzzle_pkg/share/puzzle_pkg//launch/__pycache__/launch.cpython-38.pyc
[54.381s] -- Up-to-date: /home/puzzlebot/Documents/PUXXY_NODE/TE3002B/puzzle_ws/install/puzzle_pkg/share/puzzle_pkg//launch/launch.py
[54.381s] -- Up-to-date: /home/puzzlebot/Documents/PUXXY_NODE/TE3002B/puzzle_ws/install/puzzle_pkg/share/puzzle_pkg//config
[54.382s] -- Up-to-date: /home/puzzlebot/Documents/PUXXY_NODE/TE3002B/puzzle_ws/install/puzzle_pkg/share/puzzle_pkg//config/odometry_params.yaml
[54.382s] -- Up-to-date: /home/puzzlebot/Documents/PUXXY_NODE/TE3002B/puzzle_ws/install/puzzle_pkg/share/puzzle_pkg//config/controller_params.yaml
[54.382s] -- Up-to-date: /home/puzzlebot/Documents/PUXXY_NODE/TE3002B/puzzle_ws/install/puzzle_pkg/share/ament_index/resource_index/package_run_dependencies/puzzle_pkg
[54.383s] -- Up-to-date: /home/puzzlebot/Documents/PUXXY_NODE/TE3002B/puzzle_ws/install/puzzle_pkg/share/ament_index/resource_index/parent_prefix_path/puzzle_pkg
[54.389s] -- Up-to-date: /home/puzzlebot/Documents/PUXXY_NODE/TE3002B/puzzle_ws/install/puzzle_pkg/share/puzzle_pkg/environment/ament_prefix_path.sh
[54.390s] -- Up-to-date: /home/puzzlebot/Documents/PUXXY_NODE/TE3002B/puzzle_ws/install/puzzle_pkg/share/puzzle_pkg/environment/ament_prefix_path.dsv
[54.390s] -- Up-to-date: /home/puzzlebot/Documents/PUXXY_NODE/TE3002B/puzzle_ws/install/puzzle_pkg/share/puzzle_pkg/environment/path.sh
[54.391s] -- Up-to-date: /home/puzzlebot/Documents/PUXXY_NODE/TE3002B/puzzle_ws/install/puzzle_pkg/share/puzzle_pkg/environment/path.dsv
[54.391s] -- Up-to-date: /home/puzzlebot/Documents/PUXXY_NODE/TE3002B/puzzle_ws/install/puzzle_pkg/share/puzzle_pkg/local_setup.bash
[54.392s] -- Up-to-date: /home/puzzlebot/Documents/PUXXY_NODE/TE3002B/puzzle_ws/install/puzzle_pkg/share/puzzle_pkg/local_setup.sh
[54.392s] -- Up-to-date: /home/puzzlebot/Documents/PUXXY_NODE/TE3002B/puzzle_ws/install/puzzle_pkg/share/puzzle_pkg/local_setup.zsh
[54.392s] -- Up-to-date: /home/puzzlebot/Documents/PUXXY_NODE/TE3002B/puzzle_ws/install/puzzle_pkg/share/puzzle_pkg/local_setup.dsv
[54.395s] -- Installing: /home/puzzlebot/Documents/PUXXY_NODE/TE3002B/puzzle_ws/install/puzzle_pkg/share/puzzle_pkg/package.dsv
[54.395s] -- Up-to-date: /home/puzzlebot/Documents/PUXXY_NODE/TE3002B/puzzle_ws/install/puzzle_pkg/share/ament_index/resource_index/packages/puzzle_pkg
[54.396s] -- Up-to-date: /home/puzzlebot/Documents/PUXXY_NODE/TE3002B/puzzle_ws/install/puzzle_pkg/share/puzzle_pkg/cmake/export_puzzle_pkg__rosidl_generator_cExport.cmake
[54.396s] -- Up-to-date: /home/puzzlebot/Documents/PUXXY_NODE/TE3002B/puzzle_ws/install/puzzle_pkg/share/puzzle_pkg/cmake/export_puzzle_pkg__rosidl_generator_cExport-noconfig.cmake
[54.421s] -- Up-to-date: /home/puzzlebot/Documents/PUXXY_NODE/TE3002B/puzzle_ws/install/puzzle_pkg/share/puzzle_pkg/cmake/export_puzzle_pkg__rosidl_typesupport_fastrtps_cExport.cmake
[54.421s] -- Up-to-date: /home/puzzlebot/Documents/PUXXY_NODE/TE3002B/puzzle_ws/install/puzzle_pkg/share/puzzle_pkg/cmake/export_puzzle_pkg__rosidl_typesupport_fastrtps_cExport-noconfig.cmake
[54.423s] -- Up-to-date: /home/puzzlebot/Documents/PUXXY_NODE/TE3002B/puzzle_ws/install/puzzle_pkg/share/puzzle_pkg/cmake/export_puzzle_pkg__rosidl_generator_cppExport.cmake
[54.425s] -- Up-to-date: /home/puzzlebot/Documents/PUXXY_NODE/TE3002B/puzzle_ws/install/puzzle_pkg/share/puzzle_pkg/cmake/export_puzzle_pkg__rosidl_typesupport_fastrtps_cppExport.cmake
[54.426s] -- Up-to-date: /home/puzzlebot/Documents/PUXXY_NODE/TE3002B/puzzle_ws/install/puzzle_pkg/share/puzzle_pkg/cmake/export_puzzle_pkg__rosidl_typesupport_fastrtps_cppExport-noconfig.cmake
[54.427s] -- Up-to-date: /home/puzzlebot/Documents/PUXXY_NODE/TE3002B/puzzle_ws/install/puzzle_pkg/share/puzzle_pkg/cmake/puzzle_pkg__rosidl_typesupport_introspection_cExport.cmake
[54.428s] -- Up-to-date: /home/puzzlebot/Documents/PUXXY_NODE/TE3002B/puzzle_ws/install/puzzle_pkg/share/puzzle_pkg/cmake/puzzle_pkg__rosidl_typesupport_introspection_cExport-noconfig.cmake
[54.429s] -- Up-to-date: /home/puzzlebot/Documents/PUXXY_NODE/TE3002B/puzzle_ws/install/puzzle_pkg/share/puzzle_pkg/cmake/puzzle_pkg__rosidl_typesupport_cExport.cmake
[54.430s] -- Up-to-date: /home/puzzlebot/Documents/PUXXY_NODE/TE3002B/puzzle_ws/install/puzzle_pkg/share/puzzle_pkg/cmake/puzzle_pkg__rosidl_typesupport_cExport-noconfig.cmake
[54.432s] -- Up-to-date: /home/puzzlebot/Documents/PUXXY_NODE/TE3002B/puzzle_ws/install/puzzle_pkg/share/puzzle_pkg/cmake/puzzle_pkg__rosidl_typesupport_introspection_cppExport.cmake
[54.432s] -- Up-to-date: /home/puzzlebot/Documents/PUXXY_NODE/TE3002B/puzzle_ws/install/puzzle_pkg/share/puzzle_pkg/cmake/puzzle_pkg__rosidl_typesupport_introspection_cppExport-noconfig.cmake
[54.434s] -- Up-to-date: /home/puzzlebot/Documents/PUXXY_NODE/TE3002B/puzzle_ws/install/puzzle_pkg/share/puzzle_pkg/cmake/puzzle_pkg__rosidl_typesupport_cppExport.cmake
[54.435s] -- Up-to-date: /home/puzzlebot/Documents/PUXXY_NODE/TE3002B/puzzle_ws/install/puzzle_pkg/share/puzzle_pkg/cmake/puzzle_pkg__rosidl_typesupport_cppExport-noconfig.cmake
[54.436s] -- Up-to-date: /home/puzzlebot/Documents/PUXXY_NODE/TE3002B/puzzle_ws/install/puzzle_pkg/share/puzzle_pkg/cmake/export_puzzle_pkg__rosidl_generator_pyExport.cmake
[54.437s] -- Up-to-date: /home/puzzlebot/Documents/PUXXY_NODE/TE3002B/puzzle_ws/install/puzzle_pkg/share/puzzle_pkg/cmake/export_puzzle_pkg__rosidl_generator_pyExport-noconfig.cmake
[54.437s] -- Up-to-date: /home/puzzlebot/Documents/PUXXY_NODE/TE3002B/puzzle_ws/install/puzzle_pkg/share/puzzle_pkg/cmake/rosidl_cmake-extras.cmake
[54.438s] -- Up-to-date: /home/puzzlebot/Documents/PUXXY_NODE/TE3002B/puzzle_ws/install/puzzle_pkg/share/puzzle_pkg/cmake/ament_cmake_export_dependencies-extras.cmake
[54.438s] -- Up-to-date: /home/puzzlebot/Documents/PUXXY_NODE/TE3002B/puzzle_ws/install/puzzle_pkg/share/puzzle_pkg/cmake/ament_cmake_export_include_directories-extras.cmake
[54.438s] -- Up-to-date: /home/puzzlebot/Documents/PUXXY_NODE/TE3002B/puzzle_ws/install/puzzle_pkg/share/puzzle_pkg/cmake/ament_cmake_export_libraries-extras.cmake
[54.439s] -- Up-to-date: /home/puzzlebot/Documents/PUXXY_NODE/TE3002B/puzzle_ws/install/puzzle_pkg/share/puzzle_pkg/cmake/ament_cmake_export_targets-extras.cmake
[54.439s] -- Up-to-date: /home/puzzlebot/Documents/PUXXY_NODE/TE3002B/puzzle_ws/install/puzzle_pkg/share/puzzle_pkg/cmake/rosidl_cmake_export_typesupport_targets-extras.cmake
[54.440s] -- Up-to-date: /home/puzzlebot/Documents/PUXXY_NODE/TE3002B/puzzle_ws/install/puzzle_pkg/share/puzzle_pkg/cmake/rosidl_cmake_export_typesupport_libraries-extras.cmake
[54.440s] -- Up-to-date: /home/puzzlebot/Documents/PUXXY_NODE/TE3002B/puzzle_ws/install/puzzle_pkg/share/puzzle_pkg/cmake/puzzle_pkgConfig.cmake
[54.440s] -- Up-to-date: /home/puzzlebot/Documents/PUXXY_NODE/TE3002B/puzzle_ws/install/puzzle_pkg/share/puzzle_pkg/cmake/puzzle_pkgConfig-version.cmake
[54.441s] -- Up-to-date: /home/puzzlebot/Documents/PUXXY_NODE/TE3002B/puzzle_ws/install/puzzle_pkg/share/puzzle_pkg/package.xml
[54.453s] Invoked command in '/home/puzzlebot/Documents/PUXXY_NODE/TE3002B/puzzle_ws/build/puzzle_pkg' returned '0': CMAKE_PREFIX_PATH=/home/puzzlebot/Documents/PUXXY_NODE/TE3002B/puzzle_ws/install/cv_bridge:/home/puzzlebot/Documents/PUXXY_NODE/TE3002B/puzzle_ws/install/vision_opencv:/home/puzzlebot/Documents/PUXXY_NODE/TE3002B/puzzle_ws/install/puzzle_pkg:/home/puzzlebot/Documents/PUXXY_NODE/TE3002B/puzzle_ws/install/image_geometry:/home/puzzlebot/Documents/PUXXY_NODE/TE3002B/puzzle_ws/install/opencv_tests:/home/puzzlebot/ros2_ws/install/puzzlebot_ros:/opt/ros/humble:/home/puzzlebot/ros2_packages_ws/install/ros_deep_learning:/home/puzzlebot/ros2_packages_ws/install/micro_ros_setup:/home/puzzlebot/ros2_packages_ws/install/micro_ros_agent:/home/puzzlebot/ros2_packages_ws/install/micro_ros_msgs:/home/puzzlebot/ros2_packages_ws/install/camera_info_publisher LD_LIBRARY_PATH=/home/puzzlebot/Documents/PUXXY_NODE/TE3002B/puzzle_ws/install/cv_bridge/lib:/home/puzzlebot/Documents/PUXXY_NODE/TE3002B/puzzle_ws/install/puzzle_pkg/lib:/home/puzzlebot/Documents/PUXXY_NODE/TE3002B/puzzle_ws/install/image_geometry/lib:/home/puzzlebot/ros2_packages_ws/install/micro_ros_agent/lib:/home/puzzlebot/ros2_packages_ws/install/micro_ros_msgs/lib:/opt/ros/humble/opt/rviz_ogre_vendor/lib:/opt/ros/humble/lib/aarch64-linux-gnu:/opt/ros/humble/lib:/usr/local/cuda/lib64 PYTHONPATH=/home/puzzlebot/Documents/PUXXY_NODE/TE3002B/puzzle_ws/install/cv_bridge/lib/python3.8/site-packages:/home/puzzlebot/Documents/PUXXY_NODE/TE3002B/puzzle_ws/install/puzzle_pkg/lib/python3.8/site-packages:/home/puzzlebot/Documents/PUXXY_NODE/TE3002B/puzzle_ws/install/opencv_tests/lib/python3.8/site-packages:/home/puzzlebot/Documents/PUXXY_NODE/TE3002B/puzzle_ws/install/image_geometry/lib/python3.8/site-packages:/home/puzzlebot/ros2_ws/build/puzzlebot_ros:/home/puzzlebot/ros2_ws/install/puzzlebot_ros/lib/python3.8/site-packages:/home/puzzlebot/ros2_packages_ws/install/micro_ros_msgs/lib/python3.8/site-packages:/opt/ros/humble/lib/python3.8/site-packages /usr/bin/cmake --install /home/puzzlebot/Documents/PUXXY_NODE/TE3002B/puzzle_ws/build/puzzle_pkg
