-- The C compiler identification is GNU 8.4.0
-- The CXX compiler identification is GNU 8.4.0
-- Check for working C compiler: /usr/bin/cc
-- Check for working C compiler: /usr/bin/cc -- works
-- Detecting C compiler ABI info
-- Detecting C compiler ABI info - done
-- Detecting C compile features
-- Detecting C compile features - done
-- Check for working CXX compiler: /usr/bin/c++
-- Check for working CXX compiler: /usr/bin/c++ -- works
-- Detecting CXX compiler ABI info
-- Detecting CXX compiler ABI info - done
-- Detecting CXX compile features
-- Detecting CXX compile features - done
-- Found ament_cmake: 1.3.6 (/opt/ros/humble/share/ament_cmake/cmake)
-- Found Python3: /usr/bin/python3.8 (found version "3.8.10") found components: Interpreter 
-- Configuring done
-- Generating done
-- Build files have been written to: /home/puzzlebot/Documents/PUXXY_NODE/TE3002B/puzzle_ws/build/vision_opencv
-- Install configuration: ""
-- Installing: /home/puzzlebot/Documents/PUXXY_NODE/TE3002B/puzzle_ws/install/vision_opencv/share/ament_index/resource_index/package_run_dependencies/vision_opencv
-- Installing: /home/puzzlebot/Documents/PUXXY_NODE/TE3002B/puzzle_ws/install/vision_opencv/share/ament_index/resource_index/parent_prefix_path/vision_opencv
-- Installing: /home/puzzlebot/Documents/PUXXY_NODE/TE3002B/puzzle_ws/install/vision_opencv/share/vision_opencv/environment/ament_prefix_path.sh
-- Installing: /home/puzzlebot/Documents/PUXXY_NODE/TE3002B/puzzle_ws/install/vision_opencv/share/vision_opencv/environment/ament_prefix_path.dsv
-- Installing: /home/puzzlebot/Documents/PUXXY_NODE/TE3002B/puzzle_ws/install/vision_opencv/share/vision_opencv/environment/path.sh
-- Installing: /home/puzzlebot/Documents/PUXXY_NODE/TE3002B/puzzle_ws/install/vision_opencv/share/vision_opencv/environment/path.dsv
-- Installing: /home/puzzlebot/Documents/PUXXY_NODE/TE3002B/puzzle_ws/install/vision_opencv/share/vision_opencv/local_setup.bash
-- Installing: /home/puzzlebot/Documents/PUXXY_NODE/TE3002B/puzzle_ws/install/vision_opencv/share/vision_opencv/local_setup.sh
-- Installing: /home/puzzlebot/Documents/PUXXY_NODE/TE3002B/puzzle_ws/install/vision_opencv/share/vision_opencv/local_setup.zsh
-- Installing: /home/puzzlebot/Documents/PUXXY_NODE/TE3002B/puzzle_ws/install/vision_opencv/share/vision_opencv/local_setup.dsv
-- Installing: /home/puzzlebot/Documents/PUXXY_NODE/TE3002B/puzzle_ws/install/vision_opencv/share/vision_opencv/package.dsv
-- Installing: /home/puzzlebot/Documents/PUXXY_NODE/TE3002B/puzzle_ws/install/vision_opencv/share/ament_index/resource_index/packages/vision_opencv
-- Installing: /home/puzzlebot/Documents/PUXXY_NODE/TE3002B/puzzle_ws/install/vision_opencv/share/vision_opencv/cmake/vision_opencvConfig.cmake
-- Installing: /home/puzzlebot/Documents/PUXXY_NODE/TE3002B/puzzle_ws/install/vision_opencv/share/vision_opencv/cmake/vision_opencvConfig-version.cmake
-- Installing: /home/puzzlebot/Documents/PUXXY_NODE/TE3002B/puzzle_ws/install/vision_opencv/share/vision_opencv/package.xml
