[11.466s] DEBUG:colcon:Command line arguments: ['/usr/bin/colcon', 'build']
[11.467s] DEBUG:colcon:Parsed command line arguments: Namespace(allow_overriding=[], ament_cmake_args=None, base_paths=['.'], build_base='build', catkin_cmake_args=None, catkin_skip_building_tests=False, cmake_args=None, cmake_clean_cache=False, cmake_clean_first=False, cmake_force_configure=False, cmake_target=None, cmake_target_skip_unavailable=False, continue_on_error=False, event_handlers=None, executor='parallel', ignore_user_meta=False, install_base='install', log_base=None, log_level=None, main=<bound method BuildVerb.main of <colcon_core.verb.build.BuildVerb object at 0x7f7d5d37f0>>, merge_install=False, metas=['./colcon.meta'], packages_above=None, packages_above_and_dependencies=None, packages_above_depth=None, packages_end=None, packages_ignore=None, packages_ignore_regex=None, packages_select=None, packages_select_build_failed=False, packages_select_by_dep=None, packages_select_regex=None, packages_select_test_failures=False, packages_skip=None, packages_skip_build_finished=False, packages_skip_by_dep=None, packages_skip_regex=None, packages_skip_test_passed=False, packages_skip_up_to=None, packages_start=None, packages_up_to=None, packages_up_to_regex=None, parallel_workers=4, paths=None, symlink_install=False, test_result_base=None, verb_extension=<colcon_core.verb.build.BuildVerb object at 0x7f7d5d37f0>, verb_name='build', verb_parser=<colcon_defaults.argument_parser.defaults.DefaultArgumentsDecorator object at 0x7f7d1d0640>)
[11.970s] Level 1:colcon.colcon_core.package_discovery:discover_packages(colcon_meta) check parameters
[11.971s] Level 1:colcon.colcon_core.package_discovery:discover_packages(recursive) check parameters
[11.971s] Level 1:colcon.colcon_core.package_discovery:discover_packages(ignore) check parameters
[11.971s] Level 1:colcon.colcon_core.package_discovery:discover_packages(path) check parameters
[11.971s] Level 1:colcon.colcon_core.package_discovery:discover_packages(colcon_meta) discover
[11.972s] Level 1:colcon.colcon_core.package_discovery:discover_packages(recursive) discover
[11.972s] INFO:colcon.colcon_core.package_discovery:Crawling recursively for packages in '/home/puzzlebot/Documents/PUXX_WS/TE3002B/puzzle_ws'
[11.972s] Level 1:colcon.colcon_core.package_identification:_identify(.) by extensions ['ignore', 'ignore_ament_install']
[11.972s] Level 1:colcon.colcon_core.package_identification:_identify(.) by extension 'ignore'
[11.973s] Level 1:colcon.colcon_core.package_identification:_identify(.) by extension 'ignore_ament_install'
[11.973s] Level 1:colcon.colcon_core.package_identification:_identify(.) by extensions ['colcon_pkg']
[11.973s] Level 1:colcon.colcon_core.package_identification:_identify(.) by extension 'colcon_pkg'
[11.973s] Level 1:colcon.colcon_core.package_identification:_identify(.) by extensions ['colcon_meta']
[11.973s] Level 1:colcon.colcon_core.package_identification:_identify(.) by extension 'colcon_meta'
[11.974s] Level 1:colcon.colcon_core.package_identification:_identify(.) by extensions ['ros']
[11.974s] Level 1:colcon.colcon_core.package_identification:_identify(.) by extension 'ros'
[12.019s] Level 1:colcon.colcon_core.package_identification:_identify(.) by extensions ['cmake', 'python']
[12.019s] Level 1:colcon.colcon_core.package_identification:_identify(.) by extension 'cmake'
[12.020s] Level 1:colcon.colcon_core.package_identification:_identify(.) by extension 'python'
[12.020s] Level 1:colcon.colcon_core.package_identification:_identify(.) by extensions ['python_setup_py']
[12.020s] Level 1:colcon.colcon_core.package_identification:_identify(.) by extension 'python_setup_py'
[12.021s] Level 1:colcon.colcon_core.package_identification:_identify(build) by extensions ['ignore', 'ignore_ament_install']
[12.021s] Level 1:colcon.colcon_core.package_identification:_identify(build) by extension 'ignore'
[12.021s] Level 1:colcon.colcon_core.package_identification:_identify(build) ignored
[12.022s] Level 1:colcon.colcon_core.package_identification:_identify(install) by extensions ['ignore', 'ignore_ament_install']
[12.022s] Level 1:colcon.colcon_core.package_identification:_identify(install) by extension 'ignore'
[12.022s] Level 1:colcon.colcon_core.package_identification:_identify(install) ignored
[12.023s] Level 1:colcon.colcon_core.package_identification:_identify(log) by extensions ['ignore', 'ignore_ament_install']
[12.023s] Level 1:colcon.colcon_core.package_identification:_identify(log) by extension 'ignore'
[12.023s] Level 1:colcon.colcon_core.package_identification:_identify(log) ignored
[12.024s] Level 1:colcon.colcon_core.package_identification:_identify(src) by extensions ['ignore', 'ignore_ament_install']
[12.024s] Level 1:colcon.colcon_core.package_identification:_identify(src) by extension 'ignore'
[12.024s] Level 1:colcon.colcon_core.package_identification:_identify(src) by extension 'ignore_ament_install'
[12.024s] Level 1:colcon.colcon_core.package_identification:_identify(src) by extensions ['colcon_pkg']
[12.025s] Level 1:colcon.colcon_core.package_identification:_identify(src) by extension 'colcon_pkg'
[12.025s] Level 1:colcon.colcon_core.package_identification:_identify(src) by extensions ['colcon_meta']
[12.025s] Level 1:colcon.colcon_core.package_identification:_identify(src) by extension 'colcon_meta'
[12.025s] Level 1:colcon.colcon_core.package_identification:_identify(src) by extensions ['ros']
[12.025s] Level 1:colcon.colcon_core.package_identification:_identify(src) by extension 'ros'
[12.026s] Level 1:colcon.colcon_core.package_identification:_identify(src) by extensions ['cmake', 'python']
[12.026s] Level 1:colcon.colcon_core.package_identification:_identify(src) by extension 'cmake'
[12.026s] Level 1:colcon.colcon_core.package_identification:_identify(src) by extension 'python'
[12.026s] Level 1:colcon.colcon_core.package_identification:_identify(src) by extensions ['python_setup_py']
[12.026s] Level 1:colcon.colcon_core.package_identification:_identify(src) by extension 'python_setup_py'
[12.027s] Level 1:colcon.colcon_core.package_identification:_identify(src/puzzle_pkg) by extensions ['ignore', 'ignore_ament_install']
[12.027s] Level 1:colcon.colcon_core.package_identification:_identify(src/puzzle_pkg) by extension 'ignore'
[12.027s] Level 1:colcon.colcon_core.package_identification:_identify(src/puzzle_pkg) by extension 'ignore_ament_install'
[12.027s] Level 1:colcon.colcon_core.package_identification:_identify(src/puzzle_pkg) by extensions ['colcon_pkg']
[12.028s] Level 1:colcon.colcon_core.package_identification:_identify(src/puzzle_pkg) by extension 'colcon_pkg'
[12.028s] Level 1:colcon.colcon_core.package_identification:_identify(src/puzzle_pkg) by extensions ['colcon_meta']
[12.028s] Level 1:colcon.colcon_core.package_identification:_identify(src/puzzle_pkg) by extension 'colcon_meta'
[12.028s] Level 1:colcon.colcon_core.package_identification:_identify(src/puzzle_pkg) by extensions ['ros']
[12.028s] Level 1:colcon.colcon_core.package_identification:_identify(src/puzzle_pkg) by extension 'ros'
[12.040s] DEBUG:colcon.colcon_core.package_identification:Package 'src/puzzle_pkg' with type 'ros.ament_cmake' and name 'puzzle_pkg'
[12.041s] Level 1:colcon.colcon_core.package_discovery:discover_packages(recursive) using defaults
[12.041s] Level 1:colcon.colcon_core.package_discovery:discover_packages(ignore) discover
[12.041s] Level 1:colcon.colcon_core.package_discovery:discover_packages(ignore) using defaults
[12.041s] Level 1:colcon.colcon_core.package_discovery:discover_packages(path) discover
[12.041s] Level 1:colcon.colcon_core.package_discovery:discover_packages(path) using defaults
[13.089s] Level 1:colcon.colcon_core.package_discovery:discover_packages(prefix_path) check parameters
[13.089s] Level 1:colcon.colcon_core.package_discovery:discover_packages(prefix_path) discover
[13.488s] DEBUG:colcon.colcon_installed_package_information.package_discovery:Found 1 installed packages in /home/puzzlebot/Documents/PUXX_WS/TE3002B/puzzle_ws/install
[13.688s] DEBUG:colcon.colcon_installed_package_information.package_discovery:Found 1 installed packages in /home/puzzlebot/ros2_ws/install
[13.886s] DEBUG:colcon.colcon_installed_package_information.package_discovery:Found 5 installed packages in /home/puzzlebot/ros2_packages_ws/install
[14.128s] DEBUG:colcon.colcon_installed_package_information.package_discovery:Found 281 installed packages in /opt/ros/humble
[14.136s] Level 1:colcon.colcon_core.package_discovery:discover_packages(prefix_path) using defaults
[14.926s] Level 5:colcon.colcon_core.verb:set package 'puzzle_pkg' build argument 'cmake_args' from command line to 'None'
[14.926s] Level 5:colcon.colcon_core.verb:set package 'puzzle_pkg' build argument 'cmake_target' from command line to 'None'
[14.926s] Level 5:colcon.colcon_core.verb:set package 'puzzle_pkg' build argument 'cmake_target_skip_unavailable' from command line to 'False'
[14.926s] Level 5:colcon.colcon_core.verb:set package 'puzzle_pkg' build argument 'cmake_clean_cache' from command line to 'False'
[14.926s] Level 5:colcon.colcon_core.verb:set package 'puzzle_pkg' build argument 'cmake_clean_first' from command line to 'False'
[14.927s] Level 5:colcon.colcon_core.verb:set package 'puzzle_pkg' build argument 'cmake_force_configure' from command line to 'False'
[14.927s] Level 5:colcon.colcon_core.verb:set package 'puzzle_pkg' build argument 'ament_cmake_args' from command line to 'None'
[14.927s] Level 5:colcon.colcon_core.verb:set package 'puzzle_pkg' build argument 'catkin_cmake_args' from command line to 'None'
[14.927s] Level 5:colcon.colcon_core.verb:set package 'puzzle_pkg' build argument 'catkin_skip_building_tests' from command line to 'False'
[14.927s] DEBUG:colcon.colcon_core.verb:Building package 'puzzle_pkg' with the following arguments: {'ament_cmake_args': None, 'build_base': '/home/puzzlebot/Documents/PUXX_WS/TE3002B/puzzle_ws/build/puzzle_pkg', 'catkin_cmake_args': None, 'catkin_skip_building_tests': False, 'cmake_args': None, 'cmake_clean_cache': False, 'cmake_clean_first': False, 'cmake_force_configure': False, 'cmake_target': None, 'cmake_target_skip_unavailable': False, 'install_base': '/home/puzzlebot/Documents/PUXX_WS/TE3002B/puzzle_ws/install/puzzle_pkg', 'merge_install': False, 'path': '/home/puzzlebot/Documents/PUXX_WS/TE3002B/puzzle_ws/src/puzzle_pkg', 'symlink_install': False, 'test_result_base': None}
[15.123s] INFO:colcon.colcon_core.executor:Executing jobs using 'parallel' executor
[15.323s] DEBUG:colcon.colcon_parallel_executor.executor.parallel:run_until_complete
[15.324s] INFO:colcon.colcon_ros.task.ament_cmake.build:Building ROS package in '/home/puzzlebot/Documents/PUXX_WS/TE3002B/puzzle_ws/src/puzzle_pkg' with build type 'ament_cmake'
[15.325s] INFO:colcon.colcon_cmake.task.cmake.build:Building CMake package in '/home/puzzlebot/Documents/PUXX_WS/TE3002B/puzzle_ws/src/puzzle_pkg'
[15.534s] INFO:colcon.colcon_core.plugin_system:Skipping extension 'colcon_core.shell.bat': Not used on non-Windows systems
[15.535s] INFO:colcon.colcon_core.shell:Skip shell extension 'powershell' for command environment: Not usable outside of PowerShell
[15.535s] DEBUG:colcon.colcon_core.shell:Skip shell extension 'dsv' for command environment
[16.654s] DEBUG:colcon.colcon_core.event_handler.log_command:Invoking command in '/home/puzzlebot/Documents/PUXX_WS/TE3002B/puzzle_ws/build/puzzle_pkg': CMAKE_PREFIX_PATH=/home/puzzlebot/Documents/PUXX_WS/TE3002B/puzzle_ws/install/puzzle_pkg:/home/puzzlebot/ros2_ws/install/puzzlebot_ros:/opt/ros/humble:/home/puzzlebot/ros2_packages_ws/install/ros_deep_learning:/home/puzzlebot/ros2_packages_ws/install/micro_ros_setup:/home/puzzlebot/ros2_packages_ws/install/micro_ros_agent:/home/puzzlebot/ros2_packages_ws/install/micro_ros_msgs:/home/puzzlebot/ros2_packages_ws/install/camera_info_publisher /usr/bin/cmake --build /home/puzzlebot/Documents/PUXX_WS/TE3002B/puzzle_ws/build/puzzle_pkg -- -j4 -l4
[26.102s] DEBUG:colcon.colcon_core.event_handler.log_command:Invoked command in '/home/puzzlebot/Documents/PUXX_WS/TE3002B/puzzle_ws/build/puzzle_pkg' returned '0': CMAKE_PREFIX_PATH=/home/puzzlebot/Documents/PUXX_WS/TE3002B/puzzle_ws/install/puzzle_pkg:/home/puzzlebot/ros2_ws/install/puzzlebot_ros:/opt/ros/humble:/home/puzzlebot/ros2_packages_ws/install/ros_deep_learning:/home/puzzlebot/ros2_packages_ws/install/micro_ros_setup:/home/puzzlebot/ros2_packages_ws/install/micro_ros_agent:/home/puzzlebot/ros2_packages_ws/install/micro_ros_msgs:/home/puzzlebot/ros2_packages_ws/install/camera_info_publisher /usr/bin/cmake --build /home/puzzlebot/Documents/PUXX_WS/TE3002B/puzzle_ws/build/puzzle_pkg -- -j4 -l4
[26.380s] DEBUG:colcon.colcon_core.event_handler.log_command:Invoking command in '/home/puzzlebot/Documents/PUXX_WS/TE3002B/puzzle_ws/build/puzzle_pkg': CMAKE_PREFIX_PATH=/home/puzzlebot/Documents/PUXX_WS/TE3002B/puzzle_ws/install/puzzle_pkg:/home/puzzlebot/ros2_ws/install/puzzlebot_ros:/opt/ros/humble:/home/puzzlebot/ros2_packages_ws/install/ros_deep_learning:/home/puzzlebot/ros2_packages_ws/install/micro_ros_setup:/home/puzzlebot/ros2_packages_ws/install/micro_ros_agent:/home/puzzlebot/ros2_packages_ws/install/micro_ros_msgs:/home/puzzlebot/ros2_packages_ws/install/camera_info_publisher /usr/bin/cmake --install /home/puzzlebot/Documents/PUXX_WS/TE3002B/puzzle_ws/build/puzzle_pkg
[26.642s] Level 1:colcon.colcon_core.environment:create_environment_scripts_only(puzzle_pkg)
[26.644s] DEBUG:colcon.colcon_core.event_handler.log_command:Invoked command in '/home/puzzlebot/Documents/PUXX_WS/TE3002B/puzzle_ws/build/puzzle_pkg' returned '0': CMAKE_PREFIX_PATH=/home/puzzlebot/Documents/PUXX_WS/TE3002B/puzzle_ws/install/puzzle_pkg:/home/puzzlebot/ros2_ws/install/puzzlebot_ros:/opt/ros/humble:/home/puzzlebot/ros2_packages_ws/install/ros_deep_learning:/home/puzzlebot/ros2_packages_ws/install/micro_ros_setup:/home/puzzlebot/ros2_packages_ws/install/micro_ros_agent:/home/puzzlebot/ros2_packages_ws/install/micro_ros_msgs:/home/puzzlebot/ros2_packages_ws/install/camera_info_publisher /usr/bin/cmake --install /home/puzzlebot/Documents/PUXX_WS/TE3002B/puzzle_ws/build/puzzle_pkg
[26.873s] Level 1:colcon.colcon_core.environment:checking '/home/puzzlebot/Documents/PUXX_WS/TE3002B/puzzle_ws/install/puzzle_pkg' for CMake module files
[26.877s] Level 1:colcon.colcon_core.environment:checking '/home/puzzlebot/Documents/PUXX_WS/TE3002B/puzzle_ws/install/puzzle_pkg' for CMake config files
[26.881s] Level 1:colcon.colcon_core.shell:create_environment_hook('puzzle_pkg', 'cmake_prefix_path')
[27.091s] INFO:colcon.colcon_core.shell:Creating environment hook '/home/puzzlebot/Documents/PUXX_WS/TE3002B/puzzle_ws/install/puzzle_pkg/share/puzzle_pkg/hook/cmake_prefix_path.ps1'
[27.094s] INFO:colcon.colcon_core.shell:Creating environment descriptor '/home/puzzlebot/Documents/PUXX_WS/TE3002B/puzzle_ws/install/puzzle_pkg/share/puzzle_pkg/hook/cmake_prefix_path.dsv'
[27.096s] INFO:colcon.colcon_core.shell:Creating environment hook '/home/puzzlebot/Documents/PUXX_WS/TE3002B/puzzle_ws/install/puzzle_pkg/share/puzzle_pkg/hook/cmake_prefix_path.sh'
[27.099s] Level 1:colcon.colcon_core.environment:checking '/home/puzzlebot/Documents/PUXX_WS/TE3002B/puzzle_ws/install/puzzle_pkg/lib'
[27.100s] Level 1:colcon.colcon_core.shell:create_environment_hook('puzzle_pkg', 'ld_library_path_lib')
[27.309s] INFO:colcon.colcon_core.shell:Creating environment hook '/home/puzzlebot/Documents/PUXX_WS/TE3002B/puzzle_ws/install/puzzle_pkg/share/puzzle_pkg/hook/ld_library_path_lib.ps1'
[27.312s] INFO:colcon.colcon_core.shell:Creating environment descriptor '/home/puzzlebot/Documents/PUXX_WS/TE3002B/puzzle_ws/install/puzzle_pkg/share/puzzle_pkg/hook/ld_library_path_lib.dsv'
[27.313s] INFO:colcon.colcon_core.shell:Creating environment hook '/home/puzzlebot/Documents/PUXX_WS/TE3002B/puzzle_ws/install/puzzle_pkg/share/puzzle_pkg/hook/ld_library_path_lib.sh'
[27.315s] Level 1:colcon.colcon_core.environment:checking '/home/puzzlebot/Documents/PUXX_WS/TE3002B/puzzle_ws/install/puzzle_pkg/bin'
[27.315s] Level 1:colcon.colcon_core.environment:checking '/home/puzzlebot/Documents/PUXX_WS/TE3002B/puzzle_ws/install/puzzle_pkg/lib/pkgconfig/puzzle_pkg.pc'
[27.316s] Level 1:colcon.colcon_core.environment:checking '/home/puzzlebot/Documents/PUXX_WS/TE3002B/puzzle_ws/install/puzzle_pkg/lib/python3.8/site-packages'
[27.316s] Level 1:colcon.colcon_core.shell:create_environment_hook('puzzle_pkg', 'pythonpath')
[27.529s] INFO:colcon.colcon_core.shell:Creating environment hook '/home/puzzlebot/Documents/PUXX_WS/TE3002B/puzzle_ws/install/puzzle_pkg/share/puzzle_pkg/hook/pythonpath.ps1'
[27.531s] INFO:colcon.colcon_core.shell:Creating environment descriptor '/home/puzzlebot/Documents/PUXX_WS/TE3002B/puzzle_ws/install/puzzle_pkg/share/puzzle_pkg/hook/pythonpath.dsv'
[27.533s] INFO:colcon.colcon_core.shell:Creating environment hook '/home/puzzlebot/Documents/PUXX_WS/TE3002B/puzzle_ws/install/puzzle_pkg/share/puzzle_pkg/hook/pythonpath.sh'
[27.535s] Level 1:colcon.colcon_core.environment:checking '/home/puzzlebot/Documents/PUXX_WS/TE3002B/puzzle_ws/install/puzzle_pkg/bin'
[27.756s] INFO:colcon.colcon_core.shell:Creating package script '/home/puzzlebot/Documents/PUXX_WS/TE3002B/puzzle_ws/install/puzzle_pkg/share/puzzle_pkg/package.ps1'
[27.760s] INFO:colcon.colcon_core.shell:Creating package descriptor '/home/puzzlebot/Documents/PUXX_WS/TE3002B/puzzle_ws/install/puzzle_pkg/share/puzzle_pkg/package.dsv'
[27.762s] INFO:colcon.colcon_core.shell:Creating package script '/home/puzzlebot/Documents/PUXX_WS/TE3002B/puzzle_ws/install/puzzle_pkg/share/puzzle_pkg/package.sh'
[27.766s] INFO:colcon.colcon_core.shell:Creating package script '/home/puzzlebot/Documents/PUXX_WS/TE3002B/puzzle_ws/install/puzzle_pkg/share/puzzle_pkg/package.bash'
[27.769s] INFO:colcon.colcon_core.shell:Creating package script '/home/puzzlebot/Documents/PUXX_WS/TE3002B/puzzle_ws/install/puzzle_pkg/share/puzzle_pkg/package.zsh'
[27.771s] Level 1:colcon.colcon_core.environment:create_file_with_runtime_dependencies(/home/puzzlebot/Documents/PUXX_WS/TE3002B/puzzle_ws/install/puzzle_pkg/share/colcon-core/packages/puzzle_pkg)
[28.228s] Level 1:colcon.colcon_core.environment:create_environment_scripts_only(puzzle_pkg)
[28.445s] Level 1:colcon.colcon_core.environment:checking '/home/puzzlebot/Documents/PUXX_WS/TE3002B/puzzle_ws/install/puzzle_pkg' for CMake module files
[28.449s] Level 1:colcon.colcon_core.environment:checking '/home/puzzlebot/Documents/PUXX_WS/TE3002B/puzzle_ws/install/puzzle_pkg' for CMake config files
[28.451s] Level 1:colcon.colcon_core.shell:create_environment_hook('puzzle_pkg', 'cmake_prefix_path')
[28.660s] INFO:colcon.colcon_core.shell:Creating environment hook '/home/puzzlebot/Documents/PUXX_WS/TE3002B/puzzle_ws/install/puzzle_pkg/share/puzzle_pkg/hook/cmake_prefix_path.ps1'
[28.662s] INFO:colcon.colcon_core.shell:Creating environment descriptor '/home/puzzlebot/Documents/PUXX_WS/TE3002B/puzzle_ws/install/puzzle_pkg/share/puzzle_pkg/hook/cmake_prefix_path.dsv'
[28.663s] INFO:colcon.colcon_core.shell:Creating environment hook '/home/puzzlebot/Documents/PUXX_WS/TE3002B/puzzle_ws/install/puzzle_pkg/share/puzzle_pkg/hook/cmake_prefix_path.sh'
[28.665s] Level 1:colcon.colcon_core.environment:checking '/home/puzzlebot/Documents/PUXX_WS/TE3002B/puzzle_ws/install/puzzle_pkg/lib'
[28.666s] Level 1:colcon.colcon_core.shell:create_environment_hook('puzzle_pkg', 'ld_library_path_lib')
[28.878s] INFO:colcon.colcon_core.shell:Creating environment hook '/home/puzzlebot/Documents/PUXX_WS/TE3002B/puzzle_ws/install/puzzle_pkg/share/puzzle_pkg/hook/ld_library_path_lib.ps1'
[28.880s] INFO:colcon.colcon_core.shell:Creating environment descriptor '/home/puzzlebot/Documents/PUXX_WS/TE3002B/puzzle_ws/install/puzzle_pkg/share/puzzle_pkg/hook/ld_library_path_lib.dsv'
[28.881s] INFO:colcon.colcon_core.shell:Creating environment hook '/home/puzzlebot/Documents/PUXX_WS/TE3002B/puzzle_ws/install/puzzle_pkg/share/puzzle_pkg/hook/ld_library_path_lib.sh'
[28.883s] Level 1:colcon.colcon_core.environment:checking '/home/puzzlebot/Documents/PUXX_WS/TE3002B/puzzle_ws/install/puzzle_pkg/bin'
[28.883s] Level 1:colcon.colcon_core.environment:checking '/home/puzzlebot/Documents/PUXX_WS/TE3002B/puzzle_ws/install/puzzle_pkg/lib/pkgconfig/puzzle_pkg.pc'
[28.884s] Level 1:colcon.colcon_core.environment:checking '/home/puzzlebot/Documents/PUXX_WS/TE3002B/puzzle_ws/install/puzzle_pkg/lib/python3.8/site-packages'
[28.884s] Level 1:colcon.colcon_core.shell:create_environment_hook('puzzle_pkg', 'pythonpath')
[29.093s] INFO:colcon.colcon_core.shell:Creating environment hook '/home/puzzlebot/Documents/PUXX_WS/TE3002B/puzzle_ws/install/puzzle_pkg/share/puzzle_pkg/hook/pythonpath.ps1'
[29.094s] INFO:colcon.colcon_core.shell:Creating environment descriptor '/home/puzzlebot/Documents/PUXX_WS/TE3002B/puzzle_ws/install/puzzle_pkg/share/puzzle_pkg/hook/pythonpath.dsv'
[29.096s] INFO:colcon.colcon_core.shell:Creating environment hook '/home/puzzlebot/Documents/PUXX_WS/TE3002B/puzzle_ws/install/puzzle_pkg/share/puzzle_pkg/hook/pythonpath.sh'
[29.098s] Level 1:colcon.colcon_core.environment:checking '/home/puzzlebot/Documents/PUXX_WS/TE3002B/puzzle_ws/install/puzzle_pkg/bin'
[29.305s] INFO:colcon.colcon_core.shell:Creating package script '/home/puzzlebot/Documents/PUXX_WS/TE3002B/puzzle_ws/install/puzzle_pkg/share/puzzle_pkg/package.ps1'
[29.307s] INFO:colcon.colcon_core.shell:Creating package descriptor '/home/puzzlebot/Documents/PUXX_WS/TE3002B/puzzle_ws/install/puzzle_pkg/share/puzzle_pkg/package.dsv'
[29.310s] INFO:colcon.colcon_core.shell:Creating package script '/home/puzzlebot/Documents/PUXX_WS/TE3002B/puzzle_ws/install/puzzle_pkg/share/puzzle_pkg/package.sh'
[29.312s] INFO:colcon.colcon_core.shell:Creating package script '/home/puzzlebot/Documents/PUXX_WS/TE3002B/puzzle_ws/install/puzzle_pkg/share/puzzle_pkg/package.bash'
[29.314s] INFO:colcon.colcon_core.shell:Creating package script '/home/puzzlebot/Documents/PUXX_WS/TE3002B/puzzle_ws/install/puzzle_pkg/share/puzzle_pkg/package.zsh'
[29.315s] Level 1:colcon.colcon_core.environment:create_file_with_runtime_dependencies(/home/puzzlebot/Documents/PUXX_WS/TE3002B/puzzle_ws/install/puzzle_pkg/share/colcon-core/packages/puzzle_pkg)
[29.316s] DEBUG:colcon.colcon_parallel_executor.executor.parallel:closing loop
[29.318s] DEBUG:colcon.colcon_parallel_executor.executor.parallel:loop closed
[29.318s] DEBUG:colcon.colcon_parallel_executor.executor.parallel:run_until_complete finished with '0'
[29.319s] DEBUG:colcon.colcon_core.event_reactor:joining thread
[29.541s] INFO:colcon.colcon_core.plugin_system:Skipping extension 'colcon_notification.desktop_notification.terminal_notifier': Not used on non-Darwin systems
[29.541s] INFO:colcon.colcon_core.plugin_system:Skipping extension 'colcon_notification.desktop_notification.win32': Not used on non-Windows systems
[29.541s] INFO:colcon.colcon_notification.desktop_notification:Sending desktop notification using 'notify2'
[29.584s] DEBUG:colcon.colcon_core.event_reactor:joined thread
[29.804s] INFO:colcon.colcon_core.shell:Creating prefix script '/home/puzzlebot/Documents/PUXX_WS/TE3002B/puzzle_ws/install/local_setup.ps1'
[29.807s] INFO:colcon.colcon_core.shell:Creating prefix util module '/home/puzzlebot/Documents/PUXX_WS/TE3002B/puzzle_ws/install/_local_setup_util_ps1.py'
[29.813s] INFO:colcon.colcon_core.shell:Creating prefix chain script '/home/puzzlebot/Documents/PUXX_WS/TE3002B/puzzle_ws/install/setup.ps1'
[30.020s] INFO:colcon.colcon_core.shell:Creating prefix script '/home/puzzlebot/Documents/PUXX_WS/TE3002B/puzzle_ws/install/local_setup.sh'
[30.022s] INFO:colcon.colcon_core.shell:Creating prefix util module '/home/puzzlebot/Documents/PUXX_WS/TE3002B/puzzle_ws/install/_local_setup_util_sh.py'
[30.024s] INFO:colcon.colcon_core.shell:Creating prefix chain script '/home/puzzlebot/Documents/PUXX_WS/TE3002B/puzzle_ws/install/setup.sh'
[30.232s] INFO:colcon.colcon_core.shell:Creating prefix script '/home/puzzlebot/Documents/PUXX_WS/TE3002B/puzzle_ws/install/local_setup.bash'
[30.234s] INFO:colcon.colcon_core.shell:Creating prefix chain script '/home/puzzlebot/Documents/PUXX_WS/TE3002B/puzzle_ws/install/setup.bash'
[30.441s] INFO:colcon.colcon_core.shell:Creating prefix script '/home/puzzlebot/Documents/PUXX_WS/TE3002B/puzzle_ws/install/local_setup.zsh'
[30.443s] INFO:colcon.colcon_core.shell:Creating prefix chain script '/home/puzzlebot/Documents/PUXX_WS/TE3002B/puzzle_ws/install/setup.zsh'
