[15.073s] DEBUG:colcon:Command line arguments: ['/usr/bin/colcon', 'build']
[15.073s] DEBUG:colcon:Parsed command line arguments: Namespace(allow_overriding=[], ament_cmake_args=None, base_paths=['.'], build_base='build', catkin_cmake_args=None, catkin_skip_building_tests=False, cmake_args=None, cmake_clean_cache=False, cmake_clean_first=False, cmake_force_configure=False, cmake_target=None, cmake_target_skip_unavailable=False, continue_on_error=False, event_handlers=None, executor='parallel', ignore_user_meta=False, install_base='install', log_base=None, log_level=None, main=<bound method BuildVerb.main of <colcon_core.verb.build.BuildVerb object at 0x7fab0829a0>>, merge_install=False, metas=['./colcon.meta'], packages_above=None, packages_above_and_dependencies=None, packages_above_depth=None, packages_end=None, packages_ignore=None, packages_ignore_regex=None, packages_select=None, packages_select_build_failed=False, packages_select_by_dep=None, packages_select_regex=None, packages_select_test_failures=False, packages_skip=None, packages_skip_build_finished=False, packages_skip_by_dep=None, packages_skip_regex=None, packages_skip_test_passed=False, packages_skip_up_to=None, packages_start=None, packages_up_to=None, packages_up_to_regex=None, parallel_workers=4, paths=None, symlink_install=False, test_result_base=None, verb_extension=<colcon_core.verb.build.BuildVerb object at 0x7fab0829a0>, verb_name='build', verb_parser=<colcon_defaults.argument_parser.defaults.DefaultArgumentsDecorator object at 0x7faac70dc0>)
[15.765s] Level 1:colcon.colcon_core.package_discovery:discover_packages(colcon_meta) check parameters
[15.766s] Level 1:colcon.colcon_core.package_discovery:discover_packages(recursive) check parameters
[15.766s] Level 1:colcon.colcon_core.package_discovery:discover_packages(ignore) check parameters
[15.766s] Level 1:colcon.colcon_core.package_discovery:discover_packages(path) check parameters
[15.766s] Level 1:colcon.colcon_core.package_discovery:discover_packages(colcon_meta) discover
[15.767s] Level 1:colcon.colcon_core.package_discovery:discover_packages(recursive) discover
[15.767s] INFO:colcon.colcon_core.package_discovery:Crawling recursively for packages in '/home/puzzlebot/Desktop/PUXXY_NODE/TE3002B/lane_processing_ws'
[15.767s] Level 1:colcon.colcon_core.package_identification:_identify(.) by extensions ['ignore', 'ignore_ament_install']
[15.768s] Level 1:colcon.colcon_core.package_identification:_identify(.) by extension 'ignore'
[15.768s] Level 1:colcon.colcon_core.package_identification:_identify(.) by extension 'ignore_ament_install'
[15.769s] Level 1:colcon.colcon_core.package_identification:_identify(.) by extensions ['colcon_pkg']
[15.769s] Level 1:colcon.colcon_core.package_identification:_identify(.) by extension 'colcon_pkg'
[15.769s] Level 1:colcon.colcon_core.package_identification:_identify(.) by extensions ['colcon_meta']
[15.769s] Level 1:colcon.colcon_core.package_identification:_identify(.) by extension 'colcon_meta'
[15.770s] Level 1:colcon.colcon_core.package_identification:_identify(.) by extensions ['ros']
[15.770s] Level 1:colcon.colcon_core.package_identification:_identify(.) by extension 'ros'
[15.841s] Level 1:colcon.colcon_core.package_identification:_identify(.) by extensions ['cmake', 'python']
[15.841s] Level 1:colcon.colcon_core.package_identification:_identify(.) by extension 'cmake'
[15.842s] Level 1:colcon.colcon_core.package_identification:_identify(.) by extension 'python'
[15.842s] Level 1:colcon.colcon_core.package_identification:_identify(.) by extensions ['python_setup_py']
[15.842s] Level 1:colcon.colcon_core.package_identification:_identify(.) by extension 'python_setup_py'
[15.843s] Level 1:colcon.colcon_core.package_identification:_identify(build) by extensions ['ignore', 'ignore_ament_install']
[15.844s] Level 1:colcon.colcon_core.package_identification:_identify(build) by extension 'ignore'
[15.844s] Level 1:colcon.colcon_core.package_identification:_identify(build) ignored
[15.845s] Level 1:colcon.colcon_core.package_identification:_identify(install) by extensions ['ignore', 'ignore_ament_install']
[15.846s] Level 1:colcon.colcon_core.package_identification:_identify(install) by extension 'ignore'
[15.846s] Level 1:colcon.colcon_core.package_identification:_identify(install) ignored
[15.848s] Level 1:colcon.colcon_core.package_identification:_identify(log) by extensions ['ignore', 'ignore_ament_install']
[15.849s] Level 1:colcon.colcon_core.package_identification:_identify(log) by extension 'ignore'
[15.849s] Level 1:colcon.colcon_core.package_identification:_identify(log) ignored
[15.849s] Level 1:colcon.colcon_core.package_identification:_identify(src) by extensions ['ignore', 'ignore_ament_install']
[15.850s] Level 1:colcon.colcon_core.package_identification:_identify(src) by extension 'ignore'
[15.850s] Level 1:colcon.colcon_core.package_identification:_identify(src) by extension 'ignore_ament_install'
[15.851s] Level 1:colcon.colcon_core.package_identification:_identify(src) by extensions ['colcon_pkg']
[15.851s] Level 1:colcon.colcon_core.package_identification:_identify(src) by extension 'colcon_pkg'
[15.851s] Level 1:colcon.colcon_core.package_identification:_identify(src) by extensions ['colcon_meta']
[15.851s] Level 1:colcon.colcon_core.package_identification:_identify(src) by extension 'colcon_meta'
[15.851s] Level 1:colcon.colcon_core.package_identification:_identify(src) by extensions ['ros']
[15.852s] Level 1:colcon.colcon_core.package_identification:_identify(src) by extension 'ros'
[15.852s] Level 1:colcon.colcon_core.package_identification:_identify(src) by extensions ['cmake', 'python']
[15.852s] Level 1:colcon.colcon_core.package_identification:_identify(src) by extension 'cmake'
[15.853s] Level 1:colcon.colcon_core.package_identification:_identify(src) by extension 'python'
[15.853s] Level 1:colcon.colcon_core.package_identification:_identify(src) by extensions ['python_setup_py']
[15.853s] Level 1:colcon.colcon_core.package_identification:_identify(src) by extension 'python_setup_py'
[15.854s] Level 1:colcon.colcon_core.package_identification:_identify(src/lane_processing) by extensions ['ignore', 'ignore_ament_install']
[15.854s] Level 1:colcon.colcon_core.package_identification:_identify(src/lane_processing) by extension 'ignore'
[15.854s] Level 1:colcon.colcon_core.package_identification:_identify(src/lane_processing) by extension 'ignore_ament_install'
[15.854s] Level 1:colcon.colcon_core.package_identification:_identify(src/lane_processing) by extensions ['colcon_pkg']
[15.855s] Level 1:colcon.colcon_core.package_identification:_identify(src/lane_processing) by extension 'colcon_pkg'
[15.855s] Level 1:colcon.colcon_core.package_identification:_identify(src/lane_processing) by extensions ['colcon_meta']
[15.855s] Level 1:colcon.colcon_core.package_identification:_identify(src/lane_processing) by extension 'colcon_meta'
[15.855s] Level 1:colcon.colcon_core.package_identification:_identify(src/lane_processing) by extensions ['ros']
[15.855s] Level 1:colcon.colcon_core.package_identification:_identify(src/lane_processing) by extension 'ros'
[15.869s] DEBUG:colcon.colcon_core.package_identification:Package 'src/lane_processing' with type 'ros.ament_cmake' and name 'lane_processing'
[15.870s] Level 1:colcon.colcon_core.package_discovery:discover_packages(recursive) using defaults
[15.870s] Level 1:colcon.colcon_core.package_discovery:discover_packages(ignore) discover
[15.870s] Level 1:colcon.colcon_core.package_discovery:discover_packages(ignore) using defaults
[15.870s] Level 1:colcon.colcon_core.package_discovery:discover_packages(path) discover
[15.870s] Level 1:colcon.colcon_core.package_discovery:discover_packages(path) using defaults
[17.201s] Level 1:colcon.colcon_core.package_discovery:discover_packages(prefix_path) check parameters
[17.202s] Level 1:colcon.colcon_core.package_discovery:discover_packages(prefix_path) discover
[17.708s] DEBUG:colcon.colcon_installed_package_information.package_discovery:Found 1 installed packages in /home/puzzlebot/Desktop/PUXXY_NODE/TE3002B/lane_processing_ws/install
[17.962s] DEBUG:colcon.colcon_installed_package_information.package_discovery:Found 1 installed packages in /home/puzzlebot/ros2_ws/install
[18.215s] DEBUG:colcon.colcon_installed_package_information.package_discovery:Found 5 installed packages in /home/puzzlebot/ros2_packages_ws/install
[18.517s] DEBUG:colcon.colcon_installed_package_information.package_discovery:Found 281 installed packages in /opt/ros/humble
[18.526s] Level 1:colcon.colcon_core.package_discovery:discover_packages(prefix_path) using defaults
[19.682s] Level 5:colcon.colcon_core.verb:set package 'lane_processing' build argument 'cmake_args' from command line to 'None'
[19.682s] Level 5:colcon.colcon_core.verb:set package 'lane_processing' build argument 'cmake_target' from command line to 'None'
[19.682s] Level 5:colcon.colcon_core.verb:set package 'lane_processing' build argument 'cmake_target_skip_unavailable' from command line to 'False'
[19.682s] Level 5:colcon.colcon_core.verb:set package 'lane_processing' build argument 'cmake_clean_cache' from command line to 'False'
[19.683s] Level 5:colcon.colcon_core.verb:set package 'lane_processing' build argument 'cmake_clean_first' from command line to 'False'
[19.683s] Level 5:colcon.colcon_core.verb:set package 'lane_processing' build argument 'cmake_force_configure' from command line to 'False'
[19.683s] Level 5:colcon.colcon_core.verb:set package 'lane_processing' build argument 'ament_cmake_args' from command line to 'None'
[19.683s] Level 5:colcon.colcon_core.verb:set package 'lane_processing' build argument 'catkin_cmake_args' from command line to 'None'
[19.683s] Level 5:colcon.colcon_core.verb:set package 'lane_processing' build argument 'catkin_skip_building_tests' from command line to 'False'
[19.683s] DEBUG:colcon.colcon_core.verb:Building package 'lane_processing' with the following arguments: {'ament_cmake_args': None, 'build_base': '/home/puzzlebot/Desktop/PUXXY_NODE/TE3002B/lane_processing_ws/build/lane_processing', 'catkin_cmake_args': None, 'catkin_skip_building_tests': False, 'cmake_args': None, 'cmake_clean_cache': False, 'cmake_clean_first': False, 'cmake_force_configure': False, 'cmake_target': None, 'cmake_target_skip_unavailable': False, 'install_base': '/home/puzzlebot/Desktop/PUXXY_NODE/TE3002B/lane_processing_ws/install/lane_processing', 'merge_install': False, 'path': '/home/puzzlebot/Desktop/PUXXY_NODE/TE3002B/lane_processing_ws/src/lane_processing', 'symlink_install': False, 'test_result_base': None}
[19.929s] INFO:colcon.colcon_core.executor:Executing jobs using 'parallel' executor
[20.175s] DEBUG:colcon.colcon_parallel_executor.executor.parallel:run_until_complete
[20.176s] INFO:colcon.colcon_ros.task.ament_cmake.build:Building ROS package in '/home/puzzlebot/Desktop/PUXXY_NODE/TE3002B/lane_processing_ws/src/lane_processing' with build type 'ament_cmake'
[20.177s] INFO:colcon.colcon_cmake.task.cmake.build:Building CMake package in '/home/puzzlebot/Desktop/PUXXY_NODE/TE3002B/lane_processing_ws/src/lane_processing'
[20.451s] INFO:colcon.colcon_core.plugin_system:Skipping extension 'colcon_core.shell.bat': Not used on non-Windows systems
[20.452s] INFO:colcon.colcon_core.shell:Skip shell extension 'powershell' for command environment: Not usable outside of PowerShell
[20.452s] DEBUG:colcon.colcon_core.shell:Skip shell extension 'dsv' for command environment
[21.851s] DEBUG:colcon.colcon_core.event_handler.log_command:Invoking command in '/home/puzzlebot/Desktop/PUXXY_NODE/TE3002B/lane_processing_ws/build/lane_processing': CMAKE_PREFIX_PATH=/home/puzzlebot/Desktop/PUXXY_NODE/TE3002B/lane_processing_ws/install/lane_processing:/home/puzzlebot/ros2_ws/install/puzzlebot_ros:/opt/ros/humble:/home/puzzlebot/ros2_packages_ws/install/ros_deep_learning:/home/puzzlebot/ros2_packages_ws/install/micro_ros_setup:/home/puzzlebot/ros2_packages_ws/install/micro_ros_agent:/home/puzzlebot/ros2_packages_ws/install/micro_ros_msgs:/home/puzzlebot/ros2_packages_ws/install/camera_info_publisher /usr/bin/cmake --build /home/puzzlebot/Desktop/PUXXY_NODE/TE3002B/lane_processing_ws/build/lane_processing -- -j4 -l4
[32.139s] DEBUG:colcon.colcon_core.event_handler.log_command:Invoked command in '/home/puzzlebot/Desktop/PUXXY_NODE/TE3002B/lane_processing_ws/build/lane_processing' returned '2': CMAKE_PREFIX_PATH=/home/puzzlebot/Desktop/PUXXY_NODE/TE3002B/lane_processing_ws/install/lane_processing:/home/puzzlebot/ros2_ws/install/puzzlebot_ros:/opt/ros/humble:/home/puzzlebot/ros2_packages_ws/install/ros_deep_learning:/home/puzzlebot/ros2_packages_ws/install/micro_ros_setup:/home/puzzlebot/ros2_packages_ws/install/micro_ros_agent:/home/puzzlebot/ros2_packages_ws/install/micro_ros_msgs:/home/puzzlebot/ros2_packages_ws/install/camera_info_publisher /usr/bin/cmake --build /home/puzzlebot/Desktop/PUXXY_NODE/TE3002B/lane_processing_ws/build/lane_processing -- -j4 -l4
[32.526s] Level 1:colcon.colcon_core.environment:create_environment_scripts_only(lane_processing)
[32.792s] Level 1:colcon.colcon_core.environment:checking '/home/puzzlebot/Desktop/PUXXY_NODE/TE3002B/lane_processing_ws/install/lane_processing' for CMake module files
[32.796s] Level 1:colcon.colcon_core.environment:checking '/home/puzzlebot/Desktop/PUXXY_NODE/TE3002B/lane_processing_ws/install/lane_processing' for CMake config files
[32.798s] Level 1:colcon.colcon_core.shell:create_environment_hook('lane_processing', 'cmake_prefix_path')
[33.054s] INFO:colcon.colcon_core.shell:Creating environment hook '/home/puzzlebot/Desktop/PUXXY_NODE/TE3002B/lane_processing_ws/install/lane_processing/share/lane_processing/hook/cmake_prefix_path.ps1'
[33.058s] INFO:colcon.colcon_core.shell:Creating environment descriptor '/home/puzzlebot/Desktop/PUXXY_NODE/TE3002B/lane_processing_ws/install/lane_processing/share/lane_processing/hook/cmake_prefix_path.dsv'
[33.060s] INFO:colcon.colcon_core.shell:Creating environment hook '/home/puzzlebot/Desktop/PUXXY_NODE/TE3002B/lane_processing_ws/install/lane_processing/share/lane_processing/hook/cmake_prefix_path.sh'
[33.064s] Level 1:colcon.colcon_core.environment:checking '/home/puzzlebot/Desktop/PUXXY_NODE/TE3002B/lane_processing_ws/install/lane_processing/lib'
[33.065s] Level 1:colcon.colcon_core.environment:checking '/home/puzzlebot/Desktop/PUXXY_NODE/TE3002B/lane_processing_ws/install/lane_processing/bin'
[33.065s] Level 1:colcon.colcon_core.environment:checking '/home/puzzlebot/Desktop/PUXXY_NODE/TE3002B/lane_processing_ws/install/lane_processing/lib/pkgconfig/lane_processing.pc'
[33.066s] Level 1:colcon.colcon_core.environment:checking '/home/puzzlebot/Desktop/PUXXY_NODE/TE3002B/lane_processing_ws/install/lane_processing/lib/python3.8/site-packages'
[33.067s] Level 1:colcon.colcon_core.environment:checking '/home/puzzlebot/Desktop/PUXXY_NODE/TE3002B/lane_processing_ws/install/lane_processing/bin'
[33.323s] INFO:colcon.colcon_core.shell:Creating package script '/home/puzzlebot/Desktop/PUXXY_NODE/TE3002B/lane_processing_ws/install/lane_processing/share/lane_processing/package.ps1'
[33.327s] INFO:colcon.colcon_core.shell:Creating package descriptor '/home/puzzlebot/Desktop/PUXXY_NODE/TE3002B/lane_processing_ws/install/lane_processing/share/lane_processing/package.dsv'
[33.330s] INFO:colcon.colcon_core.shell:Creating package script '/home/puzzlebot/Desktop/PUXXY_NODE/TE3002B/lane_processing_ws/install/lane_processing/share/lane_processing/package.sh'
[33.334s] INFO:colcon.colcon_core.shell:Creating package script '/home/puzzlebot/Desktop/PUXXY_NODE/TE3002B/lane_processing_ws/install/lane_processing/share/lane_processing/package.bash'
[33.338s] INFO:colcon.colcon_core.shell:Creating package script '/home/puzzlebot/Desktop/PUXXY_NODE/TE3002B/lane_processing_ws/install/lane_processing/share/lane_processing/package.zsh'
[33.342s] Level 1:colcon.colcon_core.environment:create_file_with_runtime_dependencies(/home/puzzlebot/Desktop/PUXXY_NODE/TE3002B/lane_processing_ws/install/lane_processing/share/colcon-core/packages/lane_processing)
[33.354s] DEBUG:colcon.colcon_parallel_executor.executor.parallel:closing loop
[33.355s] DEBUG:colcon.colcon_parallel_executor.executor.parallel:loop closed
[33.355s] DEBUG:colcon.colcon_parallel_executor.executor.parallel:run_until_complete finished with '2'
[33.355s] DEBUG:colcon.colcon_core.event_reactor:joining thread
[33.627s] INFO:colcon.colcon_core.plugin_system:Skipping extension 'colcon_notification.desktop_notification.terminal_notifier': Not used on non-Darwin systems
[33.628s] INFO:colcon.colcon_core.plugin_system:Skipping extension 'colcon_notification.desktop_notification.win32': Not used on non-Windows systems
[33.628s] INFO:colcon.colcon_notification.desktop_notification:Sending desktop notification using 'notify2'
[33.688s] DEBUG:colcon.colcon_core.event_reactor:joined thread
[33.970s] INFO:colcon.colcon_core.shell:Creating prefix script '/home/puzzlebot/Desktop/PUXXY_NODE/TE3002B/lane_processing_ws/install/local_setup.ps1'
[33.974s] INFO:colcon.colcon_core.shell:Creating prefix util module '/home/puzzlebot/Desktop/PUXXY_NODE/TE3002B/lane_processing_ws/install/_local_setup_util_ps1.py'
[33.981s] INFO:colcon.colcon_core.shell:Creating prefix chain script '/home/puzzlebot/Desktop/PUXXY_NODE/TE3002B/lane_processing_ws/install/setup.ps1'
[34.241s] INFO:colcon.colcon_core.shell:Creating prefix script '/home/puzzlebot/Desktop/PUXXY_NODE/TE3002B/lane_processing_ws/install/local_setup.sh'
[34.244s] INFO:colcon.colcon_core.shell:Creating prefix util module '/home/puzzlebot/Desktop/PUXXY_NODE/TE3002B/lane_processing_ws/install/_local_setup_util_sh.py'
[34.247s] INFO:colcon.colcon_core.shell:Creating prefix chain script '/home/puzzlebot/Desktop/PUXXY_NODE/TE3002B/lane_processing_ws/install/setup.sh'
[34.506s] INFO:colcon.colcon_core.shell:Creating prefix script '/home/puzzlebot/Desktop/PUXXY_NODE/TE3002B/lane_processing_ws/install/local_setup.bash'
[34.509s] INFO:colcon.colcon_core.shell:Creating prefix chain script '/home/puzzlebot/Desktop/PUXXY_NODE/TE3002B/lane_processing_ws/install/setup.bash'
[34.773s] INFO:colcon.colcon_core.shell:Creating prefix script '/home/puzzlebot/Desktop/PUXXY_NODE/TE3002B/lane_processing_ws/install/local_setup.zsh'
[34.776s] INFO:colcon.colcon_core.shell:Creating prefix chain script '/home/puzzlebot/Desktop/PUXXY_NODE/TE3002B/lane_processing_ws/install/setup.zsh'
