[1.634s] Invoking command in '/home/puzzlebot/Desktop/PUXXY_NODE/TE3002B/lane_processing_ws/build/lane_processing': CMAKE_PREFIX_PATH=/home/puzzlebot/Desktop/PUXXY_NODE/TE3002B/lane_processing_ws/install/lane_processing:/home/puzzlebot/ros2_ws/install/puzzlebot_ros:/opt/ros/humble:/home/puzzlebot/ros2_packages_ws/install/ros_deep_learning:/home/puzzlebot/ros2_packages_ws/install/micro_ros_setup:/home/puzzlebot/ros2_packages_ws/install/micro_ros_agent:/home/puzzlebot/ros2_packages_ws/install/micro_ros_msgs:/home/puzzlebot/ros2_packages_ws/install/camera_info_publisher /usr/bin/cmake --build /home/puzzlebot/Desktop/PUXXY_NODE/TE3002B/lane_processing_ws/build/lane_processing -- -j4 -l4
[1.820s] [35m[1mScanning dependencies of target lane_processing[0m
[2.374s] [ 20%] [32mBuilding CXX object CMakeFiles/lane_processing.dir/src/lane_detection.cpp.o[0m
[53.884s] [ 40%] [32m[1mLinking CXX executable lane_processing[0m
[58.011s] [100%] Built target lane_processing
[58.064s] Invoked command in '/home/puzzlebot/Desktop/PUXXY_NODE/TE3002B/lane_processing_ws/build/lane_processing' returned '0': CMAKE_PREFIX_PATH=/home/puzzlebot/Desktop/PUXXY_NODE/TE3002B/lane_processing_ws/install/lane_processing:/home/puzzlebot/ros2_ws/install/puzzlebot_ros:/opt/ros/humble:/home/puzzlebot/ros2_packages_ws/install/ros_deep_learning:/home/puzzlebot/ros2_packages_ws/install/micro_ros_setup:/home/puzzlebot/ros2_packages_ws/install/micro_ros_agent:/home/puzzlebot/ros2_packages_ws/install/micro_ros_msgs:/home/puzzlebot/ros2_packages_ws/install/camera_info_publisher /usr/bin/cmake --build /home/puzzlebot/Desktop/PUXXY_NODE/TE3002B/lane_processing_ws/build/lane_processing -- -j4 -l4
[58.228s] Invoking command in '/home/puzzlebot/Desktop/PUXXY_NODE/TE3002B/lane_processing_ws/build/lane_processing': CMAKE_PREFIX_PATH=/home/puzzlebot/Desktop/PUXXY_NODE/TE3002B/lane_processing_ws/install/lane_processing:/home/puzzlebot/ros2_ws/install/puzzlebot_ros:/opt/ros/humble:/home/puzzlebot/ros2_packages_ws/install/ros_deep_learning:/home/puzzlebot/ros2_packages_ws/install/micro_ros_setup:/home/puzzlebot/ros2_packages_ws/install/micro_ros_agent:/home/puzzlebot/ros2_packages_ws/install/micro_ros_msgs:/home/puzzlebot/ros2_packages_ws/install/camera_info_publisher /usr/bin/cmake --install /home/puzzlebot/Desktop/PUXXY_NODE/TE3002B/lane_processing_ws/build/lane_processing
[58.263s] -- Install configuration: ""
[58.282s] -- Installing: /home/puzzlebot/Desktop/PUXXY_NODE/TE3002B/lane_processing_ws/install/lane_processing/lib/lane_processing/lane_processing
[58.297s] -- Set runtime path of "/home/puzzlebot/Desktop/PUXXY_NODE/TE3002B/lane_processing_ws/install/lane_processing/lib/lane_processing/lane_processing" to ""
[58.303s] -- Up-to-date: /home/puzzlebot/Desktop/PUXXY_NODE/TE3002B/lane_processing_ws/install/lane_processing/share/ament_index/resource_index/package_run_dependencies/lane_processing
[58.304s] -- Up-to-date: /home/puzzlebot/Desktop/PUXXY_NODE/TE3002B/lane_processing_ws/install/lane_processing/share/ament_index/resource_index/parent_prefix_path/lane_processing
[58.314s] -- Up-to-date: /home/puzzlebot/Desktop/PUXXY_NODE/TE3002B/lane_processing_ws/install/lane_processing/share/lane_processing/environment/ament_prefix_path.sh
[58.315s] -- Up-to-date: /home/puzzlebot/Desktop/PUXXY_NODE/TE3002B/lane_processing_ws/install/lane_processing/share/lane_processing/environment/ament_prefix_path.dsv
[58.315s] -- Up-to-date: /home/puzzlebot/Desktop/PUXXY_NODE/TE3002B/lane_processing_ws/install/lane_processing/share/lane_processing/environment/path.sh
[58.316s] -- Up-to-date: /home/puzzlebot/Desktop/PUXXY_NODE/TE3002B/lane_processing_ws/install/lane_processing/share/lane_processing/environment/path.dsv
[58.316s] -- Up-to-date: /home/puzzlebot/Desktop/PUXXY_NODE/TE3002B/lane_processing_ws/install/lane_processing/share/lane_processing/local_setup.bash
[58.317s] -- Up-to-date: /home/puzzlebot/Desktop/PUXXY_NODE/TE3002B/lane_processing_ws/install/lane_processing/share/lane_processing/local_setup.sh
[58.317s] -- Up-to-date: /home/puzzlebot/Desktop/PUXXY_NODE/TE3002B/lane_processing_ws/install/lane_processing/share/lane_processing/local_setup.zsh
[58.318s] -- Up-to-date: /home/puzzlebot/Desktop/PUXXY_NODE/TE3002B/lane_processing_ws/install/lane_processing/share/lane_processing/local_setup.dsv
[58.318s] -- Installing: /home/puzzlebot/Desktop/PUXXY_NODE/TE3002B/lane_processing_ws/install/lane_processing/share/lane_processing/package.dsv
[58.319s] -- Up-to-date: /home/puzzlebot/Desktop/PUXXY_NODE/TE3002B/lane_processing_ws/install/lane_processing/share/ament_index/resource_index/packages/lane_processing
[58.320s] -- Up-to-date: /home/puzzlebot/Desktop/PUXXY_NODE/TE3002B/lane_processing_ws/install/lane_processing/share/lane_processing/cmake/lane_processingConfig.cmake
[58.321s] -- Up-to-date: /home/puzzlebot/Desktop/PUXXY_NODE/TE3002B/lane_processing_ws/install/lane_processing/share/lane_processing/cmake/lane_processingConfig-version.cmake
[58.322s] -- Up-to-date: /home/puzzlebot/Desktop/PUXXY_NODE/TE3002B/lane_processing_ws/install/lane_processing/share/lane_processing/package.xml
[58.335s] Invoked command in '/home/puzzlebot/Desktop/PUXXY_NODE/TE3002B/lane_processing_ws/build/lane_processing' returned '0': CMAKE_PREFIX_PATH=/home/puzzlebot/Desktop/PUXXY_NODE/TE3002B/lane_processing_ws/install/lane_processing:/home/puzzlebot/ros2_ws/install/puzzlebot_ros:/opt/ros/humble:/home/puzzlebot/ros2_packages_ws/install/ros_deep_learning:/home/puzzlebot/ros2_packages_ws/install/micro_ros_setup:/home/puzzlebot/ros2_packages_ws/install/micro_ros_agent:/home/puzzlebot/ros2_packages_ws/install/micro_ros_msgs:/home/puzzlebot/ros2_packages_ws/install/camera_info_publisher /usr/bin/cmake --install /home/puzzlebot/Desktop/PUXXY_NODE/TE3002B/lane_processing_ws/build/lane_processing
