[35m[1mScanning dependencies of target lane_processing[0m
[ 25%] [32mBuilding CXX object CMakeFiles/lane_processing.dir/src/lane_detection.cpp.o[0m
[ 50%] [32mBuilding CXX object CMakeFiles/lane_processing.dir/src/lib/cv_wrapper.cpp.o[0m
[ 75%] [32mBuilding CXX object CMakeFiles/lane_processing.dir/src/lib/perspective.cpp.o[0m
In file included from [01m[K/home/puzzlebot/Desktop/PUXXY_NODE/TE3002B/lane_processing_ws/src/lane_processing/include/lane_processing/cv_wrapper.h:6[m[K,
                 from [01m[K/home/puzzlebot/Desktop/PUXXY_NODE/TE3002B/lane_processing_ws/src/lane_processing/src/lib/cv_wrapper.cpp:1[m[K:
[01m[K/home/puzzlebot/Desktop/PUXXY_NODE/TE3002B/lane_processing_ws/src/lane_processing/include/lane_processing/lane_params.h:35:42:[m[K [01;35m[Kwarning: [m[K‘[01m[KCROP_PARAMS[m[K’ initialized and declared ‘[01m[Kextern[m[K’
 extern std::map<std::string, CropParams> [01;35m[KCROP_PARAMS[m[K = {
                                          [01;35m[K^~~~~~~~~~~[m[K
In file included from [01m[K/home/puzzlebot/Desktop/PUXXY_NODE/TE3002B/lane_processing_ws/src/lane_processing/include/lane_processing/perspective.h:5[m[K,
                 from [01m[K/home/puzzlebot/Desktop/PUXXY_NODE/TE3002B/lane_processing_ws/src/lane_processing/src/lib/perspective.cpp:1[m[K:
[01m[K/home/puzzlebot/Desktop/PUXXY_NODE/TE3002B/lane_processing_ws/src/lane_processing/include/lane_processing/lane_params.h:35:42:[m[K [01;35m[Kwarning: [m[K‘[01m[KCROP_PARAMS[m[K’ initialized and declared ‘[01m[Kextern[m[K’
 extern std::map<std::string, CropParams> [01;35m[KCROP_PARAMS[m[K = {
                                          [01;35m[K^~~~~~~~~~~[m[K
In file included from [01m[K/home/puzzlebot/Desktop/PUXXY_NODE/TE3002B/lane_processing_ws/src/lane_processing/include/lane_processing/cv_wrapper.h:6[m[K,
                 from [01m[K/home/puzzlebot/Desktop/PUXXY_NODE/TE3002B/lane_processing_ws/src/lane_processing/src/lane_detection.cpp:9[m[K:
[01m[K/home/puzzlebot/Desktop/PUXXY_NODE/TE3002B/lane_processing_ws/src/lane_processing/include/lane_processing/lane_params.h:35:42:[m[K [01;35m[Kwarning: [m[K‘[01m[KCROP_PARAMS[m[K’ initialized and declared ‘[01m[Kextern[m[K’
 extern std::map<std::string, CropParams> [01;35m[KCROP_PARAMS[m[K = {
                                          [01;35m[K^~~~~~~~~~~[m[K
[100%] [32m[1mLinking CXX executable lane_processing[0m
/usr/bin/ld: CMakeFiles/lane_processing.dir/src/lib/cv_wrapper.cpp.o:(.rodata+0x8): multiple definition of `PERSPECTIVE_CONFIG'; CMakeFiles/lane_processing.dir/src/lane_detection.cpp.o:(.rodata+0xa88): first defined here
/usr/bin/ld: CMakeFiles/lane_processing.dir/src/lib/cv_wrapper.cpp.o:(.rodata+0x20): multiple definition of `REAL_CARTESIAN_CONFIG'; CMakeFiles/lane_processing.dir/src/lane_detection.cpp.o:(.rodata+0xaa0): first defined here
/usr/bin/ld: CMakeFiles/lane_processing.dir/src/lib/cv_wrapper.cpp.o:(.bss+0x0): multiple definition of `CROP_PARAMS[abi:cxx11]'; CMakeFiles/lane_processing.dir/src/lane_detection.cpp.o:(.bss+0x0): first defined here
/usr/bin/ld: CMakeFiles/lane_processing.dir/src/lib/perspective.cpp.o:(.rodata+0x28): multiple definition of `PERSPECTIVE_CONFIG'; CMakeFiles/lane_processing.dir/src/lane_detection.cpp.o:(.rodata+0xa88): first defined here
/usr/bin/ld: CMakeFiles/lane_processing.dir/src/lib/perspective.cpp.o:(.rodata+0x40): multiple definition of `REAL_CARTESIAN_CONFIG'; CMakeFiles/lane_processing.dir/src/lane_detection.cpp.o:(.rodata+0xaa0): first defined here
/usr/bin/ld: CMakeFiles/lane_processing.dir/src/lib/perspective.cpp.o:(.bss+0x0): multiple definition of `CROP_PARAMS[abi:cxx11]'; CMakeFiles/lane_processing.dir/src/lane_detection.cpp.o:(.bss+0x0): first defined here
collect2: error: ld returned 1 exit status
make[2]: *** [CMakeFiles/lane_processing.dir/build.make:198: lane_processing] Error 1
make[1]: *** [CMakeFiles/Makefile2:78: CMakeFiles/lane_processing.dir/all] Error 2
make: *** [Makefile:141: all] Error 2
