[0.139s] Invoking command in '/home/puzzlebot/Documents/PUXXY_NODE/TE3002B/puzzle_ws/build/image_geometry': CMAKE_PREFIX_PATH=/home/puzzlebot/ros2_ws/install/puzzlebot_ros:/opt/ros/humble:${CMAKE_PREFIX_PATH} /usr/bin/cmake --build /home/puzzlebot/Documents/PUXXY_NODE/TE3002B/puzzle_ws/build/image_geometry -- -j4 -l4
[0.836s] [ 55%] Built target gtest
[0.841s] [ 33%] Built target image_geometry
[0.938s] [ 77%] Built target gtest_main
[0.999s] [ 77%] Built target ament_cmake_python_copy_image_geometry
[1.228s] [100%] Built target image_geometry-utest
[2.466s] running egg_info
[2.469s] writing image_geometry.egg-info/PKG-INFO
[2.469s] writing dependency_links to image_geometry.egg-info/dependency_links.txt
[2.470s] writing top-level names to image_geometry.egg-info/top_level.txt
[2.644s] reading manifest file 'image_geometry.egg-info/SOURCES.txt'
[2.649s] writing manifest file 'image_geometry.egg-info/SOURCES.txt'
[2.772s] [100%] Built target ament_cmake_python_build_image_geometry_egg
[2.823s] Invoked command in '/home/puzzlebot/Documents/PUXXY_NODE/TE3002B/puzzle_ws/build/image_geometry' returned '0': CMAKE_PREFIX_PATH=/home/puzzlebot/ros2_ws/install/puzzlebot_ros:/opt/ros/humble:${CMAKE_PREFIX_PATH} /usr/bin/cmake --build /home/puzzlebot/Documents/PUXXY_NODE/TE3002B/puzzle_ws/build/image_geometry -- -j4 -l4
[2.979s] Invoking command in '/home/puzzlebot/Documents/PUXXY_NODE/TE3002B/puzzle_ws/build/image_geometry': CMAKE_PREFIX_PATH=/home/puzzlebot/ros2_ws/install/puzzlebot_ros:/opt/ros/humble:${CMAKE_PREFIX_PATH} /usr/bin/cmake --install /home/puzzlebot/Documents/PUXXY_NODE/TE3002B/puzzle_ws/build/image_geometry
[3.017s] -- Install configuration: ""
[3.020s] -- Up-to-date: /home/puzzlebot/Documents/PUXXY_NODE/TE3002B/puzzle_ws/install/image_geometry/share/image_geometry/environment/pythonpath.sh
[3.022s] -- Up-to-date: /home/puzzlebot/Documents/PUXXY_NODE/TE3002B/puzzle_ws/install/image_geometry/share/image_geometry/environment/pythonpath.dsv
[3.023s] -- Up-to-date: /home/puzzlebot/Documents/PUXXY_NODE/TE3002B/puzzle_ws/install/image_geometry/lib/python3.8/site-packages/image_geometry-3.2.1-py3.8.egg-info
[3.023s] -- Installing: /home/puzzlebot/Documents/PUXXY_NODE/TE3002B/puzzle_ws/install/image_geometry/lib/python3.8/site-packages/image_geometry-3.2.1-py3.8.egg-info/top_level.txt
[3.025s] -- Installing: /home/puzzlebot/Documents/PUXXY_NODE/TE3002B/puzzle_ws/install/image_geometry/lib/python3.8/site-packages/image_geometry-3.2.1-py3.8.egg-info/PKG-INFO
[3.040s] -- Installing: /home/puzzlebot/Documents/PUXXY_NODE/TE3002B/puzzle_ws/install/image_geometry/lib/python3.8/site-packages/image_geometry-3.2.1-py3.8.egg-info/SOURCES.txt
[3.041s] -- Installing: /home/puzzlebot/Documents/PUXXY_NODE/TE3002B/puzzle_ws/install/image_geometry/lib/python3.8/site-packages/image_geometry-3.2.1-py3.8.egg-info/dependency_links.txt
[3.041s] -- Up-to-date: /home/puzzlebot/Documents/PUXXY_NODE/TE3002B/puzzle_ws/install/image_geometry/lib/python3.8/site-packages/image_geometry
[3.042s] -- Up-to-date: /home/puzzlebot/Documents/PUXXY_NODE/TE3002B/puzzle_ws/install/image_geometry/lib/python3.8/site-packages/image_geometry/cameramodels.py
[3.042s] -- Up-to-date: /home/puzzlebot/Documents/PUXXY_NODE/TE3002B/puzzle_ws/install/image_geometry/lib/python3.8/site-packages/image_geometry/__init__.py
[3.188s] Listing '/home/puzzlebot/Documents/PUXXY_NODE/TE3002B/puzzle_ws/install/image_geometry/lib/python3.8/site-packages/image_geometry'...
[3.209s] -- Up-to-date: /home/puzzlebot/Documents/PUXXY_NODE/TE3002B/puzzle_ws/install/image_geometry/include/image_geometry
[3.210s] -- Up-to-date: /home/puzzlebot/Documents/PUXXY_NODE/TE3002B/puzzle_ws/install/image_geometry/include/image_geometry/image_geometry
[3.210s] -- Up-to-date: /home/puzzlebot/Documents/PUXXY_NODE/TE3002B/puzzle_ws/install/image_geometry/include/image_geometry/image_geometry/pinhole_camera_model.h
[3.210s] -- Up-to-date: /home/puzzlebot/Documents/PUXXY_NODE/TE3002B/puzzle_ws/install/image_geometry/include/image_geometry/image_geometry/visibility_control.hpp
[3.211s] -- Up-to-date: /home/puzzlebot/Documents/PUXXY_NODE/TE3002B/puzzle_ws/install/image_geometry/include/image_geometry/image_geometry/stereo_camera_model.h
[3.288s] -- Up-to-date: /home/puzzlebot/Documents/PUXXY_NODE/TE3002B/puzzle_ws/install/image_geometry/lib/libimage_geometry.so
[3.288s] -- Up-to-date: /home/puzzlebot/Documents/PUXXY_NODE/TE3002B/puzzle_ws/install/image_geometry/share/ament_index/resource_index/package_run_dependencies/image_geometry
[3.290s] -- Up-to-date: /home/puzzlebot/Documents/PUXXY_NODE/TE3002B/puzzle_ws/install/image_geometry/share/ament_index/resource_index/parent_prefix_path/image_geometry
[3.290s] -- Up-to-date: /home/puzzlebot/Documents/PUXXY_NODE/TE3002B/puzzle_ws/install/image_geometry/share/image_geometry/environment/ament_prefix_path.sh
[3.291s] -- Up-to-date: /home/puzzlebot/Documents/PUXXY_NODE/TE3002B/puzzle_ws/install/image_geometry/share/image_geometry/environment/ament_prefix_path.dsv
[3.291s] -- Up-to-date: /home/puzzlebot/Documents/PUXXY_NODE/TE3002B/puzzle_ws/install/image_geometry/share/image_geometry/environment/path.sh
[3.291s] -- Up-to-date: /home/puzzlebot/Documents/PUXXY_NODE/TE3002B/puzzle_ws/install/image_geometry/share/image_geometry/environment/path.dsv
[3.292s] -- Up-to-date: /home/puzzlebot/Documents/PUXXY_NODE/TE3002B/puzzle_ws/install/image_geometry/share/image_geometry/local_setup.bash
[3.292s] -- Up-to-date: /home/puzzlebot/Documents/PUXXY_NODE/TE3002B/puzzle_ws/install/image_geometry/share/image_geometry/local_setup.sh
[3.293s] -- Up-to-date: /home/puzzlebot/Documents/PUXXY_NODE/TE3002B/puzzle_ws/install/image_geometry/share/image_geometry/local_setup.zsh
[3.293s] -- Up-to-date: /home/puzzlebot/Documents/PUXXY_NODE/TE3002B/puzzle_ws/install/image_geometry/share/image_geometry/local_setup.dsv
[3.293s] -- Installing: /home/puzzlebot/Documents/PUXXY_NODE/TE3002B/puzzle_ws/install/image_geometry/share/image_geometry/package.dsv
[3.440s] -- Up-to-date: /home/puzzlebot/Documents/PUXXY_NODE/TE3002B/puzzle_ws/install/image_geometry/share/ament_index/resource_index/packages/image_geometry
[3.440s] -- Up-to-date: /home/puzzlebot/Documents/PUXXY_NODE/TE3002B/puzzle_ws/install/image_geometry/share/image_geometry/cmake/export_image_geometryExport.cmake
[3.441s] -- Up-to-date: /home/puzzlebot/Documents/PUXXY_NODE/TE3002B/puzzle_ws/install/image_geometry/share/image_geometry/cmake/export_image_geometryExport-noconfig.cmake
[3.442s] -- Up-to-date: /home/puzzlebot/Documents/PUXXY_NODE/TE3002B/puzzle_ws/install/image_geometry/share/image_geometry/cmake/ament_cmake_export_targets-extras.cmake
[3.442s] -- Up-to-date: /home/puzzlebot/Documents/PUXXY_NODE/TE3002B/puzzle_ws/install/image_geometry/share/image_geometry/cmake/ament_cmake_export_dependencies-extras.cmake
[3.442s] -- Up-to-date: /home/puzzlebot/Documents/PUXXY_NODE/TE3002B/puzzle_ws/install/image_geometry/share/image_geometry/cmake/image_geometryConfig.cmake
[3.443s] -- Up-to-date: /home/puzzlebot/Documents/PUXXY_NODE/TE3002B/puzzle_ws/install/image_geometry/share/image_geometry/cmake/image_geometryConfig-version.cmake
[3.443s] -- Up-to-date: /home/puzzlebot/Documents/PUXXY_NODE/TE3002B/puzzle_ws/install/image_geometry/share/image_geometry/package.xml
[3.472s] Invoked command in '/home/puzzlebot/Documents/PUXXY_NODE/TE3002B/puzzle_ws/build/image_geometry' returned '0': CMAKE_PREFIX_PATH=/home/puzzlebot/ros2_ws/install/puzzlebot_ros:/opt/ros/humble:${CMAKE_PREFIX_PATH} /usr/bin/cmake --install /home/puzzlebot/Documents/PUXXY_NODE/TE3002B/puzzle_ws/build/image_geometry
