[1.337s] Invoking command in '/home/puzzlebot/Desktop/PUXXY_NODE/TE3002B/lane_processing_ws/build/lane_processing': CMAKE_PREFIX_PATH=/home/puzzlebot/Desktop/PUXXY_NODE/TE3002B/lane_processing_ws/install/lane_processing:/home/puzzlebot/ros2_ws/install/puzzlebot_ros:/opt/ros/humble:/home/puzzlebot/ros2_packages_ws/install/ros_deep_learning:/home/puzzlebot/ros2_packages_ws/install/micro_ros_setup:/home/puzzlebot/ros2_packages_ws/install/micro_ros_agent:/home/puzzlebot/ros2_packages_ws/install/micro_ros_msgs:/home/puzzlebot/ros2_packages_ws/install/camera_info_publisher /usr/bin/cmake --build /home/puzzlebot/Desktop/PUXXY_NODE/TE3002B/lane_processing_ws/build/lane_processing -- -j4 -l4
[1.531s] [35m[1mScanning dependencies of target lane_processing[0m
[1.673s] [ 20%] [32mBuilding CXX object CMakeFiles/lane_processing.dir/src/lib/lane_funcs.cpp.o[0m
[5.644s] [01m[K/home/puzzlebot/Desktop/PUXXY_NODE/TE3002B/lane_processing_ws/src/lane_processing/src/lib/lane_funcs.cpp:[m[K In function ‘[01m[Kstd::vector<cv::Vec<int, 4> > group_similar_lines(std::vector<cv::Vec<int, 4> >&, int, double, int, bool)[m[K’:
[5.645s] [01m[K/home/puzzlebot/Desktop/PUXXY_NODE/TE3002B/lane_processing_ws/src/lane_processing/src/lib/lane_funcs.cpp:35:77:[m[K [01;35m[Kwarning: [m[Knarrowing conversion of ‘[01m[Kx1[m[K’ from ‘[01m[Kint[m[K’ to ‘[01m[Kdouble[m[K’ inside { } [[01;35m[K-Wnarrowing[m[K]
[5.645s]              prepared_lines.push_back({x1, y1, x2, y2, angle, avg_coordiante}[01;35m[K)[m[K;
[5.645s]                                                                              [01;35m[K^[m[K
[5.646s] [01m[K/home/puzzlebot/Desktop/PUXXY_NODE/TE3002B/lane_processing_ws/src/lane_processing/src/lib/lane_funcs.cpp:35:77:[m[K [01;35m[Kwarning: [m[Knarrowing conversion of ‘[01m[Kx1[m[K’ from ‘[01m[Kint[m[K’ to ‘[01m[Kdouble[m[K’ inside { } [[01;35m[K-Wnarrowing[m[K]
[5.646s] [01m[K/home/puzzlebot/Desktop/PUXXY_NODE/TE3002B/lane_processing_ws/src/lane_processing/src/lib/lane_funcs.cpp:35:77:[m[K [01;35m[Kwarning: [m[Knarrowing conversion of ‘[01m[Ky1[m[K’ from ‘[01m[Kint[m[K’ to ‘[01m[Kdouble[m[K’ inside { } [[01;35m[K-Wnarrowing[m[K]
[5.647s] [01m[K/home/puzzlebot/Desktop/PUXXY_NODE/TE3002B/lane_processing_ws/src/lane_processing/src/lib/lane_funcs.cpp:35:77:[m[K [01;35m[Kwarning: [m[Knarrowing conversion of ‘[01m[Ky1[m[K’ from ‘[01m[Kint[m[K’ to ‘[01m[Kdouble[m[K’ inside { } [[01;35m[K-Wnarrowing[m[K]
[5.647s] [01m[K/home/puzzlebot/Desktop/PUXXY_NODE/TE3002B/lane_processing_ws/src/lane_processing/src/lib/lane_funcs.cpp:35:77:[m[K [01;35m[Kwarning: [m[Knarrowing conversion of ‘[01m[Kx2[m[K’ from ‘[01m[Kint[m[K’ to ‘[01m[Kdouble[m[K’ inside { } [[01;35m[K-Wnarrowing[m[K]
[5.648s] [01m[K/home/puzzlebot/Desktop/PUXXY_NODE/TE3002B/lane_processing_ws/src/lane_processing/src/lib/lane_funcs.cpp:35:77:[m[K [01;35m[Kwarning: [m[Knarrowing conversion of ‘[01m[Kx2[m[K’ from ‘[01m[Kint[m[K’ to ‘[01m[Kdouble[m[K’ inside { } [[01;35m[K-Wnarrowing[m[K]
[5.648s] [01m[K/home/puzzlebot/Desktop/PUXXY_NODE/TE3002B/lane_processing_ws/src/lane_processing/src/lib/lane_funcs.cpp:35:77:[m[K [01;35m[Kwarning: [m[Knarrowing conversion of ‘[01m[Ky2[m[K’ from ‘[01m[Kint[m[K’ to ‘[01m[Kdouble[m[K’ inside { } [[01;35m[K-Wnarrowing[m[K]
[5.648s] [01m[K/home/puzzlebot/Desktop/PUXXY_NODE/TE3002B/lane_processing_ws/src/lane_processing/src/lib/lane_funcs.cpp:35:77:[m[K [01;35m[Kwarning: [m[Knarrowing conversion of ‘[01m[Ky2[m[K’ from ‘[01m[Kint[m[K’ to ‘[01m[Kdouble[m[K’ inside { } [[01;35m[K-Wnarrowing[m[K]
[5.655s] [01m[K/home/puzzlebot/Desktop/PUXXY_NODE/TE3002B/lane_processing_ws/src/lane_processing/src/lib/lane_funcs.cpp:60:27:[m[K [01;31m[Kerror: [m[K‘[01m[Kavg_coordiante[m[K’ was not declared in this scope
[5.655s]                  (std::abs([01;31m[Kavg_coordiante[m[K - last_avg_coordinate) <= distance_threshold)
[5.656s]                            [01;31m[K^~~~~~~~~~~~~~[m[K
[5.666s] [01m[K/home/puzzlebot/Desktop/PUXXY_NODE/TE3002B/lane_processing_ws/src/lane_processing/src/lib/lane_funcs.cpp:60:27:[m[K [01;36m[Knote: [m[Ksuggested alternative: ‘[01m[Klast_avg_coordinate[m[K’
[5.666s]                  (std::abs([01;36m[Kavg_coordiante[m[K - last_avg_coordinate) <= distance_threshold)
[5.667s]                            [01;36m[K^~~~~~~~~~~~~~[m[K
[5.667s]                            [32m[Klast_avg_coordinate[m[K
[5.668s] [01m[K/home/puzzlebot/Desktop/PUXXY_NODE/TE3002B/lane_processing_ws/src/lane_processing/src/lib/lane_funcs.cpp:62:42:[m[K [01;31m[Kerror: [m[K‘[01m[Kx1[m[K’ was not declared in this scope
[5.668s]                  current_group.push_back({[01;31m[Kx1[m[K, y1, x2, y2, angle, avg_coordiante});
[5.669s]                                           [01;31m[K^~[m[K
[5.670s] [01m[K/home/puzzlebot/Desktop/PUXXY_NODE/TE3002B/lane_processing_ws/src/lane_processing/src/lib/lane_funcs.cpp:62:42:[m[K [01;36m[Knote: [m[Ksuggested alternative: ‘[01m[Ky1[m[K’
[5.671s]                  current_group.push_back({[01;36m[Kx1[m[K, y1, x2, y2, angle, avg_coordiante});
[5.671s]                                           [01;36m[K^~[m[K
[5.672s]                                           [32m[Ky1[m[K
[5.672s] [01m[K/home/puzzlebot/Desktop/PUXXY_NODE/TE3002B/lane_processing_ws/src/lane_processing/src/lib/lane_funcs.cpp:62:50:[m[K [01;31m[Kerror: [m[K‘[01m[Kx2[m[K’ was not declared in this scope
[5.672s]                  current_group.push_back({x1, y1, [01;31m[Kx2[m[K, y2, angle, avg_coordiante});
[5.673s]                                                   [01;31m[K^~[m[K
[5.674s] [01m[K/home/puzzlebot/Desktop/PUXXY_NODE/TE3002B/lane_processing_ws/src/lane_processing/src/lib/lane_funcs.cpp:62:54:[m[K [01;31m[Kerror: [m[K‘[01m[Ky2[m[K’ was not declared in this scope
[5.675s]                  current_group.push_back({x1, y1, x2, [01;31m[Ky2[m[K, angle, avg_coordiante});
[5.675s]                                                       [01;31m[K^~[m[K
[5.679s] [01m[K/home/puzzlebot/Desktop/PUXXY_NODE/TE3002B/lane_processing_ws/src/lane_processing/src/lib/lane_funcs.cpp:62:54:[m[K [01;36m[Knote: [m[Ksuggested alternative: ‘[01m[Kyn[m[K’
[5.679s]                  current_group.push_back({x1, y1, x2, [01;36m[Ky2[m[K, angle, avg_coordiante});
[5.680s]                                                       [01;36m[K^~[m[K
[5.680s]                                                       [32m[Kyn[m[K
[5.681s] [01m[K/home/puzzlebot/Desktop/PUXXY_NODE/TE3002B/lane_processing_ws/src/lane_processing/src/lib/lane_funcs.cpp:62:58:[m[K [01;31m[Kerror: [m[K‘[01m[Kangle[m[K’ was not declared in this scope
[5.681s]                  current_group.push_back({x1, y1, x2, y2, [01;31m[Kangle[m[K, avg_coordiante});
[5.682s]                                                           [01;31m[K^~~~~[m[K
[5.685s] [01m[K/home/puzzlebot/Desktop/PUXXY_NODE/TE3002B/lane_processing_ws/src/lane_processing/src/lib/lane_funcs.cpp:62:80:[m[K [01;31m[Kerror: [m[Kno matching function for call to ‘[01m[Kstd::vector<cv::Vec<double, 6> >::push_back(<brace-enclosed initializer list>)[m[K’
[5.685s]                current_group.push_back({x1, y1, x2, y2, angle, avg_coordiante}[01;31m[K)[m[K;
[5.686s]                                                                               [01;31m[K^[m[K
[5.687s] 
[5.687s] In file included from [01m[K/usr/include/c++/8/vector:64[m[K,
[5.687s]                  from [01m[K/home/puzzlebot/Desktop/PUXXY_NODE/TE3002B/lane_processing_ws/src/lane_processing/include/lane_processing/lane_funcs.h:8[m[K,
[5.688s]                  from [01m[K/home/puzzlebot/Desktop/PUXXY_NODE/TE3002B/lane_processing_ws/src/lane_processing/src/lib/lane_funcs.cpp:1[m[K:
[5.688s] [01m[K/usr/include/c++/8/bits/stl_vector.h:1074:7:[m[K [01;36m[Knote: [m[Kcandidate: ‘[01m[Kvoid std::vector<_Tp, _Alloc>::push_back(const value_type&) [with _Tp = cv::Vec<double, 6>; _Alloc = std::allocator<cv::Vec<double, 6> >; std::vector<_Tp, _Alloc>::value_type = cv::Vec<double, 6>][m[K’
[5.689s]        [01;36m[Kpush_back[m[K(const value_type& __x)
[5.689s]        [01;36m[K^~~~~~~~~[m[K
[5.690s] [01m[K/usr/include/c++/8/bits/stl_vector.h:1074:7:[m[K [01;36m[Knote: [m[K  no known conversion for argument 1 from ‘[01m[K<brace-enclosed initializer list>[m[K’ to ‘[01m[Kconst value_type&[m[K’ {aka ‘[01m[Kconst cv::Vec<double, 6>&[m[K’}
[5.690s] [01m[K/usr/include/c++/8/bits/stl_vector.h:1090:7:[m[K [01;36m[Knote: [m[Kcandidate: ‘[01m[Kvoid std::vector<_Tp, _Alloc>::push_back(std::vector<_Tp, _Alloc>::value_type&&) [with _Tp = cv::Vec<double, 6>; _Alloc = std::allocator<cv::Vec<double, 6> >; std::vector<_Tp, _Alloc>::value_type = cv::Vec<double, 6>][m[K’
[5.691s]        [01;36m[Kpush_back[m[K(value_type&& __x)
[5.691s]        [01;36m[K^~~~~~~~~[m[K
[5.691s] [01m[K/usr/include/c++/8/bits/stl_vector.h:1090:7:[m[K [01;36m[Knote: [m[K  no known conversion for argument 1 from ‘[01m[K<brace-enclosed initializer list>[m[K’ to ‘[01m[Kstd::vector<cv::Vec<double, 6> >::value_type&&[m[K’ {aka ‘[01m[Kcv::Vec<double, 6>&&[m[K’}
[5.693s] [01m[K/home/puzzlebot/Desktop/PUXXY_NODE/TE3002B/lane_processing_ws/src/lane_processing/src/lib/lane_funcs.cpp:70:77:[m[K [01;35m[Kwarning: [m[Knarrowing conversion of ‘[01m[Kavg_x1[m[K’ from ‘[01m[Kint[m[K’ to ‘[01m[Kdouble[m[K’ inside { } [[01;35m[K-Wnarrowing[m[K]
[5.693s]                      grouped_lines.push_back({avg_x1, avg_y1, avg_x2, avg_y2}[01;35m[K)[m[K;
[5.694s]                                                                              [01;35m[K^[m[K
[5.694s] [01m[K/home/puzzlebot/Desktop/PUXXY_NODE/TE3002B/lane_processing_ws/src/lane_processing/src/lib/lane_funcs.cpp:70:77:[m[K [01;35m[Kwarning: [m[Knarrowing conversion of ‘[01m[Kavg_x1[m[K’ from ‘[01m[Kint[m[K’ to ‘[01m[Kdouble[m[K’ inside { } [[01;35m[K-Wnarrowing[m[K]
[5.695s] [01m[K/home/puzzlebot/Desktop/PUXXY_NODE/TE3002B/lane_processing_ws/src/lane_processing/src/lib/lane_funcs.cpp:70:77:[m[K [01;35m[Kwarning: [m[Knarrowing conversion of ‘[01m[Kavg_y1[m[K’ from ‘[01m[Kint[m[K’ to ‘[01m[Kdouble[m[K’ inside { } [[01;35m[K-Wnarrowing[m[K]
[5.695s] [01m[K/home/puzzlebot/Desktop/PUXXY_NODE/TE3002B/lane_processing_ws/src/lane_processing/src/lib/lane_funcs.cpp:70:77:[m[K [01;35m[Kwarning: [m[Knarrowing conversion of ‘[01m[Kavg_y1[m[K’ from ‘[01m[Kint[m[K’ to ‘[01m[Kdouble[m[K’ inside { } [[01;35m[K-Wnarrowing[m[K]
[5.695s] [01m[K/home/puzzlebot/Desktop/PUXXY_NODE/TE3002B/lane_processing_ws/src/lane_processing/src/lib/lane_funcs.cpp:70:77:[m[K [01;35m[Kwarning: [m[Knarrowing conversion of ‘[01m[Kavg_x2[m[K’ from ‘[01m[Kint[m[K’ to ‘[01m[Kdouble[m[K’ inside { } [[01;35m[K-Wnarrowing[m[K]
[5.696s] [01m[K/home/puzzlebot/Desktop/PUXXY_NODE/TE3002B/lane_processing_ws/src/lane_processing/src/lib/lane_funcs.cpp:70:77:[m[K [01;35m[Kwarning: [m[Knarrowing conversion of ‘[01m[Kavg_x2[m[K’ from ‘[01m[Kint[m[K’ to ‘[01m[Kdouble[m[K’ inside { } [[01;35m[K-Wnarrowing[m[K]
[5.696s] [01m[K/home/puzzlebot/Desktop/PUXXY_NODE/TE3002B/lane_processing_ws/src/lane_processing/src/lib/lane_funcs.cpp:70:77:[m[K [01;35m[Kwarning: [m[Knarrowing conversion of ‘[01m[Kavg_y2[m[K’ from ‘[01m[Kint[m[K’ to ‘[01m[Kdouble[m[K’ inside { } [[01;35m[K-Wnarrowing[m[K]
[5.696s] [01m[K/home/puzzlebot/Desktop/PUXXY_NODE/TE3002B/lane_processing_ws/src/lane_processing/src/lib/lane_funcs.cpp:70:77:[m[K [01;35m[Kwarning: [m[Knarrowing conversion of ‘[01m[Kavg_y2[m[K’ from ‘[01m[Kint[m[K’ to ‘[01m[Kdouble[m[K’ inside { } [[01;35m[K-Wnarrowing[m[K]
[5.697s] [01m[K/home/puzzlebot/Desktop/PUXXY_NODE/TE3002B/lane_processing_ws/src/lane_processing/src/lib/lane_funcs.cpp:73:30:[m[K [01;31m[Kerror: [m[K‘[01m[Kangle[m[K’ was not declared in this scope
[5.697s]                  last_angle = [01;31m[Kangle[m[K;
[5.697s]                               [01;31m[K^~~~~[m[K
[5.698s] [01m[K/home/puzzlebot/Desktop/PUXXY_NODE/TE3002B/lane_processing_ws/src/lane_processing/src/lib/lane_funcs.cpp:82:69:[m[K [01;35m[Kwarning: [m[Knarrowing conversion of ‘[01m[Kavg_x1[m[K’ from ‘[01m[Kint[m[K’ to ‘[01m[Kdouble[m[K’ inside { } [[01;35m[K-Wnarrowing[m[K]
[5.698s]              grouped_lines.push_back({avg_x1, avg_y1, avg_x2, avg_y2}[01;35m[K)[m[K;
[5.699s]                                                                      [01;35m[K^[m[K
[5.699s] [01m[K/home/puzzlebot/Desktop/PUXXY_NODE/TE3002B/lane_processing_ws/src/lane_processing/src/lib/lane_funcs.cpp:82:69:[m[K [01;35m[Kwarning: [m[Knarrowing conversion of ‘[01m[Kavg_x1[m[K’ from ‘[01m[Kint[m[K’ to ‘[01m[Kdouble[m[K’ inside { } [[01;35m[K-Wnarrowing[m[K]
[5.699s] [01m[K/home/puzzlebot/Desktop/PUXXY_NODE/TE3002B/lane_processing_ws/src/lane_processing/src/lib/lane_funcs.cpp:82:69:[m[K [01;35m[Kwarning: [m[Knarrowing conversion of ‘[01m[Kavg_y1[m[K’ from ‘[01m[Kint[m[K’ to ‘[01m[Kdouble[m[K’ inside { } [[01;35m[K-Wnarrowing[m[K]
[5.700s] [01m[K/home/puzzlebot/Desktop/PUXXY_NODE/TE3002B/lane_processing_ws/src/lane_processing/src/lib/lane_funcs.cpp:82:69:[m[K [01;35m[Kwarning: [m[Knarrowing conversion of ‘[01m[Kavg_y1[m[K’ from ‘[01m[Kint[m[K’ to ‘[01m[Kdouble[m[K’ inside { } [[01;35m[K-Wnarrowing[m[K]
[5.700s] [01m[K/home/puzzlebot/Desktop/PUXXY_NODE/TE3002B/lane_processing_ws/src/lane_processing/src/lib/lane_funcs.cpp:82:69:[m[K [01;35m[Kwarning: [m[Knarrowing conversion of ‘[01m[Kavg_x2[m[K’ from ‘[01m[Kint[m[K’ to ‘[01m[Kdouble[m[K’ inside { } [[01;35m[K-Wnarrowing[m[K]
[5.701s] [01m[K/home/puzzlebot/Desktop/PUXXY_NODE/TE3002B/lane_processing_ws/src/lane_processing/src/lib/lane_funcs.cpp:82:69:[m[K [01;35m[Kwarning: [m[Knarrowing conversion of ‘[01m[Kavg_x2[m[K’ from ‘[01m[Kint[m[K’ to ‘[01m[Kdouble[m[K’ inside { } [[01;35m[K-Wnarrowing[m[K]
[5.701s] [01m[K/home/puzzlebot/Desktop/PUXXY_NODE/TE3002B/lane_processing_ws/src/lane_processing/src/lib/lane_funcs.cpp:82:69:[m[K [01;35m[Kwarning: [m[Knarrowing conversion of ‘[01m[Kavg_y2[m[K’ from ‘[01m[Kint[m[K’ to ‘[01m[Kdouble[m[K’ inside { } [[01;35m[K-Wnarrowing[m[K]
[5.702s] [01m[K/home/puzzlebot/Desktop/PUXXY_NODE/TE3002B/lane_processing_ws/src/lane_processing/src/lib/lane_funcs.cpp:82:69:[m[K [01;35m[Kwarning: [m[Knarrowing conversion of ‘[01m[Kavg_y2[m[K’ from ‘[01m[Kint[m[K’ to ‘[01m[Kdouble[m[K’ inside { } [[01;35m[K-Wnarrowing[m[K]
[5.702s] [01m[K/home/puzzlebot/Desktop/PUXXY_NODE/TE3002B/lane_processing_ws/src/lane_processing/src/lib/lane_funcs.cpp:84:17:[m[K [01;31m[Kerror: [m[Kno match for ‘[01m[Koperator=[m[K’ (operand types are ‘[01m[Kstd::vector<cv::Vec<int, 4> >[m[K’ and ‘[01m[Kstd::vector<cv::Vec<double, 4> >[m[K’)
[5.702s]          lines = [01;31m[Kgrouped_lines[m[K;
[5.703s]                  [01;31m[K^~~~~~~~~~~~~[m[K
[5.703s] In file included from [01m[K/usr/include/c++/8/vector:69[m[K,
[5.704s]                  from [01m[K/home/puzzlebot/Desktop/PUXXY_NODE/TE3002B/lane_processing_ws/src/lane_processing/include/lane_processing/lane_funcs.h:8[m[K,
[5.704s]                  from [01m[K/home/puzzlebot/Desktop/PUXXY_NODE/TE3002B/lane_processing_ws/src/lane_processing/src/lib/lane_funcs.cpp:1[m[K:
[5.705s] [01m[K/usr/include/c++/8/bits/vector.tcc:186:5:[m[K [01;36m[Knote: [m[Kcandidate: ‘[01m[Kstd::vector<_Tp, _Alloc>& std::vector<_Tp, _Alloc>::operator=(const std::vector<_Tp, _Alloc>&) [with _Tp = cv::Vec<int, 4>; _Alloc = std::allocator<cv::Vec<int, 4> >][m[K’
[5.706s]      [01;36m[Kvector<_Tp, _Alloc>[m[K::
[5.706s]      [01;36m[K^~~~~~~~~~~~~~~~~~~[m[K
[5.707s] [01m[K/usr/include/c++/8/bits/vector.tcc:186:5:[m[K [01;36m[Knote: [m[K  no known conversion for argument 1 from ‘[01m[Kstd::vector<cv::Vec<double, 4> >[m[K’ to ‘[01m[Kconst std::vector<cv::Vec<int, 4> >&[m[K’
[5.707s] In file included from [01m[K/usr/include/c++/8/vector:64[m[K,
[5.707s]                  from [01m[K/home/puzzlebot/Desktop/PUXXY_NODE/TE3002B/lane_processing_ws/src/lane_processing/include/lane_processing/lane_funcs.h:8[m[K,
[5.708s]                  from [01m[K/home/puzzlebot/Desktop/PUXXY_NODE/TE3002B/lane_processing_ws/src/lane_processing/src/lib/lane_funcs.cpp:1[m[K:
[5.709s] [01m[K/usr/include/c++/8/bits/stl_vector.h:596:7:[m[K [01;36m[Knote: [m[Kcandidate: ‘[01m[Kstd::vector<_Tp, _Alloc>& std::vector<_Tp, _Alloc>::operator=(std::vector<_Tp, _Alloc>&&) [with _Tp = cv::Vec<int, 4>; _Alloc = std::allocator<cv::Vec<int, 4> >][m[K’
[5.709s]        [01;36m[Koperator[m[K=(vector&& __x) noexcept(_Alloc_traits::_S_nothrow_move())
[5.709s]        [01;36m[K^~~~~~~~[m[K
[5.710s] [01m[K/usr/include/c++/8/bits/stl_vector.h:596:7:[m[K [01;36m[Knote: [m[K  no known conversion for argument 1 from ‘[01m[Kstd::vector<cv::Vec<double, 4> >[m[K’ to ‘[01m[Kstd::vector<cv::Vec<int, 4> >&&[m[K’
[5.710s] [01m[K/usr/include/c++/8/bits/stl_vector.h:617:7:[m[K [01;36m[Knote: [m[Kcandidate: ‘[01m[Kstd::vector<_Tp, _Alloc>& std::vector<_Tp, _Alloc>::operator=(std::initializer_list<_Tp>) [with _Tp = cv::Vec<int, 4>; _Alloc = std::allocator<cv::Vec<int, 4> >][m[K’
[5.711s]        [01;36m[Koperator[m[K=(initializer_list<value_type> __l)
[5.711s]        [01;36m[K^~~~~~~~[m[K
[5.712s] [01m[K/usr/include/c++/8/bits/stl_vector.h:617:7:[m[K [01;36m[Knote: [m[K  no known conversion for argument 1 from ‘[01m[Kstd::vector<cv::Vec<double, 4> >[m[K’ to ‘[01m[Kstd::initializer_list<cv::Vec<int, 4> >[m[K’
[5.712s] [01m[K/home/puzzlebot/Desktop/PUXXY_NODE/TE3002B/lane_processing_ws/src/lane_processing/src/lib/lane_funcs.cpp:86:12:[m[K [01;31m[Kerror: [m[K‘[01m[Kgrouped_lines[m[K’ was not declared in this scope
[5.713s]      return [01;31m[Kgrouped_lines[m[K;
[5.714s]             [01;31m[K^~~~~~~~~~~~~[m[K
[5.714s] [01m[K/home/puzzlebot/Desktop/PUXXY_NODE/TE3002B/lane_processing_ws/src/lane_processing/src/lib/lane_funcs.cpp:[m[K In function ‘[01m[Kcv::Vec<double, 4> select_relevant_line(std::vector<cv::Vec<double, 4> >&, cv::Vec<double, 4>&)[m[K’:
[5.714s] [01m[K/home/puzzlebot/Desktop/PUXXY_NODE/TE3002B/lane_processing_ws/src/lane_processing/src/lib/lane_funcs.cpp:96:26:[m[K [01;31m[Kerror: [m[Kexpected primary-expression before ‘[01m[K{[m[K’ token
[5.715s]      if (previous_line == [01;31m[K{[m[K0, 0, 0, 0}) {
[5.715s]                           [01;31m[K^[m[K
[5.716s] [01m[K/home/puzzlebot/Desktop/PUXXY_NODE/TE3002B/lane_processing_ws/src/lane_processing/src/lib/lane_funcs.cpp:96:25:[m[K [01;31m[Kerror: [m[Kexpected ‘[01m[K)[m[K’ before ‘[01m[K{[m[K’ token
[5.716s]      if [34m[K([m[Kprevious_line ==[01;31m[K [m[K[32m[K{[m[K0, 0, 0, 0}) {
[5.717s]         [34m[K~[m[K                [01;31m[K^[m[K[32m[K~[m[K
[5.717s]                          [32m[K)[m[K
[5.718s] [01m[K/home/puzzlebot/Desktop/PUXXY_NODE/TE3002B/lane_processing_ws/src/lane_processing/src/lib/lane_funcs.cpp:112:46:[m[K [01;31m[Kerror: [m[K‘[01m[Kprev_mid_x[m[K’ was not declared in this scope
[5.719s]          double distance = std::sqrt(std::pow([01;31m[Kprev_mid_x[m[K - mid_x, 2) + std::pow(prev_mid_y - mid_y, 2));
[5.719s]                                               [01;31m[K^~~~~~~~~~[m[K
[5.720s] [01m[K/home/puzzlebot/Desktop/PUXXY_NODE/TE3002B/lane_processing_ws/src/lane_processing/src/lib/lane_funcs.cpp:112:46:[m[K [01;36m[Knote: [m[Ksuggested alternative: ‘[01m[Kpre_mid_x[m[K’
[5.720s]          double distance = std::sqrt(std::pow([01;36m[Kprev_mid_x[m[K - mid_x, 2) + std::pow(prev_mid_y - mid_y, 2));
[5.721s]                                               [01;36m[K^~~~~~~~~~[m[K
[5.721s]                                               [32m[Kpre_mid_x[m[K
[5.721s] [01m[K/home/puzzlebot/Desktop/PUXXY_NODE/TE3002B/lane_processing_ws/src/lane_processing/src/lib/lane_funcs.cpp:112:80:[m[K [01;31m[Kerror: [m[K‘[01m[Kprev_mid_y[m[K’ was not declared in this scope
[5.722s]  ble distance = std::sqrt(std::pow(prev_mid_x - mid_x, 2) + std::pow([01;31m[Kprev_mid_y[m[K - mid_y, 2));
[5.722s]                                                                      [01;31m[K^~~~~~~~~~[m[K
[5.722s] 
[5.723s] [01m[K/home/puzzlebot/Desktop/PUXXY_NODE/TE3002B/lane_processing_ws/src/lane_processing/src/lib/lane_funcs.cpp:112:80:[m[K [01;36m[Knote: [m[Ksuggested alternative: ‘[01m[Kpre_mid_y[m[K’
[5.723s]  ble distance = std::sqrt(std::pow(prev_mid_x - mid_x, 2) + std::pow([01;36m[Kprev_mid_y[m[K - mid_y, 2));
[5.724s]                                                                      [01;36m[K^~~~~~~~~~[m[K
[5.724s]                                                                      [32m[Kpre_mid_y[m[K
[5.724s] [01m[K/home/puzzlebot/Desktop/PUXXY_NODE/TE3002B/lane_processing_ws/src/lane_processing/src/lib/lane_funcs.cpp:113:38:[m[K [01;31m[Kerror: [m[K‘[01m[Kprev_angle[m[K’ was not declared in this scope
[5.725s]          double angle_diff = std::abs([01;31m[Kprev_angle[m[K - angle);
[5.725s]                                       [01;31m[K^~~~~~~~~~[m[K
[5.727s] [01m[K/home/puzzlebot/Desktop/PUXXY_NODE/TE3002B/lane_processing_ws/src/lane_processing/src/lib/lane_funcs.cpp:113:38:[m[K [01;36m[Knote: [m[Ksuggested alternative: ‘[01m[Kpre_mid_angle[m[K’
[5.728s]          double angle_diff = std::abs([01;36m[Kprev_angle[m[K - angle);
[5.729s]                                       [01;36m[K^~~~~~~~~~[m[K
[5.729s]                                       [32m[Kpre_mid_angle[m[K
[5.729s] [01m[K/home/puzzlebot/Desktop/PUXXY_NODE/TE3002B/lane_processing_ws/src/lane_processing/src/lib/lane_funcs.cpp:100:12:[m[K [01;35m[Kwarning: [m[Kunused variable ‘[01m[Kpre_mid_x[m[K’ [[01;35m[K-Wunused-variable[m[K]
[5.730s]      double [01;35m[Kpre_mid_x[m[K = (previous_line[0] + previous_line[2])/2;
[5.730s]             [01;35m[K^~~~~~~~~[m[K
[5.731s] [01m[K/home/puzzlebot/Desktop/PUXXY_NODE/TE3002B/lane_processing_ws/src/lane_processing/src/lib/lane_funcs.cpp:101:12:[m[K [01;35m[Kwarning: [m[Kunused variable ‘[01m[Kpre_mid_y[m[K’ [[01;35m[K-Wunused-variable[m[K]
[5.731s]      double [01;35m[Kpre_mid_y[m[K = (previous_line[1] + previous_line[3])/2;
[5.732s]             [01;35m[K^~~~~~~~~[m[K
[5.733s] [01m[K/home/puzzlebot/Desktop/PUXXY_NODE/TE3002B/lane_processing_ws/src/lane_processing/src/lib/lane_funcs.cpp:102:12:[m[K [01;35m[Kwarning: [m[Kunused variable ‘[01m[Kpre_mid_angle[m[K’ [[01;35m[K-Wunused-variable[m[K]
[5.733s]      double [01;35m[Kpre_mid_angle[m[K = std::atan2(previous_line[3] - previous_line[1], previous_line[2] - previous_line[0]);
[5.733s]             [01;35m[K^~~~~~~~~~~~~[m[K
[5.734s] [01m[K/home/puzzlebot/Desktop/PUXXY_NODE/TE3002B/lane_processing_ws/src/lane_processing/src/lib/lane_funcs.cpp:[m[K In function ‘[01m[Kdouble calculate_angle_error(cv::Vec<double, 4>&, int, int)[m[K’:
[5.734s] [01m[K/home/puzzlebot/Desktop/PUXXY_NODE/TE3002B/lane_processing_ws/src/lane_processing/src/lib/lane_funcs.cpp:131:5:[m[K [01;31m[Kerror: [m[K‘[01m[Kdx[m[K’ was not declared in this scope
[5.735s]      [01;31m[Kdx[m[K = mid_x - bottom_center_x;
[5.735s]      [01;31m[K^~[m[K
[5.736s] [01m[K/home/puzzlebot/Desktop/PUXXY_NODE/TE3002B/lane_processing_ws/src/lane_processing/src/lib/lane_funcs.cpp:132:5:[m[K [01;31m[Kerror: [m[K‘[01m[Kdy[m[K’ was not declared in this scope
[5.736s]      [01;31m[Kdy[m[K = bottom_center_y - mid_y;
[5.737s]      [01;31m[K^~[m[K
[5.738s] [01m[K/home/puzzlebot/Desktop/PUXXY_NODE/TE3002B/lane_processing_ws/src/lane_processing/src/lib/lane_funcs.cpp:[m[K At global scope:
[5.738s] [01m[K/home/puzzlebot/Desktop/PUXXY_NODE/TE3002B/lane_processing_ws/src/lane_processing/src/lib/lane_funcs.cpp:149:42:[m[K [01;31m[Kerror: [m[K‘[01m[KVec[m[K’ is not a member of ‘[01m[Kstd[m[K’
[5.739s]      cv::Mat& frame_src, std::vector<std::[01;31m[KVec[m[K<double, 4>>& lines,
[5.740s]                                           [01;31m[K^~~[m[K
[5.741s] [01m[K/home/puzzlebot/Desktop/PUXXY_NODE/TE3002B/lane_processing_ws/src/lane_processing/src/lib/lane_funcs.cpp:149:42:[m[K [01;36m[Knote: [m[Ksuggested alternative: ‘[01m[Kdec[m[K’
[5.742s]      cv::Mat& frame_src, std::vector<std::[01;36m[KVec[m[K<double, 4>>& lines,
[5.742s]                                           [01;36m[K^~~[m[K
[5.743s]                                           [32m[Kdec[m[K
[5.743s] [01m[K/home/puzzlebot/Desktop/PUXXY_NODE/TE3002B/lane_processing_ws/src/lane_processing/src/lib/lane_funcs.cpp:149:55:[m[K [01;31m[Kerror: [m[Ktemplate argument 1 is invalid
[5.744s]      cv::Mat& frame_src, std::vector<std::Vec<double, 4[01;31m[K>>[m[K& lines,
[5.744s]                                                        [01;31m[K^~[m[K
[5.745s] [01m[K/home/puzzlebot/Desktop/PUXXY_NODE/TE3002B/lane_processing_ws/src/lane_processing/src/lib/lane_funcs.cpp:149:55:[m[K [01;31m[Kerror: [m[Ktemplate argument 2 is invalid
[5.745s] [01m[K/home/puzzlebot/Desktop/PUXXY_NODE/TE3002B/lane_processing_ws/src/lane_processing/src/lib/lane_funcs.cpp:149:42:[m[K [01;31m[Kerror: [m[K‘[01m[KVec[m[K’ is not a member of ‘[01m[Kstd[m[K’
[5.745s]      cv::Mat& frame_src, std::vector<std::[01;31m[KVec[m[K<double, 4>>& lines,
[5.746s]                                           [01;31m[K^~~[m[K
[5.747s] [01m[K/home/puzzlebot/Desktop/PUXXY_NODE/TE3002B/lane_processing_ws/src/lane_processing/src/lib/lane_funcs.cpp:149:42:[m[K [01;36m[Knote: [m[Ksuggested alternative: ‘[01m[Kdec[m[K’
[5.747s]      cv::Mat& frame_src, std::vector<std::[01;36m[KVec[m[K<double, 4>>& lines,
[5.748s]                                           [01;36m[K^~~[m[K
[5.748s]                                           [32m[Kdec[m[K
[5.749s] [01m[K/home/puzzlebot/Desktop/PUXXY_NODE/TE3002B/lane_processing_ws/src/lane_processing/src/lib/lane_funcs.cpp:149:55:[m[K [01;31m[Kerror: [m[Ktemplate argument 1 is invalid
[5.749s]      cv::Mat& frame_src, std::vector<std::Vec<double, 4[01;31m[K>>[m[K& lines,
[5.749s]                                                        [01;31m[K^~[m[K
[5.750s] [01m[K/home/puzzlebot/Desktop/PUXXY_NODE/TE3002B/lane_processing_ws/src/lane_processing/src/lib/lane_funcs.cpp:149:55:[m[K [01;31m[Kerror: [m[Ktemplate argument 2 is invalid
[5.750s] [01m[K/home/puzzlebot/Desktop/PUXXY_NODE/TE3002B/lane_processing_ws/src/lane_processing/src/lib/lane_funcs.cpp:149:42:[m[K [01;31m[Kerror: [m[K‘[01m[KVec[m[K’ is not a member of ‘[01m[Kstd[m[K’
[5.751s]      cv::Mat& frame_src, std::vector<std::[01;31m[KVec[m[K<double, 4>>& lines,
[5.752s]                                           [01;31m[K^~~[m[K
[5.752s] [01m[K/home/puzzlebot/Desktop/PUXXY_NODE/TE3002B/lane_processing_ws/src/lane_processing/src/lib/lane_funcs.cpp:149:42:[m[K [01;36m[Knote: [m[Ksuggested alternative: ‘[01m[Kdec[m[K’
[5.753s]      cv::Mat& frame_src, std::vector<std::[01;36m[KVec[m[K<double, 4>>& lines,
[5.753s]                                           [01;36m[K^~~[m[K
[5.754s]                                           [32m[Kdec[m[K
[5.754s] [01m[K/home/puzzlebot/Desktop/PUXXY_NODE/TE3002B/lane_processing_ws/src/lane_processing/src/lib/lane_funcs.cpp:149:55:[m[K [01;31m[Kerror: [m[Ktemplate argument 1 is invalid
[5.755s]      cv::Mat& frame_src, std::vector<std::Vec<double, 4[01;31m[K>>[m[K& lines,
[5.755s]                                                        [01;31m[K^~[m[K
[5.755s] [01m[K/home/puzzlebot/Desktop/PUXXY_NODE/TE3002B/lane_processing_ws/src/lane_processing/src/lib/lane_funcs.cpp:149:55:[m[K [01;31m[Kerror: [m[Ktemplate argument 2 is invalid
[5.756s] [01m[K/home/puzzlebot/Desktop/PUXXY_NODE/TE3002B/lane_processing_ws/src/lane_processing/src/lib/lane_funcs.cpp:149:42:[m[K [01;31m[Kerror: [m[K‘[01m[KVec[m[K’ is not a member of ‘[01m[Kstd[m[K’
[5.756s]      cv::Mat& frame_src, std::vector<std::[01;31m[KVec[m[K<double, 4>>& lines,
[5.757s]                                           [01;31m[K^~~[m[K
[5.757s] [01m[K/home/puzzlebot/Desktop/PUXXY_NODE/TE3002B/lane_processing_ws/src/lane_processing/src/lib/lane_funcs.cpp:149:42:[m[K [01;36m[Knote: [m[Ksuggested alternative: ‘[01m[Kdec[m[K’
[5.758s]      cv::Mat& frame_src, std::vector<std::[01;36m[KVec[m[K<double, 4>>& lines,
[5.758s]                                           [01;36m[K^~~[m[K
[5.759s]                                           [32m[Kdec[m[K
[5.759s] [01m[K/home/puzzlebot/Desktop/PUXXY_NODE/TE3002B/lane_processing_ws/src/lane_processing/src/lib/lane_funcs.cpp:149:55:[m[K [01;31m[Kerror: [m[Ktemplate argument 1 is invalid
[5.759s]      cv::Mat& frame_src, std::vector<std::Vec<double, 4[01;31m[K>>[m[K& lines,
[5.760s]                                                        [01;31m[K^~[m[K
[5.760s] [01m[K/home/puzzlebot/Desktop/PUXXY_NODE/TE3002B/lane_processing_ws/src/lane_processing/src/lib/lane_funcs.cpp:149:55:[m[K [01;31m[Kerror: [m[Ktemplate argument 2 is invalid
[5.760s] [01m[K/home/puzzlebot/Desktop/PUXXY_NODE/TE3002B/lane_processing_ws/src/lane_processing/src/lib/lane_funcs.cpp:149:25:[m[K [01;31m[Kerror: [m[Kinvalid template-id
[5.761s]      cv::Mat& frame_src, [01;31m[Kstd[m[K::vector<std::Vec<double, 4>>& lines,
[5.761s]                          [01;31m[K^~~[m[K
[5.762s] [01m[K/home/puzzlebot/Desktop/PUXXY_NODE/TE3002B/lane_processing_ws/src/lane_processing/src/lib/lane_funcs.cpp:149:42:[m[K [01;31m[Kerror: [m[K‘[01m[KVec[m[K’ is not a member of ‘[01m[Kstd[m[K’
[5.762s]      cv::Mat& frame_src, std::vector<std::[01;31m[KVec[m[K<double, 4>>& lines,
[5.762s]                                           [01;31m[K^~~[m[K
[5.763s] [01m[K/home/puzzlebot/Desktop/PUXXY_NODE/TE3002B/lane_processing_ws/src/lane_processing/src/lib/lane_funcs.cpp:149:42:[m[K [01;36m[Knote: [m[Ksuggested alternative: ‘[01m[Kdec[m[K’
[5.763s]      cv::Mat& frame_src, std::vector<std::[01;36m[KVec[m[K<double, 4>>& lines,
[5.763s]                                           [01;36m[K^~~[m[K
[5.764s]                                           [32m[Kdec[m[K
[5.764s] [01m[K/home/puzzlebot/Desktop/PUXXY_NODE/TE3002B/lane_processing_ws/src/lane_processing/src/lib/lane_funcs.cpp:149:46:[m[K [01;31m[Kerror: [m[Kexpected primary-expression before ‘[01m[Kdouble[m[K’
[5.764s]      cv::Mat& frame_src, std::vector<std::Vec<[01;31m[Kdouble[m[K, 4>>& lines,
[5.765s]                                               [01;31m[K^~~~~~[m[K
[5.765s] [01m[K/home/puzzlebot/Desktop/PUXXY_NODE/TE3002B/lane_processing_ws/src/lane_processing/src/lib/lane_funcs.cpp:149:46:[m[K [01;31m[Kerror: [m[Kexpected ‘[01m[K>[m[K’ before ‘[01m[Kdouble[m[K’
[5.765s] [01m[K/home/puzzlebot/Desktop/PUXXY_NODE/TE3002B/lane_processing_ws/src/lane_processing/src/lib/lane_funcs.cpp:149:25:[m[K [01;31m[Kerror: [m[Ktemplate placeholder type ‘[01m[Kvector[m[K’ must be followed by a simple declarator-id
[5.766s]      cv::Mat& frame_src, [01;31m[Kstd[m[K::vector<std::Vec<double, 4>>& lines,
[5.766s]                          [01;31m[K^~~[m[K
[5.767s] In file included from [01m[K/usr/include/c++/8/vector:64[m[K,
[5.767s]                  from [01m[K/home/puzzlebot/Desktop/PUXXY_NODE/TE3002B/lane_processing_ws/src/lane_processing/include/lane_processing/lane_funcs.h:8[m[K,
[5.767s]                  from [01m[K/home/puzzlebot/Desktop/PUXXY_NODE/TE3002B/lane_processing_ws/src/lane_processing/src/lib/lane_funcs.cpp:1[m[K:
[5.768s] [01m[K/usr/include/c++/8/bits/stl_vector.h:339:11:[m[K [01;36m[Knote: [m[K‘[01m[Ktemplate<class _Tp, class _Alloc> class std::vector[m[K’ declared here
[5.768s]      class [01;36m[Kvector[m[K : protected _Vector_base<_Tp, _Alloc>
[5.769s]            [01;36m[K^~~~~~[m[K
[5.769s] [01m[K/home/puzzlebot/Desktop/PUXXY_NODE/TE3002B/lane_processing_ws/src/lane_processing/src/lib/lane_funcs.cpp:149:59:[m[K [01;31m[Kerror: [m[K‘[01m[Kauto[m[K’ parameter not permitted in this context
[5.769s]      cv::Mat& frame_src, std::vector<std::Vec<double, 4>>& [01;31m[Klines[m[K,
[5.770s]                                                            [01;31m[K^~~~~[m[K
[5.770s] [01m[K/home/puzzlebot/Desktop/PUXXY_NODE/TE3002B/lane_processing_ws/src/lane_processing/src/lib/lane_funcs.cpp:150:47:[m[K [01;31m[Kerror: [m[Kcannot bind non-const lvalue reference of type ‘[01m[Kcv::Scalar&[m[K’ {aka ‘[01m[Kcv::Scalar_<double>&[m[K’} to an rvalue of type ‘[01m[Kcv::Scalar[m[K’ {aka ‘[01m[Kcv::Scalar_<double>[m[K’}
[5.770s]      cv::Scalar& color = 255, int thickness = 2[01;31m[K)[m[K
[5.771s]                                                [01;31m[K^[m[K
[5.771s] In file included from [01m[K/home/puzzlebot/Desktop/PUXXY_NODE/TE3002B/lane_processing_ws/src/lane_processing/include/lane_processing/lane_funcs.h:10[m[K,
[5.771s]                  from [01m[K/home/puzzlebot/Desktop/PUXXY_NODE/TE3002B/lane_processing_ws/src/lane_processing/src/lib/lane_funcs.cpp:1[m[K:
[5.772s] [01m[K/usr/include/opencv4/opencv2/core/types.hpp:2207:1:[m[K [01;36m[Knote: [m[K  after user-defined conversion: ‘[01m[Kcv::Scalar_<_Tp>::Scalar_(_Tp) [with _Tp = double][m[K’
[5.772s]  [01;36m[KScalar_<_Tp>[m[K::Scalar_(_Tp v0)
[5.773s]  [01;36m[K^~~~~~~~~~~~[m[K
[5.773s] [01m[K/home/puzzlebot/Desktop/PUXXY_NODE/TE3002B/lane_processing_ws/src/lane_processing/src/lib/lane_funcs.cpp:[m[K In function ‘[01m[Kcv::Mat draw_hough_lines(cv::Mat&, cv::Scalar&, int)[m[K’:
[5.774s] [01m[K/home/puzzlebot/Desktop/PUXXY_NODE/TE3002B/lane_processing_ws/src/lane_processing/src/lib/lane_funcs.cpp:152:9:[m[K [01;31m[Kerror: [m[K‘[01m[Klines[m[K’ was not declared in this scope
[5.775s]      if ([01;31m[Klines[m[K.empty()) {
[5.775s]          [01;31m[K^~~~~[m[K
[5.776s] [01m[K/home/puzzlebot/Desktop/PUXXY_NODE/TE3002B/lane_processing_ws/src/lane_processing/src/lib/lane_funcs.cpp:152:9:[m[K [01;36m[Knote: [m[Ksuggested alternative: ‘[01m[Klinux[m[K’
[5.776s]      if ([01;36m[Klines[m[K.empty()) {
[5.777s]          [01;36m[K^~~~~[m[K
[5.777s]          [32m[Klinux[m[K
[5.777s] [01m[K/home/puzzlebot/Desktop/PUXXY_NODE/TE3002B/lane_processing_ws/src/lane_processing/src/lib/lane_funcs.cpp:156:37:[m[K [01;31m[Kerror: [m[K‘[01m[Klines[m[K’ was not declared in this scope
[5.778s]      for (cv::Vec<double, 4>& line : [01;31m[Klines[m[K) {
[5.779s]                                      [01;31m[K^~~~~[m[K
[5.779s] [01m[K/home/puzzlebot/Desktop/PUXXY_NODE/TE3002B/lane_processing_ws/src/lane_processing/src/lib/lane_funcs.cpp:156:37:[m[K [01;36m[Knote: [m[Ksuggested alternative: ‘[01m[Kline[m[K’
[5.779s]      for (cv::Vec<double, 4>& line : [01;36m[Klines[m[K) {
[5.780s]                                      [01;36m[K^~~~~[m[K
[5.780s]                                      [32m[Kline[m[K
[5.780s] [01m[K/home/puzzlebot/Desktop/PUXXY_NODE/TE3002B/lane_processing_ws/src/lane_processing/src/lib/lane_funcs.cpp:162:12:[m[K [01;31m[Kerror: [m[K‘[01m[Kframe[m[K’ was not declared in this scope
[5.781s]      return [01;31m[Kframe[m[K;
[5.781s]             [01;31m[K^~~~~[m[K
[5.781s] [01m[K/home/puzzlebot/Desktop/PUXXY_NODE/TE3002B/lane_processing_ws/src/lane_processing/src/lib/lane_funcs.cpp:162:12:[m[K [01;36m[Knote: [m[Ksuggested alternative: ‘[01m[Kfree[m[K’
[5.782s]      return [01;36m[Kframe[m[K;
[5.782s]             [01;36m[K^~~~~[m[K
[5.783s]             [32m[Kfree[m[K
[5.783s] [01m[K/home/puzzlebot/Desktop/PUXXY_NODE/TE3002B/lane_processing_ws/src/lane_processing/src/lib/lane_funcs.cpp:[m[K In function ‘[01m[Kdouble detect_lane_center(cv::Mat&)[m[K’:
[5.784s] [01m[K/home/puzzlebot/Desktop/PUXXY_NODE/TE3002B/lane_processing_ws/src/lane_processing/src/lib/lane_funcs.cpp:170:17:[m[K [01;31m[Kerror: [m[K‘[01m[KVec4i[m[K’ was not declared in this scope
[5.784s]      std::vector<[01;31m[KVec4i[m[K> lines = detect_lines_hough(cropped_frame);
[5.784s]                  [01;31m[K^~~~~[m[K
[5.785s] [01m[K/home/puzzlebot/Desktop/PUXXY_NODE/TE3002B/lane_processing_ws/src/lane_processing/src/lib/lane_funcs.cpp:170:17:[m[K [01;36m[Knote: [m[Ksuggested alternative:
[5.786s] In file included from [01m[K/usr/include/opencv4/opencv2/core/types.hpp:58[m[K,
[5.786s]                  from [01m[K/home/puzzlebot/Desktop/PUXXY_NODE/TE3002B/lane_processing_ws/src/lane_processing/include/lane_processing/lane_funcs.h:10[m[K,
[5.786s]                  from [01m[K/home/puzzlebot/Desktop/PUXXY_NODE/TE3002B/lane_processing_ws/src/lane_processing/src/lib/lane_funcs.cpp:1[m[K:
[5.787s] [01m[K/usr/include/opencv4/opencv2/core/matx.hpp:414:21:[m[K [01;36m[Knote: [m[K  ‘[01m[Kcv::Vec4i[m[K’
[5.787s]  typedef Vec<int, 4> [01;36m[KVec4i[m[K;
[5.788s]                      [01;36m[K^~~~~[m[K
[5.788s] [01m[K/home/puzzlebot/Desktop/PUXXY_NODE/TE3002B/lane_processing_ws/src/lane_processing/src/lib/lane_funcs.cpp:170:22:[m[K [01;31m[Kerror: [m[Ktemplate argument 1 is invalid
[5.788s]      std::vector<Vec4i[01;31m[K>[m[K lines = detect_lines_hough(cropped_frame);
[5.789s]                       [01;31m[K^[m[K
[5.789s] [01m[K/home/puzzlebot/Desktop/PUXXY_NODE/TE3002B/lane_processing_ws/src/lane_processing/src/lib/lane_funcs.cpp:170:22:[m[K [01;31m[Kerror: [m[Ktemplate argument 2 is invalid
[5.789s] [01m[K/home/puzzlebot/Desktop/PUXXY_NODE/TE3002B/lane_processing_ws/src/lane_processing/src/lib/lane_funcs.cpp:170:64:[m[K [01;31m[Kerror: [m[Kcannot convert ‘[01m[Kstd::vector<cv::Vec<int, 4> >[m[K’ to ‘[01m[Kint[m[K’ in initialization
[5.790s]      std::vector<Vec4i> lines = detect_lines_hough(cropped_frame[01;31m[K)[m[K;
[5.790s]                                                                 [01;31m[K^[m[K
[5.790s] [01m[K/home/puzzlebot/Desktop/PUXXY_NODE/TE3002B/lane_processing_ws/src/lane_processing/src/lib/lane_funcs.cpp:171:33:[m[K [01;31m[Kerror: [m[Kinvalid initialization of reference of type ‘[01m[Kstd::vector<cv::Vec<int, 4> >&[m[K’ from expression of type ‘[01m[Kint[m[K’
[5.791s]      lines = group_similar_lines([01;31m[Klines[m[K);
[5.791s]                                  [01;31m[K^~~~~[m[K
[5.792s] [01m[K/home/puzzlebot/Desktop/PUXXY_NODE/TE3002B/lane_processing_ws/src/lane_processing/src/lib/lane_funcs.cpp:16:24:[m[K [01;36m[Knote: [m[Kin passing argument 1 of ‘[01m[Kstd::vector<cv::Vec<int, 4> > group_similar_lines(std::vector<cv::Vec<int, 4> >&, int, double, int, bool)[m[K’
[5.792s]  std::vector<cv::Vec4i> [01;36m[Kgroup_similar_lines[m[K(
[5.793s]                         [01;36m[K^~~~~~~~~~~~~~~~~~~[m[K
[5.793s] [01m[K/home/puzzlebot/Desktop/PUXXY_NODE/TE3002B/lane_processing_ws/src/lane_processing/src/lib/lane_funcs.cpp:172:5:[m[K [01;31m[Kerror: [m[K‘[01m[Kprevious_line[m[K’ was not declared in this scope
[5.794s]      [01;31m[Kprevious_line[m[K = lane_history;
[5.794s]      [01;31m[K^~~~~~~~~~~~~[m[K
[5.795s] [01m[K/home/puzzlebot/Desktop/PUXXY_NODE/TE3002B/lane_processing_ws/src/lane_processing/src/lib/lane_funcs.cpp:172:5:[m[K [01;36m[Knote: [m[Ksuggested alternative: ‘[01m[Kdraw_hough_lines[m[K’
[5.795s]      [01;36m[Kprevious_line[m[K = lane_history;
[5.796s]      [01;36m[K^~~~~~~~~~~~~[m[K
[5.797s]      [32m[Kdraw_hough_lines[m[K
[5.797s] [01m[K/home/puzzlebot/Desktop/PUXXY_NODE/TE3002B/lane_processing_ws/src/lane_processing/src/lib/lane_funcs.cpp:173:5:[m[K [01;31m[Kerror: [m[K‘[01m[Kselected_line[m[K’ was not declared in this scope
[5.797s]      [01;31m[Kselected_line[m[K = select_relevant_line(lines, previous_line);
[5.797s]      [01;31m[K^~~~~~~~~~~~~[m[K
[5.798s] [01m[K/home/puzzlebot/Desktop/PUXXY_NODE/TE3002B/lane_processing_ws/src/lane_processing/src/lib/lane_funcs.cpp:174:26:[m[K [01;31m[Kerror: [m[Kexpected primary-expression before ‘[01m[K{[m[K’ token
[5.798s]      if (selected_line != [01;31m[K{[m[K0, 0, 0, 0}) {
[5.799s]                           [01;31m[K^[m[K
[5.799s] [01m[K/home/puzzlebot/Desktop/PUXXY_NODE/TE3002B/lane_processing_ws/src/lane_processing/src/lib/lane_funcs.cpp:174:25:[m[K [01;31m[Kerror: [m[Kexpected ‘[01m[K)[m[K’ before ‘[01m[K{[m[K’ token
[5.799s]      if [34m[K([m[Kselected_line !=[01;31m[K [m[K[32m[K{[m[K0, 0, 0, 0}) {
[5.799s]         [34m[K~[m[K                [01;31m[K^[m[K[32m[K~[m[K
[5.800s]                          [32m[K)[m[K
[5.800s] [01m[K/home/puzzlebot/Desktop/PUXXY_NODE/TE3002B/lane_processing_ws/src/lane_processing/src/lib/lane_funcs.cpp:181:14:[m[K [01;31m[Kerror: [m[K‘[01m[Kcerr[m[K’ is not a member of ‘[01m[Kstd[m[K’
[5.800s]          std::[01;31m[Kcerr[m[K << "No valid line detected, using previous line if available.\n";
[5.801s]               [01;31m[K^~~~[m[K
[5.801s] [01m[K/home/puzzlebot/Desktop/PUXXY_NODE/TE3002B/lane_processing_ws/src/lane_processing/src/lib/lane_funcs.cpp:181:14:[m[K [01;36m[Knote: [m[K‘[01m[Kstd::cerr[m[K’ is defined in header ‘[01m[K<iostream>[m[K’; did you forget to ‘[01m[K#include <iostream>[m[K’?
[5.801s] [01m[K/home/puzzlebot/Desktop/PUXXY_NODE/TE3002B/lane_processing_ws/src/lane_processing/src/lib/lane_funcs.cpp:2:1:[m[K
[5.802s] +[32m[K#include <iostream>[m[K
[5.802s]  
[5.802s] [01m[K/home/puzzlebot/Desktop/PUXXY_NODE/TE3002B/lane_processing_ws/src/lane_processing/src/lib/lane_funcs.cpp:181:14:[m[K
[5.803s]          std::[01;36m[Kcerr[m[K << "No valid line detected, using previous line if available.\n";
[5.803s]               [01;36m[K^~~~[m[K
[6.415s] [01m[K/home/puzzlebot/Desktop/PUXXY_NODE/TE3002B/lane_processing_ws/src/lane_processing/src/lib/lane_funcs.cpp:184:1:[m[K [01;35m[Kwarning: [m[Kcontrol reaches end of non-void function [[01;35m[K-Wreturn-type[m[K]
[6.416s]  [01;35m[K}[m[K
[6.416s]  [01;35m[K^[m[K
[6.486s] make[2]: *** [CMakeFiles/lane_processing.dir/build.make:102: CMakeFiles/lane_processing.dir/src/lib/lane_funcs.cpp.o] Error 1
[6.487s] make[1]: *** [CMakeFiles/Makefile2:78: CMakeFiles/lane_processing.dir/all] Error 2
[6.488s] make: *** [Makefile:141: all] Error 2
[6.495s] Invoked command in '/home/puzzlebot/Desktop/PUXXY_NODE/TE3002B/lane_processing_ws/build/lane_processing' returned '2': CMAKE_PREFIX_PATH=/home/puzzlebot/Desktop/PUXXY_NODE/TE3002B/lane_processing_ws/install/lane_processing:/home/puzzlebot/ros2_ws/install/puzzlebot_ros:/opt/ros/humble:/home/puzzlebot/ros2_packages_ws/install/ros_deep_learning:/home/puzzlebot/ros2_packages_ws/install/micro_ros_setup:/home/puzzlebot/ros2_packages_ws/install/micro_ros_agent:/home/puzzlebot/ros2_packages_ws/install/micro_ros_msgs:/home/puzzlebot/ros2_packages_ws/install/camera_info_publisher /usr/bin/cmake --build /home/puzzlebot/Desktop/PUXXY_NODE/TE3002B/lane_processing_ws/build/lane_processing -- -j4 -l4
