[0.142s] Invoking command in '/home/puzzlebot/Documents/PUXXY_NODE/TE3002B/puzzle_ws/build/image_geometry': CMAKE_PREFIX_PATH=/home/puzzlebot/ros2_ws/install/puzzlebot_ros:/opt/ros/humble:${CMAKE_PREFIX_PATH} /usr/bin/cmake --build /home/puzzlebot/Documents/PUXXY_NODE/TE3002B/puzzle_ws/build/image_geometry -- -j4 -l4
[0.534s] [ 22%] Built target gtest_main
[0.562s] [ 44%] Built target gtest
[0.572s] [ 44%] Built target ament_cmake_python_copy_image_geometry
[0.635s] [ 77%] Built target image_geometry
[0.908s] [100%] Built target image_geometry-utest
[1.898s] running egg_info
[1.902s] writing image_geometry.egg-info/PKG-INFO
[1.903s] writing dependency_links to image_geometry.egg-info/dependency_links.txt
[1.905s] writing top-level names to image_geometry.egg-info/top_level.txt
[2.088s] reading manifest file 'image_geometry.egg-info/SOURCES.txt'
[2.091s] writing manifest file 'image_geometry.egg-info/SOURCES.txt'
[2.216s] [100%] Built target ament_cmake_python_build_image_geometry_egg
[2.282s] Invoked command in '/home/puzzlebot/Documents/PUXXY_NODE/TE3002B/puzzle_ws/build/image_geometry' returned '0': CMAKE_PREFIX_PATH=/home/puzzlebot/ros2_ws/install/puzzlebot_ros:/opt/ros/humble:${CMAKE_PREFIX_PATH} /usr/bin/cmake --build /home/puzzlebot/Documents/PUXXY_NODE/TE3002B/puzzle_ws/build/image_geometry -- -j4 -l4
[2.427s] Invoking command in '/home/puzzlebot/Documents/PUXXY_NODE/TE3002B/puzzle_ws/build/image_geometry': CMAKE_PREFIX_PATH=/home/puzzlebot/ros2_ws/install/puzzlebot_ros:/opt/ros/humble:${CMAKE_PREFIX_PATH} /usr/bin/cmake --install /home/puzzlebot/Documents/PUXXY_NODE/TE3002B/puzzle_ws/build/image_geometry
[2.462s] -- Install configuration: ""
[2.463s] -- Up-to-date: /home/puzzlebot/Documents/PUXXY_NODE/TE3002B/puzzle_ws/install/image_geometry/share/image_geometry/environment/pythonpath.sh
[2.463s] -- Up-to-date: /home/puzzlebot/Documents/PUXXY_NODE/TE3002B/puzzle_ws/install/image_geometry/share/image_geometry/environment/pythonpath.dsv
[2.464s] -- Up-to-date: /home/puzzlebot/Documents/PUXXY_NODE/TE3002B/puzzle_ws/install/image_geometry/lib/python3.8/site-packages/image_geometry-3.2.1-py3.8.egg-info
[2.464s] -- Installing: /home/puzzlebot/Documents/PUXXY_NODE/TE3002B/puzzle_ws/install/image_geometry/lib/python3.8/site-packages/image_geometry-3.2.1-py3.8.egg-info/top_level.txt
[2.465s] -- Installing: /home/puzzlebot/Documents/PUXXY_NODE/TE3002B/puzzle_ws/install/image_geometry/lib/python3.8/site-packages/image_geometry-3.2.1-py3.8.egg-info/PKG-INFO
[2.465s] -- Installing: /home/puzzlebot/Documents/PUXXY_NODE/TE3002B/puzzle_ws/install/image_geometry/lib/python3.8/site-packages/image_geometry-3.2.1-py3.8.egg-info/SOURCES.txt
[2.466s] -- Installing: /home/puzzlebot/Documents/PUXXY_NODE/TE3002B/puzzle_ws/install/image_geometry/lib/python3.8/site-packages/image_geometry-3.2.1-py3.8.egg-info/dependency_links.txt
[2.467s] -- Up-to-date: /home/puzzlebot/Documents/PUXXY_NODE/TE3002B/puzzle_ws/install/image_geometry/lib/python3.8/site-packages/image_geometry
[2.467s] -- Up-to-date: /home/puzzlebot/Documents/PUXXY_NODE/TE3002B/puzzle_ws/install/image_geometry/lib/python3.8/site-packages/image_geometry/cameramodels.py
[2.468s] -- Up-to-date: /home/puzzlebot/Documents/PUXXY_NODE/TE3002B/puzzle_ws/install/image_geometry/lib/python3.8/site-packages/image_geometry/__init__.py
[2.619s] Listing '/home/puzzlebot/Documents/PUXXY_NODE/TE3002B/puzzle_ws/install/image_geometry/lib/python3.8/site-packages/image_geometry'...
[2.644s] -- Up-to-date: /home/puzzlebot/Documents/PUXXY_NODE/TE3002B/puzzle_ws/install/image_geometry/include/image_geometry
[2.646s] -- Up-to-date: /home/puzzlebot/Documents/PUXXY_NODE/TE3002B/puzzle_ws/install/image_geometry/include/image_geometry/image_geometry
[2.647s] -- Up-to-date: /home/puzzlebot/Documents/PUXXY_NODE/TE3002B/puzzle_ws/install/image_geometry/include/image_geometry/image_geometry/pinhole_camera_model.h
[2.647s] -- Up-to-date: /home/puzzlebot/Documents/PUXXY_NODE/TE3002B/puzzle_ws/install/image_geometry/include/image_geometry/image_geometry/visibility_control.hpp
[2.648s] -- Up-to-date: /home/puzzlebot/Documents/PUXXY_NODE/TE3002B/puzzle_ws/install/image_geometry/include/image_geometry/image_geometry/stereo_camera_model.h
[2.659s] -- Up-to-date: /home/puzzlebot/Documents/PUXXY_NODE/TE3002B/puzzle_ws/install/image_geometry/lib/libimage_geometry.so
[2.659s] -- Up-to-date: /home/puzzlebot/Documents/PUXXY_NODE/TE3002B/puzzle_ws/install/image_geometry/share/ament_index/resource_index/package_run_dependencies/image_geometry
[2.660s] -- Up-to-date: /home/puzzlebot/Documents/PUXXY_NODE/TE3002B/puzzle_ws/install/image_geometry/share/ament_index/resource_index/parent_prefix_path/image_geometry
[2.673s] -- Up-to-date: /home/puzzlebot/Documents/PUXXY_NODE/TE3002B/puzzle_ws/install/image_geometry/share/image_geometry/environment/ament_prefix_path.sh
[2.676s] -- Up-to-date: /home/puzzlebot/Documents/PUXXY_NODE/TE3002B/puzzle_ws/install/image_geometry/share/image_geometry/environment/ament_prefix_path.dsv
[2.677s] -- Up-to-date: /home/puzzlebot/Documents/PUXXY_NODE/TE3002B/puzzle_ws/install/image_geometry/share/image_geometry/environment/path.sh
[2.679s] -- Up-to-date: /home/puzzlebot/Documents/PUXXY_NODE/TE3002B/puzzle_ws/install/image_geometry/share/image_geometry/environment/path.dsv
[2.679s] -- Up-to-date: /home/puzzlebot/Documents/PUXXY_NODE/TE3002B/puzzle_ws/install/image_geometry/share/image_geometry/local_setup.bash
[2.680s] -- Up-to-date: /home/puzzlebot/Documents/PUXXY_NODE/TE3002B/puzzle_ws/install/image_geometry/share/image_geometry/local_setup.sh
[2.682s] -- Up-to-date: /home/puzzlebot/Documents/PUXXY_NODE/TE3002B/puzzle_ws/install/image_geometry/share/image_geometry/local_setup.zsh
[2.683s] -- Up-to-date: /home/puzzlebot/Documents/PUXXY_NODE/TE3002B/puzzle_ws/install/image_geometry/share/image_geometry/local_setup.dsv
[2.685s] -- Installing: /home/puzzlebot/Documents/PUXXY_NODE/TE3002B/puzzle_ws/install/image_geometry/share/image_geometry/package.dsv
[2.686s] -- Up-to-date: /home/puzzlebot/Documents/PUXXY_NODE/TE3002B/puzzle_ws/install/image_geometry/share/ament_index/resource_index/packages/image_geometry
[2.700s] -- Up-to-date: /home/puzzlebot/Documents/PUXXY_NODE/TE3002B/puzzle_ws/install/image_geometry/share/image_geometry/cmake/export_image_geometryExport.cmake
[2.700s] -- Up-to-date: /home/puzzlebot/Documents/PUXXY_NODE/TE3002B/puzzle_ws/install/image_geometry/share/image_geometry/cmake/export_image_geometryExport-noconfig.cmake
[2.701s] -- Up-to-date: /home/puzzlebot/Documents/PUXXY_NODE/TE3002B/puzzle_ws/install/image_geometry/share/image_geometry/cmake/ament_cmake_export_targets-extras.cmake
[2.702s] -- Up-to-date: /home/puzzlebot/Documents/PUXXY_NODE/TE3002B/puzzle_ws/install/image_geometry/share/image_geometry/cmake/ament_cmake_export_dependencies-extras.cmake
[2.704s] -- Up-to-date: /home/puzzlebot/Documents/PUXXY_NODE/TE3002B/puzzle_ws/install/image_geometry/share/image_geometry/cmake/image_geometryConfig.cmake
[2.705s] -- Up-to-date: /home/puzzlebot/Documents/PUXXY_NODE/TE3002B/puzzle_ws/install/image_geometry/share/image_geometry/cmake/image_geometryConfig-version.cmake
[2.706s] -- Up-to-date: /home/puzzlebot/Documents/PUXXY_NODE/TE3002B/puzzle_ws/install/image_geometry/share/image_geometry/package.xml
[2.715s] Invoked command in '/home/puzzlebot/Documents/PUXXY_NODE/TE3002B/puzzle_ws/build/image_geometry' returned '0': CMAKE_PREFIX_PATH=/home/puzzlebot/ros2_ws/install/puzzlebot_ros:/opt/ros/humble:${CMAKE_PREFIX_PATH} /usr/bin/cmake --install /home/puzzlebot/Documents/PUXXY_NODE/TE3002B/puzzle_ws/build/image_geometry
