[1.336s] Invoking command in '/home/puzzlebot/Documents/PUXX_WS/TE3002B/puzzle_ws/build/puzzle_pkg': CMAKE_PREFIX_PATH=/home/puzzlebot/Documents/PUXX_WS/TE3002B/puzzle_ws/install/puzzle_pkg:/home/puzzlebot/ros2_ws/install/puzzlebot_ros:/opt/ros/humble:/home/puzzlebot/ros2_packages_ws/install/ros_deep_learning:/home/puzzlebot/ros2_packages_ws/install/micro_ros_setup:/home/puzzlebot/ros2_packages_ws/install/micro_ros_agent:/home/puzzlebot/ros2_packages_ws/install/micro_ros_msgs:/home/puzzlebot/ros2_packages_ws/install/camera_info_publisher /usr/bin/cmake --build /home/puzzlebot/Documents/PUXX_WS/TE3002B/puzzle_ws/build/puzzle_pkg -- -j4 -l4
[1.567s] [  6%] Built target puzzle_pkg__rosidl_generator_c
[1.575s] [  9%] Built target puzzle_pkg__cpp
[1.614s] [  9%] Built target ament_cmake_python_copy_puzzle_pkg
[1.647s] [ 13%] Built target odometry
[1.737s] [ 18%] Built target signal_handle
[1.752s] [ 25%] Built target puzzle_pkg__rosidl_typesupport_c
[1.765s] [ 29%] Built target cam_source
[1.773s] [ 36%] Built target puzzle_pkg__rosidl_typesupport_cpp
[1.836s] [ 43%] Built target puzzle_pkg__rosidl_typesupport_introspection_cpp
[1.858s] [ 50%] Built target puzzle_pkg__rosidl_typesupport_fastrtps_cpp
[1.876s] [ 56%] Built target puzzle_pkg__rosidl_typesupport_fastrtps_c
[1.877s] [ 63%] Built target puzzle_pkg__rosidl_typesupport_introspection_c
[1.947s] [35m[1mScanning dependencies of target controller[0m
[1.964s] [ 63%] Built target puzzle_pkg
[2.049s] [ 75%] Built target lane_detection
[2.053s] [ 77%] Built target puzzle_pkg__py
[2.170s] [ 81%] Built target puzzle_pkg__rosidl_generator_py
[2.211s] [ 84%] [32mBuilding CXX object CMakeFiles/controller.dir/src/control/controller.cpp.o[0m
[2.319s] [ 88%] Built target puzzle_pkg__rosidl_typesupport_introspection_c__pyext
[2.334s] [ 93%] Built target puzzle_pkg__rosidl_typesupport_fastrtps_c__pyext
[2.439s] [ 97%] Built target puzzle_pkg__rosidl_typesupport_c__pyext
[3.013s] running egg_info
[3.017s] writing puzzle_pkg.egg-info/PKG-INFO
[3.018s] writing dependency_links to puzzle_pkg.egg-info/dependency_links.txt
[3.018s] writing top-level names to puzzle_pkg.egg-info/top_level.txt
[3.211s] reading manifest file 'puzzle_pkg.egg-info/SOURCES.txt'
[3.213s] writing manifest file 'puzzle_pkg.egg-info/SOURCES.txt'
[3.331s] [ 97%] Built target ament_cmake_python_build_puzzle_pkg_egg
[12.241s] [01m[K/home/puzzlebot/Documents/PUXX_WS/TE3002B/puzzle_ws/src/puzzle_pkg/src/control/controller.cpp:[m[K In constructor ‘[01m[KController::Controller()[m[K’:
[12.241s] [01m[K/home/puzzlebot/Documents/PUXX_WS/TE3002B/puzzle_ws/src/puzzle_pkg/src/control/controller.cpp:444:27:[m[K [01;35m[Kwarning: [m[K‘[01m[KController::odom_[m[K’ will be initialized after [[01;35m[K-Wreorder[m[K]
[12.242s]      std::array<double, 3> [01;35m[Kodom_[m[K;
[12.242s]                            [01;35m[K^~~~~[m[K
[12.243s] [01m[K/home/puzzlebot/Documents/PUXX_WS/TE3002B/puzzle_ws/src/puzzle_pkg/src/control/controller.cpp:443:32:[m[K [01;35m[Kwarning: [m[K  ‘[01m[Kpuzzle_pkg::msg::DiffError Controller::errors_[m[K’ [[01;35m[K-Wreorder[m[K]
[12.243s]      puzzle_pkg::msg::DiffError [01;35m[Kerrors_[m[K;
[12.244s]                                 [01;35m[K^~~~~~~[m[K
[12.244s] [01m[K/home/puzzlebot/Documents/PUXX_WS/TE3002B/puzzle_ws/src/puzzle_pkg/src/control/controller.cpp:64:5:[m[K [01;35m[Kwarning: [m[K  when initialized here [[01;35m[K-Wreorder[m[K]
[12.245s]      [01;35m[KController[m[K() :
[12.245s]      [01;35m[K^~~~~~~~~~[m[K
[12.246s] [01m[K/home/puzzlebot/Documents/PUXX_WS/TE3002B/puzzle_ws/src/puzzle_pkg/src/control/controller.cpp:469:17:[m[K [01;35m[Kwarning: [m[K‘[01m[KController::control_type_[m[K’ will be initialized after [[01;35m[K-Wreorder[m[K]
[12.246s]      ControlType [01;35m[Kcontrol_type_[m[K;
[12.247s]                  [01;35m[K^~~~~~~~~~~~~[m[K
[12.247s] [01m[K/home/puzzlebot/Documents/PUXX_WS/TE3002B/puzzle_ws/src/puzzle_pkg/src/control/controller.cpp:464:9:[m[K [01;35m[Kwarning: [m[K  ‘[01m[Kint Controller::counter_[m[K’ [[01;35m[K-Wreorder[m[K]
[12.248s]      int [01;35m[Kcounter_[m[K;
[12.248s]          [01;35m[K^~~~~~~~[m[K
[12.248s] [01m[K/home/puzzlebot/Documents/PUXX_WS/TE3002B/puzzle_ws/src/puzzle_pkg/src/control/controller.cpp:64:5:[m[K [01;35m[Kwarning: [m[K  when initialized here [[01;35m[K-Wreorder[m[K]
[12.249s]      [01;35m[KController[m[K() :
[12.249s]      [01;35m[K^~~~~~~~~~[m[K
[12.249s] [01m[K/home/puzzlebot/Documents/PUXX_WS/TE3002B/puzzle_ws/src/puzzle_pkg/src/control/controller.cpp:83:49:[m[K [01;35m[Kwarning: [m[Klist-initializer for non-class type must not be parenthesized
[12.250s]          vel_message_(geometry_msgs::msg::Twist()[01;35m[K)[m[K
[12.250s]                                                  [01;35m[K^[m[K
[54.338s] [100%] [32m[1mLinking CXX executable controller[0m
[57.210s] [100%] Built target controller
[57.258s] Invoked command in '/home/puzzlebot/Documents/PUXX_WS/TE3002B/puzzle_ws/build/puzzle_pkg' returned '0': CMAKE_PREFIX_PATH=/home/puzzlebot/Documents/PUXX_WS/TE3002B/puzzle_ws/install/puzzle_pkg:/home/puzzlebot/ros2_ws/install/puzzlebot_ros:/opt/ros/humble:/home/puzzlebot/ros2_packages_ws/install/ros_deep_learning:/home/puzzlebot/ros2_packages_ws/install/micro_ros_setup:/home/puzzlebot/ros2_packages_ws/install/micro_ros_agent:/home/puzzlebot/ros2_packages_ws/install/micro_ros_msgs:/home/puzzlebot/ros2_packages_ws/install/camera_info_publisher /usr/bin/cmake --build /home/puzzlebot/Documents/PUXX_WS/TE3002B/puzzle_ws/build/puzzle_pkg -- -j4 -l4
[57.545s] Invoking command in '/home/puzzlebot/Documents/PUXX_WS/TE3002B/puzzle_ws/build/puzzle_pkg': CMAKE_PREFIX_PATH=/home/puzzlebot/Documents/PUXX_WS/TE3002B/puzzle_ws/install/puzzle_pkg:/home/puzzlebot/ros2_ws/install/puzzlebot_ros:/opt/ros/humble:/home/puzzlebot/ros2_packages_ws/install/ros_deep_learning:/home/puzzlebot/ros2_packages_ws/install/micro_ros_setup:/home/puzzlebot/ros2_packages_ws/install/micro_ros_agent:/home/puzzlebot/ros2_packages_ws/install/micro_ros_msgs:/home/puzzlebot/ros2_packages_ws/install/camera_info_publisher /usr/bin/cmake --install /home/puzzlebot/Documents/PUXX_WS/TE3002B/puzzle_ws/build/puzzle_pkg
[57.579s] -- Install configuration: ""
[57.579s] -- Up-to-date: /home/puzzlebot/Documents/PUXX_WS/TE3002B/puzzle_ws/install/puzzle_pkg/share/ament_index/resource_index/rosidl_interfaces/puzzle_pkg
[57.580s] -- Up-to-date: /home/puzzlebot/Documents/PUXX_WS/TE3002B/puzzle_ws/install/puzzle_pkg/include/puzzle_pkg/puzzle_pkg
[57.580s] -- Up-to-date: /home/puzzlebot/Documents/PUXX_WS/TE3002B/puzzle_ws/install/puzzle_pkg/include/puzzle_pkg/puzzle_pkg/msg
[57.581s] -- Up-to-date: /home/puzzlebot/Documents/PUXX_WS/TE3002B/puzzle_ws/install/puzzle_pkg/include/puzzle_pkg/puzzle_pkg/msg/rosidl_generator_c__visibility_control.h
[57.581s] -- Up-to-date: /home/puzzlebot/Documents/PUXX_WS/TE3002B/puzzle_ws/install/puzzle_pkg/include/puzzle_pkg/puzzle_pkg/msg/detail
[57.582s] -- Up-to-date: /home/puzzlebot/Documents/PUXX_WS/TE3002B/puzzle_ws/install/puzzle_pkg/include/puzzle_pkg/puzzle_pkg/msg/detail/diff_error__functions.c
[57.582s] -- Up-to-date: /home/puzzlebot/Documents/PUXX_WS/TE3002B/puzzle_ws/install/puzzle_pkg/include/puzzle_pkg/puzzle_pkg/msg/detail/diff_error__type_support.h
[57.583s] -- Up-to-date: /home/puzzlebot/Documents/PUXX_WS/TE3002B/puzzle_ws/install/puzzle_pkg/include/puzzle_pkg/puzzle_pkg/msg/detail/diff_error__struct.h
[57.583s] -- Up-to-date: /home/puzzlebot/Documents/PUXX_WS/TE3002B/puzzle_ws/install/puzzle_pkg/include/puzzle_pkg/puzzle_pkg/msg/detail/diff_error__functions.h
[57.584s] -- Up-to-date: /home/puzzlebot/Documents/PUXX_WS/TE3002B/puzzle_ws/install/puzzle_pkg/include/puzzle_pkg/puzzle_pkg/msg/diff_error.h
[57.584s] -- Up-to-date: /home/puzzlebot/Documents/PUXX_WS/TE3002B/puzzle_ws/install/puzzle_pkg/share/puzzle_pkg/environment/library_path.sh
[57.584s] -- Up-to-date: /home/puzzlebot/Documents/PUXX_WS/TE3002B/puzzle_ws/install/puzzle_pkg/share/puzzle_pkg/environment/library_path.dsv
[57.585s] -- Up-to-date: /home/puzzlebot/Documents/PUXX_WS/TE3002B/puzzle_ws/install/puzzle_pkg/lib/libpuzzle_pkg__rosidl_generator_c.so
[57.585s] -- Up-to-date: /home/puzzlebot/Documents/PUXX_WS/TE3002B/puzzle_ws/install/puzzle_pkg/include/puzzle_pkg/puzzle_pkg
[57.586s] -- Up-to-date: /home/puzzlebot/Documents/PUXX_WS/TE3002B/puzzle_ws/install/puzzle_pkg/include/puzzle_pkg/puzzle_pkg/msg
[57.586s] -- Up-to-date: /home/puzzlebot/Documents/PUXX_WS/TE3002B/puzzle_ws/install/puzzle_pkg/include/puzzle_pkg/puzzle_pkg/msg/rosidl_typesupport_fastrtps_c__visibility_control.h
[57.586s] -- Up-to-date: /home/puzzlebot/Documents/PUXX_WS/TE3002B/puzzle_ws/install/puzzle_pkg/include/puzzle_pkg/puzzle_pkg/msg/detail
[57.587s] -- Up-to-date: /home/puzzlebot/Documents/PUXX_WS/TE3002B/puzzle_ws/install/puzzle_pkg/include/puzzle_pkg/puzzle_pkg/msg/detail/diff_error__rosidl_typesupport_fastrtps_c.h
[57.587s] -- Up-to-date: /home/puzzlebot/Documents/PUXX_WS/TE3002B/puzzle_ws/install/puzzle_pkg/lib/libpuzzle_pkg__rosidl_typesupport_fastrtps_c.so
[57.588s] -- Up-to-date: /home/puzzlebot/Documents/PUXX_WS/TE3002B/puzzle_ws/install/puzzle_pkg/include/puzzle_pkg/puzzle_pkg
[57.589s] -- Up-to-date: /home/puzzlebot/Documents/PUXX_WS/TE3002B/puzzle_ws/install/puzzle_pkg/include/puzzle_pkg/puzzle_pkg/msg
[57.589s] -- Up-to-date: /home/puzzlebot/Documents/PUXX_WS/TE3002B/puzzle_ws/install/puzzle_pkg/include/puzzle_pkg/puzzle_pkg/msg/diff_error.hpp
[57.590s] -- Up-to-date: /home/puzzlebot/Documents/PUXX_WS/TE3002B/puzzle_ws/install/puzzle_pkg/include/puzzle_pkg/puzzle_pkg/msg/detail
[57.590s] -- Up-to-date: /home/puzzlebot/Documents/PUXX_WS/TE3002B/puzzle_ws/install/puzzle_pkg/include/puzzle_pkg/puzzle_pkg/msg/detail/diff_error__traits.hpp
[57.591s] -- Up-to-date: /home/puzzlebot/Documents/PUXX_WS/TE3002B/puzzle_ws/install/puzzle_pkg/include/puzzle_pkg/puzzle_pkg/msg/detail/diff_error__struct.hpp
[57.591s] -- Up-to-date: /home/puzzlebot/Documents/PUXX_WS/TE3002B/puzzle_ws/install/puzzle_pkg/include/puzzle_pkg/puzzle_pkg/msg/detail/diff_error__builder.hpp
[57.592s] -- Up-to-date: /home/puzzlebot/Documents/PUXX_WS/TE3002B/puzzle_ws/install/puzzle_pkg/include/puzzle_pkg/puzzle_pkg
[57.592s] -- Up-to-date: /home/puzzlebot/Documents/PUXX_WS/TE3002B/puzzle_ws/install/puzzle_pkg/include/puzzle_pkg/puzzle_pkg/msg
[57.592s] -- Up-to-date: /home/puzzlebot/Documents/PUXX_WS/TE3002B/puzzle_ws/install/puzzle_pkg/include/puzzle_pkg/puzzle_pkg/msg/rosidl_typesupport_fastrtps_cpp__visibility_control.h
[57.593s] -- Up-to-date: /home/puzzlebot/Documents/PUXX_WS/TE3002B/puzzle_ws/install/puzzle_pkg/include/puzzle_pkg/puzzle_pkg/msg/detail
[57.593s] -- Up-to-date: /home/puzzlebot/Documents/PUXX_WS/TE3002B/puzzle_ws/install/puzzle_pkg/include/puzzle_pkg/puzzle_pkg/msg/detail/dds_fastrtps
[57.594s] -- Up-to-date: /home/puzzlebot/Documents/PUXX_WS/TE3002B/puzzle_ws/install/puzzle_pkg/include/puzzle_pkg/puzzle_pkg/msg/detail/diff_error__rosidl_typesupport_fastrtps_cpp.hpp
[57.594s] -- Up-to-date: /home/puzzlebot/Documents/PUXX_WS/TE3002B/puzzle_ws/install/puzzle_pkg/lib/libpuzzle_pkg__rosidl_typesupport_fastrtps_cpp.so
[57.595s] -- Up-to-date: /home/puzzlebot/Documents/PUXX_WS/TE3002B/puzzle_ws/install/puzzle_pkg/include/puzzle_pkg/puzzle_pkg
[57.595s] -- Up-to-date: /home/puzzlebot/Documents/PUXX_WS/TE3002B/puzzle_ws/install/puzzle_pkg/include/puzzle_pkg/puzzle_pkg/msg
[57.595s] -- Up-to-date: /home/puzzlebot/Documents/PUXX_WS/TE3002B/puzzle_ws/install/puzzle_pkg/include/puzzle_pkg/puzzle_pkg/msg/rosidl_typesupport_introspection_c__visibility_control.h
[57.596s] -- Up-to-date: /home/puzzlebot/Documents/PUXX_WS/TE3002B/puzzle_ws/install/puzzle_pkg/include/puzzle_pkg/puzzle_pkg/msg/detail
[57.596s] -- Up-to-date: /home/puzzlebot/Documents/PUXX_WS/TE3002B/puzzle_ws/install/puzzle_pkg/include/puzzle_pkg/puzzle_pkg/msg/detail/diff_error__rosidl_typesupport_introspection_c.h
[57.596s] -- Up-to-date: /home/puzzlebot/Documents/PUXX_WS/TE3002B/puzzle_ws/install/puzzle_pkg/include/puzzle_pkg/puzzle_pkg/msg/detail/diff_error__type_support.c
[57.597s] -- Up-to-date: /home/puzzlebot/Documents/PUXX_WS/TE3002B/puzzle_ws/install/puzzle_pkg/lib/libpuzzle_pkg__rosidl_typesupport_introspection_c.so
[57.597s] -- Up-to-date: /home/puzzlebot/Documents/PUXX_WS/TE3002B/puzzle_ws/install/puzzle_pkg/lib/libpuzzle_pkg__rosidl_typesupport_c.so
[57.599s] -- Up-to-date: /home/puzzlebot/Documents/PUXX_WS/TE3002B/puzzle_ws/install/puzzle_pkg/include/puzzle_pkg/puzzle_pkg
[57.599s] -- Up-to-date: /home/puzzlebot/Documents/PUXX_WS/TE3002B/puzzle_ws/install/puzzle_pkg/include/puzzle_pkg/puzzle_pkg/msg
[57.599s] -- Up-to-date: /home/puzzlebot/Documents/PUXX_WS/TE3002B/puzzle_ws/install/puzzle_pkg/include/puzzle_pkg/puzzle_pkg/msg/detail
[57.600s] -- Up-to-date: /home/puzzlebot/Documents/PUXX_WS/TE3002B/puzzle_ws/install/puzzle_pkg/include/puzzle_pkg/puzzle_pkg/msg/detail/diff_error__type_support.cpp
[57.600s] -- Up-to-date: /home/puzzlebot/Documents/PUXX_WS/TE3002B/puzzle_ws/install/puzzle_pkg/include/puzzle_pkg/puzzle_pkg/msg/detail/diff_error__rosidl_typesupport_introspection_cpp.hpp
[57.601s] -- Up-to-date: /home/puzzlebot/Documents/PUXX_WS/TE3002B/puzzle_ws/install/puzzle_pkg/lib/libpuzzle_pkg__rosidl_typesupport_introspection_cpp.so
[57.603s] -- Up-to-date: /home/puzzlebot/Documents/PUXX_WS/TE3002B/puzzle_ws/install/puzzle_pkg/lib/libpuzzle_pkg__rosidl_typesupport_cpp.so
[57.604s] -- Up-to-date: /home/puzzlebot/Documents/PUXX_WS/TE3002B/puzzle_ws/install/puzzle_pkg/share/puzzle_pkg/environment/pythonpath.sh
[57.604s] -- Up-to-date: /home/puzzlebot/Documents/PUXX_WS/TE3002B/puzzle_ws/install/puzzle_pkg/share/puzzle_pkg/environment/pythonpath.dsv
[57.604s] -- Up-to-date: /home/puzzlebot/Documents/PUXX_WS/TE3002B/puzzle_ws/install/puzzle_pkg/lib/python3.8/site-packages/puzzle_pkg-0.0.0-py3.8.egg-info
[57.605s] -- Installing: /home/puzzlebot/Documents/PUXX_WS/TE3002B/puzzle_ws/install/puzzle_pkg/lib/python3.8/site-packages/puzzle_pkg-0.0.0-py3.8.egg-info/top_level.txt
[57.605s] -- Installing: /home/puzzlebot/Documents/PUXX_WS/TE3002B/puzzle_ws/install/puzzle_pkg/lib/python3.8/site-packages/puzzle_pkg-0.0.0-py3.8.egg-info/PKG-INFO
[57.606s] -- Installing: /home/puzzlebot/Documents/PUXX_WS/TE3002B/puzzle_ws/install/puzzle_pkg/lib/python3.8/site-packages/puzzle_pkg-0.0.0-py3.8.egg-info/SOURCES.txt
[57.607s] -- Installing: /home/puzzlebot/Documents/PUXX_WS/TE3002B/puzzle_ws/install/puzzle_pkg/lib/python3.8/site-packages/puzzle_pkg-0.0.0-py3.8.egg-info/dependency_links.txt
[57.608s] -- Up-to-date: /home/puzzlebot/Documents/PUXX_WS/TE3002B/puzzle_ws/install/puzzle_pkg/lib/python3.8/site-packages/puzzle_pkg
[57.608s] -- Up-to-date: /home/puzzlebot/Documents/PUXX_WS/TE3002B/puzzle_ws/install/puzzle_pkg/lib/python3.8/site-packages/puzzle_pkg/puzzle_pkg_s__rosidl_typesupport_c.cpython-38-aarch64-linux-gnu.so
[57.609s] -- Up-to-date: /home/puzzlebot/Documents/PUXX_WS/TE3002B/puzzle_ws/install/puzzle_pkg/lib/python3.8/site-packages/puzzle_pkg/__init__.py
[57.609s] -- Up-to-date: /home/puzzlebot/Documents/PUXX_WS/TE3002B/puzzle_ws/install/puzzle_pkg/lib/python3.8/site-packages/puzzle_pkg/_puzzle_pkg_s.ep.rosidl_typesupport_fastrtps_c.c
[57.610s] -- Up-to-date: /home/puzzlebot/Documents/PUXX_WS/TE3002B/puzzle_ws/install/puzzle_pkg/lib/python3.8/site-packages/puzzle_pkg/msg
[57.610s] -- Up-to-date: /home/puzzlebot/Documents/PUXX_WS/TE3002B/puzzle_ws/install/puzzle_pkg/lib/python3.8/site-packages/puzzle_pkg/msg/__init__.py
[57.611s] -- Up-to-date: /home/puzzlebot/Documents/PUXX_WS/TE3002B/puzzle_ws/install/puzzle_pkg/lib/python3.8/site-packages/puzzle_pkg/msg/_diff_error_s.c
[57.611s] -- Up-to-date: /home/puzzlebot/Documents/PUXX_WS/TE3002B/puzzle_ws/install/puzzle_pkg/lib/python3.8/site-packages/puzzle_pkg/msg/_diff_error.py
[57.611s] -- Up-to-date: /home/puzzlebot/Documents/PUXX_WS/TE3002B/puzzle_ws/install/puzzle_pkg/lib/python3.8/site-packages/puzzle_pkg/_puzzle_pkg_s.ep.rosidl_typesupport_c.c
[57.612s] -- Up-to-date: /home/puzzlebot/Documents/PUXX_WS/TE3002B/puzzle_ws/install/puzzle_pkg/lib/python3.8/site-packages/puzzle_pkg/puzzle_pkg_s__rosidl_typesupport_introspection_c.cpython-38-aarch64-linux-gnu.so
[57.612s] -- Up-to-date: /home/puzzlebot/Documents/PUXX_WS/TE3002B/puzzle_ws/install/puzzle_pkg/lib/python3.8/site-packages/puzzle_pkg/puzzle_pkg_s__rosidl_typesupport_fastrtps_c.cpython-38-aarch64-linux-gnu.so
[57.613s] -- Up-to-date: /home/puzzlebot/Documents/PUXX_WS/TE3002B/puzzle_ws/install/puzzle_pkg/lib/python3.8/site-packages/puzzle_pkg/_puzzle_pkg_s.ep.rosidl_typesupport_introspection_c.c
[57.613s] -- Up-to-date: /home/puzzlebot/Documents/PUXX_WS/TE3002B/puzzle_ws/install/puzzle_pkg/lib/python3.8/site-packages/puzzle_pkg/libpuzzle_pkg__rosidl_generator_py.so
[57.796s] Listing '/home/puzzlebot/Documents/PUXX_WS/TE3002B/puzzle_ws/install/puzzle_pkg/lib/python3.8/site-packages/puzzle_pkg'...
[57.796s] Listing '/home/puzzlebot/Documents/PUXX_WS/TE3002B/puzzle_ws/install/puzzle_pkg/lib/python3.8/site-packages/puzzle_pkg/msg'...
[57.818s] -- Up-to-date: /home/puzzlebot/Documents/PUXX_WS/TE3002B/puzzle_ws/install/puzzle_pkg/lib/python3.8/site-packages/puzzle_pkg/puzzle_pkg_s__rosidl_typesupport_fastrtps_c.cpython-38-aarch64-linux-gnu.so
[57.821s] -- Up-to-date: /home/puzzlebot/Documents/PUXX_WS/TE3002B/puzzle_ws/install/puzzle_pkg/lib/python3.8/site-packages/puzzle_pkg/puzzle_pkg_s__rosidl_typesupport_introspection_c.cpython-38-aarch64-linux-gnu.so
[57.824s] -- Up-to-date: /home/puzzlebot/Documents/PUXX_WS/TE3002B/puzzle_ws/install/puzzle_pkg/lib/python3.8/site-packages/puzzle_pkg/puzzle_pkg_s__rosidl_typesupport_c.cpython-38-aarch64-linux-gnu.so
[57.826s] -- Up-to-date: /home/puzzlebot/Documents/PUXX_WS/TE3002B/puzzle_ws/install/puzzle_pkg/lib/libpuzzle_pkg__rosidl_generator_py.so
[57.827s] -- Up-to-date: /home/puzzlebot/Documents/PUXX_WS/TE3002B/puzzle_ws/install/puzzle_pkg/share/puzzle_pkg/msg/DiffError.idl
[57.828s] -- Up-to-date: /home/puzzlebot/Documents/PUXX_WS/TE3002B/puzzle_ws/install/puzzle_pkg/share/puzzle_pkg/msg/DiffError.msg
[57.831s] -- Installing: /home/puzzlebot/Documents/PUXX_WS/TE3002B/puzzle_ws/install/puzzle_pkg/lib/puzzle_pkg/controller
[57.860s] -- Set runtime path of "/home/puzzlebot/Documents/PUXX_WS/TE3002B/puzzle_ws/install/puzzle_pkg/lib/puzzle_pkg/controller" to ""
[57.864s] -- Up-to-date: /home/puzzlebot/Documents/PUXX_WS/TE3002B/puzzle_ws/install/puzzle_pkg/lib/puzzle_pkg/odometry
[57.868s] -- Up-to-date: /home/puzzlebot/Documents/PUXX_WS/TE3002B/puzzle_ws/install/puzzle_pkg/lib/puzzle_pkg/lane_detection
[57.872s] -- Up-to-date: /home/puzzlebot/Documents/PUXX_WS/TE3002B/puzzle_ws/install/puzzle_pkg/lib/puzzle_pkg/cam_source
[57.875s] -- Up-to-date: /home/puzzlebot/Documents/PUXX_WS/TE3002B/puzzle_ws/install/puzzle_pkg/lib/puzzle_pkg/signal_handle
[57.876s] -- Up-to-date: /home/puzzlebot/Documents/PUXX_WS/TE3002B/puzzle_ws/install/puzzle_pkg/share/puzzle_pkg//launch
[57.876s] -- Up-to-date: /home/puzzlebot/Documents/PUXX_WS/TE3002B/puzzle_ws/install/puzzle_pkg/share/puzzle_pkg//launch/__pycache__
[57.877s] -- Up-to-date: /home/puzzlebot/Documents/PUXX_WS/TE3002B/puzzle_ws/install/puzzle_pkg/share/puzzle_pkg//launch/__pycache__/launch.cpython-310.pyc
[57.877s] -- Installing: /home/puzzlebot/Documents/PUXX_WS/TE3002B/puzzle_ws/install/puzzle_pkg/share/puzzle_pkg//launch/__pycache__/launch.cpython-38.pyc
[57.878s] -- Up-to-date: /home/puzzlebot/Documents/PUXX_WS/TE3002B/puzzle_ws/install/puzzle_pkg/share/puzzle_pkg//launch/launch.py
[57.878s] -- Up-to-date: /home/puzzlebot/Documents/PUXX_WS/TE3002B/puzzle_ws/install/puzzle_pkg/share/puzzle_pkg//config
[57.879s] -- Up-to-date: /home/puzzlebot/Documents/PUXX_WS/TE3002B/puzzle_ws/install/puzzle_pkg/share/puzzle_pkg//config/odometry_params.yaml
[57.879s] -- Up-to-date: /home/puzzlebot/Documents/PUXX_WS/TE3002B/puzzle_ws/install/puzzle_pkg/share/puzzle_pkg//config/controller_params.yaml
[57.880s] -- Up-to-date: /home/puzzlebot/Documents/PUXX_WS/TE3002B/puzzle_ws/install/puzzle_pkg/share/ament_index/resource_index/package_run_dependencies/puzzle_pkg
[57.880s] -- Up-to-date: /home/puzzlebot/Documents/PUXX_WS/TE3002B/puzzle_ws/install/puzzle_pkg/share/ament_index/resource_index/parent_prefix_path/puzzle_pkg
[57.880s] -- Up-to-date: /home/puzzlebot/Documents/PUXX_WS/TE3002B/puzzle_ws/install/puzzle_pkg/share/puzzle_pkg/environment/ament_prefix_path.sh
[57.881s] -- Up-to-date: /home/puzzlebot/Documents/PUXX_WS/TE3002B/puzzle_ws/install/puzzle_pkg/share/puzzle_pkg/environment/ament_prefix_path.dsv
[57.881s] -- Up-to-date: /home/puzzlebot/Documents/PUXX_WS/TE3002B/puzzle_ws/install/puzzle_pkg/share/puzzle_pkg/environment/path.sh
[57.882s] -- Up-to-date: /home/puzzlebot/Documents/PUXX_WS/TE3002B/puzzle_ws/install/puzzle_pkg/share/puzzle_pkg/environment/path.dsv
[57.882s] -- Up-to-date: /home/puzzlebot/Documents/PUXX_WS/TE3002B/puzzle_ws/install/puzzle_pkg/share/puzzle_pkg/local_setup.bash
[57.883s] -- Up-to-date: /home/puzzlebot/Documents/PUXX_WS/TE3002B/puzzle_ws/install/puzzle_pkg/share/puzzle_pkg/local_setup.sh
[57.883s] -- Up-to-date: /home/puzzlebot/Documents/PUXX_WS/TE3002B/puzzle_ws/install/puzzle_pkg/share/puzzle_pkg/local_setup.zsh
[57.884s] -- Up-to-date: /home/puzzlebot/Documents/PUXX_WS/TE3002B/puzzle_ws/install/puzzle_pkg/share/puzzle_pkg/local_setup.dsv
[57.884s] -- Installing: /home/puzzlebot/Documents/PUXX_WS/TE3002B/puzzle_ws/install/puzzle_pkg/share/puzzle_pkg/package.dsv
[57.885s] -- Up-to-date: /home/puzzlebot/Documents/PUXX_WS/TE3002B/puzzle_ws/install/puzzle_pkg/share/ament_index/resource_index/packages/puzzle_pkg
[57.885s] -- Up-to-date: /home/puzzlebot/Documents/PUXX_WS/TE3002B/puzzle_ws/install/puzzle_pkg/share/puzzle_pkg/cmake/export_puzzle_pkg__rosidl_generator_cExport.cmake
[57.886s] -- Up-to-date: /home/puzzlebot/Documents/PUXX_WS/TE3002B/puzzle_ws/install/puzzle_pkg/share/puzzle_pkg/cmake/export_puzzle_pkg__rosidl_generator_cExport-noconfig.cmake
[57.887s] -- Up-to-date: /home/puzzlebot/Documents/PUXX_WS/TE3002B/puzzle_ws/install/puzzle_pkg/share/puzzle_pkg/cmake/export_puzzle_pkg__rosidl_typesupport_fastrtps_cExport.cmake
[57.888s] -- Up-to-date: /home/puzzlebot/Documents/PUXX_WS/TE3002B/puzzle_ws/install/puzzle_pkg/share/puzzle_pkg/cmake/export_puzzle_pkg__rosidl_typesupport_fastrtps_cExport-noconfig.cmake
[57.889s] -- Up-to-date: /home/puzzlebot/Documents/PUXX_WS/TE3002B/puzzle_ws/install/puzzle_pkg/share/puzzle_pkg/cmake/export_puzzle_pkg__rosidl_generator_cppExport.cmake
[57.890s] -- Up-to-date: /home/puzzlebot/Documents/PUXX_WS/TE3002B/puzzle_ws/install/puzzle_pkg/share/puzzle_pkg/cmake/export_puzzle_pkg__rosidl_typesupport_fastrtps_cppExport.cmake
[57.891s] -- Up-to-date: /home/puzzlebot/Documents/PUXX_WS/TE3002B/puzzle_ws/install/puzzle_pkg/share/puzzle_pkg/cmake/export_puzzle_pkg__rosidl_typesupport_fastrtps_cppExport-noconfig.cmake
[57.892s] -- Up-to-date: /home/puzzlebot/Documents/PUXX_WS/TE3002B/puzzle_ws/install/puzzle_pkg/share/puzzle_pkg/cmake/puzzle_pkg__rosidl_typesupport_introspection_cExport.cmake
[57.893s] -- Up-to-date: /home/puzzlebot/Documents/PUXX_WS/TE3002B/puzzle_ws/install/puzzle_pkg/share/puzzle_pkg/cmake/puzzle_pkg__rosidl_typesupport_introspection_cExport-noconfig.cmake
[57.894s] -- Up-to-date: /home/puzzlebot/Documents/PUXX_WS/TE3002B/puzzle_ws/install/puzzle_pkg/share/puzzle_pkg/cmake/puzzle_pkg__rosidl_typesupport_cExport.cmake
[57.895s] -- Up-to-date: /home/puzzlebot/Documents/PUXX_WS/TE3002B/puzzle_ws/install/puzzle_pkg/share/puzzle_pkg/cmake/puzzle_pkg__rosidl_typesupport_cExport-noconfig.cmake
[57.896s] -- Up-to-date: /home/puzzlebot/Documents/PUXX_WS/TE3002B/puzzle_ws/install/puzzle_pkg/share/puzzle_pkg/cmake/puzzle_pkg__rosidl_typesupport_introspection_cppExport.cmake
[57.897s] -- Up-to-date: /home/puzzlebot/Documents/PUXX_WS/TE3002B/puzzle_ws/install/puzzle_pkg/share/puzzle_pkg/cmake/puzzle_pkg__rosidl_typesupport_introspection_cppExport-noconfig.cmake
[57.898s] -- Up-to-date: /home/puzzlebot/Documents/PUXX_WS/TE3002B/puzzle_ws/install/puzzle_pkg/share/puzzle_pkg/cmake/puzzle_pkg__rosidl_typesupport_cppExport.cmake
[57.899s] -- Up-to-date: /home/puzzlebot/Documents/PUXX_WS/TE3002B/puzzle_ws/install/puzzle_pkg/share/puzzle_pkg/cmake/puzzle_pkg__rosidl_typesupport_cppExport-noconfig.cmake
[57.900s] -- Up-to-date: /home/puzzlebot/Documents/PUXX_WS/TE3002B/puzzle_ws/install/puzzle_pkg/share/puzzle_pkg/cmake/export_puzzle_pkg__rosidl_generator_pyExport.cmake
[57.900s] -- Up-to-date: /home/puzzlebot/Documents/PUXX_WS/TE3002B/puzzle_ws/install/puzzle_pkg/share/puzzle_pkg/cmake/export_puzzle_pkg__rosidl_generator_pyExport-noconfig.cmake
[57.901s] -- Up-to-date: /home/puzzlebot/Documents/PUXX_WS/TE3002B/puzzle_ws/install/puzzle_pkg/share/puzzle_pkg/cmake/rosidl_cmake-extras.cmake
[57.901s] -- Up-to-date: /home/puzzlebot/Documents/PUXX_WS/TE3002B/puzzle_ws/install/puzzle_pkg/share/puzzle_pkg/cmake/ament_cmake_export_dependencies-extras.cmake
[57.902s] -- Up-to-date: /home/puzzlebot/Documents/PUXX_WS/TE3002B/puzzle_ws/install/puzzle_pkg/share/puzzle_pkg/cmake/ament_cmake_export_include_directories-extras.cmake
[57.902s] -- Up-to-date: /home/puzzlebot/Documents/PUXX_WS/TE3002B/puzzle_ws/install/puzzle_pkg/share/puzzle_pkg/cmake/ament_cmake_export_libraries-extras.cmake
[57.903s] -- Up-to-date: /home/puzzlebot/Documents/PUXX_WS/TE3002B/puzzle_ws/install/puzzle_pkg/share/puzzle_pkg/cmake/ament_cmake_export_targets-extras.cmake
[57.903s] -- Up-to-date: /home/puzzlebot/Documents/PUXX_WS/TE3002B/puzzle_ws/install/puzzle_pkg/share/puzzle_pkg/cmake/rosidl_cmake_export_typesupport_targets-extras.cmake
[57.904s] -- Up-to-date: /home/puzzlebot/Documents/PUXX_WS/TE3002B/puzzle_ws/install/puzzle_pkg/share/puzzle_pkg/cmake/rosidl_cmake_export_typesupport_libraries-extras.cmake
[57.904s] -- Up-to-date: /home/puzzlebot/Documents/PUXX_WS/TE3002B/puzzle_ws/install/puzzle_pkg/share/puzzle_pkg/cmake/puzzle_pkgConfig.cmake
[57.904s] -- Up-to-date: /home/puzzlebot/Documents/PUXX_WS/TE3002B/puzzle_ws/install/puzzle_pkg/share/puzzle_pkg/cmake/puzzle_pkgConfig-version.cmake
[57.905s] -- Up-to-date: /home/puzzlebot/Documents/PUXX_WS/TE3002B/puzzle_ws/install/puzzle_pkg/share/puzzle_pkg/package.xml
[57.912s] Invoked command in '/home/puzzlebot/Documents/PUXX_WS/TE3002B/puzzle_ws/build/puzzle_pkg' returned '0': CMAKE_PREFIX_PATH=/home/puzzlebot/Documents/PUXX_WS/TE3002B/puzzle_ws/install/puzzle_pkg:/home/puzzlebot/ros2_ws/install/puzzlebot_ros:/opt/ros/humble:/home/puzzlebot/ros2_packages_ws/install/ros_deep_learning:/home/puzzlebot/ros2_packages_ws/install/micro_ros_setup:/home/puzzlebot/ros2_packages_ws/install/micro_ros_agent:/home/puzzlebot/ros2_packages_ws/install/micro_ros_msgs:/home/puzzlebot/ros2_packages_ws/install/camera_info_publisher /usr/bin/cmake --install /home/puzzlebot/Documents/PUXX_WS/TE3002B/puzzle_ws/build/puzzle_pkg
