[1.368s] DEBUG:colcon:Command line arguments: ['/usr/bin/colcon', 'build']
[1.368s] DEBUG:colcon:Parsed command line arguments: Namespace(allow_overriding=[], ament_cmake_args=None, base_paths=['.'], build_base='build', catkin_cmake_args=None, catkin_skip_building_tests=False, cmake_args=None, cmake_clean_cache=False, cmake_clean_first=False, cmake_force_configure=False, cmake_target=None, cmake_target_skip_unavailable=False, continue_on_error=False, event_handlers=None, executor='parallel', ignore_user_meta=False, install_base='install', log_base=None, log_level=None, main=<bound method BuildVerb.main of <colcon_core.verb.build.BuildVerb object at 0x7f91077eb0>>, merge_install=False, metas=['./colcon.meta'], mixin=None, mixin_files=None, mixin_verb=('build',), packages_above=None, packages_above_and_dependencies=None, packages_above_depth=None, packages_end=None, packages_ignore=None, packages_ignore_regex=None, packages_select=None, packages_select_build_failed=False, packages_select_by_dep=None, packages_select_regex=None, packages_select_test_failures=False, packages_skip=None, packages_skip_build_finished=False, packages_skip_by_dep=None, packages_skip_regex=None, packages_skip_test_passed=False, packages_skip_up_to=None, packages_start=None, packages_up_to=None, packages_up_to_regex=None, parallel_workers=4, paths=None, symlink_install=False, test_result_base=None, verb_extension=<colcon_core.verb.build.BuildVerb object at 0x7f91077eb0>, verb_name='build', verb_parser=<colcon_mixin.mixin.mixin_argument.MixinArgumentDecorator object at 0x7f910073d0>)
[2.433s] Level 1:colcon.colcon_core.package_discovery:discover_packages(colcon_meta) check parameters
[2.434s] Level 1:colcon.colcon_core.package_discovery:discover_packages(recursive) check parameters
[2.434s] Level 1:colcon.colcon_core.package_discovery:discover_packages(ignore) check parameters
[2.434s] Level 1:colcon.colcon_core.package_discovery:discover_packages(path) check parameters
[2.434s] Level 1:colcon.colcon_core.package_discovery:discover_packages(colcon_meta) discover
[2.435s] Level 1:colcon.colcon_core.package_discovery:discover_packages(recursive) discover
[2.435s] INFO:colcon.colcon_core.package_discovery:Crawling recursively for packages in '/home/puzzlebot/Documents/PUXXY_NODE/TE3002B/puzzle_ws'
[2.435s] Level 1:colcon.colcon_core.package_identification:_identify(.) by extensions ['ignore', 'ignore_ament_install']
[2.436s] Level 1:colcon.colcon_core.package_identification:_identify(.) by extension 'ignore'
[2.436s] Level 1:colcon.colcon_core.package_identification:_identify(.) by extension 'ignore_ament_install'
[2.436s] Level 1:colcon.colcon_core.package_identification:_identify(.) by extensions ['colcon_pkg']
[2.437s] Level 1:colcon.colcon_core.package_identification:_identify(.) by extension 'colcon_pkg'
[2.437s] Level 1:colcon.colcon_core.package_identification:_identify(.) by extensions ['colcon_meta']
[2.437s] Level 1:colcon.colcon_core.package_identification:_identify(.) by extension 'colcon_meta'
[2.437s] Level 1:colcon.colcon_core.package_identification:_identify(.) by extensions ['ros']
[2.437s] Level 1:colcon.colcon_core.package_identification:_identify(.) by extension 'ros'
[2.502s] Level 1:colcon.colcon_core.package_identification:_identify(.) by extensions ['cmake', 'python']
[2.503s] Level 1:colcon.colcon_core.package_identification:_identify(.) by extension 'cmake'
[2.503s] Level 1:colcon.colcon_core.package_identification:_identify(.) by extension 'python'
[2.503s] Level 1:colcon.colcon_core.package_identification:_identify(.) by extensions ['python_setup_py']
[2.503s] Level 1:colcon.colcon_core.package_identification:_identify(.) by extension 'python_setup_py'
[2.504s] Level 1:colcon.colcon_core.package_identification:_identify(build) by extensions ['ignore', 'ignore_ament_install']
[2.504s] Level 1:colcon.colcon_core.package_identification:_identify(build) by extension 'ignore'
[2.505s] Level 1:colcon.colcon_core.package_identification:_identify(build) ignored
[2.505s] Level 1:colcon.colcon_core.package_identification:_identify(install) by extensions ['ignore', 'ignore_ament_install']
[2.506s] Level 1:colcon.colcon_core.package_identification:_identify(install) by extension 'ignore'
[2.506s] Level 1:colcon.colcon_core.package_identification:_identify(install) ignored
[2.507s] Level 1:colcon.colcon_core.package_identification:_identify(log) by extensions ['ignore', 'ignore_ament_install']
[2.508s] Level 1:colcon.colcon_core.package_identification:_identify(log) by extension 'ignore'
[2.508s] Level 1:colcon.colcon_core.package_identification:_identify(log) ignored
[2.509s] Level 1:colcon.colcon_core.package_identification:_identify(src) by extensions ['ignore', 'ignore_ament_install']
[2.509s] Level 1:colcon.colcon_core.package_identification:_identify(src) by extension 'ignore'
[2.510s] Level 1:colcon.colcon_core.package_identification:_identify(src) by extension 'ignore_ament_install'
[2.510s] Level 1:colcon.colcon_core.package_identification:_identify(src) by extensions ['colcon_pkg']
[2.510s] Level 1:colcon.colcon_core.package_identification:_identify(src) by extension 'colcon_pkg'
[2.511s] Level 1:colcon.colcon_core.package_identification:_identify(src) by extensions ['colcon_meta']
[2.511s] Level 1:colcon.colcon_core.package_identification:_identify(src) by extension 'colcon_meta'
[2.512s] Level 1:colcon.colcon_core.package_identification:_identify(src) by extensions ['ros']
[2.512s] Level 1:colcon.colcon_core.package_identification:_identify(src) by extension 'ros'
[2.513s] Level 1:colcon.colcon_core.package_identification:_identify(src) by extensions ['cmake', 'python']
[2.513s] Level 1:colcon.colcon_core.package_identification:_identify(src) by extension 'cmake'
[2.514s] Level 1:colcon.colcon_core.package_identification:_identify(src) by extension 'python'
[2.514s] Level 1:colcon.colcon_core.package_identification:_identify(src) by extensions ['python_setup_py']
[2.514s] Level 1:colcon.colcon_core.package_identification:_identify(src) by extension 'python_setup_py'
[2.515s] Level 1:colcon.colcon_core.package_identification:_identify(src/puzzle_pkg) by extensions ['ignore', 'ignore_ament_install']
[2.516s] Level 1:colcon.colcon_core.package_identification:_identify(src/puzzle_pkg) by extension 'ignore'
[2.516s] Level 1:colcon.colcon_core.package_identification:_identify(src/puzzle_pkg) by extension 'ignore_ament_install'
[2.516s] Level 1:colcon.colcon_core.package_identification:_identify(src/puzzle_pkg) by extensions ['colcon_pkg']
[2.516s] Level 1:colcon.colcon_core.package_identification:_identify(src/puzzle_pkg) by extension 'colcon_pkg'
[2.516s] Level 1:colcon.colcon_core.package_identification:_identify(src/puzzle_pkg) by extensions ['colcon_meta']
[2.517s] Level 1:colcon.colcon_core.package_identification:_identify(src/puzzle_pkg) by extension 'colcon_meta'
[2.517s] Level 1:colcon.colcon_core.package_identification:_identify(src/puzzle_pkg) by extensions ['ros']
[2.517s] Level 1:colcon.colcon_core.package_identification:_identify(src/puzzle_pkg) by extension 'ros'
[2.534s] DEBUG:colcon.colcon_core.package_identification:Package 'src/puzzle_pkg' with type 'ros.ament_cmake' and name 'puzzle_pkg'
[2.535s] Level 1:colcon.colcon_core.package_discovery:discover_packages(recursive) using defaults
[2.535s] Level 1:colcon.colcon_core.package_discovery:discover_packages(ignore) discover
[2.535s] Level 1:colcon.colcon_core.package_discovery:discover_packages(ignore) using defaults
[2.535s] Level 1:colcon.colcon_core.package_discovery:discover_packages(path) discover
[2.536s] Level 1:colcon.colcon_core.package_discovery:discover_packages(path) using defaults
[2.680s] Level 1:colcon.colcon_core.package_discovery:discover_packages(prefix_path) check parameters
[2.680s] Level 1:colcon.colcon_core.package_discovery:discover_packages(prefix_path) discover
[2.695s] DEBUG:colcon.colcon_installed_package_information.package_discovery:Found 1 installed packages in /home/puzzlebot/Documents/PUXXY_NODE/TE3002B/puzzle_ws/install
[2.697s] DEBUG:colcon.colcon_installed_package_information.package_discovery:Found 1 installed packages in /home/puzzlebot/ros2_ws/install
[2.700s] DEBUG:colcon.colcon_installed_package_information.package_discovery:Found 5 installed packages in /home/puzzlebot/ros2_packages_ws/install
[2.711s] DEBUG:colcon.colcon_installed_package_information.package_discovery:Found 276 installed packages in /opt/ros/humble
[2.721s] Level 1:colcon.colcon_core.package_discovery:discover_packages(prefix_path) using defaults
[3.230s] Level 5:colcon.colcon_core.verb:set package 'puzzle_pkg' build argument 'cmake_args' from command line to 'None'
[3.230s] Level 5:colcon.colcon_core.verb:set package 'puzzle_pkg' build argument 'cmake_target' from command line to 'None'
[3.231s] Level 5:colcon.colcon_core.verb:set package 'puzzle_pkg' build argument 'cmake_target_skip_unavailable' from command line to 'False'
[3.231s] Level 5:colcon.colcon_core.verb:set package 'puzzle_pkg' build argument 'cmake_clean_cache' from command line to 'False'
[3.231s] Level 5:colcon.colcon_core.verb:set package 'puzzle_pkg' build argument 'cmake_clean_first' from command line to 'False'
[3.231s] Level 5:colcon.colcon_core.verb:set package 'puzzle_pkg' build argument 'cmake_force_configure' from command line to 'False'
[3.231s] Level 5:colcon.colcon_core.verb:set package 'puzzle_pkg' build argument 'ament_cmake_args' from command line to 'None'
[3.231s] Level 5:colcon.colcon_core.verb:set package 'puzzle_pkg' build argument 'catkin_cmake_args' from command line to 'None'
[3.231s] Level 5:colcon.colcon_core.verb:set package 'puzzle_pkg' build argument 'catkin_skip_building_tests' from command line to 'False'
[3.232s] DEBUG:colcon.colcon_core.verb:Building package 'puzzle_pkg' with the following arguments: {'ament_cmake_args': None, 'build_base': '/home/puzzlebot/Documents/PUXXY_NODE/TE3002B/puzzle_ws/build/puzzle_pkg', 'catkin_cmake_args': None, 'catkin_skip_building_tests': False, 'cmake_args': None, 'cmake_clean_cache': False, 'cmake_clean_first': False, 'cmake_force_configure': False, 'cmake_target': None, 'cmake_target_skip_unavailable': False, 'install_base': '/home/puzzlebot/Documents/PUXXY_NODE/TE3002B/puzzle_ws/install/puzzle_pkg', 'merge_install': False, 'path': '/home/puzzlebot/Documents/PUXXY_NODE/TE3002B/puzzle_ws/src/puzzle_pkg', 'symlink_install': False, 'test_result_base': None}
[3.233s] INFO:colcon.colcon_core.executor:Executing jobs using 'parallel' executor
[3.237s] DEBUG:colcon.colcon_parallel_executor.executor.parallel:run_until_complete
[3.238s] INFO:colcon.colcon_ros.task.ament_cmake.build:Building ROS package in '/home/puzzlebot/Documents/PUXXY_NODE/TE3002B/puzzle_ws/src/puzzle_pkg' with build type 'ament_cmake'
[3.239s] INFO:colcon.colcon_cmake.task.cmake.build:Building CMake package in '/home/puzzlebot/Documents/PUXXY_NODE/TE3002B/puzzle_ws/src/puzzle_pkg'
[3.256s] INFO:colcon.colcon_core.plugin_system:Skipping extension 'colcon_core.shell.bat': Not used on non-Windows systems
[3.257s] INFO:colcon.colcon_core.shell:Skip shell extension 'powershell' for command environment: Not usable outside of PowerShell
[3.258s] DEBUG:colcon.colcon_core.shell:Skip shell extension 'dsv' for command environment
[3.305s] DEBUG:colcon.colcon_core.event_handler.log_command:Invoking command in '/home/puzzlebot/Documents/PUXXY_NODE/TE3002B/puzzle_ws/build/puzzle_pkg': CMAKE_PREFIX_PATH=/home/puzzlebot/Documents/PUXXY_NODE/TE3002B/puzzle_ws/install/puzzle_pkg:/home/puzzlebot/ros2_ws/install/puzzlebot_ros:/opt/ros/humble:/home/puzzlebot/ros2_packages_ws/install/ros_deep_learning:/home/puzzlebot/ros2_packages_ws/install/micro_ros_setup:/home/puzzlebot/ros2_packages_ws/install/micro_ros_agent:/home/puzzlebot/ros2_packages_ws/install/micro_ros_msgs:/home/puzzlebot/ros2_packages_ws/install/camera_info_publisher /usr/bin/cmake --build /home/puzzlebot/Documents/PUXXY_NODE/TE3002B/puzzle_ws/build/puzzle_pkg -- -j4 -l4
[18.614s] DEBUG:colcon.colcon_core.event_handler.log_command:Invoked command in '/home/puzzlebot/Documents/PUXXY_NODE/TE3002B/puzzle_ws/build/puzzle_pkg' returned '0': CMAKE_PREFIX_PATH=/home/puzzlebot/Documents/PUXXY_NODE/TE3002B/puzzle_ws/install/puzzle_pkg:/home/puzzlebot/ros2_ws/install/puzzlebot_ros:/opt/ros/humble:/home/puzzlebot/ros2_packages_ws/install/ros_deep_learning:/home/puzzlebot/ros2_packages_ws/install/micro_ros_setup:/home/puzzlebot/ros2_packages_ws/install/micro_ros_agent:/home/puzzlebot/ros2_packages_ws/install/micro_ros_msgs:/home/puzzlebot/ros2_packages_ws/install/camera_info_publisher /usr/bin/cmake --build /home/puzzlebot/Documents/PUXXY_NODE/TE3002B/puzzle_ws/build/puzzle_pkg -- -j4 -l4
[18.920s] DEBUG:colcon.colcon_core.event_handler.log_command:Invoking command in '/home/puzzlebot/Documents/PUXXY_NODE/TE3002B/puzzle_ws/build/puzzle_pkg': CMAKE_PREFIX_PATH=/home/puzzlebot/Documents/PUXXY_NODE/TE3002B/puzzle_ws/install/puzzle_pkg:/home/puzzlebot/ros2_ws/install/puzzlebot_ros:/opt/ros/humble:/home/puzzlebot/ros2_packages_ws/install/ros_deep_learning:/home/puzzlebot/ros2_packages_ws/install/micro_ros_setup:/home/puzzlebot/ros2_packages_ws/install/micro_ros_agent:/home/puzzlebot/ros2_packages_ws/install/micro_ros_msgs:/home/puzzlebot/ros2_packages_ws/install/camera_info_publisher /usr/bin/cmake --install /home/puzzlebot/Documents/PUXXY_NODE/TE3002B/puzzle_ws/build/puzzle_pkg
[19.214s] Level 1:colcon.colcon_core.environment:create_environment_scripts_only(puzzle_pkg)
[19.226s] DEBUG:colcon.colcon_core.event_handler.log_command:Invoked command in '/home/puzzlebot/Documents/PUXXY_NODE/TE3002B/puzzle_ws/build/puzzle_pkg' returned '0': CMAKE_PREFIX_PATH=/home/puzzlebot/Documents/PUXXY_NODE/TE3002B/puzzle_ws/install/puzzle_pkg:/home/puzzlebot/ros2_ws/install/puzzlebot_ros:/opt/ros/humble:/home/puzzlebot/ros2_packages_ws/install/ros_deep_learning:/home/puzzlebot/ros2_packages_ws/install/micro_ros_setup:/home/puzzlebot/ros2_packages_ws/install/micro_ros_agent:/home/puzzlebot/ros2_packages_ws/install/micro_ros_msgs:/home/puzzlebot/ros2_packages_ws/install/camera_info_publisher /usr/bin/cmake --install /home/puzzlebot/Documents/PUXXY_NODE/TE3002B/puzzle_ws/build/puzzle_pkg
[19.236s] Level 1:colcon.colcon_core.environment:checking '/home/puzzlebot/Documents/PUXXY_NODE/TE3002B/puzzle_ws/install/puzzle_pkg' for CMake module files
[19.241s] Level 1:colcon.colcon_core.environment:checking '/home/puzzlebot/Documents/PUXXY_NODE/TE3002B/puzzle_ws/install/puzzle_pkg' for CMake config files
[19.246s] Level 1:colcon.colcon_core.shell:create_environment_hook('puzzle_pkg', 'cmake_prefix_path')
[19.247s] INFO:colcon.colcon_core.shell:Creating environment hook '/home/puzzlebot/Documents/PUXXY_NODE/TE3002B/puzzle_ws/install/puzzle_pkg/share/puzzle_pkg/hook/cmake_prefix_path.ps1'
[19.251s] INFO:colcon.colcon_core.shell:Creating environment descriptor '/home/puzzlebot/Documents/PUXXY_NODE/TE3002B/puzzle_ws/install/puzzle_pkg/share/puzzle_pkg/hook/cmake_prefix_path.dsv'
[19.253s] INFO:colcon.colcon_core.shell:Creating environment hook '/home/puzzlebot/Documents/PUXXY_NODE/TE3002B/puzzle_ws/install/puzzle_pkg/share/puzzle_pkg/hook/cmake_prefix_path.sh'
[19.256s] Level 1:colcon.colcon_core.environment:checking '/home/puzzlebot/Documents/PUXXY_NODE/TE3002B/puzzle_ws/install/puzzle_pkg/lib'
[19.257s] Level 1:colcon.colcon_core.shell:create_environment_hook('puzzle_pkg', 'ld_library_path_lib')
[19.258s] INFO:colcon.colcon_core.shell:Creating environment hook '/home/puzzlebot/Documents/PUXXY_NODE/TE3002B/puzzle_ws/install/puzzle_pkg/share/puzzle_pkg/hook/ld_library_path_lib.ps1'
[19.260s] INFO:colcon.colcon_core.shell:Creating environment descriptor '/home/puzzlebot/Documents/PUXXY_NODE/TE3002B/puzzle_ws/install/puzzle_pkg/share/puzzle_pkg/hook/ld_library_path_lib.dsv'
[19.261s] INFO:colcon.colcon_core.shell:Creating environment hook '/home/puzzlebot/Documents/PUXXY_NODE/TE3002B/puzzle_ws/install/puzzle_pkg/share/puzzle_pkg/hook/ld_library_path_lib.sh'
[19.262s] Level 1:colcon.colcon_core.environment:checking '/home/puzzlebot/Documents/PUXXY_NODE/TE3002B/puzzle_ws/install/puzzle_pkg/bin'
[19.263s] Level 1:colcon.colcon_core.environment:checking '/home/puzzlebot/Documents/PUXXY_NODE/TE3002B/puzzle_ws/install/puzzle_pkg/lib/pkgconfig/puzzle_pkg.pc'
[19.264s] Level 1:colcon.colcon_core.environment:checking '/home/puzzlebot/Documents/PUXXY_NODE/TE3002B/puzzle_ws/install/puzzle_pkg/lib/python3.8/site-packages'
[19.264s] Level 1:colcon.colcon_core.shell:create_environment_hook('puzzle_pkg', 'pythonpath')
[19.265s] INFO:colcon.colcon_core.shell:Creating environment hook '/home/puzzlebot/Documents/PUXXY_NODE/TE3002B/puzzle_ws/install/puzzle_pkg/share/puzzle_pkg/hook/pythonpath.ps1'
[19.267s] INFO:colcon.colcon_core.shell:Creating environment descriptor '/home/puzzlebot/Documents/PUXXY_NODE/TE3002B/puzzle_ws/install/puzzle_pkg/share/puzzle_pkg/hook/pythonpath.dsv'
[19.269s] INFO:colcon.colcon_core.shell:Creating environment hook '/home/puzzlebot/Documents/PUXXY_NODE/TE3002B/puzzle_ws/install/puzzle_pkg/share/puzzle_pkg/hook/pythonpath.sh'
[19.271s] Level 1:colcon.colcon_core.environment:checking '/home/puzzlebot/Documents/PUXXY_NODE/TE3002B/puzzle_ws/install/puzzle_pkg/bin'
[19.273s] INFO:colcon.colcon_core.shell:Creating package script '/home/puzzlebot/Documents/PUXXY_NODE/TE3002B/puzzle_ws/install/puzzle_pkg/share/puzzle_pkg/package.ps1'
[19.278s] INFO:colcon.colcon_core.shell:Creating package descriptor '/home/puzzlebot/Documents/PUXXY_NODE/TE3002B/puzzle_ws/install/puzzle_pkg/share/puzzle_pkg/package.dsv'
[19.281s] INFO:colcon.colcon_core.shell:Creating package script '/home/puzzlebot/Documents/PUXXY_NODE/TE3002B/puzzle_ws/install/puzzle_pkg/share/puzzle_pkg/package.sh'
[19.285s] INFO:colcon.colcon_core.shell:Creating package script '/home/puzzlebot/Documents/PUXXY_NODE/TE3002B/puzzle_ws/install/puzzle_pkg/share/puzzle_pkg/package.bash'
[19.288s] INFO:colcon.colcon_core.shell:Creating package script '/home/puzzlebot/Documents/PUXXY_NODE/TE3002B/puzzle_ws/install/puzzle_pkg/share/puzzle_pkg/package.zsh'
[19.291s] Level 1:colcon.colcon_core.environment:create_file_with_runtime_dependencies(/home/puzzlebot/Documents/PUXXY_NODE/TE3002B/puzzle_ws/install/puzzle_pkg/share/colcon-core/packages/puzzle_pkg)
[19.556s] Level 1:colcon.colcon_core.environment:create_environment_scripts_only(puzzle_pkg)
[19.557s] Level 1:colcon.colcon_core.environment:checking '/home/puzzlebot/Documents/PUXXY_NODE/TE3002B/puzzle_ws/install/puzzle_pkg' for CMake module files
[19.561s] Level 1:colcon.colcon_core.environment:checking '/home/puzzlebot/Documents/PUXXY_NODE/TE3002B/puzzle_ws/install/puzzle_pkg' for CMake config files
[19.565s] Level 1:colcon.colcon_core.shell:create_environment_hook('puzzle_pkg', 'cmake_prefix_path')
[19.567s] INFO:colcon.colcon_core.shell:Creating environment hook '/home/puzzlebot/Documents/PUXXY_NODE/TE3002B/puzzle_ws/install/puzzle_pkg/share/puzzle_pkg/hook/cmake_prefix_path.ps1'
[19.569s] INFO:colcon.colcon_core.shell:Creating environment descriptor '/home/puzzlebot/Documents/PUXXY_NODE/TE3002B/puzzle_ws/install/puzzle_pkg/share/puzzle_pkg/hook/cmake_prefix_path.dsv'
[19.571s] INFO:colcon.colcon_core.shell:Creating environment hook '/home/puzzlebot/Documents/PUXXY_NODE/TE3002B/puzzle_ws/install/puzzle_pkg/share/puzzle_pkg/hook/cmake_prefix_path.sh'
[19.573s] Level 1:colcon.colcon_core.environment:checking '/home/puzzlebot/Documents/PUXXY_NODE/TE3002B/puzzle_ws/install/puzzle_pkg/lib'
[19.574s] Level 1:colcon.colcon_core.shell:create_environment_hook('puzzle_pkg', 'ld_library_path_lib')
[19.576s] INFO:colcon.colcon_core.shell:Creating environment hook '/home/puzzlebot/Documents/PUXXY_NODE/TE3002B/puzzle_ws/install/puzzle_pkg/share/puzzle_pkg/hook/ld_library_path_lib.ps1'
[19.578s] INFO:colcon.colcon_core.shell:Creating environment descriptor '/home/puzzlebot/Documents/PUXXY_NODE/TE3002B/puzzle_ws/install/puzzle_pkg/share/puzzle_pkg/hook/ld_library_path_lib.dsv'
[19.580s] INFO:colcon.colcon_core.shell:Creating environment hook '/home/puzzlebot/Documents/PUXXY_NODE/TE3002B/puzzle_ws/install/puzzle_pkg/share/puzzle_pkg/hook/ld_library_path_lib.sh'
[19.582s] Level 1:colcon.colcon_core.environment:checking '/home/puzzlebot/Documents/PUXXY_NODE/TE3002B/puzzle_ws/install/puzzle_pkg/bin'
[19.582s] Level 1:colcon.colcon_core.environment:checking '/home/puzzlebot/Documents/PUXXY_NODE/TE3002B/puzzle_ws/install/puzzle_pkg/lib/pkgconfig/puzzle_pkg.pc'
[19.583s] Level 1:colcon.colcon_core.environment:checking '/home/puzzlebot/Documents/PUXXY_NODE/TE3002B/puzzle_ws/install/puzzle_pkg/lib/python3.8/site-packages'
[19.584s] Level 1:colcon.colcon_core.shell:create_environment_hook('puzzle_pkg', 'pythonpath')
[19.585s] INFO:colcon.colcon_core.shell:Creating environment hook '/home/puzzlebot/Documents/PUXXY_NODE/TE3002B/puzzle_ws/install/puzzle_pkg/share/puzzle_pkg/hook/pythonpath.ps1'
[19.586s] INFO:colcon.colcon_core.shell:Creating environment descriptor '/home/puzzlebot/Documents/PUXXY_NODE/TE3002B/puzzle_ws/install/puzzle_pkg/share/puzzle_pkg/hook/pythonpath.dsv'
[19.589s] INFO:colcon.colcon_core.shell:Creating environment hook '/home/puzzlebot/Documents/PUXXY_NODE/TE3002B/puzzle_ws/install/puzzle_pkg/share/puzzle_pkg/hook/pythonpath.sh'
[19.591s] Level 1:colcon.colcon_core.environment:checking '/home/puzzlebot/Documents/PUXXY_NODE/TE3002B/puzzle_ws/install/puzzle_pkg/bin'
[19.593s] INFO:colcon.colcon_core.shell:Creating package script '/home/puzzlebot/Documents/PUXXY_NODE/TE3002B/puzzle_ws/install/puzzle_pkg/share/puzzle_pkg/package.ps1'
[19.596s] INFO:colcon.colcon_core.shell:Creating package descriptor '/home/puzzlebot/Documents/PUXXY_NODE/TE3002B/puzzle_ws/install/puzzle_pkg/share/puzzle_pkg/package.dsv'
[19.599s] INFO:colcon.colcon_core.shell:Creating package script '/home/puzzlebot/Documents/PUXXY_NODE/TE3002B/puzzle_ws/install/puzzle_pkg/share/puzzle_pkg/package.sh'
[19.601s] INFO:colcon.colcon_core.shell:Creating package script '/home/puzzlebot/Documents/PUXXY_NODE/TE3002B/puzzle_ws/install/puzzle_pkg/share/puzzle_pkg/package.bash'
[19.603s] INFO:colcon.colcon_core.shell:Creating package script '/home/puzzlebot/Documents/PUXXY_NODE/TE3002B/puzzle_ws/install/puzzle_pkg/share/puzzle_pkg/package.zsh'
[19.605s] Level 1:colcon.colcon_core.environment:create_file_with_runtime_dependencies(/home/puzzlebot/Documents/PUXXY_NODE/TE3002B/puzzle_ws/install/puzzle_pkg/share/colcon-core/packages/puzzle_pkg)
[19.607s] DEBUG:colcon.colcon_parallel_executor.executor.parallel:closing loop
[19.609s] DEBUG:colcon.colcon_parallel_executor.executor.parallel:loop closed
[19.610s] DEBUG:colcon.colcon_parallel_executor.executor.parallel:run_until_complete finished with '0'
[19.610s] DEBUG:colcon.colcon_core.event_reactor:joining thread
[19.634s] INFO:colcon.colcon_core.plugin_system:Skipping extension 'colcon_notification.desktop_notification.terminal_notifier': Not used on non-Darwin systems
[19.635s] INFO:colcon.colcon_core.plugin_system:Skipping extension 'colcon_notification.desktop_notification.win32': Not used on non-Windows systems
[19.635s] INFO:colcon.colcon_notification.desktop_notification:Sending desktop notification using 'notify2'
[19.697s] DEBUG:colcon.colcon_core.event_reactor:joined thread
[19.699s] INFO:colcon.colcon_core.shell:Creating prefix script '/home/puzzlebot/Documents/PUXXY_NODE/TE3002B/puzzle_ws/install/local_setup.ps1'
[19.705s] INFO:colcon.colcon_core.shell:Creating prefix util module '/home/puzzlebot/Documents/PUXXY_NODE/TE3002B/puzzle_ws/install/_local_setup_util_ps1.py'
[19.714s] INFO:colcon.colcon_core.shell:Creating prefix chain script '/home/puzzlebot/Documents/PUXXY_NODE/TE3002B/puzzle_ws/install/setup.ps1'
[19.721s] INFO:colcon.colcon_core.shell:Creating prefix script '/home/puzzlebot/Documents/PUXXY_NODE/TE3002B/puzzle_ws/install/local_setup.sh'
[19.723s] INFO:colcon.colcon_core.shell:Creating prefix util module '/home/puzzlebot/Documents/PUXXY_NODE/TE3002B/puzzle_ws/install/_local_setup_util_sh.py'
[19.726s] INFO:colcon.colcon_core.shell:Creating prefix chain script '/home/puzzlebot/Documents/PUXXY_NODE/TE3002B/puzzle_ws/install/setup.sh'
[19.734s] INFO:colcon.colcon_core.shell:Creating prefix script '/home/puzzlebot/Documents/PUXXY_NODE/TE3002B/puzzle_ws/install/local_setup.bash'
[19.736s] INFO:colcon.colcon_core.shell:Creating prefix chain script '/home/puzzlebot/Documents/PUXXY_NODE/TE3002B/puzzle_ws/install/setup.bash'
[19.744s] INFO:colcon.colcon_core.shell:Creating prefix script '/home/puzzlebot/Documents/PUXXY_NODE/TE3002B/puzzle_ws/install/local_setup.zsh'
[19.747s] INFO:colcon.colcon_core.shell:Creating prefix chain script '/home/puzzlebot/Documents/PUXXY_NODE/TE3002B/puzzle_ws/install/setup.zsh'
