[  2%] Built target lane_processing__cpp
[ 11%] Built target lane_processing__rosidl_generator_c
[ 11%] Built target ament_cmake_python_copy_lane_processing
[ 22%] Built target lane_processing__rosidl_typesupport_introspection_cpp
[ 27%] Built target lane_processing__rosidl_typesupport_fastrtps_cpp
[ 36%] Built target lane_processing__rosidl_typesupport_cpp
[ 44%] Built target lane_processing__rosidl_typesupport_fastrtps_c
[ 61%] Built target lane_processing__rosidl_typesupport_c
[ 61%] Built target lane_processing__rosidl_typesupport_introspection_c
[35m[1mScanning dependencies of target lane_detection[0m
[ 61%] Built target lane_processing
[ 63%] Built target lane_processing__py
[ 69%] Built target lane_processing__rosidl_generator_py
[ 72%] [32mBuilding CXX object CMakeFiles/lane_detection.dir/src/lane_detection.cpp.o[0m
[ 83%] Built target lane_processing__rosidl_typesupport_fastrtps_c__pyext
[ 83%] Built target lane_processing__rosidl_typesupport_c__pyext
[ 88%] Built target lane_processing__rosidl_typesupport_introspection_c__pyext
running egg_info
writing lane_processing.egg-info/PKG-INFO
writing dependency_links to lane_processing.egg-info/dependency_links.txt
writing top-level names to lane_processing.egg-info/top_level.txt
reading manifest file 'lane_processing.egg-info/SOURCES.txt'
writing manifest file 'lane_processing.egg-info/SOURCES.txt'
[ 88%] Built target ament_cmake_python_build_lane_processing_egg
