[1.059s] Invoking command in '/home/puzzlebot/Desktop/PUXXY_NODE/TE3002B/lane_processing_ws/build/lane_processing': CMAKE_PREFIX_PATH=/home/puzzlebot/ros2_ws/install/puzzlebot_ros:/opt/ros/humble:${CMAKE_PREFIX_PATH} /usr/bin/cmake /home/puzzlebot/Desktop/PUXXY_NODE/TE3002B/lane_processing_ws/src/lane_processing -DCMAKE_INSTALL_PREFIX=/home/puzzlebot/Desktop/PUXXY_NODE/TE3002B/lane_processing_ws/install/lane_processing
[1.122s] -- Found ament_cmake: 1.3.6 (/opt/ros/humble/share/ament_cmake/cmake)
[1.901s] -- Found rclcpp: 16.0.7 (/opt/ros/humble/share/rclcpp/cmake)
[2.054s] -- Found rosidl_generator_c: 3.1.5 (/opt/ros/humble/share/rosidl_generator_c/cmake)
[2.069s] -- Found rosidl_adapter: 3.1.5 (/opt/ros/humble/share/rosidl_adapter/cmake)
[2.102s] -- Found rosidl_generator_cpp: 3.1.5 (/opt/ros/humble/share/rosidl_generator_cpp/cmake)
[2.167s] -- Using all available rosidl_typesupport_c: rosidl_typesupport_fastrtps_c;rosidl_typesupport_introspection_c
[2.260s] -- Using all available rosidl_typesupport_cpp: rosidl_typesupport_fastrtps_cpp;rosidl_typesupport_introspection_cpp
[2.603s] -- Found rmw_implementation_cmake: 6.1.1 (/opt/ros/humble/share/rmw_implementation_cmake/cmake)
[2.611s] -- Found rmw_fastrtps_cpp: 6.2.5 (/opt/ros/humble/share/rmw_fastrtps_cpp/cmake)
[3.225s] -- Using RMW implementation 'rmw_fastrtps_cpp' as default
[4.172s] -- Found cv_bridge: 3.2.1 (/opt/ros/humble/share/cv_bridge/cmake)
[5.011s] -- Found image_transport: 3.1.7 (/opt/ros/humble/share/image_transport/cmake)
[6.723s] -- Found ament_cmake_ros: 0.10.0 (/opt/ros/humble/share/ament_cmake_ros/cmake)
[9.386s] -- Using all available rosidl_typesupport_c: rosidl_typesupport_fastrtps_c;rosidl_typesupport_introspection_c
[10.427s] -- Using all available rosidl_typesupport_cpp: rosidl_typesupport_fastrtps_cpp;rosidl_typesupport_introspection_cpp
[10.431s] CMake Error at CMakeLists.txt:28 (add_executable):
[10.431s]   add_executable cannot create target "lane_processing" because another
[10.432s]   target with the same name already exists.  The existing target is a custom
[10.432s]   target created in source directory
[10.432s]   "/home/puzzlebot/Desktop/PUXXY_NODE/TE3002B/lane_processing_ws/src/lane_processing".
[10.433s]   See documentation for policy CMP0002 for more details.
[10.433s] 
[10.434s] 
[10.434s] CMake Error at CMakeLists.txt:36 (target_include_directories):
[10.434s]   target_include_directories called with non-compilable target type
[10.435s] 
[10.435s] 
[10.435s] CMake Error at CMakeLists.txt:40 (target_compile_features):
[10.436s]   target_compile_features called with non-compilable target type
[10.436s] 
[10.437s] 
[10.437s] CMake Error at CMakeLists.txt:46 (target_link_libraries):
[10.437s]   Utility target "lane_processing" must not be used as the target of a
[10.438s]   target_link_libraries call.
[10.438s] 
[10.438s] 
[10.439s] CMake Error at /opt/ros/humble/share/ament_cmake_target_dependencies/cmake/ament_target_dependencies.cmake:128 (target_compile_definitions):
[10.440s]   target_compile_definitions called with non-compilable target type
[10.440s] Call Stack (most recent call first):
[10.440s]   CMakeLists.txt:50 (ament_target_dependencies)
[10.441s] 
[10.441s] 
[10.441s] CMake Error at /opt/ros/humble/share/ament_cmake_target_dependencies/cmake/ament_target_dependencies.cmake:141 (target_include_directories):
[10.442s]   target_include_directories called with non-compilable target type
[10.442s] Call Stack (most recent call first):
[10.442s]   CMakeLists.txt:50 (ament_target_dependencies)
[10.443s] 
[10.443s] 
[10.443s] CMake Error at /opt/ros/humble/share/ament_cmake_target_dependencies/cmake/ament_target_dependencies.cmake:145 (target_link_libraries):
[10.444s]   Utility target "lane_processing" must not be used as the target of a
[10.444s]   target_link_libraries call.
[10.444s] Call Stack (most recent call first):
[10.445s]   CMakeLists.txt:50 (ament_target_dependencies)
[10.445s] 
[10.445s] 
[10.446s] CMake Error at /opt/ros/humble/share/ament_cmake_target_dependencies/cmake/ament_target_dependencies.cmake:147 (target_include_directories):
[10.446s]   target_include_directories called with non-compilable target type
[10.446s] Call Stack (most recent call first):
[10.447s]   CMakeLists.txt:50 (ament_target_dependencies)
[10.447s] 
[10.447s] 
[10.448s] CMake Error at /opt/ros/humble/share/ament_cmake_target_dependencies/cmake/ament_target_dependencies.cmake:151 (target_link_libraries):
[10.448s]   Utility target "lane_processing" must not be used as the target of a
[10.448s]   target_link_libraries call.
[10.449s] Call Stack (most recent call first):
[10.449s]   CMakeLists.txt:50 (ament_target_dependencies)
[10.449s] 
[10.450s] 
[10.450s] CMake Error at CMakeLists.txt:57 (install):
[10.451s]   install TARGETS given target "lane_processing" which is not an executable,
[10.451s]   library, or module.
[10.451s] 
[10.452s] 
[10.452s] -- Found ament_lint_auto: 0.12.9 (/opt/ros/humble/share/ament_lint_auto/cmake)
[10.570s] -- Added test 'cppcheck' to perform static code analysis on C / C++ code
[10.586s] -- Configured cppcheck include dirs: /home/puzzlebot/Desktop/PUXXY_NODE/TE3002B/lane_processing_ws/src/lane_processing/include
[10.586s] -- Configured cppcheck exclude dirs and/or files: 
[10.593s] -- Added test 'lint_cmake' to check CMake code style
[10.601s] -- Added test 'uncrustify' to check C / C++ code style
[10.601s] -- Configured uncrustify additional arguments: 
[10.605s] -- Added test 'xmllint' to check XML markup files
[10.632s] -- Configuring incomplete, errors occurred!
[10.633s] See also "/home/puzzlebot/Desktop/PUXXY_NODE/TE3002B/lane_processing_ws/build/lane_processing/CMakeFiles/CMakeOutput.log".
[10.633s] See also "/home/puzzlebot/Desktop/PUXXY_NODE/TE3002B/lane_processing_ws/build/lane_processing/CMakeFiles/CMakeError.log".
[10.664s] Invoked command in '/home/puzzlebot/Desktop/PUXXY_NODE/TE3002B/lane_processing_ws/build/lane_processing' returned '1': CMAKE_PREFIX_PATH=/home/puzzlebot/ros2_ws/install/puzzlebot_ros:/opt/ros/humble:${CMAKE_PREFIX_PATH} /usr/bin/cmake /home/puzzlebot/Desktop/PUXXY_NODE/TE3002B/lane_processing_ws/src/lane_processing -DCMAKE_INSTALL_PREFIX=/home/puzzlebot/Desktop/PUXXY_NODE/TE3002B/lane_processing_ws/install/lane_processing
