[  6%] Built target puzzle_pkg__rosidl_generator_c
[  9%] Built target puzzle_pkg__cpp
[  9%] Built target ament_cmake_python_copy_puzzle_pkg
[ 13%] Built target odometry
[ 18%] Built target signal_handle
[ 25%] Built target puzzle_pkg__rosidl_typesupport_c
[ 31%] Built target puzzle_pkg__rosidl_typesupport_cpp
[ 36%] Built target cam_source
[ 43%] Built target puzzle_pkg__rosidl_typesupport_introspection_c
[ 50%] Built target puzzle_pkg__rosidl_typesupport_introspection_cpp
[ 56%] Built target puzzle_pkg__rosidl_typesupport_fastrtps_cpp
[ 63%] Built target puzzle_pkg__rosidl_typesupport_fastrtps_c
[35m[1mScanning dependencies of target lane_detection[0m
[ 63%] Built target puzzle_pkg
[ 68%] Built target controller
[ 70%] Built target puzzle_pkg__py
[ 72%] [32mBuilding CXX object CMakeFiles/lane_detection.dir/src/vision/lane_detection.cpp.o[0m
[ 77%] Built target puzzle_pkg__rosidl_generator_py
[ 81%] Built target puzzle_pkg__rosidl_typesupport_introspection_c__pyext
[ 86%] Built target puzzle_pkg__rosidl_typesupport_fastrtps_c__pyext
[ 90%] Built target puzzle_pkg__rosidl_typesupport_c__pyext
running egg_info
writing puzzle_pkg.egg-info/PKG-INFO
writing dependency_links to puzzle_pkg.egg-info/dependency_links.txt
writing top-level names to puzzle_pkg.egg-info/top_level.txt
reading manifest file 'puzzle_pkg.egg-info/SOURCES.txt'
writing manifest file 'puzzle_pkg.egg-info/SOURCES.txt'
[ 90%] Built target ament_cmake_python_build_puzzle_pkg_egg
