[1.086s] Invoking command in '/home/puzzlebot/Desktop/PUXXY_NODE/TE3002B/lane_processing_ws/build/lane_processing': CMAKE_PREFIX_PATH=/home/puzzlebot/ros2_ws/install/puzzlebot_ros:/opt/ros/humble:${CMAKE_PREFIX_PATH} /usr/bin/cmake --build /home/puzzlebot/Desktop/PUXXY_NODE/TE3002B/lane_processing_ws/build/lane_processing -- -j4 -l4
[1.366s] [35m[1mScanning dependencies of target lane_processing[0m
[1.880s] [ 40%] [32mBuilding CXX object CMakeFiles/lane_processing.dir/src/lib/cv_wrapper.cpp.o[0m
[1.880s] [ 40%] [32mBuilding CXX object CMakeFiles/lane_processing.dir/src/lane_detection.cpp.o[0m
[15.984s] In file included from [01m[K/home/puzzlebot/Desktop/PUXXY_NODE/TE3002B/lane_processing_ws/src/lane_processing/src/lane_detection.cpp:12[m[K:
[15.985s] [01m[K/home/puzzlebot/Desktop/PUXXY_NODE/TE3002B/lane_processing_ws/src/lane_processing/include/lane_processing/lane_funcs.h:62:1:[m[K [01;31m[Kerror: [m[Kdefault argument given for parameter 3 of ‘[01m[Kcv::Mat draw_hough_lines(cv::Mat&, const std::vector<cv::Vec<double, 4> >&, cv::Scalar, int)[m[K’
[15.986s]  [01;31m[K)[m[K;
[15.986s]  [01;31m[K^[m[K
[15.986s] In file included from [01m[K/home/puzzlebot/Desktop/PUXXY_NODE/TE3002B/lane_processing_ws/src/lane_processing/src/lane_detection.cpp:9[m[K:
[15.987s] [01m[K/home/puzzlebot/Desktop/PUXXY_NODE/TE3002B/lane_processing_ws/src/lane_processing/include/lane_processing/cv_wrapper.h:44:9:[m[K [01;36m[Knote: [m[Kprevious specification in ‘[01m[Kcv::Mat draw_hough_lines(cv::Mat&, const std::vector<cv::Vec<double, 4> >&, cv::Scalar, int)[m[K’ here
[15.987s]  cv::Mat [01;36m[Kdraw_hough_lines[m[K(
[15.988s]          [01;36m[K^~~~~~~~~~~~~~~~[m[K
[15.988s] In file included from [01m[K/home/puzzlebot/Desktop/PUXXY_NODE/TE3002B/lane_processing_ws/src/lane_processing/src/lane_detection.cpp:12[m[K:
[15.988s] [01m[K/home/puzzlebot/Desktop/PUXXY_NODE/TE3002B/lane_processing_ws/src/lane_processing/include/lane_processing/lane_funcs.h:62:1:[m[K [01;31m[Kerror: [m[Kdefault argument given for parameter 4 of ‘[01m[Kcv::Mat draw_hough_lines(cv::Mat&, const std::vector<cv::Vec<double, 4> >&, cv::Scalar, int)[m[K’ [[01;31m[K-fpermissive[m[K]
[15.989s]  [01;31m[K)[m[K;
[15.989s]  [01;31m[K^[m[K
[15.989s] In file included from [01m[K/home/puzzlebot/Desktop/PUXXY_NODE/TE3002B/lane_processing_ws/src/lane_processing/src/lane_detection.cpp:9[m[K:
[15.990s] [01m[K/home/puzzlebot/Desktop/PUXXY_NODE/TE3002B/lane_processing_ws/src/lane_processing/include/lane_processing/cv_wrapper.h:44:9:[m[K [01;36m[Knote: [m[Kprevious specification in ‘[01m[Kcv::Mat draw_hough_lines(cv::Mat&, const std::vector<cv::Vec<double, 4> >&, cv::Scalar, int)[m[K’ here
[15.990s]  cv::Mat [01;36m[Kdraw_hough_lines[m[K(
[15.991s]          [01;36m[K^~~~~~~~~~~~~~~~[m[K
[15.991s] In file included from [01m[K/home/puzzlebot/Desktop/PUXXY_NODE/TE3002B/lane_processing_ws/src/lane_processing/src/lane_detection.cpp:12[m[K:
[15.991s] [01m[K/home/puzzlebot/Desktop/PUXXY_NODE/TE3002B/lane_processing_ws/src/lane_processing/include/lane_processing/lane_funcs.h:69:1:[m[K [01;31m[Kerror: [m[Kdefault argument given for parameter 3 of ‘[01m[Kcv::Mat draw_hough_lines(cv::Mat&, const cv::Vec<double, 4>&, cv::Scalar, int)[m[K’
[15.992s]  [01;31m[K)[m[K;
[15.992s]  [01;31m[K^[m[K
[15.993s] In file included from [01m[K/home/puzzlebot/Desktop/PUXXY_NODE/TE3002B/lane_processing_ws/src/lane_processing/src/lane_detection.cpp:9[m[K:
[15.993s] [01m[K/home/puzzlebot/Desktop/PUXXY_NODE/TE3002B/lane_processing_ws/src/lane_processing/include/lane_processing/cv_wrapper.h:51:9:[m[K [01;36m[Knote: [m[Kprevious specification in ‘[01m[Kcv::Mat draw_hough_lines(cv::Mat&, const cv::Vec<double, 4>&, cv::Scalar, int)[m[K’ here
[15.993s]  cv::Mat [01;36m[Kdraw_hough_lines[m[K(
[15.994s]          [01;36m[K^~~~~~~~~~~~~~~~[m[K
[15.994s] In file included from [01m[K/home/puzzlebot/Desktop/PUXXY_NODE/TE3002B/lane_processing_ws/src/lane_processing/src/lane_detection.cpp:12[m[K:
[15.994s] [01m[K/home/puzzlebot/Desktop/PUXXY_NODE/TE3002B/lane_processing_ws/src/lane_processing/include/lane_processing/lane_funcs.h:69:1:[m[K [01;31m[Kerror: [m[Kdefault argument given for parameter 4 of ‘[01m[Kcv::Mat draw_hough_lines(cv::Mat&, const cv::Vec<double, 4>&, cv::Scalar, int)[m[K’ [[01;31m[K-fpermissive[m[K]
[15.995s]  [01;31m[K)[m[K;
[15.995s]  [01;31m[K^[m[K
[15.996s] In file included from [01m[K/home/puzzlebot/Desktop/PUXXY_NODE/TE3002B/lane_processing_ws/src/lane_processing/src/lane_detection.cpp:9[m[K:
[15.996s] [01m[K/home/puzzlebot/Desktop/PUXXY_NODE/TE3002B/lane_processing_ws/src/lane_processing/include/lane_processing/cv_wrapper.h:51:9:[m[K [01;36m[Knote: [m[Kprevious specification in ‘[01m[Kcv::Mat draw_hough_lines(cv::Mat&, const cv::Vec<double, 4>&, cv::Scalar, int)[m[K’ here
[15.996s]  cv::Mat [01;36m[Kdraw_hough_lines[m[K(
[15.997s]          [01;36m[K^~~~~~~~~~~~~~~~[m[K
[27.920s] make[2]: *** [CMakeFiles/lane_processing.dir/build.make:63: CMakeFiles/lane_processing.dir/src/lane_detection.cpp.o] Error 1
[27.920s] make[1]: *** [CMakeFiles/Makefile2:78: CMakeFiles/lane_processing.dir/all] Error 2
[27.921s] make: *** [Makefile:141: all] Error 2
[28.042s] Invoked command in '/home/puzzlebot/Desktop/PUXXY_NODE/TE3002B/lane_processing_ws/build/lane_processing' returned '2': CMAKE_PREFIX_PATH=/home/puzzlebot/ros2_ws/install/puzzlebot_ros:/opt/ros/humble:${CMAKE_PREFIX_PATH} /usr/bin/cmake --build /home/puzzlebot/Desktop/PUXXY_NODE/TE3002B/lane_processing_ws/build/lane_processing -- -j4 -l4
