[1.037s] Invoking command in '/home/puzzlebot/Desktop/PUXXY_NODE/TE3002B/lane_processing_ws/build/lane_processing': CMAKE_PREFIX_PATH=/home/puzzlebot/ros2_ws/install/puzzlebot_ros:/opt/ros/humble:${CMAKE_PREFIX_PATH} /usr/bin/cmake /home/puzzlebot/Desktop/PUXXY_NODE/TE3002B/lane_processing_ws/src/lane_processing -DCMAKE_INSTALL_PREFIX=/home/puzzlebot/Desktop/PUXXY_NODE/TE3002B/lane_processing_ws/install/lane_processing
[1.620s] -- The C compiler identification is GNU 8.4.0
[2.098s] -- The CXX compiler identification is GNU 8.4.0
[2.125s] -- Check for working C compiler: /usr/bin/cc
[2.357s] -- Check for working C compiler: /usr/bin/cc -- works
[2.363s] -- Detecting C compiler ABI info
[2.596s] -- Detecting C compiler ABI info - done
[2.645s] -- Detecting C compile features
[2.647s] -- Detecting C compile features - done
[2.658s] -- Check for working CXX compiler: /usr/bin/c++
[2.919s] -- Check for working CXX compiler: /usr/bin/c++ -- works
[2.923s] -- Detecting CXX compiler ABI info
[3.186s] -- Detecting CXX compiler ABI info - done
[3.235s] -- Detecting CXX compile features
[3.237s] -- Detecting CXX compile features - done
[3.252s] -- Found ament_cmake: 1.3.6 (/opt/ros/humble/share/ament_cmake/cmake)
[3.940s] -- Found Python3: /usr/bin/python3.8 (found version "3.8.10") found components: Interpreter 
[4.389s] -- Found rclcpp: 16.0.7 (/opt/ros/humble/share/rclcpp/cmake)
[4.656s] -- Found rosidl_generator_c: 3.1.5 (/opt/ros/humble/share/rosidl_generator_c/cmake)
[4.689s] -- Found rosidl_adapter: 3.1.5 (/opt/ros/humble/share/rosidl_adapter/cmake)
[4.744s] -- Found rosidl_generator_cpp: 3.1.5 (/opt/ros/humble/share/rosidl_generator_cpp/cmake)
[4.835s] -- Using all available rosidl_typesupport_c: rosidl_typesupport_fastrtps_c;rosidl_typesupport_introspection_c
[4.964s] -- Using all available rosidl_typesupport_cpp: rosidl_typesupport_fastrtps_cpp;rosidl_typesupport_introspection_cpp
[5.413s] -- Found rmw_implementation_cmake: 6.1.1 (/opt/ros/humble/share/rmw_implementation_cmake/cmake)
[5.431s] -- Found rmw_fastrtps_cpp: 6.2.5 (/opt/ros/humble/share/rmw_fastrtps_cpp/cmake)
[6.035s] -- Found OpenSSL: /usr/lib/aarch64-linux-gnu/libcrypto.so (found version "1.1.1f")  
[6.157s] -- Found FastRTPS: /opt/ros/humble/include  
[6.398s] -- Using RMW implementation 'rmw_fastrtps_cpp' as default
[6.459s] -- Looking for pthread.h
[6.723s] -- Looking for pthread.h - found
[6.724s] -- Performing Test CMAKE_HAVE_LIBC_PTHREAD
[6.972s] -- Performing Test CMAKE_HAVE_LIBC_PTHREAD - Failed
[6.973s] -- Looking for pthread_create in pthreads
[7.169s] -- Looking for pthread_create in pthreads - not found
[7.169s] -- Looking for pthread_create in pthread
[7.405s] -- Looking for pthread_create in pthread - found
[7.409s] -- Found Threads: TRUE  
[8.400s] -- Found cv_bridge: 3.2.1 (/opt/ros/humble/share/cv_bridge/cmake)
[9.301s] -- Found image_transport: 3.1.7 (/opt/ros/humble/share/image_transport/cmake)
[10.538s] CMake Error at /opt/ros/humble/share/rosidl_cmake/cmake/rosidl_generate_interfaces.cmake:229 (message):
[10.539s]   Packages installing interfaces must include
[10.539s]   '<member_of_group>rosidl_interface_packages</member_of_group>' in their
[10.539s]   package.xml
[10.540s] Call Stack (most recent call first):
[10.540s]   CMakeLists.txt:15 (rosidl_generate_interfaces)
[10.540s] 
[10.541s] 
[10.550s] -- Configuring incomplete, errors occurred!
[10.550s] See also "/home/puzzlebot/Desktop/PUXXY_NODE/TE3002B/lane_processing_ws/build/lane_processing/CMakeFiles/CMakeOutput.log".
[10.550s] See also "/home/puzzlebot/Desktop/PUXXY_NODE/TE3002B/lane_processing_ws/build/lane_processing/CMakeFiles/CMakeError.log".
[10.583s] Invoked command in '/home/puzzlebot/Desktop/PUXXY_NODE/TE3002B/lane_processing_ws/build/lane_processing' returned '1': CMAKE_PREFIX_PATH=/home/puzzlebot/ros2_ws/install/puzzlebot_ros:/opt/ros/humble:${CMAKE_PREFIX_PATH} /usr/bin/cmake /home/puzzlebot/Desktop/PUXXY_NODE/TE3002B/lane_processing_ws/src/lane_processing -DCMAKE_INSTALL_PREFIX=/home/puzzlebot/Desktop/PUXXY_NODE/TE3002B/lane_processing_ws/install/lane_processing
