[1.667s] Invoking command in '/home/puzzlebot/Desktop/PUXXY_NODE/TE3002B/lane_processing_ws/build/lane_processing': CMAKE_PREFIX_PATH=/home/puzzlebot/Desktop/PUXXY_NODE/TE3002B/lane_processing_ws/install/lane_processing:/home/puzzlebot/ros2_ws/install/puzzlebot_ros:/opt/ros/humble:/home/puzzlebot/ros2_packages_ws/install/ros_deep_learning:/home/puzzlebot/ros2_packages_ws/install/micro_ros_setup:/home/puzzlebot/ros2_packages_ws/install/micro_ros_agent:/home/puzzlebot/ros2_packages_ws/install/micro_ros_msgs:/home/puzzlebot/ros2_packages_ws/install/camera_info_publisher /usr/bin/cmake --build /home/puzzlebot/Desktop/PUXXY_NODE/TE3002B/lane_processing_ws/build/lane_processing -- -j4 -l4
[2.011s] [35m[1mScanning dependencies of target lane_processing[0m
[2.347s] [ 20%] [32mBuilding CXX object CMakeFiles/lane_processing.dir/src/lane_detection.cpp.o[0m
[19.015s] [01m[K/home/puzzlebot/Desktop/PUXXY_NODE/TE3002B/lane_processing_ws/src/lane_processing/src/lane_detection.cpp:[m[K In member function ‘[01m[Kdouble LaneProcessingNode::detect_lane_center(cv::Mat&)[m[K’:
[19.020s] [01m[K/home/puzzlebot/Desktop/PUXXY_NODE/TE3002B/lane_processing_ws/src/lane_processing/src/lane_detection.cpp:219:56:[m[K [01;35m[Kwarning: [m[Knarrowing conversion of ‘[01m[K(cropped_width / 2)[m[K’ from ‘[01m[Kint[m[K’ to ‘[01m[Kdouble[m[K’ inside { } [[01;35m[K-Wnarrowing[m[K]
[19.020s]          cv::Vec<double, 4> angle_line = { [01;35m[Kcropped_width/2[m[K , cropped_height, last_line.second[0], last_line.second[1]};
[19.021s]                                            [01;35m[K~~~~~~~~~~~~~^~[m[K
[19.024s] [01m[K/home/puzzlebot/Desktop/PUXXY_NODE/TE3002B/lane_processing_ws/src/lane_processing/src/lane_detection.cpp:219:56:[m[K [01;35m[Kwarning: [m[Knarrowing conversion of ‘[01m[K(cropped_width / 2)[m[K’ from ‘[01m[Kint[m[K’ to ‘[01m[Kdouble[m[K’ inside { } [[01;35m[K-Wnarrowing[m[K]
[19.025s] [01m[K/home/puzzlebot/Desktop/PUXXY_NODE/TE3002B/lane_processing_ws/src/lane_processing/src/lane_detection.cpp:219:117:[m[K [01;35m[Kwarning: [m[Knarrowing conversion of ‘[01m[Kcropped_height[m[K’ from ‘[01m[Kint[m[K’ to ‘[01m[Kdouble[m[K’ inside { } [[01;35m[K-Wnarrowing[m[K]
[19.026s]          cv::Vec<double, 4> angle_line = { cropped_width/2 , cropped_height, last_line.second[0], last_line.second[1][01;35m[K}[m[K;
[19.026s]                                                                                                                      [01;35m[K^[m[K
[19.027s] [01m[K/home/puzzlebot/Desktop/PUXXY_NODE/TE3002B/lane_processing_ws/src/lane_processing/src/lane_detection.cpp:219:117:[m[K [01;35m[Kwarning: [m[Knarrowing conversion of ‘[01m[Kcropped_height[m[K’ from ‘[01m[Kint[m[K’ to ‘[01m[Kdouble[m[K’ inside { } [[01;35m[K-Wnarrowing[m[K]
[19.027s] [01m[K/home/puzzlebot/Desktop/PUXXY_NODE/TE3002B/lane_processing_ws/src/lane_processing/src/lane_detection.cpp:220:17:[m[K [01;31m[Kerror: [m[Kredeclaration of ‘[01m[Kcv::Mat line_frame[m[K’
[19.028s]          cv::Mat [01;31m[Kline_frame[m[K = draw_hough_lines(line_frame, angle_line, cv::Scalar(0, 255, 0), 2);
[19.028s]                  [01;31m[K^~~~~~~~~~[m[K
[19.029s] [01m[K/home/puzzlebot/Desktop/PUXXY_NODE/TE3002B/lane_processing_ws/src/lane_processing/src/lane_detection.cpp:214:17:[m[K [01;36m[Knote: [m[K‘[01m[Kcv::Mat line_frame[m[K’ previously declared here
[19.037s]          cv::Mat [01;36m[Kline_frame[m[K = draw_hough_lines(cropped, selected_line_frame, cv::Scalar(0, 255, 0), 2);
[19.038s]                  [01;36m[K^~~~~~~~~~[m[K
[32.343s] make[2]: *** [CMakeFiles/lane_processing.dir/build.make:63: CMakeFiles/lane_processing.dir/src/lane_detection.cpp.o] Error 1
[32.345s] make[1]: *** [CMakeFiles/Makefile2:78: CMakeFiles/lane_processing.dir/all] Error 2
[32.347s] make: *** [Makefile:141: all] Error 2
[32.361s] Invoked command in '/home/puzzlebot/Desktop/PUXXY_NODE/TE3002B/lane_processing_ws/build/lane_processing' returned '2': CMAKE_PREFIX_PATH=/home/puzzlebot/Desktop/PUXXY_NODE/TE3002B/lane_processing_ws/install/lane_processing:/home/puzzlebot/ros2_ws/install/puzzlebot_ros:/opt/ros/humble:/home/puzzlebot/ros2_packages_ws/install/ros_deep_learning:/home/puzzlebot/ros2_packages_ws/install/micro_ros_setup:/home/puzzlebot/ros2_packages_ws/install/micro_ros_agent:/home/puzzlebot/ros2_packages_ws/install/micro_ros_msgs:/home/puzzlebot/ros2_packages_ws/install/camera_info_publisher /usr/bin/cmake --build /home/puzzlebot/Desktop/PUXXY_NODE/TE3002B/lane_processing_ws/build/lane_processing -- -j4 -l4
